2020-06-03 12:18:15,068 INFO     Job started for command "detect" with arguments:
2020-06-03 12:18:15,070 INFO         {
2020-06-03 12:18:15,072 INFO             "detectors": [
2020-06-03 12:18:15,072 INFO                 "Old Bird Tseep Detector Redux 1.1"
2020-06-03 12:18:15,072 INFO             ],
2020-06-03 12:18:15,072 INFO             "stations": [
2020-06-03 12:18:15,072 INFO                 "MSGR"
2020-06-03 12:18:15,073 INFO             ],
2020-06-03 12:18:15,073 INFO             "start_date": "2020-06-02",
2020-06-03 12:18:15,073 INFO             "end_date": "2020-06-30",
2020-06-03 12:18:15,073 INFO             "schedule": "",
2020-06-03 12:18:15,075 INFO             "defer_clip_creation": false
2020-06-03 12:18:15,076 INFO         }
2020-06-03 12:18:15,094 INFO     This command will process recordings for 1 station-night.
2020-06-03 12:18:15,094 INFO     Processing recordings for station-night 1 of 1 - "MSGR 2020-06-02"...
2020-06-03 12:18:15,101 INFO         Processing recording 1 of 1 - "MSGR / PC / start 2020-06-03 00:30:00+00:00 / duration 9.000 h"...
2020-06-03 12:18:15,110 INFO             Running detector on file "/Volumes/Erebus/msgr-vesper-archive/Recordings/MSGR_2020-06-03_00.30.00_Z.wav"...
2020-06-03 12:19:38,656 INFO             Created 3297 clips from detector "Old Bird Tseep Detector Redux 1.1".
2020-06-03 12:19:38,656 INFO             Ran 1 detector on 32400 seconds of 1-channel audio in 84 seconds, 388 times faster than real time.
2020-06-03 12:19:38,703 INFO     Job completed.
