2020-10-14 12:49:20,748 INFO     Job started for command "detect" with arguments:
2020-10-14 12:49:20,749 INFO         {
2020-10-14 12:49:20,749 INFO             "detectors": [
2020-10-14 12:49:20,752 INFO                 "Old Bird Thrush Detector Redux 1.1"
2020-10-14 12:49:20,753 INFO             ],
2020-10-14 12:49:20,754 INFO             "stations": [
2020-10-14 12:49:20,754 INFO                 "MSGR"
2020-10-14 12:49:20,755 INFO             ],
2020-10-14 12:49:20,756 INFO             "start_date": "2020-10-08",
2020-10-14 12:49:20,757 INFO             "end_date": "2020-10-15",
2020-10-14 12:49:20,757 INFO             "schedule": "",
2020-10-14 12:49:20,758 INFO             "defer_clip_creation": false
2020-10-14 12:49:20,759 INFO         }
2020-10-14 12:49:20,781 INFO     This command will process recordings for 6 station-nights.
2020-10-14 12:49:20,781 INFO     Processing recordings for station-night 1 of 6 - "MSGR 2020-10-08"...
2020-10-14 12:49:20,785 INFO         Processing recording 1 of 1 - "MSGR / PC / start 2020-10-08 23:53:00+00:00 / duration 9.483 h"...
2020-10-14 12:49:20,789 INFO             Running detector on file "/Volumes/Erebus/msgr-vesper-archive/Recordings/MSGR_2020-10-08_23.53.00_Z.wav"...
2020-10-14 12:50:43,212 INFO             Created 1756 clips from detector "Old Bird Thrush Detector Redux 1.1".
2020-10-14 12:50:43,212 INFO             Ran 1 detector on 34140 seconds of 1-channel audio in 82 seconds, 414 times faster than real time.
2020-10-14 12:50:43,255 INFO     Processing recordings for station-night 2 of 6 - "MSGR 2020-10-09"...
2020-10-14 12:50:43,257 INFO         Processing recording 1 of 1 - "MSGR / PC / start 2020-10-09 23:53:00+00:00 / duration 9.483 h"...
2020-10-14 12:50:43,260 INFO             Running detector on file "/Volumes/Erebus/msgr-vesper-archive/Recordings/MSGR_2020-10-09_23.53.00_Z.wav"...
2020-10-14 12:52:07,456 INFO             Created 1477 clips from detector "Old Bird Thrush Detector Redux 1.1".
2020-10-14 12:52:07,457 INFO             Ran 1 detector on 34140 seconds of 1-channel audio in 84 seconds, 405 times faster than real time.
2020-10-14 12:52:07,505 INFO     Processing recordings for station-night 3 of 6 - "MSGR 2020-10-10"...
2020-10-14 12:52:07,506 INFO         Processing recording 1 of 1 - "MSGR / PC / start 2020-10-10 23:53:00+00:00 / duration 9.483 h"...
2020-10-14 12:52:07,509 INFO             Running detector on file "/Volumes/Erebus/msgr-vesper-archive/Recordings/MSGR_2020-10-10_23.53.00_Z.wav"...
2020-10-14 12:53:36,239 INFO             Created 1850 clips from detector "Old Bird Thrush Detector Redux 1.1".
2020-10-14 12:53:36,239 INFO             Ran 1 detector on 34140 seconds of 1-channel audio in 89 seconds, 385 times faster than real time.
2020-10-14 12:53:36,288 INFO     Processing recordings for station-night 4 of 6 - "MSGR 2020-10-11"...
2020-10-14 12:53:36,290 INFO         Processing recording 1 of 1 - "MSGR / PC / start 2020-10-11 23:53:00+00:00 / duration 9.483 h"...
2020-10-14 12:53:36,292 INFO             Running detector on file "/Volumes/Erebus/msgr-vesper-archive/Recordings/MSGR_2020-10-11_23.53.00_Z.wav"...
2020-10-14 12:55:04,765 INFO             Created 2140 clips from detector "Old Bird Thrush Detector Redux 1.1".
2020-10-14 12:55:04,765 INFO             Ran 1 detector on 34140 seconds of 1-channel audio in 88 seconds, 386 times faster than real time.
2020-10-14 12:55:04,837 INFO     Processing recordings for station-night 5 of 6 - "MSGR 2020-10-12"...
2020-10-14 12:55:04,838 INFO         Processing recording 1 of 1 - "MSGR / PC / start 2020-10-12 23:53:00+00:00 / duration 9.483 h"...
2020-10-14 12:55:04,841 INFO             Running detector on file "/Volumes/Erebus/msgr-vesper-archive/Recordings/MSGR_2020-10-12_23.53.00_Z.wav"...
2020-10-14 12:56:28,436 INFO             Created 1429 clips from detector "Old Bird Thrush Detector Redux 1.1".
2020-10-14 12:56:28,436 INFO             Ran 1 detector on 34140 seconds of 1-channel audio in 84 seconds, 408 times faster than real time.
2020-10-14 12:56:28,497 INFO     Processing recordings for station-night 6 of 6 - "MSGR 2020-10-13"...
2020-10-14 12:56:28,507 INFO         Processing recording 1 of 1 - "MSGR / PC / start 2020-10-13 23:53:00+00:00 / duration 9.483 h"...
2020-10-14 12:56:28,510 INFO             Running detector on file "/Volumes/Erebus/msgr-vesper-archive/Recordings/MSGR_2020-10-13_23.53.00_Z.wav"...
2020-10-14 12:57:53,360 INFO             Created 5012 clips from detector "Old Bird Thrush Detector Redux 1.1".
2020-10-14 12:57:53,360 INFO             Ran 1 detector on 34140 seconds of 1-channel audio in 85 seconds, 402 times faster than real time.
2020-10-14 12:57:53,410 INFO     Job completed.
