2020-10-29 09:12:04,720 INFO     Job started for command "classify" with arguments:
2020-10-29 09:12:04,721 INFO         {
2020-10-29 09:12:04,722 INFO             "classifier": "MPG Ranch NFC Coarse Classifier 3.0",
2020-10-29 09:12:04,723 INFO             "annotation_name": "Classification",
2020-10-29 09:12:04,723 INFO             "detectors": [
2020-10-29 09:12:04,724 INFO                 "Old Bird Thrush Detector Redux 1.1"
2020-10-29 09:12:04,727 INFO             ],
2020-10-29 09:12:04,727 INFO             "station_mics": [
2020-10-29 09:12:04,729 INFO                 "MSGR / 21c"
2020-10-29 09:12:04,729 INFO             ],
2020-10-29 09:12:04,731 INFO             "start_date": "2020-10-28",
2020-10-29 09:12:04,733 INFO             "end_date": "2020-10-29"
2020-10-29 09:12:04,733 INFO         }
2020-10-29 09:12:04,743 INFO     Creating TensorFlow estimator from saved model in directory "/Users/richard/miniconda3/envs/vesper-0.4.8/lib/python3.6/site-packages/vesper/mpg_ranch/nfc_coarse_classifier_3_0/Tseep Classifier/TensorFlow SavedModel"...
2020-10-29 09:12:04,744 WARNING  
The TensorFlow contrib module will not be included in TensorFlow 2.0.
For more information, please see:
  * https://github.com/tensorflow/community/blob/master/rfcs/20180907-contrib-sunset.md
  * https://github.com/tensorflow/addons
  * https://github.com/tensorflow/io (for I/O related ops)
If you depend on functionality not listed there, please file an issue.

2020-10-29 09:12:05,668 WARNING  Using temporary folder as model directory: /var/folders/2z/dlxt5tt50nzdlqlx1qvr1zdm0000gn/T/tmpinc3xj1h
2020-10-29 09:12:05,672 WARNING  train mode not found in SavedModel.
2020-10-29 09:12:05,672 WARNING  eval mode not found in SavedModel.
2020-10-29 09:12:05,672 INFO     Loading classifier settings from "/Users/richard/miniconda3/envs/vesper-0.4.8/lib/python3.6/site-packages/vesper/mpg_ranch/nfc_coarse_classifier_3_0/Tseep Classifier/Settings.yaml"...
2020-10-29 09:12:05,688 INFO     Creating TensorFlow estimator from saved model in directory "/Users/richard/miniconda3/envs/vesper-0.4.8/lib/python3.6/site-packages/vesper/mpg_ranch/nfc_coarse_classifier_3_0/Thrush Classifier/TensorFlow SavedModel"...
2020-10-29 09:12:05,690 WARNING  Using temporary folder as model directory: /var/folders/2z/dlxt5tt50nzdlqlx1qvr1zdm0000gn/T/tmpaervbqa8
2020-10-29 09:12:05,694 WARNING  train mode not found in SavedModel.
2020-10-29 09:12:05,694 WARNING  eval mode not found in SavedModel.
2020-10-29 09:12:05,694 INFO     Loading classifier settings from "/Users/richard/miniconda3/envs/vesper-0.4.8/lib/python3.6/site-packages/vesper/mpg_ranch/nfc_coarse_classifier_3_0/Thrush Classifier/Settings.yaml"...
2020-10-29 09:12:05,715 INFO     Classifier will visit 1911 clips for detector "Old Bird Thrush Detector Redux 1.1", station "MSGR", mic output "21c Output", and date 2020-10-28.
2020-10-29 09:12:30,934 WARNING  From /Users/richard/miniconda3/envs/vesper-0.4.8/lib/python3.6/site-packages/tensorflow_core/python/autograph/converters/directives.py:119: The name tf.real is deprecated. Please use tf.math.real instead.

2020-10-29 09:12:30,934 WARNING  From /Users/richard/miniconda3/envs/vesper-0.4.8/lib/python3.6/site-packages/tensorflow_core/python/autograph/converters/directives.py:119: The name tf.conj is deprecated. Please use tf.math.conj instead.

2020-10-29 09:12:30,935 WARNING  From /Users/richard/miniconda3/envs/vesper-0.4.8/lib/python3.6/site-packages/tensorflow_core/python/autograph/converters/directives.py:119: The name tf.log is deprecated. Please use tf.math.log instead.

2020-10-29 09:12:31,196 WARNING  From /Users/richard/miniconda3/envs/vesper-0.4.8/lib/python3.6/site-packages/tensorflow_core/python/autograph/converters/directives.py:119: The name tf.Dimension is deprecated. Please use tf.compat.v1.Dimension instead.

2020-10-29 09:12:31,562 WARNING  From /Users/richard/miniconda3/envs/vesper-0.4.8/lib/python3.6/site-packages/tensorflow_core/python/ops/array_ops.py:1475: where (from tensorflow.python.ops.array_ops) is deprecated and will be removed in a future version.
Instructions for updating:
Use tf.where in 2.0, which has the same broadcast rule as np.where
2020-10-29 09:12:51,996 INFO     Classified 1911 of 1911 visited clips in 46.3 seconds, an average of 41.3 clips per second.
2020-10-29 09:12:52,005 INFO     Classifier will visit 0 clips for detector "Old Bird Thrush Detector Redux 1.1", station "MSGR", mic output "21c Output", and date 2020-10-29.
2020-10-29 09:12:52,007 INFO     Classified 0 of 0 visited clips in 0.0 seconds.
2020-10-29 09:12:52,019 INFO     Job completed.
