2020-06-01 09:49:40,270 INFO     Job started for command "detect" with arguments:
2020-06-01 09:49:40,271 INFO         {
2020-06-01 09:49:40,271 INFO             "detectors": [
2020-06-01 09:49:40,272 INFO                 "Old Bird Tseep Detector Redux 1.1"
2020-06-01 09:49:40,273 INFO             ],
2020-06-01 09:49:40,273 INFO             "stations": [
2020-06-01 09:49:40,273 INFO                 "MSGR"
2020-06-01 09:49:40,273 INFO             ],
2020-06-01 09:49:40,273 INFO             "start_date": "2020-05-28",
2020-06-01 09:49:40,273 INFO             "end_date": "2020-12-30",
2020-06-01 09:49:40,274 INFO             "schedule": "",
2020-06-01 09:49:40,274 INFO             "defer_clip_creation": false
2020-06-01 09:49:40,274 INFO         }
2020-06-01 09:49:40,305 INFO     This command will process recordings for 4 station-nights.
2020-06-01 09:49:40,305 INFO     Processing recordings for station-night 1 of 4 - "MSGR 2020-05-28"...
2020-06-01 09:49:40,309 INFO         Processing recording 1 of 1 - "MSGR / PC / start 2020-05-29 00:50:31+00:00 / duration 8.658 h"...
2020-06-01 09:49:40,314 INFO             Running detector on file "/Volumes/Erebus/msgr-vesper-archive/Recordings/MSGR_2020-05-29_00.50.31_Z.wav"...
2020-06-01 09:51:06,225 INFO             Created 1984 clips from detector "Old Bird Tseep Detector Redux 1.1".
2020-06-01 09:51:06,226 INFO             Ran 1 detector on 31167 seconds of 1-channel audio in 86 seconds, 363 times faster than real time.
2020-06-01 09:51:06,279 INFO     Processing recordings for station-night 2 of 4 - "MSGR 2020-05-29"...
2020-06-01 09:51:06,281 INFO         Processing recording 1 of 1 - "MSGR / PC / start 2020-05-30 00:30:00+00:00 / duration 9.000 h"...
2020-06-01 09:51:06,285 INFO             Running detector on file "/Volumes/Erebus/msgr-vesper-archive/Recordings/MSGR_2020-05-30_00.30.00_Z.wav"...
2020-06-01 09:52:44,272 INFO             Created 1970 clips from detector "Old Bird Tseep Detector Redux 1.1".
2020-06-01 09:52:44,272 INFO             Ran 1 detector on 32400 seconds of 1-channel audio in 98 seconds, 331 times faster than real time.
2020-06-01 09:52:44,318 INFO     Processing recordings for station-night 3 of 4 - "MSGR 2020-05-30"...
2020-06-01 09:52:44,319 INFO         Processing recording 1 of 1 - "MSGR / PC / start 2020-05-31 00:30:00+00:00 / duration 9.000 h"...
2020-06-01 09:52:44,323 INFO             Running detector on file "/Volumes/Erebus/msgr-vesper-archive/Recordings/MSGR_2020-05-31_00.30.00_Z.wav"...
2020-06-01 09:54:08,587 INFO             Created 1995 clips from detector "Old Bird Tseep Detector Redux 1.1".
2020-06-01 09:54:08,587 INFO             Ran 1 detector on 32400 seconds of 1-channel audio in 84 seconds, 385 times faster than real time.
2020-06-01 09:54:08,625 INFO     Processing recordings for station-night 4 of 4 - "MSGR 2020-05-31"...
2020-06-01 09:54:08,627 INFO         Processing recording 1 of 1 - "MSGR / PC / start 2020-06-01 00:30:00+00:00 / duration 9.000 h"...
2020-06-01 09:54:08,630 INFO             Running detector on file "/Volumes/Erebus/msgr-vesper-archive/Recordings/MSGR_2020-06-01_00.30.00_Z.wav"...
2020-06-01 09:55:32,772 INFO             Created 911 clips from detector "Old Bird Tseep Detector Redux 1.1".
2020-06-01 09:55:32,772 INFO             Ran 1 detector on 32400 seconds of 1-channel audio in 84 seconds, 385 times faster than real time.
2020-06-01 09:55:32,829 INFO     Job completed.
