2020-05-13 18:59:56,371 INFO     Job started for command "detect" with arguments:
2020-05-13 18:59:56,372 INFO         {
2020-05-13 18:59:56,372 INFO             "detectors": [
2020-05-13 18:59:56,373 INFO                 "Old Bird Tseep Detector Redux 1.1"
2020-05-13 18:59:56,373 INFO             ],
2020-05-13 18:59:56,374 INFO             "stations": [
2020-05-13 18:59:56,374 INFO                 "MSGR"
2020-05-13 18:59:56,374 INFO             ],
2020-05-13 18:59:56,374 INFO             "start_date": "2020-05-12",
2020-05-13 18:59:56,374 INFO             "end_date": "2020-05-30",
2020-05-13 18:59:56,374 INFO             "schedule": "",
2020-05-13 18:59:56,375 INFO             "defer_clip_creation": false
2020-05-13 18:59:56,376 INFO         }
2020-05-13 18:59:56,402 INFO     This command will process recordings for 1 station-night.
2020-05-13 18:59:56,402 INFO     Processing recordings for station-night 1 of 1 - "MSGR 2020-05-12"...
2020-05-13 18:59:56,405 INFO         Processing recording 1 of 1 - "MSGR / PC / start 2020-05-13 00:30:00+00:00 / duration 9.000 h"...
2020-05-13 18:59:56,414 INFO             Running detector on file "/Volumes/Erebus/msgr-vesper-archive/Recordings/MSGR_2020-05-13_00.30.00_Z.wav"...
2020-05-13 19:01:16,910 INFO             Created 1032 clips from detector "Old Bird Tseep Detector Redux 1.1".
2020-05-13 19:01:16,910 INFO             Ran 1 detector on 32400 seconds of 1-channel audio in 80 seconds, 403 times faster than real time.
2020-05-13 19:01:16,960 INFO     Job completed.
