2020-03-17 23:05:18,114 INFO     Job started for command "classify" with arguments:
2020-03-17 23:05:18,114 INFO         {
2020-03-17 23:05:18,115 INFO             "classifier": "MPG Ranch NFC Coarse Classifier 3.0",
2020-03-17 23:05:18,115 INFO             "annotation_name": "Classification",
2020-03-17 23:05:18,116 INFO             "detectors": [
2020-03-17 23:05:18,117 INFO                 "Old Bird Thrush Detector Redux 1.1"
2020-03-17 23:05:18,117 INFO             ],
2020-03-17 23:05:18,117 INFO             "station_mics": [
2020-03-17 23:05:18,117 INFO                 "MSGR / 21c"
2020-03-17 23:05:18,117 INFO             ],
2020-03-17 23:05:18,117 INFO             "start_date": "2020-03-16",
2020-03-17 23:05:18,118 INFO             "end_date": "2020-03-30"
2020-03-17 23:05:18,118 INFO         }
2020-03-17 23:05:18,126 INFO     Creating TensorFlow estimator from saved model in directory "//anaconda3/envs/vesper-0.4.7/lib/python3.6/site-packages/vesper/mpg_ranch/nfc_coarse_classifier_3_0/Tseep Classifier/TensorFlow SavedModel"...
2020-03-17 23:05:23,025 WARNING  Using temporary folder as model directory: /var/folders/2z/dlxt5tt50nzdlqlx1qvr1zdm0000gn/T/tmpgbarw_x5
2020-03-17 23:05:23,029 WARNING  train mode not found in SavedModel.
2020-03-17 23:05:23,029 WARNING  eval mode not found in SavedModel.
2020-03-17 23:05:23,029 INFO     Loading classifier settings from "//anaconda3/envs/vesper-0.4.7/lib/python3.6/site-packages/vesper/mpg_ranch/nfc_coarse_classifier_3_0/Tseep Classifier/Settings.yaml"...
2020-03-17 23:05:23,038 INFO     Creating TensorFlow estimator from saved model in directory "//anaconda3/envs/vesper-0.4.7/lib/python3.6/site-packages/vesper/mpg_ranch/nfc_coarse_classifier_3_0/Thrush Classifier/TensorFlow SavedModel"...
2020-03-17 23:05:23,040 WARNING  Using temporary folder as model directory: /var/folders/2z/dlxt5tt50nzdlqlx1qvr1zdm0000gn/T/tmppc8hgyv6
2020-03-17 23:05:23,042 WARNING  train mode not found in SavedModel.
2020-03-17 23:05:23,042 WARNING  eval mode not found in SavedModel.
2020-03-17 23:05:23,043 INFO     Loading classifier settings from "//anaconda3/envs/vesper-0.4.7/lib/python3.6/site-packages/vesper/mpg_ranch/nfc_coarse_classifier_3_0/Thrush Classifier/Settings.yaml"...
2020-03-17 23:05:23,057 INFO     Classifier will visit 2838 clips for detector "Old Bird Thrush Detector Redux 1.1", station "MSGR", mic output "21c Output", and date 2020-03-16.
2020-03-17 23:06:18,856 INFO     Classified 2838 of 2838 visited clips in 55.8 seconds, an average of 50.9 clips per second.
2020-03-17 23:06:18,867 INFO     Classifier will visit 0 clips for detector "Old Bird Thrush Detector Redux 1.1", station "MSGR", mic output "21c Output", and date 2020-03-17.
2020-03-17 23:06:18,868 INFO     Classified 0 of 0 visited clips in 0.0 seconds.
2020-03-17 23:06:18,869 INFO     Classifier will visit 0 clips for detector "Old Bird Thrush Detector Redux 1.1", station "MSGR", mic output "21c Output", and date 2020-03-18.
2020-03-17 23:06:18,871 INFO     Classified 0 of 0 visited clips in 0.0 seconds.
2020-03-17 23:06:18,872 INFO     Classifier will visit 0 clips for detector "Old Bird Thrush Detector Redux 1.1", station "MSGR", mic output "21c Output", and date 2020-03-19.
2020-03-17 23:06:18,874 INFO     Classified 0 of 0 visited clips in 0.0 seconds.
2020-03-17 23:06:18,875 INFO     Classifier will visit 0 clips for detector "Old Bird Thrush Detector Redux 1.1", station "MSGR", mic output "21c Output", and date 2020-03-20.
2020-03-17 23:06:18,876 INFO     Classified 0 of 0 visited clips in 0.0 seconds.
2020-03-17 23:06:18,878 INFO     Classifier will visit 0 clips for detector "Old Bird Thrush Detector Redux 1.1", station "MSGR", mic output "21c Output", and date 2020-03-21.
2020-03-17 23:06:18,879 INFO     Classified 0 of 0 visited clips in 0.0 seconds.
2020-03-17 23:06:18,880 INFO     Classifier will visit 0 clips for detector "Old Bird Thrush Detector Redux 1.1", station "MSGR", mic output "21c Output", and date 2020-03-22.
2020-03-17 23:06:18,882 INFO     Classified 0 of 0 visited clips in 0.0 seconds.
2020-03-17 23:06:18,884 INFO     Classifier will visit 0 clips for detector "Old Bird Thrush Detector Redux 1.1", station "MSGR", mic output "21c Output", and date 2020-03-23.
2020-03-17 23:06:18,885 INFO     Classified 0 of 0 visited clips in 0.0 seconds.
2020-03-17 23:06:18,887 INFO     Classifier will visit 0 clips for detector "Old Bird Thrush Detector Redux 1.1", station "MSGR", mic output "21c Output", and date 2020-03-24.
2020-03-17 23:06:18,888 INFO     Classified 0 of 0 visited clips in 0.0 seconds.
2020-03-17 23:06:18,890 INFO     Classifier will visit 0 clips for detector "Old Bird Thrush Detector Redux 1.1", station "MSGR", mic output "21c Output", and date 2020-03-25.
2020-03-17 23:06:18,891 INFO     Classified 0 of 0 visited clips in 0.0 seconds.
2020-03-17 23:06:18,894 INFO     Classifier will visit 0 clips for detector "Old Bird Thrush Detector Redux 1.1", station "MSGR", mic output "21c Output", and date 2020-03-26.
2020-03-17 23:06:18,895 INFO     Classified 0 of 0 visited clips in 0.0 seconds.
2020-03-17 23:06:18,896 INFO     Classifier will visit 0 clips for detector "Old Bird Thrush Detector Redux 1.1", station "MSGR", mic output "21c Output", and date 2020-03-27.
2020-03-17 23:06:18,898 INFO     Classified 0 of 0 visited clips in 0.0 seconds.
2020-03-17 23:06:18,900 INFO     Classifier will visit 0 clips for detector "Old Bird Thrush Detector Redux 1.1", station "MSGR", mic output "21c Output", and date 2020-03-28.
2020-03-17 23:06:18,901 INFO     Classified 0 of 0 visited clips in 0.0 seconds.
2020-03-17 23:06:18,903 INFO     Classifier will visit 0 clips for detector "Old Bird Thrush Detector Redux 1.1", station "MSGR", mic output "21c Output", and date 2020-03-29.
2020-03-17 23:06:18,903 INFO     Classified 0 of 0 visited clips in 0.0 seconds.
2020-03-17 23:06:18,905 INFO     Classifier will visit 0 clips for detector "Old Bird Thrush Detector Redux 1.1", station "MSGR", mic output "21c Output", and date 2020-03-30.
2020-03-17 23:06:18,906 INFO     Classified 0 of 0 visited clips in 0.0 seconds.
2020-03-17 23:06:18,914 INFO     Job complete.
