2020-10-29 09:10:08,158 INFO     Job started for command "detect" with arguments:
2020-10-29 09:10:08,159 INFO         {
2020-10-29 09:10:08,159 INFO             "detectors": [
2020-10-29 09:10:08,161 INFO                 "Old Bird Tseep Detector Redux 1.1"
2020-10-29 09:10:08,162 INFO             ],
2020-10-29 09:10:08,163 INFO             "stations": [
2020-10-29 09:10:08,164 INFO                 "MSGR"
2020-10-29 09:10:08,164 INFO             ],
2020-10-29 09:10:08,164 INFO             "start_date": "2020-10-28",
2020-10-29 09:10:08,165 INFO             "end_date": "2020-10-30",
2020-10-29 09:10:08,165 INFO             "schedule": "",
2020-10-29 09:10:08,166 INFO             "defer_clip_creation": false
2020-10-29 09:10:08,166 INFO         }
2020-10-29 09:10:08,182 INFO     This command will process recordings for 1 station-night.
2020-10-29 09:10:08,182 INFO     Processing recordings for station-night 1 of 1 - "MSGR 2020-10-28"...
2020-10-29 09:10:08,185 INFO         Processing recording 1 of 1 - "MSGR / PC / start 2020-10-28 23:22:00+00:00 / duration 10.400 h"...
2020-10-29 09:10:08,189 INFO             Running detector on file "/Volumes/Erebus/msgr-vesper-archive/Recordings/MSGR_2020-10-28_23.22.00_Z.wav"...
2020-10-29 09:11:45,375 INFO             Created 665 clips from detector "Old Bird Tseep Detector Redux 1.1".
2020-10-29 09:11:45,376 INFO             Ran 1 detector on 37440 seconds of 1-channel audio in 97 seconds, 385 times faster than real time.
2020-10-29 09:11:45,429 INFO     Job completed.
