2020-08-24 09:43:47,704 INFO     Job started for command "detect" with arguments:
2020-08-24 09:43:47,705 INFO         {
2020-08-24 09:43:47,705 INFO             "detectors": [
2020-08-24 09:43:47,705 INFO                 "Old Bird Tseep Detector Redux 1.1"
2020-08-24 09:43:47,706 INFO             ],
2020-08-24 09:43:47,706 INFO             "stations": [
2020-08-24 09:43:47,707 INFO                 "MSGR"
2020-08-24 09:43:47,708 INFO             ],
2020-08-24 09:43:47,709 INFO             "start_date": "2020-08-21",
2020-08-24 09:43:47,709 INFO             "end_date": "2020-12-30",
2020-08-24 09:43:47,709 INFO             "schedule": "",
2020-08-24 09:43:47,709 INFO             "defer_clip_creation": false
2020-08-24 09:43:47,710 INFO         }
2020-08-24 09:43:47,730 INFO     This command will process recordings for 3 station-nights.
2020-08-24 09:43:47,731 INFO     Processing recordings for station-night 1 of 3 - "MSGR 2020-08-21"...
2020-08-24 09:43:47,734 INFO         Processing recording 1 of 1 - "MSGR / PC / start 2020-08-22 01:32:00+00:00 / duration 6.683 h"...
2020-08-24 09:43:47,739 INFO             Running detector on file "/Volumes/Erebus/msgr-vesper-archive/Recordings/MSGR_2020-08-22_01.32.00_Z.wav"...
2020-08-24 09:44:51,658 INFO             Created 382 clips from detector "Old Bird Tseep Detector Redux 1.1".
2020-08-24 09:44:51,658 INFO             Ran 1 detector on 24060 seconds of 1-channel audio in 64 seconds, 376 times faster than real time.
2020-08-24 09:44:51,695 INFO     Processing recordings for station-night 2 of 3 - "MSGR 2020-08-22"...
2020-08-24 09:44:51,697 INFO         Processing recording 1 of 1 - "MSGR / PC / start 2020-08-23 01:32:00+00:00 / duration 6.683 h"...
2020-08-24 09:44:51,700 INFO             Running detector on file "/Volumes/Erebus/msgr-vesper-archive/Recordings/MSGR_2020-08-23_01.32.00_Z.wav"...
2020-08-24 09:45:54,273 INFO             Created 602 clips from detector "Old Bird Tseep Detector Redux 1.1".
2020-08-24 09:45:54,274 INFO             Ran 1 detector on 24060 seconds of 1-channel audio in 63 seconds, 385 times faster than real time.
2020-08-24 09:45:54,308 INFO     Processing recordings for station-night 3 of 3 - "MSGR 2020-08-23"...
2020-08-24 09:45:54,309 INFO         Processing recording 1 of 1 - "MSGR / PC / start 2020-08-24 01:28:00+00:00 / duration 6.817 h"...
2020-08-24 09:45:54,313 INFO             Running detector on file "/Volumes/Erebus/msgr-vesper-archive/Recordings/MSGR_2020-08-24_01.28.00_Z.wav"...
2020-08-24 09:47:05,936 INFO             Created 587 clips from detector "Old Bird Tseep Detector Redux 1.1".
2020-08-24 09:47:05,936 INFO             Ran 1 detector on 24540 seconds of 1-channel audio in 72 seconds, 343 times faster than real time.
2020-08-24 09:47:05,983 INFO     Job completed.
