2020-05-27 08:33:07,951 INFO     Job started for command "detect" with arguments:
2020-05-27 08:33:07,952 INFO         {
2020-05-27 08:33:07,952 INFO             "detectors": [
2020-05-27 08:33:07,953 INFO                 "Old Bird Tseep Detector Redux 1.1"
2020-05-27 08:33:07,953 INFO             ],
2020-05-27 08:33:07,953 INFO             "stations": [
2020-05-27 08:33:07,954 INFO                 "MSGR"
2020-05-27 08:33:07,954 INFO             ],
2020-05-27 08:33:07,954 INFO             "start_date": "2020-05-26",
2020-05-27 08:33:07,954 INFO             "end_date": "2020-05-30",
2020-05-27 08:33:07,954 INFO             "schedule": "",
2020-05-27 08:33:07,954 INFO             "defer_clip_creation": false
2020-05-27 08:33:07,955 INFO         }
2020-05-27 08:33:07,969 INFO     This command will process recordings for 1 station-night.
2020-05-27 08:33:07,970 INFO     Processing recordings for station-night 1 of 1 - "MSGR 2020-05-26"...
2020-05-27 08:33:07,973 INFO         Processing recording 1 of 1 - "MSGR / PC / start 2020-05-27 03:00:00+00:00 / duration 1.832 h"...
2020-05-27 08:33:07,976 INFO             Running detector on file "/Volumes/Erebus/msgr-vesper-archive/Recordings/MSGR_2020-05-27_03.00.00_Z.wav"...
2020-05-27 08:33:23,731 INFO             Created 371 clips from detector "Old Bird Tseep Detector Redux 1.1".
2020-05-27 08:33:23,731 INFO             Ran 1 detector on 6594 seconds of 1-channel audio in 16 seconds, 419 times faster than real time.
2020-05-27 08:33:23,745 INFO     Job completed.
