2020-05-19 08:48:09,678 INFO     Job started for command "classify" with arguments:
2020-05-19 08:48:09,679 INFO         {
2020-05-19 08:48:09,680 INFO             "classifier": "MPG Ranch NFC Coarse Classifier 3.0",
2020-05-19 08:48:09,683 INFO             "annotation_name": "Classification",
2020-05-19 08:48:09,684 INFO             "detectors": [
2020-05-19 08:48:09,685 INFO                 "Old Bird Tseep Detector Redux 1.1"
2020-05-19 08:48:09,686 INFO             ],
2020-05-19 08:48:09,686 INFO             "station_mics": [
2020-05-19 08:48:09,686 INFO                 "MSGR / 21c"
2020-05-19 08:48:09,687 INFO             ],
2020-05-19 08:48:09,687 INFO             "start_date": "2020-05-18",
2020-05-19 08:48:09,688 INFO             "end_date": "2020-05-30"
2020-05-19 08:48:09,689 INFO         }
2020-05-19 08:48:09,703 INFO     Creating TensorFlow estimator from saved model in directory "/Users/richard/miniconda3/envs/vesper-0.4.8/lib/python3.6/site-packages/vesper/mpg_ranch/nfc_coarse_classifier_3_0/Tseep Classifier/TensorFlow SavedModel"...
2020-05-19 08:48:09,703 WARNING  
The TensorFlow contrib module will not be included in TensorFlow 2.0.
For more information, please see:
  * https://github.com/tensorflow/community/blob/master/rfcs/20180907-contrib-sunset.md
  * https://github.com/tensorflow/addons
  * https://github.com/tensorflow/io (for I/O related ops)
If you depend on functionality not listed there, please file an issue.

2020-05-19 08:48:10,853 WARNING  Using temporary folder as model directory: /var/folders/2z/dlxt5tt50nzdlqlx1qvr1zdm0000gn/T/tmpx3zowro_
2020-05-19 08:48:10,861 WARNING  train mode not found in SavedModel.
2020-05-19 08:48:10,861 WARNING  eval mode not found in SavedModel.
2020-05-19 08:48:10,863 INFO     Loading classifier settings from "/Users/richard/miniconda3/envs/vesper-0.4.8/lib/python3.6/site-packages/vesper/mpg_ranch/nfc_coarse_classifier_3_0/Tseep Classifier/Settings.yaml"...
2020-05-19 08:48:10,887 INFO     Creating TensorFlow estimator from saved model in directory "/Users/richard/miniconda3/envs/vesper-0.4.8/lib/python3.6/site-packages/vesper/mpg_ranch/nfc_coarse_classifier_3_0/Thrush Classifier/TensorFlow SavedModel"...
2020-05-19 08:48:10,891 WARNING  Using temporary folder as model directory: /var/folders/2z/dlxt5tt50nzdlqlx1qvr1zdm0000gn/T/tmpm9f6nr7s
2020-05-19 08:48:10,897 WARNING  train mode not found in SavedModel.
2020-05-19 08:48:10,898 WARNING  eval mode not found in SavedModel.
2020-05-19 08:48:10,899 INFO     Loading classifier settings from "/Users/richard/miniconda3/envs/vesper-0.4.8/lib/python3.6/site-packages/vesper/mpg_ranch/nfc_coarse_classifier_3_0/Thrush Classifier/Settings.yaml"...
2020-05-19 08:48:10,924 INFO     Classifier will visit 1370 clips for detector "Old Bird Tseep Detector Redux 1.1", station "MSGR", mic output "21c Output", and date 2020-05-18.
2020-05-19 08:48:24,834 WARNING  From /Users/richard/miniconda3/envs/vesper-0.4.8/lib/python3.6/site-packages/tensorflow_core/python/autograph/converters/directives.py:119: The name tf.real is deprecated. Please use tf.math.real instead.

2020-05-19 08:48:24,834 WARNING  From /Users/richard/miniconda3/envs/vesper-0.4.8/lib/python3.6/site-packages/tensorflow_core/python/autograph/converters/directives.py:119: The name tf.conj is deprecated. Please use tf.math.conj instead.

2020-05-19 08:48:24,835 WARNING  From /Users/richard/miniconda3/envs/vesper-0.4.8/lib/python3.6/site-packages/tensorflow_core/python/autograph/converters/directives.py:119: The name tf.log is deprecated. Please use tf.math.log instead.

2020-05-19 08:48:25,062 WARNING  From /Users/richard/miniconda3/envs/vesper-0.4.8/lib/python3.6/site-packages/tensorflow_core/python/autograph/converters/directives.py:119: The name tf.Dimension is deprecated. Please use tf.compat.v1.Dimension instead.

2020-05-19 08:48:25,422 WARNING  From /Users/richard/miniconda3/envs/vesper-0.4.8/lib/python3.6/site-packages/tensorflow_core/python/ops/array_ops.py:1475: where (from tensorflow.python.ops.array_ops) is deprecated and will be removed in a future version.
Instructions for updating:
Use tf.where in 2.0, which has the same broadcast rule as np.where
2020-05-19 08:48:40,099 INFO     Classified 1370 of 1370 visited clips in 29.2 seconds, an average of 46.9 clips per second.
2020-05-19 08:48:40,108 INFO     Classifier will visit 0 clips for detector "Old Bird Tseep Detector Redux 1.1", station "MSGR", mic output "21c Output", and date 2020-05-19.
2020-05-19 08:48:40,109 INFO     Classified 0 of 0 visited clips in 0.0 seconds.
2020-05-19 08:48:40,110 INFO     Classifier will visit 0 clips for detector "Old Bird Tseep Detector Redux 1.1", station "MSGR", mic output "21c Output", and date 2020-05-20.
2020-05-19 08:48:40,113 INFO     Classified 0 of 0 visited clips in 0.0 seconds.
2020-05-19 08:48:40,114 INFO     Classifier will visit 0 clips for detector "Old Bird Tseep Detector Redux 1.1", station "MSGR", mic output "21c Output", and date 2020-05-21.
2020-05-19 08:48:40,116 INFO     Classified 0 of 0 visited clips in 0.0 seconds.
2020-05-19 08:48:40,119 INFO     Classifier will visit 0 clips for detector "Old Bird Tseep Detector Redux 1.1", station "MSGR", mic output "21c Output", and date 2020-05-22.
2020-05-19 08:48:40,120 INFO     Classified 0 of 0 visited clips in 0.0 seconds.
2020-05-19 08:48:40,123 INFO     Classifier will visit 0 clips for detector "Old Bird Tseep Detector Redux 1.1", station "MSGR", mic output "21c Output", and date 2020-05-23.
2020-05-19 08:48:40,125 INFO     Classified 0 of 0 visited clips in 0.0 seconds.
2020-05-19 08:48:40,127 INFO     Classifier will visit 0 clips for detector "Old Bird Tseep Detector Redux 1.1", station "MSGR", mic output "21c Output", and date 2020-05-24.
2020-05-19 08:48:40,128 INFO     Classified 0 of 0 visited clips in 0.0 seconds.
2020-05-19 08:48:40,131 INFO     Classifier will visit 0 clips for detector "Old Bird Tseep Detector Redux 1.1", station "MSGR", mic output "21c Output", and date 2020-05-25.
2020-05-19 08:48:40,132 INFO     Classified 0 of 0 visited clips in 0.0 seconds.
2020-05-19 08:48:40,134 INFO     Classifier will visit 0 clips for detector "Old Bird Tseep Detector Redux 1.1", station "MSGR", mic output "21c Output", and date 2020-05-26.
2020-05-19 08:48:40,135 INFO     Classified 0 of 0 visited clips in 0.0 seconds.
2020-05-19 08:48:40,137 INFO     Classifier will visit 0 clips for detector "Old Bird Tseep Detector Redux 1.1", station "MSGR", mic output "21c Output", and date 2020-05-27.
2020-05-19 08:48:40,139 INFO     Classified 0 of 0 visited clips in 0.0 seconds.
2020-05-19 08:48:40,141 INFO     Classifier will visit 0 clips for detector "Old Bird Tseep Detector Redux 1.1", station "MSGR", mic output "21c Output", and date 2020-05-28.
2020-05-19 08:48:40,142 INFO     Classified 0 of 0 visited clips in 0.0 seconds.
2020-05-19 08:48:40,145 INFO     Classifier will visit 0 clips for detector "Old Bird Tseep Detector Redux 1.1", station "MSGR", mic output "21c Output", and date 2020-05-29.
2020-05-19 08:48:40,146 INFO     Classified 0 of 0 visited clips in 0.0 seconds.
2020-05-19 08:48:40,148 INFO     Classifier will visit 0 clips for detector "Old Bird Tseep Detector Redux 1.1", station "MSGR", mic output "21c Output", and date 2020-05-30.
2020-05-19 08:48:40,149 INFO     Classified 0 of 0 visited clips in 0.0 seconds.
2020-05-19 08:48:40,154 INFO     Job completed.
