2020-04-06 16:07:04,445 INFO     Job started for command "detect" with arguments:
2020-04-06 16:07:04,445 INFO         {
2020-04-06 16:07:04,446 INFO             "detectors": [
2020-04-06 16:07:04,446 INFO                 "Old Bird Thrush Detector Redux 1.1"
2020-04-06 16:07:04,447 INFO             ],
2020-04-06 16:07:04,447 INFO             "stations": [
2020-04-06 16:07:04,447 INFO                 "MSGR"
2020-04-06 16:07:04,448 INFO             ],
2020-04-06 16:07:04,448 INFO             "start_date": "2020-04-05",
2020-04-06 16:07:04,449 INFO             "end_date": "2020-04-30",
2020-04-06 16:07:04,450 INFO             "schedule": "",
2020-04-06 16:07:04,451 INFO             "defer_clip_creation": false
2020-04-06 16:07:04,452 INFO         }
2020-04-06 16:07:04,463 INFO     This command will process recordings for 1 station-night.
2020-04-06 16:07:04,463 INFO     Processing recordings for station-night 1 of 1 - "MSGR 2020-04-05"...
2020-04-06 16:07:04,466 INFO         Processing recording 1 of 1 - "MSGR / PC / start 2020-04-06 00:30:00+00:00 / duration 9.000 h"...
2020-04-06 16:07:04,473 INFO             Running detector on file "/Volumes/Erebus/msgr-vesper-archive/Recordings/MSGR_2020-04-06_00.30.00_Z.wav"...
2020-04-06 16:08:52,878 INFO             Created 4184 clips from detector "Old Bird Thrush Detector Redux 1.1".
2020-04-06 16:08:52,878 INFO             Ran 1 detector on 32400 seconds of 1-channel audio in 108 seconds, 299 times faster than real time.
2020-04-06 16:08:52,932 INFO     Job completed.
