2020-10-21 14:51:25,292 INFO     Job started for command "detect" with arguments:
2020-10-21 14:51:25,293 INFO         {
2020-10-21 14:51:25,293 INFO             "detectors": [
2020-10-21 14:51:25,294 INFO                 "Old Bird Tseep Detector Redux 1.1"
2020-10-21 14:51:25,295 INFO             ],
2020-10-21 14:51:25,296 INFO             "stations": [
2020-10-21 14:51:25,297 INFO                 "MSGR"
2020-10-21 14:51:25,297 INFO             ],
2020-10-21 14:51:25,299 INFO             "start_date": "2020-10-20",
2020-10-21 14:51:25,299 INFO             "end_date": "2020-10-30",
2020-10-21 14:51:25,300 INFO             "schedule": "",
2020-10-21 14:51:25,301 INFO             "defer_clip_creation": false
2020-10-21 14:51:25,301 INFO         }
2020-10-21 14:51:25,311 INFO     This command will process recordings for 1 station-night.
2020-10-21 14:51:25,312 INFO     Processing recordings for station-night 1 of 1 - "MSGR 2020-10-20"...
2020-10-21 14:51:25,315 INFO         Processing recording 1 of 1 - "MSGR / PC / start 2020-10-20 23:33:00+00:00 / duration 10.050 h"...
2020-10-21 14:51:25,319 INFO             Running detector on file "/Volumes/Erebus/msgr-vesper-archive/Recordings/MSGR_2020-10-20_23.33.00_Z.wav"...
2020-10-21 14:53:15,535 INFO             Created 4751 clips from detector "Old Bird Tseep Detector Redux 1.1".
2020-10-21 14:53:15,535 INFO             Ran 1 detector on 36180 seconds of 1-channel audio in 110 seconds, 328 times faster than real time.
2020-10-21 14:53:15,597 INFO     Job completed.
