2020-05-13 19:07:05,032 INFO     Job started for command "create_clip_audio_files" with arguments:
2020-05-13 19:07:05,032 INFO         {
2020-05-13 19:07:05,033 INFO             "detectors": [
2020-05-13 19:07:05,035 INFO                 "Old Bird Thrush Detector Redux 1.1"
2020-05-13 19:07:05,035 INFO             ],
2020-05-13 19:07:05,035 INFO             "station_mics": [
2020-05-13 19:07:05,036 INFO                 "MSGR / 21c"
2020-05-13 19:07:05,036 INFO             ],
2020-05-13 19:07:05,036 INFO             "classification": "Call*",
2020-05-13 19:07:05,036 INFO             "start_date": "2020-05-12",
2020-05-13 19:07:05,036 INFO             "end_date": "2020-05-30"
2020-05-13 19:07:05,036 INFO         }
2020-05-13 19:07:05,417 INFO     Created audio files for 60 of 60 clips for detector "Old Bird Thrush Detector Redux 1.1", station "MSGR", mic output "21c Output", and date 2020-05-12.
2020-05-13 19:07:05,421 INFO     Created audio files for 0 of 0 clips for detector "Old Bird Thrush Detector Redux 1.1", station "MSGR", mic output "21c Output", and date 2020-05-13.
2020-05-13 19:07:05,424 INFO     Created audio files for 0 of 0 clips for detector "Old Bird Thrush Detector Redux 1.1", station "MSGR", mic output "21c Output", and date 2020-05-14.
2020-05-13 19:07:05,428 INFO     Created audio files for 0 of 0 clips for detector "Old Bird Thrush Detector Redux 1.1", station "MSGR", mic output "21c Output", and date 2020-05-15.
2020-05-13 19:07:05,432 INFO     Created audio files for 0 of 0 clips for detector "Old Bird Thrush Detector Redux 1.1", station "MSGR", mic output "21c Output", and date 2020-05-16.
2020-05-13 19:07:05,435 INFO     Created audio files for 0 of 0 clips for detector "Old Bird Thrush Detector Redux 1.1", station "MSGR", mic output "21c Output", and date 2020-05-17.
2020-05-13 19:07:05,439 INFO     Created audio files for 0 of 0 clips for detector "Old Bird Thrush Detector Redux 1.1", station "MSGR", mic output "21c Output", and date 2020-05-18.
2020-05-13 19:07:05,442 INFO     Created audio files for 0 of 0 clips for detector "Old Bird Thrush Detector Redux 1.1", station "MSGR", mic output "21c Output", and date 2020-05-19.
2020-05-13 19:07:05,446 INFO     Created audio files for 0 of 0 clips for detector "Old Bird Thrush Detector Redux 1.1", station "MSGR", mic output "21c Output", and date 2020-05-20.
2020-05-13 19:07:05,449 INFO     Created audio files for 0 of 0 clips for detector "Old Bird Thrush Detector Redux 1.1", station "MSGR", mic output "21c Output", and date 2020-05-21.
2020-05-13 19:07:05,453 INFO     Created audio files for 0 of 0 clips for detector "Old Bird Thrush Detector Redux 1.1", station "MSGR", mic output "21c Output", and date 2020-05-22.
2020-05-13 19:07:05,456 INFO     Created audio files for 0 of 0 clips for detector "Old Bird Thrush Detector Redux 1.1", station "MSGR", mic output "21c Output", and date 2020-05-23.
2020-05-13 19:07:05,460 INFO     Created audio files for 0 of 0 clips for detector "Old Bird Thrush Detector Redux 1.1", station "MSGR", mic output "21c Output", and date 2020-05-24.
2020-05-13 19:07:05,463 INFO     Created audio files for 0 of 0 clips for detector "Old Bird Thrush Detector Redux 1.1", station "MSGR", mic output "21c Output", and date 2020-05-25.
2020-05-13 19:07:05,466 INFO     Created audio files for 0 of 0 clips for detector "Old Bird Thrush Detector Redux 1.1", station "MSGR", mic output "21c Output", and date 2020-05-26.
2020-05-13 19:07:05,470 INFO     Created audio files for 0 of 0 clips for detector "Old Bird Thrush Detector Redux 1.1", station "MSGR", mic output "21c Output", and date 2020-05-27.
2020-05-13 19:07:05,474 INFO     Created audio files for 0 of 0 clips for detector "Old Bird Thrush Detector Redux 1.1", station "MSGR", mic output "21c Output", and date 2020-05-28.
2020-05-13 19:07:05,477 INFO     Created audio files for 0 of 0 clips for detector "Old Bird Thrush Detector Redux 1.1", station "MSGR", mic output "21c Output", and date 2020-05-29.
2020-05-13 19:07:05,481 INFO     Created audio files for 0 of 0 clips for detector "Old Bird Thrush Detector Redux 1.1", station "MSGR", mic output "21c Output", and date 2020-05-30.
2020-05-13 19:07:05,481 INFO     Processed a total of 60 clips in 0.4 seconds, an average of 150.0 clips per second.
2020-05-13 19:07:05,489 INFO     Job completed.
