2020-10-18 11:46:00,033 INFO     Job started for command "classify" with arguments:
2020-10-18 11:46:00,034 INFO         {
2020-10-18 11:46:00,035 INFO             "classifier": "MPG Ranch NFC Coarse Classifier 3.0",
2020-10-18 11:46:00,035 INFO             "annotation_name": "Classification",
2020-10-18 11:46:00,036 INFO             "detectors": [
2020-10-18 11:46:00,037 INFO                 "Old Bird Tseep Detector Redux 1.1"
2020-10-18 11:46:00,037 INFO             ],
2020-10-18 11:46:00,038 INFO             "station_mics": [
2020-10-18 11:46:00,039 INFO                 "MSGR / 21c"
2020-10-18 11:46:00,040 INFO             ],
2020-10-18 11:46:00,040 INFO             "start_date": "2020-10-17",
2020-10-18 11:46:00,040 INFO             "end_date": "2020-10-18"
2020-10-18 11:46:00,041 INFO         }
2020-10-18 11:46:00,054 INFO     Creating TensorFlow estimator from saved model in directory "/Users/richard/miniconda3/envs/vesper-0.4.8/lib/python3.6/site-packages/vesper/mpg_ranch/nfc_coarse_classifier_3_0/Tseep Classifier/TensorFlow SavedModel"...
2020-10-18 11:46:00,056 WARNING  
The TensorFlow contrib module will not be included in TensorFlow 2.0.
For more information, please see:
  * https://github.com/tensorflow/community/blob/master/rfcs/20180907-contrib-sunset.md
  * https://github.com/tensorflow/addons
  * https://github.com/tensorflow/io (for I/O related ops)
If you depend on functionality not listed there, please file an issue.

2020-10-18 11:46:00,659 WARNING  Using temporary folder as model directory: /var/folders/2z/dlxt5tt50nzdlqlx1qvr1zdm0000gn/T/tmpxti19z7n
2020-10-18 11:46:00,664 WARNING  train mode not found in SavedModel.
2020-10-18 11:46:00,664 WARNING  eval mode not found in SavedModel.
2020-10-18 11:46:00,664 INFO     Loading classifier settings from "/Users/richard/miniconda3/envs/vesper-0.4.8/lib/python3.6/site-packages/vesper/mpg_ranch/nfc_coarse_classifier_3_0/Tseep Classifier/Settings.yaml"...
2020-10-18 11:46:00,680 INFO     Creating TensorFlow estimator from saved model in directory "/Users/richard/miniconda3/envs/vesper-0.4.8/lib/python3.6/site-packages/vesper/mpg_ranch/nfc_coarse_classifier_3_0/Thrush Classifier/TensorFlow SavedModel"...
2020-10-18 11:46:00,683 WARNING  Using temporary folder as model directory: /var/folders/2z/dlxt5tt50nzdlqlx1qvr1zdm0000gn/T/tmpx0mzisus
2020-10-18 11:46:00,686 WARNING  train mode not found in SavedModel.
2020-10-18 11:46:00,686 WARNING  eval mode not found in SavedModel.
2020-10-18 11:46:00,687 INFO     Loading classifier settings from "/Users/richard/miniconda3/envs/vesper-0.4.8/lib/python3.6/site-packages/vesper/mpg_ranch/nfc_coarse_classifier_3_0/Thrush Classifier/Settings.yaml"...
2020-10-18 11:46:00,708 INFO     Classifier will visit 1198 clips for detector "Old Bird Tseep Detector Redux 1.1", station "MSGR", mic output "21c Output", and date 2020-10-17.
2020-10-18 11:46:13,233 WARNING  From /Users/richard/miniconda3/envs/vesper-0.4.8/lib/python3.6/site-packages/tensorflow_core/python/autograph/converters/directives.py:119: The name tf.real is deprecated. Please use tf.math.real instead.

2020-10-18 11:46:13,234 WARNING  From /Users/richard/miniconda3/envs/vesper-0.4.8/lib/python3.6/site-packages/tensorflow_core/python/autograph/converters/directives.py:119: The name tf.conj is deprecated. Please use tf.math.conj instead.

2020-10-18 11:46:13,234 WARNING  From /Users/richard/miniconda3/envs/vesper-0.4.8/lib/python3.6/site-packages/tensorflow_core/python/autograph/converters/directives.py:119: The name tf.log is deprecated. Please use tf.math.log instead.

2020-10-18 11:46:13,457 WARNING  From /Users/richard/miniconda3/envs/vesper-0.4.8/lib/python3.6/site-packages/tensorflow_core/python/autograph/converters/directives.py:119: The name tf.Dimension is deprecated. Please use tf.compat.v1.Dimension instead.

2020-10-18 11:46:13,928 WARNING  From /Users/richard/miniconda3/envs/vesper-0.4.8/lib/python3.6/site-packages/tensorflow_core/python/ops/array_ops.py:1475: where (from tensorflow.python.ops.array_ops) is deprecated and will be removed in a future version.
Instructions for updating:
Use tf.where in 2.0, which has the same broadcast rule as np.where
2020-10-18 11:46:38,810 INFO     Classified 1198 of 1198 visited clips in 38.1 seconds, an average of 31.4 clips per second.
2020-10-18 11:46:38,923 INFO     Classifier will visit 0 clips for detector "Old Bird Tseep Detector Redux 1.1", station "MSGR", mic output "21c Output", and date 2020-10-18.
2020-10-18 11:46:39,031 INFO     Classified 0 of 0 visited clips in 0.1 seconds, an average of 0.0 clips per second.
2020-10-18 11:46:39,052 INFO     Job completed.
