2020-05-25 11:51:46,229 INFO     Job started for command "detect" with arguments:
2020-05-25 11:51:46,230 INFO         {
2020-05-25 11:51:46,231 INFO             "detectors": [
2020-05-25 11:51:46,231 INFO                 "Old Bird Thrush Detector Redux 1.1"
2020-05-25 11:51:46,231 INFO             ],
2020-05-25 11:51:46,231 INFO             "stations": [
2020-05-25 11:51:46,231 INFO                 "MSGR"
2020-05-25 11:51:46,232 INFO             ],
2020-05-25 11:51:46,232 INFO             "start_date": "2020-05-21",
2020-05-25 11:51:46,232 INFO             "end_date": "2020-05-30",
2020-05-25 11:51:46,232 INFO             "schedule": "",
2020-05-25 11:51:46,232 INFO             "defer_clip_creation": false
2020-05-25 11:51:46,232 INFO         }
2020-05-25 11:51:46,248 INFO     This command will process recordings for 4 station-nights.
2020-05-25 11:51:46,249 INFO     Processing recordings for station-night 1 of 4 - "MSGR 2020-05-21"...
2020-05-25 11:51:46,252 INFO         Processing recording 1 of 1 - "MSGR / PC / start 2020-05-22 00:30:00+00:00 / duration 9.000 h"...
2020-05-25 11:51:46,256 INFO             Running detector on file "/Volumes/Erebus/msgr-vesper-archive/Recordings/MSGR_2020-05-22_00.30.00_Z.wav"...
2020-05-25 11:53:24,026 INFO             Created 1665 clips from detector "Old Bird Thrush Detector Redux 1.1".
2020-05-25 11:53:24,027 INFO             Ran 1 detector on 32400 seconds of 1-channel audio in 98 seconds, 331 times faster than real time.
2020-05-25 11:53:24,089 INFO     Processing recordings for station-night 2 of 4 - "MSGR 2020-05-22"...
2020-05-25 11:53:24,091 INFO         Processing recording 1 of 1 - "MSGR / PC / start 2020-05-23 00:30:00+00:00 / duration 9.000 h"...
2020-05-25 11:53:24,095 INFO             Running detector on file "/Volumes/Erebus/msgr-vesper-archive/Recordings/MSGR_2020-05-23_00.30.00_Z.wav"...
2020-05-25 11:55:05,784 INFO             Created 1465 clips from detector "Old Bird Thrush Detector Redux 1.1".
2020-05-25 11:55:05,784 INFO             Ran 1 detector on 32400 seconds of 1-channel audio in 102 seconds, 319 times faster than real time.
2020-05-25 11:55:05,823 INFO     Processing recordings for station-night 3 of 4 - "MSGR 2020-05-23"...
2020-05-25 11:55:05,824 INFO         Processing recording 1 of 1 - "MSGR / PC / start 2020-05-24 00:30:00+00:00 / duration 9.000 h"...
2020-05-25 11:55:05,827 INFO             Running detector on file "/Volumes/Erebus/msgr-vesper-archive/Recordings/MSGR_2020-05-24_00.30.00_Z.wav"...
2020-05-25 11:56:30,429 INFO             Created 1802 clips from detector "Old Bird Thrush Detector Redux 1.1".
2020-05-25 11:56:30,429 INFO             Ran 1 detector on 32400 seconds of 1-channel audio in 85 seconds, 383 times faster than real time.
2020-05-25 11:56:30,472 INFO     Processing recordings for station-night 4 of 4 - "MSGR 2020-05-24"...
2020-05-25 11:56:30,473 INFO         Processing recording 1 of 1 - "MSGR / PC / start 2020-05-25 00:30:00+00:00 / duration 9.000 h"...
2020-05-25 11:56:30,476 INFO             Running detector on file "/Volumes/Erebus/msgr-vesper-archive/Recordings/MSGR_2020-05-25_00.30.00_Z.wav"...
2020-05-25 11:58:05,465 INFO             Created 1200 clips from detector "Old Bird Thrush Detector Redux 1.1".
2020-05-25 11:58:05,465 INFO             Ran 1 detector on 32400 seconds of 1-channel audio in 95 seconds, 341 times faster than real time.
2020-05-25 11:58:05,518 INFO     Job completed.
