2020-10-01 18:54:59,387 INFO     Job started for command "classify" with arguments:
2020-10-01 18:54:59,387 INFO         {
2020-10-01 18:54:59,388 INFO             "classifier": "MPG Ranch NFC Coarse Classifier 3.0",
2020-10-01 18:54:59,388 INFO             "annotation_name": "Classification",
2020-10-01 18:54:59,388 INFO             "detectors": [
2020-10-01 18:54:59,389 INFO                 "Old Bird Thrush Detector Redux 1.1"
2020-10-01 18:54:59,390 INFO             ],
2020-10-01 18:54:59,390 INFO             "station_mics": [
2020-10-01 18:54:59,390 INFO                 "MSGR / 21c"
2020-10-01 18:54:59,390 INFO             ],
2020-10-01 18:54:59,390 INFO             "start_date": "2020-09-30",
2020-10-01 18:54:59,390 INFO             "end_date": "2020-10-07"
2020-10-01 18:54:59,390 INFO         }
2020-10-01 18:54:59,401 INFO     Creating TensorFlow estimator from saved model in directory "/Users/richard/miniconda3/envs/vesper-0.4.8/lib/python3.6/site-packages/vesper/mpg_ranch/nfc_coarse_classifier_3_0/Tseep Classifier/TensorFlow SavedModel"...
2020-10-01 18:54:59,401 WARNING  
The TensorFlow contrib module will not be included in TensorFlow 2.0.
For more information, please see:
  * https://github.com/tensorflow/community/blob/master/rfcs/20180907-contrib-sunset.md
  * https://github.com/tensorflow/addons
  * https://github.com/tensorflow/io (for I/O related ops)
If you depend on functionality not listed there, please file an issue.

2020-10-01 18:55:00,369 WARNING  Using temporary folder as model directory: /var/folders/2z/dlxt5tt50nzdlqlx1qvr1zdm0000gn/T/tmpgontmdca
2020-10-01 18:55:00,375 WARNING  train mode not found in SavedModel.
2020-10-01 18:55:00,375 WARNING  eval mode not found in SavedModel.
2020-10-01 18:55:00,376 INFO     Loading classifier settings from "/Users/richard/miniconda3/envs/vesper-0.4.8/lib/python3.6/site-packages/vesper/mpg_ranch/nfc_coarse_classifier_3_0/Tseep Classifier/Settings.yaml"...
2020-10-01 18:55:00,391 INFO     Creating TensorFlow estimator from saved model in directory "/Users/richard/miniconda3/envs/vesper-0.4.8/lib/python3.6/site-packages/vesper/mpg_ranch/nfc_coarse_classifier_3_0/Thrush Classifier/TensorFlow SavedModel"...
2020-10-01 18:55:00,394 WARNING  Using temporary folder as model directory: /var/folders/2z/dlxt5tt50nzdlqlx1qvr1zdm0000gn/T/tmp2d88rkz_
2020-10-01 18:55:00,397 WARNING  train mode not found in SavedModel.
2020-10-01 18:55:00,397 WARNING  eval mode not found in SavedModel.
2020-10-01 18:55:00,397 INFO     Loading classifier settings from "/Users/richard/miniconda3/envs/vesper-0.4.8/lib/python3.6/site-packages/vesper/mpg_ranch/nfc_coarse_classifier_3_0/Thrush Classifier/Settings.yaml"...
2020-10-01 18:55:00,418 INFO     Classifier will visit 441 clips for detector "Old Bird Thrush Detector Redux 1.1", station "MSGR", mic output "21c Output", and date 2020-09-30.
2020-10-01 18:55:06,285 WARNING  From /Users/richard/miniconda3/envs/vesper-0.4.8/lib/python3.6/site-packages/tensorflow_core/python/autograph/converters/directives.py:119: The name tf.real is deprecated. Please use tf.math.real instead.

2020-10-01 18:55:06,285 WARNING  From /Users/richard/miniconda3/envs/vesper-0.4.8/lib/python3.6/site-packages/tensorflow_core/python/autograph/converters/directives.py:119: The name tf.conj is deprecated. Please use tf.math.conj instead.

2020-10-01 18:55:06,286 WARNING  From /Users/richard/miniconda3/envs/vesper-0.4.8/lib/python3.6/site-packages/tensorflow_core/python/autograph/converters/directives.py:119: The name tf.log is deprecated. Please use tf.math.log instead.

2020-10-01 18:55:06,507 WARNING  From /Users/richard/miniconda3/envs/vesper-0.4.8/lib/python3.6/site-packages/tensorflow_core/python/autograph/converters/directives.py:119: The name tf.Dimension is deprecated. Please use tf.compat.v1.Dimension instead.

2020-10-01 18:55:06,862 WARNING  From /Users/richard/miniconda3/envs/vesper-0.4.8/lib/python3.6/site-packages/tensorflow_core/python/ops/array_ops.py:1475: where (from tensorflow.python.ops.array_ops) is deprecated and will be removed in a future version.
Instructions for updating:
Use tf.where in 2.0, which has the same broadcast rule as np.where
2020-10-01 18:55:10,424 INFO     Classified 441 of 441 visited clips in 10.0 seconds, an average of 44.1 clips per second.
2020-10-01 18:55:10,428 INFO     Classifier will visit 0 clips for detector "Old Bird Thrush Detector Redux 1.1", station "MSGR", mic output "21c Output", and date 2020-10-01.
2020-10-01 18:55:10,430 INFO     Classified 0 of 0 visited clips in 0.0 seconds.
2020-10-01 18:55:10,432 INFO     Classifier will visit 0 clips for detector "Old Bird Thrush Detector Redux 1.1", station "MSGR", mic output "21c Output", and date 2020-10-02.
2020-10-01 18:55:10,433 INFO     Classified 0 of 0 visited clips in 0.0 seconds.
2020-10-01 18:55:10,435 INFO     Classifier will visit 0 clips for detector "Old Bird Thrush Detector Redux 1.1", station "MSGR", mic output "21c Output", and date 2020-10-03.
2020-10-01 18:55:10,437 INFO     Classified 0 of 0 visited clips in 0.0 seconds.
2020-10-01 18:55:10,438 INFO     Classifier will visit 0 clips for detector "Old Bird Thrush Detector Redux 1.1", station "MSGR", mic output "21c Output", and date 2020-10-04.
2020-10-01 18:55:10,439 INFO     Classified 0 of 0 visited clips in 0.0 seconds.
2020-10-01 18:55:10,442 INFO     Classifier will visit 0 clips for detector "Old Bird Thrush Detector Redux 1.1", station "MSGR", mic output "21c Output", and date 2020-10-05.
2020-10-01 18:55:10,443 INFO     Classified 0 of 0 visited clips in 0.0 seconds.
2020-10-01 18:55:10,445 INFO     Classifier will visit 0 clips for detector "Old Bird Thrush Detector Redux 1.1", station "MSGR", mic output "21c Output", and date 2020-10-06.
2020-10-01 18:55:10,447 INFO     Classified 0 of 0 visited clips in 0.0 seconds.
2020-10-01 18:55:10,449 INFO     Classifier will visit 0 clips for detector "Old Bird Thrush Detector Redux 1.1", station "MSGR", mic output "21c Output", and date 2020-10-07.
2020-10-01 18:55:10,451 INFO     Classified 0 of 0 visited clips in 0.0 seconds.
2020-10-01 18:55:10,456 INFO     Job completed.
