2020-06-04 08:56:32,768 INFO     Job started for command "detect" with arguments:
2020-06-04 08:56:32,768 INFO         {
2020-06-04 08:56:32,769 INFO             "detectors": [
2020-06-04 08:56:32,771 INFO                 "Old Bird Tseep Detector Redux 1.1"
2020-06-04 08:56:32,772 INFO             ],
2020-06-04 08:56:32,772 INFO             "stations": [
2020-06-04 08:56:32,772 INFO                 "MSGR"
2020-06-04 08:56:32,772 INFO             ],
2020-06-04 08:56:32,772 INFO             "start_date": "2020-06-03",
2020-06-04 08:56:32,772 INFO             "end_date": "2020-12-30",
2020-06-04 08:56:32,772 INFO             "schedule": "",
2020-06-04 08:56:32,772 INFO             "defer_clip_creation": false
2020-06-04 08:56:32,772 INFO         }
2020-06-04 08:56:32,789 INFO     This command will process recordings for 1 station-night.
2020-06-04 08:56:32,789 INFO     Processing recordings for station-night 1 of 1 - "MSGR 2020-06-03"...
2020-06-04 08:56:32,794 INFO         Processing recording 1 of 1 - "MSGR / PC / start 2020-06-04 00:30:00+00:00 / duration 9.000 h"...
2020-06-04 08:56:32,798 INFO             Running detector on file "/Volumes/Erebus/msgr-vesper-archive/Recordings/MSGR_2020-06-04_00.30.00_Z.wav"...
2020-06-04 08:57:52,516 INFO             Created 1860 clips from detector "Old Bird Tseep Detector Redux 1.1".
2020-06-04 08:57:52,516 INFO             Ran 1 detector on 32400 seconds of 1-channel audio in 80 seconds, 406 times faster than real time.
2020-06-04 08:57:52,567 INFO     Job completed.
