2020-03-19 15:04:55,223 INFO     Job started for command "classify" with arguments:
2020-03-19 15:04:55,225 INFO         {
2020-03-19 15:04:55,226 INFO             "classifier": "MPG Ranch NFC Coarse Classifier 3.0",
2020-03-19 15:04:55,227 INFO             "annotation_name": "Classification",
2020-03-19 15:04:55,227 INFO             "detectors": [
2020-03-19 15:04:55,227 INFO                 "Old Bird Tseep Detector Redux 1.1"
2020-03-19 15:04:55,227 INFO             ],
2020-03-19 15:04:55,227 INFO             "station_mics": [
2020-03-19 15:04:55,227 INFO                 "MSGR / 21c"
2020-03-19 15:04:55,227 INFO             ],
2020-03-19 15:04:55,227 INFO             "start_date": "2020-03-12",
2020-03-19 15:04:55,227 INFO             "end_date": "2020-03-30"
2020-03-19 15:04:55,227 INFO         }
2020-03-19 15:04:55,244 INFO     Creating TensorFlow estimator from saved model in directory "//anaconda3/envs/vesper-0.4.8/lib/python3.6/site-packages/vesper/mpg_ranch/nfc_coarse_classifier_3_0/Tseep Classifier/TensorFlow SavedModel"...
2020-03-19 15:04:55,244 WARNING  
The TensorFlow contrib module will not be included in TensorFlow 2.0.
For more information, please see:
  * https://github.com/tensorflow/community/blob/master/rfcs/20180907-contrib-sunset.md
  * https://github.com/tensorflow/addons
  * https://github.com/tensorflow/io (for I/O related ops)
If you depend on functionality not listed there, please file an issue.

2020-03-19 15:04:55,689 WARNING  Using temporary folder as model directory: /var/folders/2z/dlxt5tt50nzdlqlx1qvr1zdm0000gn/T/tmp_g566u_t
2020-03-19 15:04:55,692 WARNING  train mode not found in SavedModel.
2020-03-19 15:04:55,692 WARNING  eval mode not found in SavedModel.
2020-03-19 15:04:55,693 INFO     Loading classifier settings from "//anaconda3/envs/vesper-0.4.8/lib/python3.6/site-packages/vesper/mpg_ranch/nfc_coarse_classifier_3_0/Tseep Classifier/Settings.yaml"...
2020-03-19 15:04:55,706 INFO     Creating TensorFlow estimator from saved model in directory "//anaconda3/envs/vesper-0.4.8/lib/python3.6/site-packages/vesper/mpg_ranch/nfc_coarse_classifier_3_0/Thrush Classifier/TensorFlow SavedModel"...
2020-03-19 15:04:55,708 WARNING  Using temporary folder as model directory: /var/folders/2z/dlxt5tt50nzdlqlx1qvr1zdm0000gn/T/tmp_611p4zc
2020-03-19 15:04:55,710 WARNING  train mode not found in SavedModel.
2020-03-19 15:04:55,711 WARNING  eval mode not found in SavedModel.
2020-03-19 15:04:55,711 INFO     Loading classifier settings from "//anaconda3/envs/vesper-0.4.8/lib/python3.6/site-packages/vesper/mpg_ranch/nfc_coarse_classifier_3_0/Thrush Classifier/Settings.yaml"...
2020-03-19 15:04:55,732 INFO     Classifier will visit 1764 clips for detector "Old Bird Tseep Detector Redux 1.1", station "MSGR", mic output "21c Output", and date 2020-03-12.
2020-03-19 15:04:57,538 INFO     Classified 0 of 1764 visited clips in 1.8 seconds, an average of 980.0 clips per second.
2020-03-19 15:04:57,540 INFO     Classifier will visit 2919 clips for detector "Old Bird Tseep Detector Redux 1.1", station "MSGR", mic output "21c Output", and date 2020-03-13.
2020-03-19 15:05:00,157 INFO     Classified 0 of 2919 visited clips in 2.6 seconds, an average of 1122.7 clips per second.
2020-03-19 15:05:00,160 INFO     Classifier will visit 1518 clips for detector "Old Bird Tseep Detector Redux 1.1", station "MSGR", mic output "21c Output", and date 2020-03-14.
2020-03-19 15:05:01,530 INFO     Classified 0 of 1518 visited clips in 1.4 seconds, an average of 1084.3 clips per second.
2020-03-19 15:05:01,533 INFO     Classifier will visit 1895 clips for detector "Old Bird Tseep Detector Redux 1.1", station "MSGR", mic output "21c Output", and date 2020-03-15.
2020-03-19 15:05:03,248 INFO     Classified 0 of 1895 visited clips in 1.7 seconds, an average of 1114.7 clips per second.
2020-03-19 15:05:03,251 INFO     Classifier will visit 2617 clips for detector "Old Bird Tseep Detector Redux 1.1", station "MSGR", mic output "21c Output", and date 2020-03-16.
2020-03-19 15:05:05,593 INFO     Classified 0 of 2617 visited clips in 2.3 seconds, an average of 1137.8 clips per second.
2020-03-19 15:05:05,596 INFO     Classifier will visit 1576 clips for detector "Old Bird Tseep Detector Redux 1.1", station "MSGR", mic output "21c Output", and date 2020-03-17.
2020-03-19 15:05:07,001 INFO     Classified 0 of 1576 visited clips in 1.4 seconds, an average of 1125.7 clips per second.
2020-03-19 15:05:07,003 INFO     Classifier will visit 1247 clips for detector "Old Bird Tseep Detector Redux 1.1", station "MSGR", mic output "21c Output", and date 2020-03-18.
2020-03-19 15:05:08,123 INFO     Classified 0 of 1247 visited clips in 1.1 seconds, an average of 1133.6 clips per second.
2020-03-19 15:05:08,125 INFO     Classifier will visit 0 clips for detector "Old Bird Tseep Detector Redux 1.1", station "MSGR", mic output "21c Output", and date 2020-03-19.
2020-03-19 15:05:08,126 INFO     Classified 0 of 0 visited clips in 0.0 seconds.
2020-03-19 15:05:08,128 INFO     Classifier will visit 0 clips for detector "Old Bird Tseep Detector Redux 1.1", station "MSGR", mic output "21c Output", and date 2020-03-20.
2020-03-19 15:05:08,131 INFO     Classified 0 of 0 visited clips in 0.0 seconds.
2020-03-19 15:05:08,132 INFO     Classifier will visit 0 clips for detector "Old Bird Tseep Detector Redux 1.1", station "MSGR", mic output "21c Output", and date 2020-03-21.
2020-03-19 15:05:08,133 INFO     Classified 0 of 0 visited clips in 0.0 seconds.
2020-03-19 15:05:08,136 INFO     Classifier will visit 0 clips for detector "Old Bird Tseep Detector Redux 1.1", station "MSGR", mic output "21c Output", and date 2020-03-22.
2020-03-19 15:05:08,137 INFO     Classified 0 of 0 visited clips in 0.0 seconds.
2020-03-19 15:05:08,139 INFO     Classifier will visit 0 clips for detector "Old Bird Tseep Detector Redux 1.1", station "MSGR", mic output "21c Output", and date 2020-03-23.
2020-03-19 15:05:08,140 INFO     Classified 0 of 0 visited clips in 0.0 seconds.
2020-03-19 15:05:08,143 INFO     Classifier will visit 0 clips for detector "Old Bird Tseep Detector Redux 1.1", station "MSGR", mic output "21c Output", and date 2020-03-24.
2020-03-19 15:05:08,144 INFO     Classified 0 of 0 visited clips in 0.0 seconds.
2020-03-19 15:05:08,146 INFO     Classifier will visit 0 clips for detector "Old Bird Tseep Detector Redux 1.1", station "MSGR", mic output "21c Output", and date 2020-03-25.
2020-03-19 15:05:08,147 INFO     Classified 0 of 0 visited clips in 0.0 seconds.
2020-03-19 15:05:08,149 INFO     Classifier will visit 0 clips for detector "Old Bird Tseep Detector Redux 1.1", station "MSGR", mic output "21c Output", and date 2020-03-26.
2020-03-19 15:05:08,150 INFO     Classified 0 of 0 visited clips in 0.0 seconds.
2020-03-19 15:05:08,152 INFO     Classifier will visit 0 clips for detector "Old Bird Tseep Detector Redux 1.1", station "MSGR", mic output "21c Output", and date 2020-03-27.
2020-03-19 15:05:08,154 INFO     Classified 0 of 0 visited clips in 0.0 seconds.
2020-03-19 15:05:08,156 INFO     Classifier will visit 0 clips for detector "Old Bird Tseep Detector Redux 1.1", station "MSGR", mic output "21c Output", and date 2020-03-28.
2020-03-19 15:05:08,157 INFO     Classified 0 of 0 visited clips in 0.0 seconds.
2020-03-19 15:05:08,159 INFO     Classifier will visit 0 clips for detector "Old Bird Tseep Detector Redux 1.1", station "MSGR", mic output "21c Output", and date 2020-03-29.
2020-03-19 15:05:08,160 INFO     Classified 0 of 0 visited clips in 0.0 seconds.
2020-03-19 15:05:08,162 INFO     Classifier will visit 0 clips for detector "Old Bird Tseep Detector Redux 1.1", station "MSGR", mic output "21c Output", and date 2020-03-30.
2020-03-19 15:05:08,164 INFO     Classified 0 of 0 visited clips in 0.0 seconds.
2020-03-19 15:05:08,167 INFO     Job completed.
