2020-03-22 11:26:18,366 INFO     Job started for command "detect" with arguments:
2020-03-22 11:26:18,367 INFO         {
2020-03-22 11:26:18,368 INFO             "detectors": [
2020-03-22 11:26:18,369 INFO                 "Old Bird Tseep Detector Redux 1.1"
2020-03-22 11:26:18,369 INFO             ],
2020-03-22 11:26:18,369 INFO             "stations": [
2020-03-22 11:26:18,369 INFO                 "MSGR"
2020-03-22 11:26:18,369 INFO             ],
2020-03-22 11:26:18,369 INFO             "start_date": "2020-03-21",
2020-03-22 11:26:18,369 INFO             "end_date": "2020-03-30",
2020-03-22 11:26:18,369 INFO             "schedule": "",
2020-03-22 11:26:18,369 INFO             "defer_clip_creation": false
2020-03-22 11:26:18,369 INFO         }
2020-03-22 11:26:18,387 INFO     This command will process recordings for 1 station-night.
2020-03-22 11:26:18,388 INFO     Processing recordings for station-night 1 of 1 - "MSGR 2020-03-21"...
2020-03-22 11:26:18,400 INFO         Processing recording 1 of 2 - "MSGR / PC / start 2020-03-22 01:00:28+00:00 / duration 14.293 h"...
2020-03-22 11:26:18,405 INFO             Running detector on file "/Volumes/Erebus/msgr-vesper-archive/Recordings/MSGR_2020-03-22_01.00.28_Z.wav"...
2020-03-22 11:28:00,977 INFO             Archived 9336 clips from detector "Old Bird Tseep Detector Redux 1.1".
2020-03-22 11:28:00,978 INFO             Ran 1 detector on 51455 seconds of 1-channel audio in 103 seconds, 502 times faster than real time.
2020-03-22 11:28:01,112 INFO         Processing recording 2 of 2 - "MSGR / PC / start 2020-03-22 03:50:33+00:00 / duration 5.656 h"...
2020-03-22 11:28:01,115 INFO             Running detector on file "/Volumes/Erebus/msgr-vesper-archive/Recordings/MSGR_2020-03-22_03.50.33_Z.wav"...
2020-03-22 11:28:40,230 INFO             Archived 422 clips from detector "Old Bird Tseep Detector Redux 1.1".
2020-03-22 11:28:40,230 INFO             Ran 1 detector on 20363 seconds of 1-channel audio in 39 seconds, 521 times faster than real time.
2020-03-22 11:28:40,283 INFO     Job complete.
