2020-03-26 12:46:14,416 INFO     Job started for command "detect" with arguments:
2020-03-26 12:46:14,417 INFO         {
2020-03-26 12:46:14,418 INFO             "detectors": [
2020-03-26 12:46:14,418 INFO                 "Old Bird Tseep Detector Redux 1.1"
2020-03-26 12:46:14,419 INFO             ],
2020-03-26 12:46:14,419 INFO             "stations": [
2020-03-26 12:46:14,419 INFO                 "MSGR"
2020-03-26 12:46:14,419 INFO             ],
2020-03-26 12:46:14,419 INFO             "start_date": "2020-03-25",
2020-03-26 12:46:14,419 INFO             "end_date": "2020-03-30",
2020-03-26 12:46:14,419 INFO             "schedule": "",
2020-03-26 12:46:14,419 INFO             "defer_clip_creation": false
2020-03-26 12:46:14,420 INFO         }
2020-03-26 12:46:14,437 INFO     This command will process recordings for 1 station-night.
2020-03-26 12:46:14,438 INFO     Processing recordings for station-night 1 of 1 - "MSGR 2020-03-25"...
2020-03-26 12:46:14,443 INFO         Processing recording 1 of 1 - "MSGR / PC / start 2020-03-26 00:30:00+00:00 / duration 9.000 h"...
2020-03-26 12:46:14,450 INFO             Running detector on file "/Volumes/Erebus/msgr-vesper-archive/Recordings/MSGR_2020-03-26_00.30.00_Z.wav"...
2020-03-26 12:47:39,362 INFO             Created 2317 clips from detector "Old Bird Tseep Detector Redux 1.1".
2020-03-26 12:47:39,363 INFO             Ran 1 detector on 32400 seconds of 1-channel audio in 85 seconds, 382 times faster than real time.
2020-03-26 12:47:39,421 INFO     Job completed.
