2020-10-18 11:44:04,117 INFO     Job started for command "detect" with arguments:
2020-10-18 11:44:04,118 INFO         {
2020-10-18 11:44:04,119 INFO             "detectors": [
2020-10-18 11:44:04,120 INFO                 "Old Bird Tseep Detector Redux 1.1"
2020-10-18 11:44:04,120 INFO             ],
2020-10-18 11:44:04,120 INFO             "stations": [
2020-10-18 11:44:04,121 INFO                 "MSGR"
2020-10-18 11:44:04,121 INFO             ],
2020-10-18 11:44:04,121 INFO             "start_date": "2020-10-17",
2020-10-18 11:44:04,121 INFO             "end_date": "2020-10-18",
2020-10-18 11:44:04,121 INFO             "schedule": "",
2020-10-18 11:44:04,122 INFO             "defer_clip_creation": false
2020-10-18 11:44:04,123 INFO         }
2020-10-18 11:44:04,139 INFO     This command will process recordings for 1 station-night.
2020-10-18 11:44:04,140 INFO     Processing recordings for station-night 1 of 1 - "MSGR 2020-10-17"...
2020-10-18 11:44:04,143 INFO         Processing recording 1 of 1 - "MSGR / PC / start 2020-10-17 23:38:00+00:00 / duration 9.917 h"...
2020-10-18 11:44:04,147 INFO             Running detector on file "/Volumes/Erebus/msgr-vesper-archive/Recordings/MSGR_2020-10-17_23.38.00_Z.wav"...
2020-10-18 11:45:44,281 INFO             Created 1198 clips from detector "Old Bird Tseep Detector Redux 1.1".
2020-10-18 11:45:44,283 INFO             Ran 1 detector on 35700 seconds of 1-channel audio in 100 seconds, 357 times faster than real time.
2020-10-18 11:45:44,439 INFO     Job completed.
