2020-04-02 09:39:54,166 INFO     Job started for command "classify" with arguments:
2020-04-02 09:39:54,166 INFO         {
2020-04-02 09:39:54,167 INFO             "classifier": "MPG Ranch NFC Coarse Classifier 3.0",
2020-04-02 09:39:54,167 INFO             "annotation_name": "Classification",
2020-04-02 09:39:54,167 INFO             "detectors": [
2020-04-02 09:39:54,167 INFO                 "Old Bird Thrush Detector Redux 1.1"
2020-04-02 09:39:54,167 INFO             ],
2020-04-02 09:39:54,167 INFO             "station_mics": [
2020-04-02 09:39:54,167 INFO                 "MSGR / 21c"
2020-04-02 09:39:54,167 INFO             ],
2020-04-02 09:39:54,167 INFO             "start_date": "2020-04-01",
2020-04-02 09:39:54,167 INFO             "end_date": "2020-04-30"
2020-04-02 09:39:54,167 INFO         }
2020-04-02 09:39:54,180 INFO     Creating TensorFlow estimator from saved model in directory "//anaconda3/envs/vesper-0.4.8/lib/python3.6/site-packages/vesper/mpg_ranch/nfc_coarse_classifier_3_0/Tseep Classifier/TensorFlow SavedModel"...
2020-04-02 09:39:54,181 WARNING  
The TensorFlow contrib module will not be included in TensorFlow 2.0.
For more information, please see:
  * https://github.com/tensorflow/community/blob/master/rfcs/20180907-contrib-sunset.md
  * https://github.com/tensorflow/addons
  * https://github.com/tensorflow/io (for I/O related ops)
If you depend on functionality not listed there, please file an issue.

2020-04-02 09:39:55,373 WARNING  Using temporary folder as model directory: /var/folders/2z/dlxt5tt50nzdlqlx1qvr1zdm0000gn/T/tmp62xlx0t_
2020-04-02 09:39:55,379 WARNING  train mode not found in SavedModel.
2020-04-02 09:39:55,379 WARNING  eval mode not found in SavedModel.
2020-04-02 09:39:55,379 INFO     Loading classifier settings from "//anaconda3/envs/vesper-0.4.8/lib/python3.6/site-packages/vesper/mpg_ranch/nfc_coarse_classifier_3_0/Tseep Classifier/Settings.yaml"...
2020-04-02 09:39:55,396 INFO     Creating TensorFlow estimator from saved model in directory "//anaconda3/envs/vesper-0.4.8/lib/python3.6/site-packages/vesper/mpg_ranch/nfc_coarse_classifier_3_0/Thrush Classifier/TensorFlow SavedModel"...
2020-04-02 09:39:55,400 WARNING  Using temporary folder as model directory: /var/folders/2z/dlxt5tt50nzdlqlx1qvr1zdm0000gn/T/tmp3fb1rilq
2020-04-02 09:39:55,404 WARNING  train mode not found in SavedModel.
2020-04-02 09:39:55,404 WARNING  eval mode not found in SavedModel.
2020-04-02 09:39:55,404 INFO     Loading classifier settings from "//anaconda3/envs/vesper-0.4.8/lib/python3.6/site-packages/vesper/mpg_ranch/nfc_coarse_classifier_3_0/Thrush Classifier/Settings.yaml"...
2020-04-02 09:39:55,427 INFO     Classifier will visit 1644 clips for detector "Old Bird Thrush Detector Redux 1.1", station "MSGR", mic output "21c Output", and date 2020-04-01.
2020-04-02 09:40:13,254 WARNING  From //anaconda3/envs/vesper-0.4.8/lib/python3.6/site-packages/tensorflow_core/python/autograph/converters/directives.py:119: The name tf.real is deprecated. Please use tf.math.real instead.

2020-04-02 09:40:13,254 WARNING  From //anaconda3/envs/vesper-0.4.8/lib/python3.6/site-packages/tensorflow_core/python/autograph/converters/directives.py:119: The name tf.conj is deprecated. Please use tf.math.conj instead.

2020-04-02 09:40:13,255 WARNING  From //anaconda3/envs/vesper-0.4.8/lib/python3.6/site-packages/tensorflow_core/python/autograph/converters/directives.py:119: The name tf.log is deprecated. Please use tf.math.log instead.

2020-04-02 09:40:13,490 WARNING  From //anaconda3/envs/vesper-0.4.8/lib/python3.6/site-packages/tensorflow_core/python/autograph/converters/directives.py:119: The name tf.Dimension is deprecated. Please use tf.compat.v1.Dimension instead.

2020-04-02 09:40:13,851 WARNING  From //anaconda3/envs/vesper-0.4.8/lib/python3.6/site-packages/tensorflow_core/python/ops/array_ops.py:1475: where (from tensorflow.python.ops.array_ops) is deprecated and will be removed in a future version.
Instructions for updating:
Use tf.where in 2.0, which has the same broadcast rule as np.where
2020-04-02 09:40:29,644 INFO     Classified 1644 of 1644 visited clips in 34.2 seconds, an average of 48.1 clips per second.
2020-04-02 09:40:29,655 INFO     Classifier will visit 0 clips for detector "Old Bird Thrush Detector Redux 1.1", station "MSGR", mic output "21c Output", and date 2020-04-02.
2020-04-02 09:40:29,656 INFO     Classified 0 of 0 visited clips in 0.0 seconds.
2020-04-02 09:40:29,658 INFO     Classifier will visit 0 clips for detector "Old Bird Thrush Detector Redux 1.1", station "MSGR", mic output "21c Output", and date 2020-04-03.
2020-04-02 09:40:29,660 INFO     Classified 0 of 0 visited clips in 0.0 seconds.
2020-04-02 09:40:29,662 INFO     Classifier will visit 0 clips for detector "Old Bird Thrush Detector Redux 1.1", station "MSGR", mic output "21c Output", and date 2020-04-04.
2020-04-02 09:40:29,663 INFO     Classified 0 of 0 visited clips in 0.0 seconds.
2020-04-02 09:40:29,665 INFO     Classifier will visit 0 clips for detector "Old Bird Thrush Detector Redux 1.1", station "MSGR", mic output "21c Output", and date 2020-04-05.
2020-04-02 09:40:29,666 INFO     Classified 0 of 0 visited clips in 0.0 seconds.
2020-04-02 09:40:29,668 INFO     Classifier will visit 0 clips for detector "Old Bird Thrush Detector Redux 1.1", station "MSGR", mic output "21c Output", and date 2020-04-06.
2020-04-02 09:40:29,669 INFO     Classified 0 of 0 visited clips in 0.0 seconds.
2020-04-02 09:40:29,671 INFO     Classifier will visit 0 clips for detector "Old Bird Thrush Detector Redux 1.1", station "MSGR", mic output "21c Output", and date 2020-04-07.
2020-04-02 09:40:29,672 INFO     Classified 0 of 0 visited clips in 0.0 seconds.
2020-04-02 09:40:29,674 INFO     Classifier will visit 0 clips for detector "Old Bird Thrush Detector Redux 1.1", station "MSGR", mic output "21c Output", and date 2020-04-08.
2020-04-02 09:40:29,676 INFO     Classified 0 of 0 visited clips in 0.0 seconds.
2020-04-02 09:40:29,677 INFO     Classifier will visit 0 clips for detector "Old Bird Thrush Detector Redux 1.1", station "MSGR", mic output "21c Output", and date 2020-04-09.
2020-04-02 09:40:29,678 INFO     Classified 0 of 0 visited clips in 0.0 seconds.
2020-04-02 09:40:29,680 INFO     Classifier will visit 0 clips for detector "Old Bird Thrush Detector Redux 1.1", station "MSGR", mic output "21c Output", and date 2020-04-10.
2020-04-02 09:40:29,682 INFO     Classified 0 of 0 visited clips in 0.0 seconds.
2020-04-02 09:40:29,683 INFO     Classifier will visit 0 clips for detector "Old Bird Thrush Detector Redux 1.1", station "MSGR", mic output "21c Output", and date 2020-04-11.
2020-04-02 09:40:29,685 INFO     Classified 0 of 0 visited clips in 0.0 seconds.
2020-04-02 09:40:29,687 INFO     Classifier will visit 0 clips for detector "Old Bird Thrush Detector Redux 1.1", station "MSGR", mic output "21c Output", and date 2020-04-12.
2020-04-02 09:40:29,688 INFO     Classified 0 of 0 visited clips in 0.0 seconds.
2020-04-02 09:40:29,689 INFO     Classifier will visit 0 clips for detector "Old Bird Thrush Detector Redux 1.1", station "MSGR", mic output "21c Output", and date 2020-04-13.
2020-04-02 09:40:29,691 INFO     Classified 0 of 0 visited clips in 0.0 seconds.
2020-04-02 09:40:29,693 INFO     Classifier will visit 0 clips for detector "Old Bird Thrush Detector Redux 1.1", station "MSGR", mic output "21c Output", and date 2020-04-14.
2020-04-02 09:40:29,695 INFO     Classified 0 of 0 visited clips in 0.0 seconds.
2020-04-02 09:40:29,697 INFO     Classifier will visit 0 clips for detector "Old Bird Thrush Detector Redux 1.1", station "MSGR", mic output "21c Output", and date 2020-04-15.
2020-04-02 09:40:29,698 INFO     Classified 0 of 0 visited clips in 0.0 seconds.
2020-04-02 09:40:29,700 INFO     Classifier will visit 0 clips for detector "Old Bird Thrush Detector Redux 1.1", station "MSGR", mic output "21c Output", and date 2020-04-16.
2020-04-02 09:40:29,701 INFO     Classified 0 of 0 visited clips in 0.0 seconds.
2020-04-02 09:40:29,703 INFO     Classifier will visit 0 clips for detector "Old Bird Thrush Detector Redux 1.1", station "MSGR", mic output "21c Output", and date 2020-04-17.
2020-04-02 09:40:29,704 INFO     Classified 0 of 0 visited clips in 0.0 seconds.
2020-04-02 09:40:29,706 INFO     Classifier will visit 0 clips for detector "Old Bird Thrush Detector Redux 1.1", station "MSGR", mic output "21c Output", and date 2020-04-18.
2020-04-02 09:40:29,708 INFO     Classified 0 of 0 visited clips in 0.0 seconds.
2020-04-02 09:40:29,710 INFO     Classifier will visit 0 clips for detector "Old Bird Thrush Detector Redux 1.1", station "MSGR", mic output "21c Output", and date 2020-04-19.
2020-04-02 09:40:29,711 INFO     Classified 0 of 0 visited clips in 0.0 seconds.
2020-04-02 09:40:29,713 INFO     Classifier will visit 0 clips for detector "Old Bird Thrush Detector Redux 1.1", station "MSGR", mic output "21c Output", and date 2020-04-20.
2020-04-02 09:40:29,714 INFO     Classified 0 of 0 visited clips in 0.0 seconds.
2020-04-02 09:40:29,715 INFO     Classifier will visit 0 clips for detector "Old Bird Thrush Detector Redux 1.1", station "MSGR", mic output "21c Output", and date 2020-04-21.
2020-04-02 09:40:29,717 INFO     Classified 0 of 0 visited clips in 0.0 seconds.
2020-04-02 09:40:29,719 INFO     Classifier will visit 0 clips for detector "Old Bird Thrush Detector Redux 1.1", station "MSGR", mic output "21c Output", and date 2020-04-22.
2020-04-02 09:40:29,720 INFO     Classified 0 of 0 visited clips in 0.0 seconds.
2020-04-02 09:40:29,722 INFO     Classifier will visit 0 clips for detector "Old Bird Thrush Detector Redux 1.1", station "MSGR", mic output "21c Output", and date 2020-04-23.
2020-04-02 09:40:29,724 INFO     Classified 0 of 0 visited clips in 0.0 seconds.
2020-04-02 09:40:29,725 INFO     Classifier will visit 0 clips for detector "Old Bird Thrush Detector Redux 1.1", station "MSGR", mic output "21c Output", and date 2020-04-24.
2020-04-02 09:40:29,726 INFO     Classified 0 of 0 visited clips in 0.0 seconds.
2020-04-02 09:40:29,728 INFO     Classifier will visit 0 clips for detector "Old Bird Thrush Detector Redux 1.1", station "MSGR", mic output "21c Output", and date 2020-04-25.
2020-04-02 09:40:29,729 INFO     Classified 0 of 0 visited clips in 0.0 seconds.
2020-04-02 09:40:29,731 INFO     Classifier will visit 0 clips for detector "Old Bird Thrush Detector Redux 1.1", station "MSGR", mic output "21c Output", and date 2020-04-26.
2020-04-02 09:40:29,732 INFO     Classified 0 of 0 visited clips in 0.0 seconds.
2020-04-02 09:40:29,734 INFO     Classifier will visit 0 clips for detector "Old Bird Thrush Detector Redux 1.1", station "MSGR", mic output "21c Output", and date 2020-04-27.
2020-04-02 09:40:29,736 INFO     Classified 0 of 0 visited clips in 0.0 seconds.
2020-04-02 09:40:29,737 INFO     Classifier will visit 0 clips for detector "Old Bird Thrush Detector Redux 1.1", station "MSGR", mic output "21c Output", and date 2020-04-28.
2020-04-02 09:40:29,739 INFO     Classified 0 of 0 visited clips in 0.0 seconds.
2020-04-02 09:40:29,740 INFO     Classifier will visit 0 clips for detector "Old Bird Thrush Detector Redux 1.1", station "MSGR", mic output "21c Output", and date 2020-04-29.
2020-04-02 09:40:29,742 INFO     Classified 0 of 0 visited clips in 0.0 seconds.
2020-04-02 09:40:29,743 INFO     Classifier will visit 0 clips for detector "Old Bird Thrush Detector Redux 1.1", station "MSGR", mic output "21c Output", and date 2020-04-30.
2020-04-02 09:40:29,745 INFO     Classified 0 of 0 visited clips in 0.0 seconds.
2020-04-02 09:40:29,751 INFO     Job completed.
