2020-09-15 22:05:44,211 INFO     Job started for command "detect" with arguments:
2020-09-15 22:05:44,212 INFO         {
2020-09-15 22:05:44,213 INFO             "detectors": [
2020-09-15 22:05:44,213 INFO                 "Old Bird Thrush Detector Redux 1.1"
2020-09-15 22:05:44,213 INFO             ],
2020-09-15 22:05:44,213 INFO             "stations": [
2020-09-15 22:05:44,216 INFO                 "MSGR"
2020-09-15 22:05:44,216 INFO             ],
2020-09-15 22:05:44,219 INFO             "start_date": "2020-09-14",
2020-09-15 22:05:44,222 INFO             "end_date": "2020-09-15",
2020-09-15 22:05:44,224 INFO             "schedule": "",
2020-09-15 22:05:44,226 INFO             "defer_clip_creation": false
2020-09-15 22:05:44,227 INFO         }
2020-09-15 22:05:44,240 INFO     This command will process recordings for 1 station-night.
2020-09-15 22:05:44,241 INFO     Processing recordings for station-night 1 of 1 - "MSGR 2020-09-14"...
2020-09-15 22:05:44,244 INFO         Processing recording 1 of 1 - "MSGR / PC / start 2020-09-15 00:40:00+00:00 / duration 8.167 h"...
2020-09-15 22:05:44,249 INFO             Running detector on file "/Volumes/Erebus/msgr-vesper-archive/Recordings/MSGR_2020-09-15_00.40.00_Z.wav"...
2020-09-15 22:07:23,681 INFO             Created 1601 clips from detector "Old Bird Thrush Detector Redux 1.1".
2020-09-15 22:07:23,681 INFO             Ran 1 detector on 29400 seconds of 1-channel audio in 99 seconds, 296 times faster than real time.
2020-09-15 22:07:23,733 INFO     Job completed.
