2020-08-21 18:39:47,346 INFO     Job started for command "classify" with arguments:
2020-08-21 18:39:47,346 INFO         {
2020-08-21 18:39:47,347 INFO             "classifier": "MPG Ranch NFC Coarse Classifier 3.0",
2020-08-21 18:39:47,347 INFO             "annotation_name": "Classification",
2020-08-21 18:39:47,347 INFO             "detectors": [
2020-08-21 18:39:47,348 INFO                 "Old Bird Thrush Detector Redux 1.1"
2020-08-21 18:39:47,348 INFO             ],
2020-08-21 18:39:47,349 INFO             "station_mics": [
2020-08-21 18:39:47,350 INFO                 "MSGR / 21c"
2020-08-21 18:39:47,350 INFO             ],
2020-08-21 18:39:47,351 INFO             "start_date": "2020-08-20",
2020-08-21 18:39:47,351 INFO             "end_date": "2020-12-30"
2020-08-21 18:39:47,351 INFO         }
2020-08-21 18:39:47,361 INFO     Creating TensorFlow estimator from saved model in directory "/Users/richard/miniconda3/envs/vesper-0.4.8/lib/python3.6/site-packages/vesper/mpg_ranch/nfc_coarse_classifier_3_0/Tseep Classifier/TensorFlow SavedModel"...
2020-08-21 18:39:47,361 WARNING  
The TensorFlow contrib module will not be included in TensorFlow 2.0.
For more information, please see:
  * https://github.com/tensorflow/community/blob/master/rfcs/20180907-contrib-sunset.md
  * https://github.com/tensorflow/addons
  * https://github.com/tensorflow/io (for I/O related ops)
If you depend on functionality not listed there, please file an issue.

2020-08-21 18:39:48,314 WARNING  Using temporary folder as model directory: /var/folders/2z/dlxt5tt50nzdlqlx1qvr1zdm0000gn/T/tmpaan7a1n8
2020-08-21 18:39:48,322 WARNING  train mode not found in SavedModel.
2020-08-21 18:39:48,322 WARNING  eval mode not found in SavedModel.
2020-08-21 18:39:48,323 INFO     Loading classifier settings from "/Users/richard/miniconda3/envs/vesper-0.4.8/lib/python3.6/site-packages/vesper/mpg_ranch/nfc_coarse_classifier_3_0/Tseep Classifier/Settings.yaml"...
2020-08-21 18:39:48,338 INFO     Creating TensorFlow estimator from saved model in directory "/Users/richard/miniconda3/envs/vesper-0.4.8/lib/python3.6/site-packages/vesper/mpg_ranch/nfc_coarse_classifier_3_0/Thrush Classifier/TensorFlow SavedModel"...
2020-08-21 18:39:48,340 WARNING  Using temporary folder as model directory: /var/folders/2z/dlxt5tt50nzdlqlx1qvr1zdm0000gn/T/tmp_0vtftxu
2020-08-21 18:39:48,344 WARNING  train mode not found in SavedModel.
2020-08-21 18:39:48,344 WARNING  eval mode not found in SavedModel.
2020-08-21 18:39:48,345 INFO     Loading classifier settings from "/Users/richard/miniconda3/envs/vesper-0.4.8/lib/python3.6/site-packages/vesper/mpg_ranch/nfc_coarse_classifier_3_0/Thrush Classifier/Settings.yaml"...
2020-08-21 18:39:48,364 INFO     Classifier will visit 182 clips for detector "Old Bird Thrush Detector Redux 1.1", station "MSGR", mic output "21c Output", and date 2020-08-20.
2020-08-21 18:39:51,385 WARNING  From /Users/richard/miniconda3/envs/vesper-0.4.8/lib/python3.6/site-packages/tensorflow_core/python/autograph/converters/directives.py:119: The name tf.real is deprecated. Please use tf.math.real instead.

2020-08-21 18:39:51,385 WARNING  From /Users/richard/miniconda3/envs/vesper-0.4.8/lib/python3.6/site-packages/tensorflow_core/python/autograph/converters/directives.py:119: The name tf.conj is deprecated. Please use tf.math.conj instead.

2020-08-21 18:39:51,386 WARNING  From /Users/richard/miniconda3/envs/vesper-0.4.8/lib/python3.6/site-packages/tensorflow_core/python/autograph/converters/directives.py:119: The name tf.log is deprecated. Please use tf.math.log instead.

2020-08-21 18:39:51,616 WARNING  From /Users/richard/miniconda3/envs/vesper-0.4.8/lib/python3.6/site-packages/tensorflow_core/python/autograph/converters/directives.py:119: The name tf.Dimension is deprecated. Please use tf.compat.v1.Dimension instead.

2020-08-21 18:39:52,044 WARNING  From /Users/richard/miniconda3/envs/vesper-0.4.8/lib/python3.6/site-packages/tensorflow_core/python/ops/array_ops.py:1475: where (from tensorflow.python.ops.array_ops) is deprecated and will be removed in a future version.
Instructions for updating:
Use tf.where in 2.0, which has the same broadcast rule as np.where
2020-08-21 18:39:53,788 INFO     Classified 182 of 182 visited clips in 5.4 seconds, an average of 33.7 clips per second.
2020-08-21 18:39:53,792 INFO     Classifier will visit 0 clips for detector "Old Bird Thrush Detector Redux 1.1", station "MSGR", mic output "21c Output", and date 2020-08-21.
2020-08-21 18:39:53,797 INFO     Classified 0 of 0 visited clips in 0.0 seconds.
2020-08-21 18:39:53,801 INFO     Classifier will visit 0 clips for detector "Old Bird Thrush Detector Redux 1.1", station "MSGR", mic output "21c Output", and date 2020-08-22.
2020-08-21 18:39:53,804 INFO     Classified 0 of 0 visited clips in 0.0 seconds.
2020-08-21 18:39:53,807 INFO     Classifier will visit 0 clips for detector "Old Bird Thrush Detector Redux 1.1", station "MSGR", mic output "21c Output", and date 2020-08-23.
2020-08-21 18:39:53,809 INFO     Classified 0 of 0 visited clips in 0.0 seconds.
2020-08-21 18:39:53,814 INFO     Classifier will visit 0 clips for detector "Old Bird Thrush Detector Redux 1.1", station "MSGR", mic output "21c Output", and date 2020-08-24.
2020-08-21 18:39:53,816 INFO     Classified 0 of 0 visited clips in 0.0 seconds.
2020-08-21 18:39:53,826 INFO     Classifier will visit 0 clips for detector "Old Bird Thrush Detector Redux 1.1", station "MSGR", mic output "21c Output", and date 2020-08-25.
2020-08-21 18:39:53,831 INFO     Classified 0 of 0 visited clips in 0.0 seconds.
2020-08-21 18:39:53,834 INFO     Classifier will visit 0 clips for detector "Old Bird Thrush Detector Redux 1.1", station "MSGR", mic output "21c Output", and date 2020-08-26.
2020-08-21 18:39:53,836 INFO     Classified 0 of 0 visited clips in 0.0 seconds.
2020-08-21 18:39:53,867 INFO     Classifier will visit 0 clips for detector "Old Bird Thrush Detector Redux 1.1", station "MSGR", mic output "21c Output", and date 2020-08-27.
2020-08-21 18:39:53,868 INFO     Classified 0 of 0 visited clips in 0.0 seconds.
2020-08-21 18:39:53,872 INFO     Classifier will visit 0 clips for detector "Old Bird Thrush Detector Redux 1.1", station "MSGR", mic output "21c Output", and date 2020-08-28.
2020-08-21 18:39:53,883 INFO     Classified 0 of 0 visited clips in 0.0 seconds.
2020-08-21 18:39:53,889 INFO     Classifier will visit 0 clips for detector "Old Bird Thrush Detector Redux 1.1", station "MSGR", mic output "21c Output", and date 2020-08-29.
2020-08-21 18:39:53,894 INFO     Classified 0 of 0 visited clips in 0.0 seconds.
2020-08-21 18:39:53,897 INFO     Classifier will visit 0 clips for detector "Old Bird Thrush Detector Redux 1.1", station "MSGR", mic output "21c Output", and date 2020-08-30.
2020-08-21 18:39:53,899 INFO     Classified 0 of 0 visited clips in 0.0 seconds.
2020-08-21 18:39:53,905 INFO     Classifier will visit 0 clips for detector "Old Bird Thrush Detector Redux 1.1", station "MSGR", mic output "21c Output", and date 2020-08-31.
2020-08-21 18:39:53,906 INFO     Classified 0 of 0 visited clips in 0.0 seconds.
2020-08-21 18:39:53,908 INFO     Classifier will visit 0 clips for detector "Old Bird Thrush Detector Redux 1.1", station "MSGR", mic output "21c Output", and date 2020-09-01.
2020-08-21 18:39:53,911 INFO     Classified 0 of 0 visited clips in 0.0 seconds.
2020-08-21 18:39:53,917 INFO     Classifier will visit 0 clips for detector "Old Bird Thrush Detector Redux 1.1", station "MSGR", mic output "21c Output", and date 2020-09-02.
2020-08-21 18:39:53,919 INFO     Classified 0 of 0 visited clips in 0.0 seconds.
2020-08-21 18:39:53,921 INFO     Classifier will visit 0 clips for detector "Old Bird Thrush Detector Redux 1.1", station "MSGR", mic output "21c Output", and date 2020-09-03.
2020-08-21 18:39:53,923 INFO     Classified 0 of 0 visited clips in 0.0 seconds.
2020-08-21 18:39:53,925 INFO     Classifier will visit 0 clips for detector "Old Bird Thrush Detector Redux 1.1", station "MSGR", mic output "21c Output", and date 2020-09-04.
2020-08-21 18:39:53,929 INFO     Classified 0 of 0 visited clips in 0.0 seconds.
2020-08-21 18:39:53,933 INFO     Classifier will visit 0 clips for detector "Old Bird Thrush Detector Redux 1.1", station "MSGR", mic output "21c Output", and date 2020-09-05.
2020-08-21 18:39:53,935 INFO     Classified 0 of 0 visited clips in 0.0 seconds.
2020-08-21 18:39:53,938 INFO     Classifier will visit 0 clips for detector "Old Bird Thrush Detector Redux 1.1", station "MSGR", mic output "21c Output", and date 2020-09-06.
2020-08-21 18:39:53,941 INFO     Classified 0 of 0 visited clips in 0.0 seconds.
2020-08-21 18:39:53,945 INFO     Classifier will visit 0 clips for detector "Old Bird Thrush Detector Redux 1.1", station "MSGR", mic output "21c Output", and date 2020-09-07.
2020-08-21 18:39:53,948 INFO     Classified 0 of 0 visited clips in 0.0 seconds.
2020-08-21 18:39:53,951 INFO     Classifier will visit 0 clips for detector "Old Bird Thrush Detector Redux 1.1", station "MSGR", mic output "21c Output", and date 2020-09-08.
2020-08-21 18:39:53,954 INFO     Classified 0 of 0 visited clips in 0.0 seconds.
2020-08-21 18:39:53,956 INFO     Classifier will visit 0 clips for detector "Old Bird Thrush Detector Redux 1.1", station "MSGR", mic output "21c Output", and date 2020-09-09.
2020-08-21 18:39:53,957 INFO     Classified 0 of 0 visited clips in 0.0 seconds.
2020-08-21 18:39:53,961 INFO     Classifier will visit 0 clips for detector "Old Bird Thrush Detector Redux 1.1", station "MSGR", mic output "21c Output", and date 2020-09-10.
2020-08-21 18:39:53,964 INFO     Classified 0 of 0 visited clips in 0.0 seconds.
2020-08-21 18:39:53,966 INFO     Classifier will visit 0 clips for detector "Old Bird Thrush Detector Redux 1.1", station "MSGR", mic output "21c Output", and date 2020-09-11.
2020-08-21 18:39:53,968 INFO     Classified 0 of 0 visited clips in 0.0 seconds.
2020-08-21 18:39:53,973 INFO     Classifier will visit 0 clips for detector "Old Bird Thrush Detector Redux 1.1", station "MSGR", mic output "21c Output", and date 2020-09-12.
2020-08-21 18:39:53,975 INFO     Classified 0 of 0 visited clips in 0.0 seconds.
2020-08-21 18:39:53,979 INFO     Classifier will visit 0 clips for detector "Old Bird Thrush Detector Redux 1.1", station "MSGR", mic output "21c Output", and date 2020-09-13.
2020-08-21 18:39:53,981 INFO     Classified 0 of 0 visited clips in 0.0 seconds.
2020-08-21 18:39:53,984 INFO     Classifier will visit 0 clips for detector "Old Bird Thrush Detector Redux 1.1", station "MSGR", mic output "21c Output", and date 2020-09-14.
2020-08-21 18:39:53,985 INFO     Classified 0 of 0 visited clips in 0.0 seconds.
2020-08-21 18:39:53,988 INFO     Classifier will visit 0 clips for detector "Old Bird Thrush Detector Redux 1.1", station "MSGR", mic output "21c Output", and date 2020-09-15.
2020-08-21 18:39:53,989 INFO     Classified 0 of 0 visited clips in 0.0 seconds.
2020-08-21 18:39:53,991 INFO     Classifier will visit 0 clips for detector "Old Bird Thrush Detector Redux 1.1", station "MSGR", mic output "21c Output", and date 2020-09-16.
2020-08-21 18:39:53,993 INFO     Classified 0 of 0 visited clips in 0.0 seconds.
2020-08-21 18:39:53,995 INFO     Classifier will visit 0 clips for detector "Old Bird Thrush Detector Redux 1.1", station "MSGR", mic output "21c Output", and date 2020-09-17.
2020-08-21 18:39:53,997 INFO     Classified 0 of 0 visited clips in 0.0 seconds.
2020-08-21 18:39:53,998 INFO     Classifier will visit 0 clips for detector "Old Bird Thrush Detector Redux 1.1", station "MSGR", mic output "21c Output", and date 2020-09-18.
2020-08-21 18:39:54,000 INFO     Classified 0 of 0 visited clips in 0.0 seconds.
2020-08-21 18:39:54,003 INFO     Classifier will visit 0 clips for detector "Old Bird Thrush Detector Redux 1.1", station "MSGR", mic output "21c Output", and date 2020-09-19.
2020-08-21 18:39:54,005 INFO     Classified 0 of 0 visited clips in 0.0 seconds.
2020-08-21 18:39:54,006 INFO     Classifier will visit 0 clips for detector "Old Bird Thrush Detector Redux 1.1", station "MSGR", mic output "21c Output", and date 2020-09-20.
2020-08-21 18:39:54,008 INFO     Classified 0 of 0 visited clips in 0.0 seconds.
2020-08-21 18:39:54,011 INFO     Classifier will visit 0 clips for detector "Old Bird Thrush Detector Redux 1.1", station "MSGR", mic output "21c Output", and date 2020-09-21.
2020-08-21 18:39:54,013 INFO     Classified 0 of 0 visited clips in 0.0 seconds.
2020-08-21 18:39:54,015 INFO     Classifier will visit 0 clips for detector "Old Bird Thrush Detector Redux 1.1", station "MSGR", mic output "21c Output", and date 2020-09-22.
2020-08-21 18:39:54,016 INFO     Classified 0 of 0 visited clips in 0.0 seconds.
2020-08-21 18:39:54,019 INFO     Classifier will visit 0 clips for detector "Old Bird Thrush Detector Redux 1.1", station "MSGR", mic output "21c Output", and date 2020-09-23.
2020-08-21 18:39:54,020 INFO     Classified 0 of 0 visited clips in 0.0 seconds.
2020-08-21 18:39:54,022 INFO     Classifier will visit 0 clips for detector "Old Bird Thrush Detector Redux 1.1", station "MSGR", mic output "21c Output", and date 2020-09-24.
2020-08-21 18:39:54,023 INFO     Classified 0 of 0 visited clips in 0.0 seconds.
2020-08-21 18:39:54,026 INFO     Classifier will visit 0 clips for detector "Old Bird Thrush Detector Redux 1.1", station "MSGR", mic output "21c Output", and date 2020-09-25.
2020-08-21 18:39:54,027 INFO     Classified 0 of 0 visited clips in 0.0 seconds.
2020-08-21 18:39:54,028 INFO     Classifier will visit 0 clips for detector "Old Bird Thrush Detector Redux 1.1", station "MSGR", mic output "21c Output", and date 2020-09-26.
2020-08-21 18:39:54,031 INFO     Classified 0 of 0 visited clips in 0.0 seconds.
2020-08-21 18:39:54,033 INFO     Classifier will visit 0 clips for detector "Old Bird Thrush Detector Redux 1.1", station "MSGR", mic output "21c Output", and date 2020-09-27.
2020-08-21 18:39:54,035 INFO     Classified 0 of 0 visited clips in 0.0 seconds.
2020-08-21 18:39:54,037 INFO     Classifier will visit 0 clips for detector "Old Bird Thrush Detector Redux 1.1", station "MSGR", mic output "21c Output", and date 2020-09-28.
2020-08-21 18:39:54,038 INFO     Classified 0 of 0 visited clips in 0.0 seconds.
2020-08-21 18:39:54,040 INFO     Classifier will visit 0 clips for detector "Old Bird Thrush Detector Redux 1.1", station "MSGR", mic output "21c Output", and date 2020-09-29.
2020-08-21 18:39:54,041 INFO     Classified 0 of 0 visited clips in 0.0 seconds.
2020-08-21 18:39:54,044 INFO     Classifier will visit 0 clips for detector "Old Bird Thrush Detector Redux 1.1", station "MSGR", mic output "21c Output", and date 2020-09-30.
2020-08-21 18:39:54,046 INFO     Classified 0 of 0 visited clips in 0.0 seconds.
2020-08-21 18:39:54,049 INFO     Classifier will visit 0 clips for detector "Old Bird Thrush Detector Redux 1.1", station "MSGR", mic output "21c Output", and date 2020-10-01.
2020-08-21 18:39:54,050 INFO     Classified 0 of 0 visited clips in 0.0 seconds.
2020-08-21 18:39:54,052 INFO     Classifier will visit 0 clips for detector "Old Bird Thrush Detector Redux 1.1", station "MSGR", mic output "21c Output", and date 2020-10-02.
2020-08-21 18:39:54,054 INFO     Classified 0 of 0 visited clips in 0.0 seconds.
2020-08-21 18:39:54,057 INFO     Classifier will visit 0 clips for detector "Old Bird Thrush Detector Redux 1.1", station "MSGR", mic output "21c Output", and date 2020-10-03.
2020-08-21 18:39:54,059 INFO     Classified 0 of 0 visited clips in 0.0 seconds.
2020-08-21 18:39:54,061 INFO     Classifier will visit 0 clips for detector "Old Bird Thrush Detector Redux 1.1", station "MSGR", mic output "21c Output", and date 2020-10-04.
2020-08-21 18:39:54,063 INFO     Classified 0 of 0 visited clips in 0.0 seconds.
2020-08-21 18:39:54,065 INFO     Classifier will visit 0 clips for detector "Old Bird Thrush Detector Redux 1.1", station "MSGR", mic output "21c Output", and date 2020-10-05.
2020-08-21 18:39:54,067 INFO     Classified 0 of 0 visited clips in 0.0 seconds.
2020-08-21 18:39:54,069 INFO     Classifier will visit 0 clips for detector "Old Bird Thrush Detector Redux 1.1", station "MSGR", mic output "21c Output", and date 2020-10-06.
2020-08-21 18:39:54,070 INFO     Classified 0 of 0 visited clips in 0.0 seconds.
2020-08-21 18:39:54,072 INFO     Classifier will visit 0 clips for detector "Old Bird Thrush Detector Redux 1.1", station "MSGR", mic output "21c Output", and date 2020-10-07.
2020-08-21 18:39:54,074 INFO     Classified 0 of 0 visited clips in 0.0 seconds.
2020-08-21 18:39:54,075 INFO     Classifier will visit 0 clips for detector "Old Bird Thrush Detector Redux 1.1", station "MSGR", mic output "21c Output", and date 2020-10-08.
2020-08-21 18:39:54,078 INFO     Classified 0 of 0 visited clips in 0.0 seconds.
2020-08-21 18:39:54,083 INFO     Classifier will visit 0 clips for detector "Old Bird Thrush Detector Redux 1.1", station "MSGR", mic output "21c Output", and date 2020-10-09.
2020-08-21 18:39:54,086 INFO     Classified 0 of 0 visited clips in 0.0 seconds.
2020-08-21 18:39:54,088 INFO     Classifier will visit 0 clips for detector "Old Bird Thrush Detector Redux 1.1", station "MSGR", mic output "21c Output", and date 2020-10-10.
2020-08-21 18:39:54,089 INFO     Classified 0 of 0 visited clips in 0.0 seconds.
2020-08-21 18:39:54,092 INFO     Classifier will visit 0 clips for detector "Old Bird Thrush Detector Redux 1.1", station "MSGR", mic output "21c Output", and date 2020-10-11.
2020-08-21 18:39:54,094 INFO     Classified 0 of 0 visited clips in 0.0 seconds.
2020-08-21 18:39:54,097 INFO     Classifier will visit 0 clips for detector "Old Bird Thrush Detector Redux 1.1", station "MSGR", mic output "21c Output", and date 2020-10-12.
2020-08-21 18:39:54,098 INFO     Classified 0 of 0 visited clips in 0.0 seconds.
2020-08-21 18:39:54,100 INFO     Classifier will visit 0 clips for detector "Old Bird Thrush Detector Redux 1.1", station "MSGR", mic output "21c Output", and date 2020-10-13.
2020-08-21 18:39:54,102 INFO     Classified 0 of 0 visited clips in 0.0 seconds.
2020-08-21 18:39:54,104 INFO     Classifier will visit 0 clips for detector "Old Bird Thrush Detector Redux 1.1", station "MSGR", mic output "21c Output", and date 2020-10-14.
2020-08-21 18:39:54,105 INFO     Classified 0 of 0 visited clips in 0.0 seconds.
2020-08-21 18:39:54,108 INFO     Classifier will visit 0 clips for detector "Old Bird Thrush Detector Redux 1.1", station "MSGR", mic output "21c Output", and date 2020-10-15.
2020-08-21 18:39:54,110 INFO     Classified 0 of 0 visited clips in 0.0 seconds.
2020-08-21 18:39:54,113 INFO     Classifier will visit 0 clips for detector "Old Bird Thrush Detector Redux 1.1", station "MSGR", mic output "21c Output", and date 2020-10-16.
2020-08-21 18:39:54,115 INFO     Classified 0 of 0 visited clips in 0.0 seconds.
2020-08-21 18:39:54,117 INFO     Classifier will visit 0 clips for detector "Old Bird Thrush Detector Redux 1.1", station "MSGR", mic output "21c Output", and date 2020-10-17.
2020-08-21 18:39:54,119 INFO     Classified 0 of 0 visited clips in 0.0 seconds.
2020-08-21 18:39:54,121 INFO     Classifier will visit 0 clips for detector "Old Bird Thrush Detector Redux 1.1", station "MSGR", mic output "21c Output", and date 2020-10-18.
2020-08-21 18:39:54,123 INFO     Classified 0 of 0 visited clips in 0.0 seconds.
2020-08-21 18:39:54,124 INFO     Classifier will visit 0 clips for detector "Old Bird Thrush Detector Redux 1.1", station "MSGR", mic output "21c Output", and date 2020-10-19.
2020-08-21 18:39:54,126 INFO     Classified 0 of 0 visited clips in 0.0 seconds.
2020-08-21 18:39:54,128 INFO     Classifier will visit 0 clips for detector "Old Bird Thrush Detector Redux 1.1", station "MSGR", mic output "21c Output", and date 2020-10-20.
2020-08-21 18:39:54,132 INFO     Classified 0 of 0 visited clips in 0.0 seconds.
2020-08-21 18:39:54,135 INFO     Classifier will visit 0 clips for detector "Old Bird Thrush Detector Redux 1.1", station "MSGR", mic output "21c Output", and date 2020-10-21.
2020-08-21 18:39:54,137 INFO     Classified 0 of 0 visited clips in 0.0 seconds.
2020-08-21 18:39:54,140 INFO     Classifier will visit 0 clips for detector "Old Bird Thrush Detector Redux 1.1", station "MSGR", mic output "21c Output", and date 2020-10-22.
2020-08-21 18:39:54,142 INFO     Classified 0 of 0 visited clips in 0.0 seconds.
2020-08-21 18:39:54,147 INFO     Classifier will visit 0 clips for detector "Old Bird Thrush Detector Redux 1.1", station "MSGR", mic output "21c Output", and date 2020-10-23.
2020-08-21 18:39:54,151 INFO     Classified 0 of 0 visited clips in 0.0 seconds.
2020-08-21 18:39:54,154 INFO     Classifier will visit 0 clips for detector "Old Bird Thrush Detector Redux 1.1", station "MSGR", mic output "21c Output", and date 2020-10-24.
2020-08-21 18:39:54,155 INFO     Classified 0 of 0 visited clips in 0.0 seconds.
2020-08-21 18:39:54,158 INFO     Classifier will visit 0 clips for detector "Old Bird Thrush Detector Redux 1.1", station "MSGR", mic output "21c Output", and date 2020-10-25.
2020-08-21 18:39:54,160 INFO     Classified 0 of 0 visited clips in 0.0 seconds.
2020-08-21 18:39:54,165 INFO     Classifier will visit 0 clips for detector "Old Bird Thrush Detector Redux 1.1", station "MSGR", mic output "21c Output", and date 2020-10-26.
2020-08-21 18:39:54,168 INFO     Classified 0 of 0 visited clips in 0.0 seconds.
2020-08-21 18:39:54,172 INFO     Classifier will visit 0 clips for detector "Old Bird Thrush Detector Redux 1.1", station "MSGR", mic output "21c Output", and date 2020-10-27.
2020-08-21 18:39:54,175 INFO     Classified 0 of 0 visited clips in 0.0 seconds.
2020-08-21 18:39:54,179 INFO     Classifier will visit 0 clips for detector "Old Bird Thrush Detector Redux 1.1", station "MSGR", mic output "21c Output", and date 2020-10-28.
2020-08-21 18:39:54,183 INFO     Classified 0 of 0 visited clips in 0.0 seconds.
2020-08-21 18:39:54,187 INFO     Classifier will visit 0 clips for detector "Old Bird Thrush Detector Redux 1.1", station "MSGR", mic output "21c Output", and date 2020-10-29.
2020-08-21 18:39:54,189 INFO     Classified 0 of 0 visited clips in 0.0 seconds.
2020-08-21 18:39:54,192 INFO     Classifier will visit 0 clips for detector "Old Bird Thrush Detector Redux 1.1", station "MSGR", mic output "21c Output", and date 2020-10-30.
2020-08-21 18:39:54,194 INFO     Classified 0 of 0 visited clips in 0.0 seconds.
2020-08-21 18:39:54,199 INFO     Classifier will visit 0 clips for detector "Old Bird Thrush Detector Redux 1.1", station "MSGR", mic output "21c Output", and date 2020-10-31.
2020-08-21 18:39:54,201 INFO     Classified 0 of 0 visited clips in 0.0 seconds.
2020-08-21 18:39:54,205 INFO     Classifier will visit 0 clips for detector "Old Bird Thrush Detector Redux 1.1", station "MSGR", mic output "21c Output", and date 2020-11-01.
2020-08-21 18:39:54,209 INFO     Classified 0 of 0 visited clips in 0.0 seconds.
2020-08-21 18:39:54,211 INFO     Classifier will visit 0 clips for detector "Old Bird Thrush Detector Redux 1.1", station "MSGR", mic output "21c Output", and date 2020-11-02.
2020-08-21 18:39:54,215 INFO     Classified 0 of 0 visited clips in 0.0 seconds.
2020-08-21 18:39:54,218 INFO     Classifier will visit 0 clips for detector "Old Bird Thrush Detector Redux 1.1", station "MSGR", mic output "21c Output", and date 2020-11-03.
2020-08-21 18:39:54,221 INFO     Classified 0 of 0 visited clips in 0.0 seconds.
2020-08-21 18:39:54,226 INFO     Classifier will visit 0 clips for detector "Old Bird Thrush Detector Redux 1.1", station "MSGR", mic output "21c Output", and date 2020-11-04.
2020-08-21 18:39:54,228 INFO     Classified 0 of 0 visited clips in 0.0 seconds.
2020-08-21 18:39:54,231 INFO     Classifier will visit 0 clips for detector "Old Bird Thrush Detector Redux 1.1", station "MSGR", mic output "21c Output", and date 2020-11-05.
2020-08-21 18:39:54,233 INFO     Classified 0 of 0 visited clips in 0.0 seconds.
2020-08-21 18:39:54,235 INFO     Classifier will visit 0 clips for detector "Old Bird Thrush Detector Redux 1.1", station "MSGR", mic output "21c Output", and date 2020-11-06.
2020-08-21 18:39:54,238 INFO     Classified 0 of 0 visited clips in 0.0 seconds.
2020-08-21 18:39:54,240 INFO     Classifier will visit 0 clips for detector "Old Bird Thrush Detector Redux 1.1", station "MSGR", mic output "21c Output", and date 2020-11-07.
2020-08-21 18:39:54,242 INFO     Classified 0 of 0 visited clips in 0.0 seconds.
2020-08-21 18:39:54,244 INFO     Classifier will visit 0 clips for detector "Old Bird Thrush Detector Redux 1.1", station "MSGR", mic output "21c Output", and date 2020-11-08.
2020-08-21 18:39:54,248 INFO     Classified 0 of 0 visited clips in 0.0 seconds.
2020-08-21 18:39:54,250 INFO     Classifier will visit 0 clips for detector "Old Bird Thrush Detector Redux 1.1", station "MSGR", mic output "21c Output", and date 2020-11-09.
2020-08-21 18:39:54,251 INFO     Classified 0 of 0 visited clips in 0.0 seconds.
2020-08-21 18:39:54,255 INFO     Classifier will visit 0 clips for detector "Old Bird Thrush Detector Redux 1.1", station "MSGR", mic output "21c Output", and date 2020-11-10.
2020-08-21 18:39:54,257 INFO     Classified 0 of 0 visited clips in 0.0 seconds.
2020-08-21 18:39:54,260 INFO     Classifier will visit 0 clips for detector "Old Bird Thrush Detector Redux 1.1", station "MSGR", mic output "21c Output", and date 2020-11-11.
2020-08-21 18:39:54,263 INFO     Classified 0 of 0 visited clips in 0.0 seconds.
2020-08-21 18:39:54,265 INFO     Classifier will visit 0 clips for detector "Old Bird Thrush Detector Redux 1.1", station "MSGR", mic output "21c Output", and date 2020-11-12.
2020-08-21 18:39:54,267 INFO     Classified 0 of 0 visited clips in 0.0 seconds.
2020-08-21 18:39:54,270 INFO     Classifier will visit 0 clips for detector "Old Bird Thrush Detector Redux 1.1", station "MSGR", mic output "21c Output", and date 2020-11-13.
2020-08-21 18:39:54,272 INFO     Classified 0 of 0 visited clips in 0.0 seconds.
2020-08-21 18:39:54,275 INFO     Classifier will visit 0 clips for detector "Old Bird Thrush Detector Redux 1.1", station "MSGR", mic output "21c Output", and date 2020-11-14.
2020-08-21 18:39:54,276 INFO     Classified 0 of 0 visited clips in 0.0 seconds.
2020-08-21 18:39:54,278 INFO     Classifier will visit 0 clips for detector "Old Bird Thrush Detector Redux 1.1", station "MSGR", mic output "21c Output", and date 2020-11-15.
2020-08-21 18:39:54,281 INFO     Classified 0 of 0 visited clips in 0.0 seconds.
2020-08-21 18:39:54,283 INFO     Classifier will visit 0 clips for detector "Old Bird Thrush Detector Redux 1.1", station "MSGR", mic output "21c Output", and date 2020-11-16.
2020-08-21 18:39:54,284 INFO     Classified 0 of 0 visited clips in 0.0 seconds.
2020-08-21 18:39:54,286 INFO     Classifier will visit 0 clips for detector "Old Bird Thrush Detector Redux 1.1", station "MSGR", mic output "21c Output", and date 2020-11-17.
2020-08-21 18:39:54,287 INFO     Classified 0 of 0 visited clips in 0.0 seconds.
2020-08-21 18:39:54,289 INFO     Classifier will visit 0 clips for detector "Old Bird Thrush Detector Redux 1.1", station "MSGR", mic output "21c Output", and date 2020-11-18.
2020-08-21 18:39:54,291 INFO     Classified 0 of 0 visited clips in 0.0 seconds.
2020-08-21 18:39:54,293 INFO     Classifier will visit 0 clips for detector "Old Bird Thrush Detector Redux 1.1", station "MSGR", mic output "21c Output", and date 2020-11-19.
2020-08-21 18:39:54,294 INFO     Classified 0 of 0 visited clips in 0.0 seconds.
2020-08-21 18:39:54,296 INFO     Classifier will visit 0 clips for detector "Old Bird Thrush Detector Redux 1.1", station "MSGR", mic output "21c Output", and date 2020-11-20.
2020-08-21 18:39:54,297 INFO     Classified 0 of 0 visited clips in 0.0 seconds.
2020-08-21 18:39:54,299 INFO     Classifier will visit 0 clips for detector "Old Bird Thrush Detector Redux 1.1", station "MSGR", mic output "21c Output", and date 2020-11-21.
2020-08-21 18:39:54,301 INFO     Classified 0 of 0 visited clips in 0.0 seconds.
2020-08-21 18:39:54,303 INFO     Classifier will visit 0 clips for detector "Old Bird Thrush Detector Redux 1.1", station "MSGR", mic output "21c Output", and date 2020-11-22.
2020-08-21 18:39:54,304 INFO     Classified 0 of 0 visited clips in 0.0 seconds.
2020-08-21 18:39:54,306 INFO     Classifier will visit 0 clips for detector "Old Bird Thrush Detector Redux 1.1", station "MSGR", mic output "21c Output", and date 2020-11-23.
2020-08-21 18:39:54,308 INFO     Classified 0 of 0 visited clips in 0.0 seconds.
2020-08-21 18:39:54,311 INFO     Classifier will visit 0 clips for detector "Old Bird Thrush Detector Redux 1.1", station "MSGR", mic output "21c Output", and date 2020-11-24.
2020-08-21 18:39:54,313 INFO     Classified 0 of 0 visited clips in 0.0 seconds.
2020-08-21 18:39:54,314 INFO     Classifier will visit 0 clips for detector "Old Bird Thrush Detector Redux 1.1", station "MSGR", mic output "21c Output", and date 2020-11-25.
2020-08-21 18:39:54,316 INFO     Classified 0 of 0 visited clips in 0.0 seconds.
2020-08-21 18:39:54,317 INFO     Classifier will visit 0 clips for detector "Old Bird Thrush Detector Redux 1.1", station "MSGR", mic output "21c Output", and date 2020-11-26.
2020-08-21 18:39:54,319 INFO     Classified 0 of 0 visited clips in 0.0 seconds.
2020-08-21 18:39:54,321 INFO     Classifier will visit 0 clips for detector "Old Bird Thrush Detector Redux 1.1", station "MSGR", mic output "21c Output", and date 2020-11-27.
2020-08-21 18:39:54,322 INFO     Classified 0 of 0 visited clips in 0.0 seconds.
2020-08-21 18:39:54,324 INFO     Classifier will visit 0 clips for detector "Old Bird Thrush Detector Redux 1.1", station "MSGR", mic output "21c Output", and date 2020-11-28.
2020-08-21 18:39:54,325 INFO     Classified 0 of 0 visited clips in 0.0 seconds.
2020-08-21 18:39:54,329 INFO     Classifier will visit 0 clips for detector "Old Bird Thrush Detector Redux 1.1", station "MSGR", mic output "21c Output", and date 2020-11-29.
2020-08-21 18:39:54,329 INFO     Classified 0 of 0 visited clips in 0.0 seconds.
2020-08-21 18:39:54,331 INFO     Classifier will visit 0 clips for detector "Old Bird Thrush Detector Redux 1.1", station "MSGR", mic output "21c Output", and date 2020-11-30.
2020-08-21 18:39:54,333 INFO     Classified 0 of 0 visited clips in 0.0 seconds.
2020-08-21 18:39:54,335 INFO     Classifier will visit 0 clips for detector "Old Bird Thrush Detector Redux 1.1", station "MSGR", mic output "21c Output", and date 2020-12-01.
2020-08-21 18:39:54,337 INFO     Classified 0 of 0 visited clips in 0.0 seconds.
2020-08-21 18:39:54,339 INFO     Classifier will visit 0 clips for detector "Old Bird Thrush Detector Redux 1.1", station "MSGR", mic output "21c Output", and date 2020-12-02.
2020-08-21 18:39:54,341 INFO     Classified 0 of 0 visited clips in 0.0 seconds.
2020-08-21 18:39:54,343 INFO     Classifier will visit 0 clips for detector "Old Bird Thrush Detector Redux 1.1", station "MSGR", mic output "21c Output", and date 2020-12-03.
2020-08-21 18:39:54,344 INFO     Classified 0 of 0 visited clips in 0.0 seconds.
2020-08-21 18:39:54,347 INFO     Classifier will visit 0 clips for detector "Old Bird Thrush Detector Redux 1.1", station "MSGR", mic output "21c Output", and date 2020-12-04.
2020-08-21 18:39:54,348 INFO     Classified 0 of 0 visited clips in 0.0 seconds.
2020-08-21 18:39:54,350 INFO     Classifier will visit 0 clips for detector "Old Bird Thrush Detector Redux 1.1", station "MSGR", mic output "21c Output", and date 2020-12-05.
2020-08-21 18:39:54,351 INFO     Classified 0 of 0 visited clips in 0.0 seconds.
2020-08-21 18:39:54,353 INFO     Classifier will visit 0 clips for detector "Old Bird Thrush Detector Redux 1.1", station "MSGR", mic output "21c Output", and date 2020-12-06.
2020-08-21 18:39:54,355 INFO     Classified 0 of 0 visited clips in 0.0 seconds.
2020-08-21 18:39:54,356 INFO     Classifier will visit 0 clips for detector "Old Bird Thrush Detector Redux 1.1", station "MSGR", mic output "21c Output", and date 2020-12-07.
2020-08-21 18:39:54,358 INFO     Classified 0 of 0 visited clips in 0.0 seconds.
2020-08-21 18:39:54,359 INFO     Classifier will visit 0 clips for detector "Old Bird Thrush Detector Redux 1.1", station "MSGR", mic output "21c Output", and date 2020-12-08.
2020-08-21 18:39:54,361 INFO     Classified 0 of 0 visited clips in 0.0 seconds.
2020-08-21 18:39:54,363 INFO     Classifier will visit 0 clips for detector "Old Bird Thrush Detector Redux 1.1", station "MSGR", mic output "21c Output", and date 2020-12-09.
2020-08-21 18:39:54,365 INFO     Classified 0 of 0 visited clips in 0.0 seconds.
2020-08-21 18:39:54,367 INFO     Classifier will visit 0 clips for detector "Old Bird Thrush Detector Redux 1.1", station "MSGR", mic output "21c Output", and date 2020-12-10.
2020-08-21 18:39:54,368 INFO     Classified 0 of 0 visited clips in 0.0 seconds.
2020-08-21 18:39:54,370 INFO     Classifier will visit 0 clips for detector "Old Bird Thrush Detector Redux 1.1", station "MSGR", mic output "21c Output", and date 2020-12-11.
2020-08-21 18:39:54,372 INFO     Classified 0 of 0 visited clips in 0.0 seconds.
2020-08-21 18:39:54,374 INFO     Classifier will visit 0 clips for detector "Old Bird Thrush Detector Redux 1.1", station "MSGR", mic output "21c Output", and date 2020-12-12.
2020-08-21 18:39:54,376 INFO     Classified 0 of 0 visited clips in 0.0 seconds.
2020-08-21 18:39:54,378 INFO     Classifier will visit 0 clips for detector "Old Bird Thrush Detector Redux 1.1", station "MSGR", mic output "21c Output", and date 2020-12-13.
2020-08-21 18:39:54,379 INFO     Classified 0 of 0 visited clips in 0.0 seconds.
2020-08-21 18:39:54,381 INFO     Classifier will visit 0 clips for detector "Old Bird Thrush Detector Redux 1.1", station "MSGR", mic output "21c Output", and date 2020-12-14.
2020-08-21 18:39:54,383 INFO     Classified 0 of 0 visited clips in 0.0 seconds.
2020-08-21 18:39:54,385 INFO     Classifier will visit 0 clips for detector "Old Bird Thrush Detector Redux 1.1", station "MSGR", mic output "21c Output", and date 2020-12-15.
2020-08-21 18:39:54,386 INFO     Classified 0 of 0 visited clips in 0.0 seconds.
2020-08-21 18:39:54,388 INFO     Classifier will visit 0 clips for detector "Old Bird Thrush Detector Redux 1.1", station "MSGR", mic output "21c Output", and date 2020-12-16.
2020-08-21 18:39:54,389 INFO     Classified 0 of 0 visited clips in 0.0 seconds.
2020-08-21 18:39:54,391 INFO     Classifier will visit 0 clips for detector "Old Bird Thrush Detector Redux 1.1", station "MSGR", mic output "21c Output", and date 2020-12-17.
2020-08-21 18:39:54,393 INFO     Classified 0 of 0 visited clips in 0.0 seconds.
2020-08-21 18:39:54,395 INFO     Classifier will visit 0 clips for detector "Old Bird Thrush Detector Redux 1.1", station "MSGR", mic output "21c Output", and date 2020-12-18.
2020-08-21 18:39:54,396 INFO     Classified 0 of 0 visited clips in 0.0 seconds.
2020-08-21 18:39:54,398 INFO     Classifier will visit 0 clips for detector "Old Bird Thrush Detector Redux 1.1", station "MSGR", mic output "21c Output", and date 2020-12-19.
2020-08-21 18:39:54,400 INFO     Classified 0 of 0 visited clips in 0.0 seconds.
2020-08-21 18:39:54,402 INFO     Classifier will visit 0 clips for detector "Old Bird Thrush Detector Redux 1.1", station "MSGR", mic output "21c Output", and date 2020-12-20.
2020-08-21 18:39:54,404 INFO     Classified 0 of 0 visited clips in 0.0 seconds.
2020-08-21 18:39:54,405 INFO     Classifier will visit 0 clips for detector "Old Bird Thrush Detector Redux 1.1", station "MSGR", mic output "21c Output", and date 2020-12-21.
2020-08-21 18:39:54,407 INFO     Classified 0 of 0 visited clips in 0.0 seconds.
2020-08-21 18:39:54,410 INFO     Classifier will visit 0 clips for detector "Old Bird Thrush Detector Redux 1.1", station "MSGR", mic output "21c Output", and date 2020-12-22.
2020-08-21 18:39:54,411 INFO     Classified 0 of 0 visited clips in 0.0 seconds.
2020-08-21 18:39:54,414 INFO     Classifier will visit 0 clips for detector "Old Bird Thrush Detector Redux 1.1", station "MSGR", mic output "21c Output", and date 2020-12-23.
2020-08-21 18:39:54,415 INFO     Classified 0 of 0 visited clips in 0.0 seconds.
2020-08-21 18:39:54,418 INFO     Classifier will visit 0 clips for detector "Old Bird Thrush Detector Redux 1.1", station "MSGR", mic output "21c Output", and date 2020-12-24.
2020-08-21 18:39:54,419 INFO     Classified 0 of 0 visited clips in 0.0 seconds.
2020-08-21 18:39:54,421 INFO     Classifier will visit 0 clips for detector "Old Bird Thrush Detector Redux 1.1", station "MSGR", mic output "21c Output", and date 2020-12-25.
2020-08-21 18:39:54,423 INFO     Classified 0 of 0 visited clips in 0.0 seconds.
2020-08-21 18:39:54,425 INFO     Classifier will visit 0 clips for detector "Old Bird Thrush Detector Redux 1.1", station "MSGR", mic output "21c Output", and date 2020-12-26.
2020-08-21 18:39:54,426 INFO     Classified 0 of 0 visited clips in 0.0 seconds.
2020-08-21 18:39:54,429 INFO     Classifier will visit 0 clips for detector "Old Bird Thrush Detector Redux 1.1", station "MSGR", mic output "21c Output", and date 2020-12-27.
2020-08-21 18:39:54,430 INFO     Classified 0 of 0 visited clips in 0.0 seconds.
2020-08-21 18:39:54,432 INFO     Classifier will visit 0 clips for detector "Old Bird Thrush Detector Redux 1.1", station "MSGR", mic output "21c Output", and date 2020-12-28.
2020-08-21 18:39:54,433 INFO     Classified 0 of 0 visited clips in 0.0 seconds.
2020-08-21 18:39:54,435 INFO     Classifier will visit 0 clips for detector "Old Bird Thrush Detector Redux 1.1", station "MSGR", mic output "21c Output", and date 2020-12-29.
2020-08-21 18:39:54,437 INFO     Classified 0 of 0 visited clips in 0.0 seconds.
2020-08-21 18:39:54,440 INFO     Classifier will visit 0 clips for detector "Old Bird Thrush Detector Redux 1.1", station "MSGR", mic output "21c Output", and date 2020-12-30.
2020-08-21 18:39:54,441 INFO     Classified 0 of 0 visited clips in 0.0 seconds.
2020-08-21 18:39:54,451 INFO     Job completed.
