2020-06-08 10:18:50,943 INFO     Job started for command "detect" with arguments:
2020-06-08 10:18:50,944 INFO         {
2020-06-08 10:18:50,944 INFO             "detectors": [
2020-06-08 10:18:50,945 INFO                 "Old Bird Thrush Detector Redux 1.1"
2020-06-08 10:18:50,945 INFO             ],
2020-06-08 10:18:50,945 INFO             "stations": [
2020-06-08 10:18:50,946 INFO                 "MSGR"
2020-06-08 10:18:50,946 INFO             ],
2020-06-08 10:18:50,946 INFO             "start_date": "2020-06-05",
2020-06-08 10:18:50,946 INFO             "end_date": "2020-06-30",
2020-06-08 10:18:50,946 INFO             "schedule": "",
2020-06-08 10:18:50,946 INFO             "defer_clip_creation": false
2020-06-08 10:18:50,946 INFO         }
2020-06-08 10:18:50,966 INFO     This command will process recordings for 2 station-nights.
2020-06-08 10:18:50,966 INFO     Processing recordings for station-night 1 of 2 - "MSGR 2020-06-06"...
2020-06-08 10:18:50,970 INFO         Processing recording 1 of 1 - "MSGR / PC / start 2020-06-07 00:30:00+00:00 / duration 9.000 h"...
2020-06-08 10:18:50,976 INFO             Running detector on file "/Volumes/Erebus/msgr-vesper-archive/Recordings/MSGR_2020-06-07_00.30.00_Z.wav"...
2020-06-08 10:20:26,592 INFO             Created 2127 clips from detector "Old Bird Thrush Detector Redux 1.1".
2020-06-08 10:20:26,593 INFO             Ran 1 detector on 32400 seconds of 1-channel audio in 96 seconds, 339 times faster than real time.
2020-06-08 10:20:26,664 INFO     Processing recordings for station-night 2 of 2 - "MSGR 2020-06-07"...
2020-06-08 10:20:26,666 INFO         Processing recording 1 of 1 - "MSGR / PC / start 2020-06-08 00:30:00+00:00 / duration 9.000 h"...
2020-06-08 10:20:26,669 INFO             Running detector on file "/Volumes/Erebus/msgr-vesper-archive/Recordings/MSGR_2020-06-08_00.30.00_Z.wav"...
2020-06-08 10:22:05,101 INFO             Created 752 clips from detector "Old Bird Thrush Detector Redux 1.1".
2020-06-08 10:22:05,102 INFO             Ran 1 detector on 32400 seconds of 1-channel audio in 98 seconds, 329 times faster than real time.
2020-06-08 10:22:05,225 INFO     Job completed.
