2020-09-15 22:05:41,795 INFO     Job started for command "detect" with arguments:
2020-09-15 22:05:41,797 INFO         {
2020-09-15 22:05:41,797 INFO             "detectors": [
2020-09-15 22:05:41,799 INFO                 "Old Bird Tseep Detector Redux 1.1"
2020-09-15 22:05:41,800 INFO             ],
2020-09-15 22:05:41,801 INFO             "stations": [
2020-09-15 22:05:41,802 INFO                 "MSGR"
2020-09-15 22:05:41,803 INFO             ],
2020-09-15 22:05:41,803 INFO             "start_date": "2020-09-14",
2020-09-15 22:05:41,804 INFO             "end_date": "2020-09-15",
2020-09-15 22:05:41,805 INFO             "schedule": "",
2020-09-15 22:05:41,806 INFO             "defer_clip_creation": false
2020-09-15 22:05:41,806 INFO         }
2020-09-15 22:05:41,816 INFO     This command will process recordings for 1 station-night.
2020-09-15 22:05:41,866 INFO     Processing recordings for station-night 1 of 1 - "MSGR 2020-09-14"...
2020-09-15 22:05:41,871 INFO         Processing recording 1 of 1 - "MSGR / PC / start 2020-09-15 00:40:00+00:00 / duration 8.167 h"...
2020-09-15 22:05:41,875 INFO             Running detector on file "/Volumes/Erebus/msgr-vesper-archive/Recordings/MSGR_2020-09-15_00.40.00_Z.wav"...
2020-09-15 22:07:17,320 INFO             Created 1164 clips from detector "Old Bird Tseep Detector Redux 1.1".
2020-09-15 22:07:17,320 INFO             Ran 1 detector on 29400 seconds of 1-channel audio in 95 seconds, 308 times faster than real time.
2020-09-15 22:07:17,392 INFO     Job completed.
