2020-08-28 10:07:24,574 INFO     Job started for command "detect" with arguments:
2020-08-28 10:07:24,575 INFO         {
2020-08-28 10:07:24,576 INFO             "detectors": [
2020-08-28 10:07:24,578 INFO                 "Old Bird Thrush Detector Redux 1.1"
2020-08-28 10:07:24,579 INFO             ],
2020-08-28 10:07:24,579 INFO             "stations": [
2020-08-28 10:07:24,582 INFO                 "MSGR"
2020-08-28 10:07:24,583 INFO             ],
2020-08-28 10:07:24,584 INFO             "start_date": "2020-08-27",
2020-08-28 10:07:24,586 INFO             "end_date": "2020-12-30",
2020-08-28 10:07:24,587 INFO             "schedule": "",
2020-08-28 10:07:24,588 INFO             "defer_clip_creation": false
2020-08-28 10:07:24,589 INFO         }
2020-08-28 10:07:24,598 INFO     This command will process recordings for 1 station-night.
2020-08-28 10:07:24,598 INFO     Processing recordings for station-night 1 of 1 - "MSGR 2020-08-27"...
2020-08-28 10:07:24,600 INFO         Processing recording 1 of 1 - "MSGR / PC / start 2020-08-28 02:02:09+00:00 / duration 6.347 h"...
2020-08-28 10:07:24,607 INFO             Running detector on file "/Volumes/Erebus/msgr-vesper-archive/Recordings/MSGR_2020-08-28_02.02.09_Z.wav"...
2020-08-28 10:08:37,068 INFO             Created 43 clips from detector "Old Bird Thrush Detector Redux 1.1".
2020-08-28 10:08:37,068 INFO             Ran 1 detector on 22851 seconds of 1-channel audio in 72 seconds, 315 times faster than real time.
2020-08-28 10:08:37,110 INFO     Job completed.
