2020-03-16 08:44:20,188 INFO     Job started for command "import" with arguments:
2020-03-16 08:44:20,188 INFO         {
2020-03-16 08:44:20,189 INFO             "importer": {
2020-03-16 08:44:20,189 INFO                 "name": "Recording Importer",
2020-03-16 08:44:20,190 INFO                 "arguments": {
2020-03-16 08:44:20,190 INFO                     "paths": [
2020-03-16 08:44:20,191 INFO                         "/Users/richard/src/vesper/msgr-vesper-archive/Recordings"
2020-03-16 08:44:20,191 INFO                     ],
2020-03-16 08:44:20,192 INFO                     "recursive": false,
2020-03-16 08:44:20,192 INFO                     "recording_file_parser": {
2020-03-16 08:44:20,193 INFO                         "name": "MPG Ranch Recording File Parser",
2020-03-16 08:44:20,193 INFO                         "arguments": {
2020-03-16 08:44:20,193 INFO                             "station_name_aliases_preset": "Station Name Aliases"
2020-03-16 08:44:20,193 INFO                         }
2020-03-16 08:44:20,193 INFO                     }
2020-03-16 08:44:20,193 INFO                 }
2020-03-16 08:44:20,193 INFO             }
2020-03-16 08:44:20,193 INFO         }
2020-03-16 08:44:20,242 ERROR    Recording import failed with an exception.
The exception message was:
    Error parsing recording file "/Users/richard/src/vesper/msgr-vesper-archive/Recordings/MSGR_2020-03-15_20.30.00_EST.wav": Could not parse file name.
The archive was not modified.
See below for exception traceback.
2020-03-16 08:44:20,249 ERROR    Job raised exception. See traceback below.
Traceback (most recent call last):
  File "//anaconda3/envs/vesper-0.4.7/lib/python3.6/site-packages/vesper/command/recording_importer.py", line 193, in _parse_recording_file
    file = self.file_parser.parse_file(str(file_path))
  File "//anaconda3/envs/vesper-0.4.7/lib/python3.6/site-packages/vesper/mpg_ranch/recording_file_parser.py", line 525, in parse_file
    self._parse_file_name(file_path)
  File "//anaconda3/envs/vesper-0.4.7/lib/python3.6/site-packages/vesper/mpg_ranch/recording_file_parser.py", line 555, in _parse_file_name
    raise ValueError('Could not parse file name.')
ValueError: Could not parse file name.

During handling of the above exception, another exception occurred:

Traceback (most recent call last):
  File "//anaconda3/envs/vesper-0.4.7/lib/python3.6/site-packages/vesper/command/job_runner.py", line 145, in run_job
    complete = command.execute(info)
  File "//anaconda3/envs/vesper-0.4.7/lib/python3.6/site-packages/vesper/command/import_command.py", line 22, in execute
    return self._importer.execute(context)
  File "//anaconda3/envs/vesper-0.4.7/lib/python3.6/site-packages/vesper/command/recording_importer.py", line 58, in execute
    recordings = self._get_recordings()
  File "//anaconda3/envs/vesper-0.4.7/lib/python3.6/site-packages/vesper/command/recording_importer.py", line 85, in _get_recordings
    self._get_path_recording_files(path) for path in self.paths))
  File "//anaconda3/envs/vesper-0.4.7/lib/python3.6/site-packages/vesper/command/recording_importer.py", line 85, in <genexpr>
    self._get_path_recording_files(path) for path in self.paths))
  File "//anaconda3/envs/vesper-0.4.7/lib/python3.6/site-packages/vesper/command/recording_importer.py", line 92, in _get_path_recording_files
    return self._get_dir_recording_files(path)
  File "//anaconda3/envs/vesper-0.4.7/lib/python3.6/site-packages/vesper/command/recording_importer.py", line 107, in _get_dir_recording_files
    file = self._get_recording_file(Path(file_path))
  File "//anaconda3/envs/vesper-0.4.7/lib/python3.6/site-packages/vesper/command/recording_importer.py", line 126, in _get_recording_file
    file = self._parse_recording_file(abs_path)
  File "//anaconda3/envs/vesper-0.4.7/lib/python3.6/site-packages/vesper/command/recording_importer.py", line 198, in _parse_recording_file
    file_path, str(e)))
vesper.command.command.CommandExecutionError: Error parsing recording file "/Users/richard/src/vesper/msgr-vesper-archive/Recordings/MSGR_2020-03-15_20.30.00_EST.wav": Could not parse file name.

