2020-06-11 11:29:12,894 INFO     Job started for command "detect" with arguments:
2020-06-11 11:29:12,895 INFO         {
2020-06-11 11:29:12,895 INFO             "detectors": [
2020-06-11 11:29:12,895 INFO                 "Old Bird Tseep Detector Redux 1.1"
2020-06-11 11:29:12,895 INFO             ],
2020-06-11 11:29:12,895 INFO             "stations": [
2020-06-11 11:29:12,896 INFO                 "MSGR"
2020-06-11 11:29:12,896 INFO             ],
2020-06-11 11:29:12,897 INFO             "start_date": "2020-06-08",
2020-06-11 11:29:12,897 INFO             "end_date": "2020-12-30",
2020-06-11 11:29:12,897 INFO             "schedule": "",
2020-06-11 11:29:12,897 INFO             "defer_clip_creation": false
2020-06-11 11:29:12,897 INFO         }
2020-06-11 11:29:12,929 INFO     This command will process recordings for 3 station-nights.
2020-06-11 11:29:12,929 INFO     Processing recordings for station-night 1 of 3 - "MSGR 2020-06-08"...
2020-06-11 11:29:12,933 INFO         Processing recording 1 of 1 - "MSGR / PC / start 2020-06-09 00:30:00+00:00 / duration 9.000 h"...
2020-06-11 11:29:12,940 INFO             Running detector on file "/Volumes/Erebus/msgr-vesper-archive/Recordings/MSGR_2020-06-09_00.30.00_Z.wav"...
2020-06-11 11:30:35,195 INFO             Created 2407 clips from detector "Old Bird Tseep Detector Redux 1.1".
2020-06-11 11:30:35,195 INFO             Ran 1 detector on 32400 seconds of 1-channel audio in 82 seconds, 394 times faster than real time.
2020-06-11 11:30:35,235 INFO     Processing recordings for station-night 2 of 3 - "MSGR 2020-06-09"...
2020-06-11 11:30:35,237 INFO         Processing recording 1 of 1 - "MSGR / PC / start 2020-06-10 01:09:11+00:00 / duration 8.347 h"...
2020-06-11 11:30:35,240 INFO             Running detector on file "/Volumes/Erebus/msgr-vesper-archive/Recordings/MSGR_2020-06-10_01.09.11_Z.wav"...
2020-06-11 11:31:52,406 INFO             Created 1856 clips from detector "Old Bird Tseep Detector Redux 1.1".
2020-06-11 11:31:52,406 INFO             Ran 1 detector on 30050 seconds of 1-channel audio in 77 seconds, 389 times faster than real time.
2020-06-11 11:31:52,457 INFO     Processing recordings for station-night 3 of 3 - "MSGR 2020-06-10"...
2020-06-11 11:31:52,459 INFO         Processing recording 1 of 1 - "MSGR / PC / start 2020-06-11 00:30:00+00:00 / duration 9.000 h"...
2020-06-11 11:31:52,462 INFO             Running detector on file "/Volumes/Erebus/msgr-vesper-archive/Recordings/MSGR_2020-06-11_00.30.00_Z.wav"...
2020-06-11 11:33:14,327 INFO             Created 1167 clips from detector "Old Bird Tseep Detector Redux 1.1".
2020-06-11 11:33:14,328 INFO             Ran 1 detector on 32400 seconds of 1-channel audio in 82 seconds, 396 times faster than real time.
2020-06-11 11:33:14,394 INFO     Job completed.
