2020-08-25 04:56:11,304 INFO     Job started for command "classify" with arguments:
2020-08-25 04:56:11,304 INFO         {
2020-08-25 04:56:11,305 INFO             "classifier": "MPG Ranch NFC Coarse Classifier 3.0",
2020-08-25 04:56:11,306 INFO             "annotation_name": "Classification",
2020-08-25 04:56:11,306 INFO             "detectors": [
2020-08-25 04:56:11,306 INFO                 "Old Bird Thrush Detector Redux 1.1"
2020-08-25 04:56:11,306 INFO             ],
2020-08-25 04:56:11,306 INFO             "station_mics": [
2020-08-25 04:56:11,306 INFO                 "MSGR / 21c"
2020-08-25 04:56:11,306 INFO             ],
2020-08-25 04:56:11,306 INFO             "start_date": "2020-08-24",
2020-08-25 04:56:11,306 INFO             "end_date": "2020-08-30"
2020-08-25 04:56:11,306 INFO         }
2020-08-25 04:56:11,317 INFO     Creating TensorFlow estimator from saved model in directory "/Users/richard/miniconda3/envs/vesper-0.4.8/lib/python3.6/site-packages/vesper/mpg_ranch/nfc_coarse_classifier_3_0/Tseep Classifier/TensorFlow SavedModel"...
2020-08-25 04:56:11,318 WARNING  
The TensorFlow contrib module will not be included in TensorFlow 2.0.
For more information, please see:
  * https://github.com/tensorflow/community/blob/master/rfcs/20180907-contrib-sunset.md
  * https://github.com/tensorflow/addons
  * https://github.com/tensorflow/io (for I/O related ops)
If you depend on functionality not listed there, please file an issue.

2020-08-25 04:56:12,524 WARNING  Using temporary folder as model directory: /var/folders/2z/dlxt5tt50nzdlqlx1qvr1zdm0000gn/T/tmpyqvmmlyj
2020-08-25 04:56:12,532 WARNING  train mode not found in SavedModel.
2020-08-25 04:56:12,532 WARNING  eval mode not found in SavedModel.
2020-08-25 04:56:12,533 INFO     Loading classifier settings from "/Users/richard/miniconda3/envs/vesper-0.4.8/lib/python3.6/site-packages/vesper/mpg_ranch/nfc_coarse_classifier_3_0/Tseep Classifier/Settings.yaml"...
2020-08-25 04:56:12,550 INFO     Creating TensorFlow estimator from saved model in directory "/Users/richard/miniconda3/envs/vesper-0.4.8/lib/python3.6/site-packages/vesper/mpg_ranch/nfc_coarse_classifier_3_0/Thrush Classifier/TensorFlow SavedModel"...
2020-08-25 04:56:12,553 WARNING  Using temporary folder as model directory: /var/folders/2z/dlxt5tt50nzdlqlx1qvr1zdm0000gn/T/tmp7eb1kctn
2020-08-25 04:56:12,556 WARNING  train mode not found in SavedModel.
2020-08-25 04:56:12,556 WARNING  eval mode not found in SavedModel.
2020-08-25 04:56:12,557 INFO     Loading classifier settings from "/Users/richard/miniconda3/envs/vesper-0.4.8/lib/python3.6/site-packages/vesper/mpg_ranch/nfc_coarse_classifier_3_0/Thrush Classifier/Settings.yaml"...
2020-08-25 04:56:12,578 INFO     Classifier will visit 4043 clips for detector "Old Bird Thrush Detector Redux 1.1", station "MSGR", mic output "21c Output", and date 2020-08-24.
2020-08-25 04:57:05,773 WARNING  From /Users/richard/miniconda3/envs/vesper-0.4.8/lib/python3.6/site-packages/tensorflow_core/python/autograph/converters/directives.py:119: The name tf.real is deprecated. Please use tf.math.real instead.

2020-08-25 04:57:05,773 WARNING  From /Users/richard/miniconda3/envs/vesper-0.4.8/lib/python3.6/site-packages/tensorflow_core/python/autograph/converters/directives.py:119: The name tf.conj is deprecated. Please use tf.math.conj instead.

2020-08-25 04:57:05,773 WARNING  From /Users/richard/miniconda3/envs/vesper-0.4.8/lib/python3.6/site-packages/tensorflow_core/python/autograph/converters/directives.py:119: The name tf.log is deprecated. Please use tf.math.log instead.

2020-08-25 04:57:06,021 WARNING  From /Users/richard/miniconda3/envs/vesper-0.4.8/lib/python3.6/site-packages/tensorflow_core/python/autograph/converters/directives.py:119: The name tf.Dimension is deprecated. Please use tf.compat.v1.Dimension instead.

2020-08-25 04:57:06,375 WARNING  From /Users/richard/miniconda3/envs/vesper-0.4.8/lib/python3.6/site-packages/tensorflow_core/python/ops/array_ops.py:1475: where (from tensorflow.python.ops.array_ops) is deprecated and will be removed in a future version.
Instructions for updating:
Use tf.where in 2.0, which has the same broadcast rule as np.where
2020-08-25 04:57:47,594 INFO     Classified 4043 of 4043 visited clips in 95.0 seconds, an average of 42.6 clips per second.
2020-08-25 04:57:47,626 INFO     Classifier will visit 0 clips for detector "Old Bird Thrush Detector Redux 1.1", station "MSGR", mic output "21c Output", and date 2020-08-25.
2020-08-25 04:57:47,628 INFO     Classified 0 of 0 visited clips in 0.0 seconds.
2020-08-25 04:57:47,629 INFO     Classifier will visit 0 clips for detector "Old Bird Thrush Detector Redux 1.1", station "MSGR", mic output "21c Output", and date 2020-08-26.
2020-08-25 04:57:47,631 INFO     Classified 0 of 0 visited clips in 0.0 seconds.
2020-08-25 04:57:47,634 INFO     Classifier will visit 0 clips for detector "Old Bird Thrush Detector Redux 1.1", station "MSGR", mic output "21c Output", and date 2020-08-27.
2020-08-25 04:57:47,635 INFO     Classified 0 of 0 visited clips in 0.0 seconds.
2020-08-25 04:57:47,637 INFO     Classifier will visit 0 clips for detector "Old Bird Thrush Detector Redux 1.1", station "MSGR", mic output "21c Output", and date 2020-08-28.
2020-08-25 04:57:47,638 INFO     Classified 0 of 0 visited clips in 0.0 seconds.
2020-08-25 04:57:47,641 INFO     Classifier will visit 0 clips for detector "Old Bird Thrush Detector Redux 1.1", station "MSGR", mic output "21c Output", and date 2020-08-29.
2020-08-25 04:57:47,642 INFO     Classified 0 of 0 visited clips in 0.0 seconds.
2020-08-25 04:57:47,644 INFO     Classifier will visit 0 clips for detector "Old Bird Thrush Detector Redux 1.1", station "MSGR", mic output "21c Output", and date 2020-08-30.
2020-08-25 04:57:47,646 INFO     Classified 0 of 0 visited clips in 0.0 seconds.
2020-08-25 04:57:47,661 INFO     Job completed.
