2020-09-08 07:48:34,115 INFO     Job started for command "detect" with arguments:
2020-09-08 07:48:34,116 INFO         {
2020-09-08 07:48:34,117 INFO             "detectors": [
2020-09-08 07:48:34,118 INFO                 "Old Bird Thrush Detector Redux 1.1"
2020-09-08 07:48:34,118 INFO             ],
2020-09-08 07:48:34,119 INFO             "stations": [
2020-09-08 07:48:34,120 INFO                 "MSGR"
2020-09-08 07:48:34,121 INFO             ],
2020-09-08 07:48:34,121 INFO             "start_date": "2020-09-07",
2020-09-08 07:48:34,122 INFO             "end_date": "2020-09-08",
2020-09-08 07:48:34,123 INFO             "schedule": "",
2020-09-08 07:48:34,123 INFO             "defer_clip_creation": false
2020-09-08 07:48:34,124 INFO         }
2020-09-08 07:48:34,132 INFO     This command will process recordings for 1 station-night.
2020-09-08 07:48:34,132 INFO     Processing recordings for station-night 1 of 1 - "MSGR 2020-09-07"...
2020-09-08 07:48:34,135 INFO         Processing recording 1 of 1 - "MSGR / PC / start 2020-09-08 01:05:20+00:00 / duration 7.611 h"...
2020-09-08 07:48:34,138 INFO             Running detector on file "/Volumes/Erebus/msgr-vesper-archive/Recordings/MSGR_2020-09-08_01.05.20_Z.wav"...
2020-09-08 07:49:46,157 INFO             Created 59 clips from detector "Old Bird Thrush Detector Redux 1.1".
2020-09-08 07:49:46,158 INFO             Ran 1 detector on 27399 seconds of 1-channel audio in 72 seconds, 380 times faster than real time.
2020-09-08 07:49:46,223 INFO     Job completed.
