2020-03-31 10:49:04,039 INFO     Job started for command "classify" with arguments:
2020-03-31 10:49:04,041 INFO         {
2020-03-31 10:49:04,041 INFO             "classifier": "MPG Ranch NFC Coarse Classifier 3.0",
2020-03-31 10:49:04,042 INFO             "annotation_name": "Classification",
2020-03-31 10:49:04,042 INFO             "detectors": [
2020-03-31 10:49:04,042 INFO                 "Old Bird Tseep Detector Redux 1.1"
2020-03-31 10:49:04,042 INFO             ],
2020-03-31 10:49:04,042 INFO             "station_mics": [
2020-03-31 10:49:04,042 INFO                 "MSGR / 21c"
2020-03-31 10:49:04,042 INFO             ],
2020-03-31 10:49:04,043 INFO             "start_date": "2020-03-30",
2020-03-31 10:49:04,043 INFO             "end_date": "2020-04-01"
2020-03-31 10:49:04,043 INFO         }
2020-03-31 10:49:04,054 INFO     Creating TensorFlow estimator from saved model in directory "//anaconda3/envs/vesper-0.4.8/lib/python3.6/site-packages/vesper/mpg_ranch/nfc_coarse_classifier_3_0/Tseep Classifier/TensorFlow SavedModel"...
2020-03-31 10:49:04,055 WARNING  
The TensorFlow contrib module will not be included in TensorFlow 2.0.
For more information, please see:
  * https://github.com/tensorflow/community/blob/master/rfcs/20180907-contrib-sunset.md
  * https://github.com/tensorflow/addons
  * https://github.com/tensorflow/io (for I/O related ops)
If you depend on functionality not listed there, please file an issue.

2020-03-31 10:49:04,633 WARNING  Using temporary folder as model directory: /var/folders/2z/dlxt5tt50nzdlqlx1qvr1zdm0000gn/T/tmp1ureevsc
2020-03-31 10:49:04,637 WARNING  train mode not found in SavedModel.
2020-03-31 10:49:04,637 WARNING  eval mode not found in SavedModel.
2020-03-31 10:49:04,638 INFO     Loading classifier settings from "//anaconda3/envs/vesper-0.4.8/lib/python3.6/site-packages/vesper/mpg_ranch/nfc_coarse_classifier_3_0/Tseep Classifier/Settings.yaml"...
2020-03-31 10:49:04,651 INFO     Creating TensorFlow estimator from saved model in directory "//anaconda3/envs/vesper-0.4.8/lib/python3.6/site-packages/vesper/mpg_ranch/nfc_coarse_classifier_3_0/Thrush Classifier/TensorFlow SavedModel"...
2020-03-31 10:49:04,653 WARNING  Using temporary folder as model directory: /var/folders/2z/dlxt5tt50nzdlqlx1qvr1zdm0000gn/T/tmpya2uncjv
2020-03-31 10:49:04,657 WARNING  train mode not found in SavedModel.
2020-03-31 10:49:04,657 WARNING  eval mode not found in SavedModel.
2020-03-31 10:49:04,657 INFO     Loading classifier settings from "//anaconda3/envs/vesper-0.4.8/lib/python3.6/site-packages/vesper/mpg_ranch/nfc_coarse_classifier_3_0/Thrush Classifier/Settings.yaml"...
2020-03-31 10:49:04,682 INFO     Classifier will visit 1954 clips for detector "Old Bird Tseep Detector Redux 1.1", station "MSGR", mic output "21c Output", and date 2020-03-30.
2020-03-31 10:49:29,867 WARNING  From //anaconda3/envs/vesper-0.4.8/lib/python3.6/site-packages/tensorflow_core/python/autograph/converters/directives.py:119: The name tf.real is deprecated. Please use tf.math.real instead.

2020-03-31 10:49:29,868 WARNING  From //anaconda3/envs/vesper-0.4.8/lib/python3.6/site-packages/tensorflow_core/python/autograph/converters/directives.py:119: The name tf.conj is deprecated. Please use tf.math.conj instead.

2020-03-31 10:49:29,868 WARNING  From //anaconda3/envs/vesper-0.4.8/lib/python3.6/site-packages/tensorflow_core/python/autograph/converters/directives.py:119: The name tf.log is deprecated. Please use tf.math.log instead.

2020-03-31 10:49:30,195 WARNING  From //anaconda3/envs/vesper-0.4.8/lib/python3.6/site-packages/tensorflow_core/python/autograph/converters/directives.py:119: The name tf.Dimension is deprecated. Please use tf.compat.v1.Dimension instead.

2020-03-31 10:49:30,695 WARNING  From //anaconda3/envs/vesper-0.4.8/lib/python3.6/site-packages/tensorflow_core/python/ops/array_ops.py:1475: where (from tensorflow.python.ops.array_ops) is deprecated and will be removed in a future version.
Instructions for updating:
Use tf.where in 2.0, which has the same broadcast rule as np.where
2020-03-31 10:49:46,204 INFO     Classified 1954 of 1954 visited clips in 41.5 seconds, an average of 47.1 clips per second.
2020-03-31 10:49:46,215 INFO     Classifier will visit 0 clips for detector "Old Bird Tseep Detector Redux 1.1", station "MSGR", mic output "21c Output", and date 2020-03-31.
2020-03-31 10:49:46,217 INFO     Classified 0 of 0 visited clips in 0.0 seconds.
2020-03-31 10:49:46,219 INFO     Classifier will visit 0 clips for detector "Old Bird Tseep Detector Redux 1.1", station "MSGR", mic output "21c Output", and date 2020-04-01.
2020-03-31 10:49:46,221 INFO     Classified 0 of 0 visited clips in 0.0 seconds.
2020-03-31 10:49:46,230 INFO     Job completed.
