2020-10-04 22:12:59,326 INFO     Job started for command "classify" with arguments:
2020-10-04 22:12:59,327 INFO         {
2020-10-04 22:12:59,328 INFO             "classifier": "MPG Ranch NFC Coarse Classifier 3.0",
2020-10-04 22:12:59,328 INFO             "annotation_name": "Classification",
2020-10-04 22:12:59,329 INFO             "detectors": [
2020-10-04 22:12:59,330 INFO                 "Old Bird Thrush Detector Redux 1.1"
2020-10-04 22:12:59,331 INFO             ],
2020-10-04 22:12:59,331 INFO             "station_mics": [
2020-10-04 22:12:59,333 INFO                 "MSGR / 21c"
2020-10-04 22:12:59,334 INFO             ],
2020-10-04 22:12:59,335 INFO             "start_date": "2020-10-02",
2020-10-04 22:12:59,336 INFO             "end_date": "2020-10-05"
2020-10-04 22:12:59,336 INFO         }
2020-10-04 22:12:59,347 INFO     Creating TensorFlow estimator from saved model in directory "/Users/richard/miniconda3/envs/vesper-0.4.8/lib/python3.6/site-packages/vesper/mpg_ranch/nfc_coarse_classifier_3_0/Tseep Classifier/TensorFlow SavedModel"...
2020-10-04 22:12:59,348 WARNING  
The TensorFlow contrib module will not be included in TensorFlow 2.0.
For more information, please see:
  * https://github.com/tensorflow/community/blob/master/rfcs/20180907-contrib-sunset.md
  * https://github.com/tensorflow/addons
  * https://github.com/tensorflow/io (for I/O related ops)
If you depend on functionality not listed there, please file an issue.

2020-10-04 22:13:00,493 WARNING  Using temporary folder as model directory: /var/folders/2z/dlxt5tt50nzdlqlx1qvr1zdm0000gn/T/tmp3xa340od
2020-10-04 22:13:00,499 WARNING  train mode not found in SavedModel.
2020-10-04 22:13:00,499 WARNING  eval mode not found in SavedModel.
2020-10-04 22:13:00,500 INFO     Loading classifier settings from "/Users/richard/miniconda3/envs/vesper-0.4.8/lib/python3.6/site-packages/vesper/mpg_ranch/nfc_coarse_classifier_3_0/Tseep Classifier/Settings.yaml"...
2020-10-04 22:13:00,514 INFO     Creating TensorFlow estimator from saved model in directory "/Users/richard/miniconda3/envs/vesper-0.4.8/lib/python3.6/site-packages/vesper/mpg_ranch/nfc_coarse_classifier_3_0/Thrush Classifier/TensorFlow SavedModel"...
2020-10-04 22:13:00,521 WARNING  Using temporary folder as model directory: /var/folders/2z/dlxt5tt50nzdlqlx1qvr1zdm0000gn/T/tmperdqql_6
2020-10-04 22:13:00,524 WARNING  train mode not found in SavedModel.
2020-10-04 22:13:00,524 WARNING  eval mode not found in SavedModel.
2020-10-04 22:13:00,525 INFO     Loading classifier settings from "/Users/richard/miniconda3/envs/vesper-0.4.8/lib/python3.6/site-packages/vesper/mpg_ranch/nfc_coarse_classifier_3_0/Thrush Classifier/Settings.yaml"...
2020-10-04 22:13:00,545 INFO     Classifier will visit 3606 clips for detector "Old Bird Thrush Detector Redux 1.1", station "MSGR", mic output "21c Output", and date 2020-10-02.
2020-10-04 22:13:56,769 WARNING  From /Users/richard/miniconda3/envs/vesper-0.4.8/lib/python3.6/site-packages/tensorflow_core/python/autograph/converters/directives.py:119: The name tf.real is deprecated. Please use tf.math.real instead.

2020-10-04 22:13:56,770 WARNING  From /Users/richard/miniconda3/envs/vesper-0.4.8/lib/python3.6/site-packages/tensorflow_core/python/autograph/converters/directives.py:119: The name tf.conj is deprecated. Please use tf.math.conj instead.

2020-10-04 22:13:56,770 WARNING  From /Users/richard/miniconda3/envs/vesper-0.4.8/lib/python3.6/site-packages/tensorflow_core/python/autograph/converters/directives.py:119: The name tf.log is deprecated. Please use tf.math.log instead.

2020-10-04 22:13:57,026 WARNING  From /Users/richard/miniconda3/envs/vesper-0.4.8/lib/python3.6/site-packages/tensorflow_core/python/autograph/converters/directives.py:119: The name tf.Dimension is deprecated. Please use tf.compat.v1.Dimension instead.

2020-10-04 22:13:57,399 WARNING  From /Users/richard/miniconda3/envs/vesper-0.4.8/lib/python3.6/site-packages/tensorflow_core/python/ops/array_ops.py:1475: where (from tensorflow.python.ops.array_ops) is deprecated and will be removed in a future version.
Instructions for updating:
Use tf.where in 2.0, which has the same broadcast rule as np.where
2020-10-04 22:14:45,713 INFO     Classified 3606 of 3606 visited clips in 105.2 seconds, an average of 34.3 clips per second.
2020-10-04 22:14:45,738 INFO     Classifier will visit 5290 clips for detector "Old Bird Thrush Detector Redux 1.1", station "MSGR", mic output "21c Output", and date 2020-10-03.
2020-10-04 22:18:10,563 INFO     Classified 5290 of 5290 visited clips in 204.8 seconds, an average of 25.8 clips per second.
2020-10-04 22:18:10,582 INFO     Classifier will visit 0 clips for detector "Old Bird Thrush Detector Redux 1.1", station "MSGR", mic output "21c Output", and date 2020-10-04.
2020-10-04 22:18:10,584 INFO     Classified 0 of 0 visited clips in 0.0 seconds.
2020-10-04 22:18:10,586 INFO     Classifier will visit 0 clips for detector "Old Bird Thrush Detector Redux 1.1", station "MSGR", mic output "21c Output", and date 2020-10-05.
2020-10-04 22:18:10,587 INFO     Classified 0 of 0 visited clips in 0.0 seconds.
2020-10-04 22:18:10,606 INFO     Job completed.
