2020-09-01 08:57:18,000 INFO     Job started for command "classify" with arguments:
2020-09-01 08:57:18,000 INFO         {
2020-09-01 08:57:18,002 INFO             "classifier": "MPG Ranch NFC Coarse Classifier 3.0",
2020-09-01 08:57:18,003 INFO             "annotation_name": "Classification",
2020-09-01 08:57:18,004 INFO             "detectors": [
2020-09-01 08:57:18,008 INFO                 "Old Bird Tseep Detector Redux 1.1"
2020-09-01 08:57:18,008 INFO             ],
2020-09-01 08:57:18,008 INFO             "station_mics": [
2020-09-01 08:57:18,009 INFO                 "MSGR / 21c"
2020-09-01 08:57:18,010 INFO             ],
2020-09-01 08:57:18,011 INFO             "start_date": "2020-08-31",
2020-09-01 08:57:18,012 INFO             "end_date": "2020-09-02"
2020-09-01 08:57:18,014 INFO         }
2020-09-01 08:57:18,026 INFO     Creating TensorFlow estimator from saved model in directory "/Users/richard/miniconda3/envs/vesper-0.4.8/lib/python3.6/site-packages/vesper/mpg_ranch/nfc_coarse_classifier_3_0/Tseep Classifier/TensorFlow SavedModel"...
2020-09-01 08:57:18,027 WARNING  
The TensorFlow contrib module will not be included in TensorFlow 2.0.
For more information, please see:
  * https://github.com/tensorflow/community/blob/master/rfcs/20180907-contrib-sunset.md
  * https://github.com/tensorflow/addons
  * https://github.com/tensorflow/io (for I/O related ops)
If you depend on functionality not listed there, please file an issue.

2020-09-01 08:57:18,836 WARNING  Using temporary folder as model directory: /var/folders/2z/dlxt5tt50nzdlqlx1qvr1zdm0000gn/T/tmp19jxd1e6
2020-09-01 08:57:18,841 WARNING  train mode not found in SavedModel.
2020-09-01 08:57:18,841 WARNING  eval mode not found in SavedModel.
2020-09-01 08:57:18,842 INFO     Loading classifier settings from "/Users/richard/miniconda3/envs/vesper-0.4.8/lib/python3.6/site-packages/vesper/mpg_ranch/nfc_coarse_classifier_3_0/Tseep Classifier/Settings.yaml"...
2020-09-01 08:57:18,858 INFO     Creating TensorFlow estimator from saved model in directory "/Users/richard/miniconda3/envs/vesper-0.4.8/lib/python3.6/site-packages/vesper/mpg_ranch/nfc_coarse_classifier_3_0/Thrush Classifier/TensorFlow SavedModel"...
2020-09-01 08:57:18,860 WARNING  Using temporary folder as model directory: /var/folders/2z/dlxt5tt50nzdlqlx1qvr1zdm0000gn/T/tmp8kzdikvc
2020-09-01 08:57:18,863 WARNING  train mode not found in SavedModel.
2020-09-01 08:57:18,863 WARNING  eval mode not found in SavedModel.
2020-09-01 08:57:18,863 INFO     Loading classifier settings from "/Users/richard/miniconda3/envs/vesper-0.4.8/lib/python3.6/site-packages/vesper/mpg_ranch/nfc_coarse_classifier_3_0/Thrush Classifier/Settings.yaml"...
2020-09-01 08:57:18,886 INFO     Classifier will visit 1098 clips for detector "Old Bird Tseep Detector Redux 1.1", station "MSGR", mic output "21c Output", and date 2020-08-31.
2020-09-01 08:57:32,551 WARNING  From /Users/richard/miniconda3/envs/vesper-0.4.8/lib/python3.6/site-packages/tensorflow_core/python/autograph/converters/directives.py:119: The name tf.real is deprecated. Please use tf.math.real instead.

2020-09-01 08:57:32,551 WARNING  From /Users/richard/miniconda3/envs/vesper-0.4.8/lib/python3.6/site-packages/tensorflow_core/python/autograph/converters/directives.py:119: The name tf.conj is deprecated. Please use tf.math.conj instead.

2020-09-01 08:57:32,552 WARNING  From /Users/richard/miniconda3/envs/vesper-0.4.8/lib/python3.6/site-packages/tensorflow_core/python/autograph/converters/directives.py:119: The name tf.log is deprecated. Please use tf.math.log instead.

2020-09-01 08:57:32,795 WARNING  From /Users/richard/miniconda3/envs/vesper-0.4.8/lib/python3.6/site-packages/tensorflow_core/python/autograph/converters/directives.py:119: The name tf.Dimension is deprecated. Please use tf.compat.v1.Dimension instead.

2020-09-01 08:57:33,285 WARNING  From /Users/richard/miniconda3/envs/vesper-0.4.8/lib/python3.6/site-packages/tensorflow_core/python/ops/array_ops.py:1475: where (from tensorflow.python.ops.array_ops) is deprecated and will be removed in a future version.
Instructions for updating:
Use tf.where in 2.0, which has the same broadcast rule as np.where
2020-09-01 08:57:42,344 INFO     Classified 1098 of 1098 visited clips in 23.5 seconds, an average of 46.7 clips per second.
2020-09-01 08:57:42,350 INFO     Classifier will visit 0 clips for detector "Old Bird Tseep Detector Redux 1.1", station "MSGR", mic output "21c Output", and date 2020-09-01.
2020-09-01 08:57:42,351 INFO     Classified 0 of 0 visited clips in 0.0 seconds.
2020-09-01 08:57:42,353 INFO     Classifier will visit 0 clips for detector "Old Bird Tseep Detector Redux 1.1", station "MSGR", mic output "21c Output", and date 2020-09-02.
2020-09-01 08:57:42,355 INFO     Classified 0 of 0 visited clips in 0.0 seconds.
2020-09-01 08:57:42,360 INFO     Job completed.
