2020-03-23 10:03:51,429 INFO     Job started for command "detect" with arguments:
2020-03-23 10:03:51,430 INFO         {
2020-03-23 10:03:51,430 INFO             "detectors": [
2020-03-23 10:03:51,431 INFO                 "Old Bird Tseep Detector Redux 1.1"
2020-03-23 10:03:51,431 INFO             ],
2020-03-23 10:03:51,432 INFO             "stations": [
2020-03-23 10:03:51,432 INFO                 "MSGR"
2020-03-23 10:03:51,432 INFO             ],
2020-03-23 10:03:51,432 INFO             "start_date": "2020-03-20",
2020-03-23 10:03:51,432 INFO             "end_date": "2020-03-30",
2020-03-23 10:03:51,432 INFO             "schedule": "",
2020-03-23 10:03:51,432 INFO             "defer_clip_creation": false
2020-03-23 10:03:51,432 INFO         }
2020-03-23 10:03:51,450 INFO     This command will process recordings for 3 station-nights.
2020-03-23 10:03:51,450 INFO     Processing recordings for station-night 1 of 3 - "MSGR 2020-03-20"...
2020-03-23 10:03:51,451 INFO         Processing recording 1 of 1 - "MSGR / PC / start 2020-03-21 01:00:28+00:00 / duration 14.293 h"...
2020-03-23 10:03:51,457 INFO             Running detector on file "/Volumes/Erebus/msgr-vesper-archive/Recordings/MSGR_2020-03-21_01.00.28_Z.wav"...
2020-03-23 10:05:54,321 INFO             Created 9336 clips from detector "Old Bird Tseep Detector Redux 1.1".
2020-03-23 10:05:54,321 INFO             Ran 1 detector on 51455 seconds of 1-channel audio in 123 seconds, 419 times faster than real time.
2020-03-23 10:05:54,393 INFO     Processing recordings for station-night 2 of 3 - "MSGR 2020-03-21"...
2020-03-23 10:05:54,395 INFO         Processing recording 1 of 2 - "MSGR / PC / start 2020-03-22 00:15:17+00:00 / duration 1.587 h"...
2020-03-23 10:05:54,397 INFO             Running detector on file "/Volumes/Erebus/msgr-vesper-archive/Recordings/MSGR_2020-03-22_00.15.17_Z.wav"...
2020-03-23 10:06:06,959 INFO             Created 179 clips from detector "Old Bird Tseep Detector Redux 1.1".
2020-03-23 10:06:06,959 INFO             Ran 1 detector on 5713 seconds of 1-channel audio in 13 seconds, 455 times faster than real time.
2020-03-23 10:06:06,969 INFO         Processing recording 2 of 2 - "MSGR / PC / start 2020-03-22 03:50:33+00:00 / duration 5.656 h"...
2020-03-23 10:06:06,972 INFO             Running detector on file "/Volumes/Erebus/msgr-vesper-archive/Recordings/MSGR_2020-03-22_03.50.33_Z.wav"...
2020-03-23 10:06:51,746 INFO             Created 422 clips from detector "Old Bird Tseep Detector Redux 1.1".
2020-03-23 10:06:51,746 INFO             Ran 1 detector on 20363 seconds of 1-channel audio in 45 seconds, 455 times faster than real time.
2020-03-23 10:06:51,779 INFO     Processing recordings for station-night 3 of 3 - "MSGR 2020-03-22"...
2020-03-23 10:06:51,781 INFO         Processing recording 1 of 1 - "MSGR / PC / start 2020-03-23 00:30:00+00:00 / duration 8.999 h"...
2020-03-23 10:06:51,783 INFO             Running detector on file "/Volumes/Erebus/msgr-vesper-archive/Recordings/MSGR_2020-03-23_00.30.00_Z.wav"...
2020-03-23 10:08:02,950 INFO             Created 950 clips from detector "Old Bird Tseep Detector Redux 1.1".
2020-03-23 10:08:02,950 INFO             Ran 1 detector on 32397 seconds of 1-channel audio in 71 seconds, 455 times faster than real time.
2020-03-23 10:08:03,002 INFO     Job completed.
