2020-05-13 19:02:00,817 INFO     Job started for command "classify" with arguments:
2020-05-13 19:02:00,817 INFO         {
2020-05-13 19:02:00,818 INFO             "classifier": "MPG Ranch NFC Coarse Classifier 3.0",
2020-05-13 19:02:00,819 INFO             "annotation_name": "Classification",
2020-05-13 19:02:00,820 INFO             "detectors": [
2020-05-13 19:02:00,820 INFO                 "Old Bird Tseep Detector Redux 1.1"
2020-05-13 19:02:00,820 INFO             ],
2020-05-13 19:02:00,820 INFO             "station_mics": [
2020-05-13 19:02:00,820 INFO                 "MSGR / 21c"
2020-05-13 19:02:00,821 INFO             ],
2020-05-13 19:02:00,821 INFO             "start_date": "2020-05-12",
2020-05-13 19:02:00,821 INFO             "end_date": "2020-05-30"
2020-05-13 19:02:00,821 INFO         }
2020-05-13 19:02:00,843 INFO     Creating TensorFlow estimator from saved model in directory "/Users/richard/miniconda3/envs/vesper-0.4.8/lib/python3.6/site-packages/vesper/mpg_ranch/nfc_coarse_classifier_3_0/Tseep Classifier/TensorFlow SavedModel"...
2020-05-13 19:02:00,844 WARNING  
The TensorFlow contrib module will not be included in TensorFlow 2.0.
For more information, please see:
  * https://github.com/tensorflow/community/blob/master/rfcs/20180907-contrib-sunset.md
  * https://github.com/tensorflow/addons
  * https://github.com/tensorflow/io (for I/O related ops)
If you depend on functionality not listed there, please file an issue.

2020-05-13 19:02:01,532 WARNING  Using temporary folder as model directory: /var/folders/2z/dlxt5tt50nzdlqlx1qvr1zdm0000gn/T/tmpmisak6kq
2020-05-13 19:02:01,538 WARNING  train mode not found in SavedModel.
2020-05-13 19:02:01,538 WARNING  eval mode not found in SavedModel.
2020-05-13 19:02:01,539 INFO     Loading classifier settings from "/Users/richard/miniconda3/envs/vesper-0.4.8/lib/python3.6/site-packages/vesper/mpg_ranch/nfc_coarse_classifier_3_0/Tseep Classifier/Settings.yaml"...
2020-05-13 19:02:01,553 INFO     Creating TensorFlow estimator from saved model in directory "/Users/richard/miniconda3/envs/vesper-0.4.8/lib/python3.6/site-packages/vesper/mpg_ranch/nfc_coarse_classifier_3_0/Thrush Classifier/TensorFlow SavedModel"...
2020-05-13 19:02:01,556 WARNING  Using temporary folder as model directory: /var/folders/2z/dlxt5tt50nzdlqlx1qvr1zdm0000gn/T/tmp3zjkf787
2020-05-13 19:02:01,559 WARNING  train mode not found in SavedModel.
2020-05-13 19:02:01,559 WARNING  eval mode not found in SavedModel.
2020-05-13 19:02:01,560 INFO     Loading classifier settings from "/Users/richard/miniconda3/envs/vesper-0.4.8/lib/python3.6/site-packages/vesper/mpg_ranch/nfc_coarse_classifier_3_0/Thrush Classifier/Settings.yaml"...
2020-05-13 19:02:01,587 INFO     Classifier will visit 1032 clips for detector "Old Bird Tseep Detector Redux 1.1", station "MSGR", mic output "21c Output", and date 2020-05-12.
2020-05-13 19:02:17,648 WARNING  From /Users/richard/miniconda3/envs/vesper-0.4.8/lib/python3.6/site-packages/tensorflow_core/python/autograph/converters/directives.py:119: The name tf.real is deprecated. Please use tf.math.real instead.

2020-05-13 19:02:17,648 WARNING  From /Users/richard/miniconda3/envs/vesper-0.4.8/lib/python3.6/site-packages/tensorflow_core/python/autograph/converters/directives.py:119: The name tf.conj is deprecated. Please use tf.math.conj instead.

2020-05-13 19:02:17,649 WARNING  From /Users/richard/miniconda3/envs/vesper-0.4.8/lib/python3.6/site-packages/tensorflow_core/python/autograph/converters/directives.py:119: The name tf.log is deprecated. Please use tf.math.log instead.

2020-05-13 19:02:17,918 WARNING  From /Users/richard/miniconda3/envs/vesper-0.4.8/lib/python3.6/site-packages/tensorflow_core/python/autograph/converters/directives.py:119: The name tf.Dimension is deprecated. Please use tf.compat.v1.Dimension instead.

2020-05-13 19:02:18,324 WARNING  From /Users/richard/miniconda3/envs/vesper-0.4.8/lib/python3.6/site-packages/tensorflow_core/python/ops/array_ops.py:1475: where (from tensorflow.python.ops.array_ops) is deprecated and will be removed in a future version.
Instructions for updating:
Use tf.where in 2.0, which has the same broadcast rule as np.where
2020-05-13 19:02:34,576 INFO     Classified 1032 of 1032 visited clips in 33.0 seconds, an average of 31.3 clips per second.
2020-05-13 19:02:34,587 INFO     Classifier will visit 0 clips for detector "Old Bird Tseep Detector Redux 1.1", station "MSGR", mic output "21c Output", and date 2020-05-13.
2020-05-13 19:02:34,589 INFO     Classified 0 of 0 visited clips in 0.0 seconds.
2020-05-13 19:02:34,595 INFO     Classifier will visit 0 clips for detector "Old Bird Tseep Detector Redux 1.1", station "MSGR", mic output "21c Output", and date 2020-05-14.
2020-05-13 19:02:34,599 INFO     Classified 0 of 0 visited clips in 0.0 seconds.
2020-05-13 19:02:34,604 INFO     Classifier will visit 0 clips for detector "Old Bird Tseep Detector Redux 1.1", station "MSGR", mic output "21c Output", and date 2020-05-15.
2020-05-13 19:02:34,606 INFO     Classified 0 of 0 visited clips in 0.0 seconds.
2020-05-13 19:02:34,611 INFO     Classifier will visit 0 clips for detector "Old Bird Tseep Detector Redux 1.1", station "MSGR", mic output "21c Output", and date 2020-05-16.
2020-05-13 19:02:34,613 INFO     Classified 0 of 0 visited clips in 0.0 seconds.
2020-05-13 19:02:34,618 INFO     Classifier will visit 0 clips for detector "Old Bird Tseep Detector Redux 1.1", station "MSGR", mic output "21c Output", and date 2020-05-17.
2020-05-13 19:02:34,622 INFO     Classified 0 of 0 visited clips in 0.0 seconds.
2020-05-13 19:02:34,635 INFO     Classifier will visit 0 clips for detector "Old Bird Tseep Detector Redux 1.1", station "MSGR", mic output "21c Output", and date 2020-05-18.
2020-05-13 19:02:34,656 INFO     Classified 0 of 0 visited clips in 0.0 seconds.
2020-05-13 19:02:34,658 INFO     Classifier will visit 0 clips for detector "Old Bird Tseep Detector Redux 1.1", station "MSGR", mic output "21c Output", and date 2020-05-19.
2020-05-13 19:02:34,663 INFO     Classified 0 of 0 visited clips in 0.0 seconds.
2020-05-13 19:02:34,666 INFO     Classifier will visit 0 clips for detector "Old Bird Tseep Detector Redux 1.1", station "MSGR", mic output "21c Output", and date 2020-05-20.
2020-05-13 19:02:34,676 INFO     Classified 0 of 0 visited clips in 0.0 seconds.
2020-05-13 19:02:34,679 INFO     Classifier will visit 0 clips for detector "Old Bird Tseep Detector Redux 1.1", station "MSGR", mic output "21c Output", and date 2020-05-21.
2020-05-13 19:02:34,700 INFO     Classified 0 of 0 visited clips in 0.0 seconds.
2020-05-13 19:02:34,704 INFO     Classifier will visit 0 clips for detector "Old Bird Tseep Detector Redux 1.1", station "MSGR", mic output "21c Output", and date 2020-05-22.
2020-05-13 19:02:34,708 INFO     Classified 0 of 0 visited clips in 0.0 seconds.
2020-05-13 19:02:34,711 INFO     Classifier will visit 0 clips for detector "Old Bird Tseep Detector Redux 1.1", station "MSGR", mic output "21c Output", and date 2020-05-23.
2020-05-13 19:02:34,716 INFO     Classified 0 of 0 visited clips in 0.0 seconds.
2020-05-13 19:02:34,718 INFO     Classifier will visit 0 clips for detector "Old Bird Tseep Detector Redux 1.1", station "MSGR", mic output "21c Output", and date 2020-05-24.
2020-05-13 19:02:34,720 INFO     Classified 0 of 0 visited clips in 0.0 seconds.
2020-05-13 19:02:34,723 INFO     Classifier will visit 0 clips for detector "Old Bird Tseep Detector Redux 1.1", station "MSGR", mic output "21c Output", and date 2020-05-25.
2020-05-13 19:02:34,724 INFO     Classified 0 of 0 visited clips in 0.0 seconds.
2020-05-13 19:02:34,727 INFO     Classifier will visit 0 clips for detector "Old Bird Tseep Detector Redux 1.1", station "MSGR", mic output "21c Output", and date 2020-05-26.
2020-05-13 19:02:34,731 INFO     Classified 0 of 0 visited clips in 0.0 seconds.
2020-05-13 19:02:34,734 INFO     Classifier will visit 0 clips for detector "Old Bird Tseep Detector Redux 1.1", station "MSGR", mic output "21c Output", and date 2020-05-27.
2020-05-13 19:02:34,738 INFO     Classified 0 of 0 visited clips in 0.0 seconds.
2020-05-13 19:02:34,740 INFO     Classifier will visit 0 clips for detector "Old Bird Tseep Detector Redux 1.1", station "MSGR", mic output "21c Output", and date 2020-05-28.
2020-05-13 19:02:34,741 INFO     Classified 0 of 0 visited clips in 0.0 seconds.
2020-05-13 19:02:34,748 INFO     Classifier will visit 0 clips for detector "Old Bird Tseep Detector Redux 1.1", station "MSGR", mic output "21c Output", and date 2020-05-29.
2020-05-13 19:02:34,752 INFO     Classified 0 of 0 visited clips in 0.0 seconds.
2020-05-13 19:02:34,755 INFO     Classifier will visit 0 clips for detector "Old Bird Tseep Detector Redux 1.1", station "MSGR", mic output "21c Output", and date 2020-05-30.
2020-05-13 19:02:34,759 INFO     Classified 0 of 0 visited clips in 0.0 seconds.
2020-05-13 19:02:34,770 INFO     Job completed.
