2020-09-06 04:49:12,168 INFO     Job started for command "detect" with arguments:
2020-09-06 04:49:12,169 INFO         {
2020-09-06 04:49:12,170 INFO             "detectors": [
2020-09-06 04:49:12,171 INFO                 "Old Bird Tseep Detector Redux 1.1"
2020-09-06 04:49:12,173 INFO             ],
2020-09-06 04:49:12,173 INFO             "stations": [
2020-09-06 04:49:12,174 INFO                 "MSGR"
2020-09-06 04:49:12,174 INFO             ],
2020-09-06 04:49:12,175 INFO             "start_date": "2020-09-05",
2020-09-06 04:49:12,176 INFO             "end_date": "2020-10-01",
2020-09-06 04:49:12,177 INFO             "schedule": "",
2020-09-06 04:49:12,178 INFO             "defer_clip_creation": false
2020-09-06 04:49:12,178 INFO         }
2020-09-06 04:49:12,190 INFO     This command will process recordings for 1 station-night.
2020-09-06 04:49:12,190 INFO     Processing recordings for station-night 1 of 1 - "MSGR 2020-09-05"...
2020-09-06 04:49:12,194 INFO         Processing recording 1 of 1 - "MSGR / PC / start 2020-09-06 01:02:00+00:00 / duration 7.583 h"...
2020-09-06 04:49:12,201 INFO             Running detector on file "/Volumes/Erebus/msgr-vesper-archive/Recordings/MSGR_2020-09-06_01.02.00_Z.wav"...
2020-09-06 04:50:18,595 INFO             Created 1455 clips from detector "Old Bird Tseep Detector Redux 1.1".
2020-09-06 04:50:18,596 INFO             Ran 1 detector on 27300 seconds of 1-channel audio in 66 seconds, 411 times faster than real time.
2020-09-06 04:50:18,639 INFO     Job completed.
