2020-04-09 14:43:28,505 INFO     Job started for command "detect" with arguments:
2020-04-09 14:43:28,506 INFO         {
2020-04-09 14:43:28,507 INFO             "detectors": [
2020-04-09 14:43:28,507 INFO                 "Old Bird Tseep Detector Redux 1.1"
2020-04-09 14:43:28,508 INFO             ],
2020-04-09 14:43:28,508 INFO             "stations": [
2020-04-09 14:43:28,508 INFO                 "MSGR"
2020-04-09 14:43:28,508 INFO             ],
2020-04-09 14:43:28,508 INFO             "start_date": "2020-04-07",
2020-04-09 14:43:28,508 INFO             "end_date": "2020-04-30",
2020-04-09 14:43:28,508 INFO             "schedule": "",
2020-04-09 14:43:28,508 INFO             "defer_clip_creation": false
2020-04-09 14:43:28,508 INFO         }
2020-04-09 14:43:28,546 INFO     This command will process recordings for 2 station-nights.
2020-04-09 14:43:28,548 INFO     Processing recordings for station-night 1 of 2 - "MSGR 2020-04-07"...
2020-04-09 14:43:28,556 INFO         Processing recording 1 of 1 - "MSGR / PC / start 2020-04-08 00:30:00+00:00 / duration 9.000 h"...
2020-04-09 14:43:28,562 INFO             Running detector on file "/Volumes/Erebus/msgr-vesper-archive/Recordings/MSGR_2020-04-08_00.30.00_Z.wav"...
2020-04-09 14:45:14,561 INFO             Created 1625 clips from detector "Old Bird Tseep Detector Redux 1.1".
2020-04-09 14:45:14,561 INFO             Ran 1 detector on 32400 seconds of 1-channel audio in 106 seconds, 306 times faster than real time.
2020-04-09 14:45:14,629 INFO     Processing recordings for station-night 2 of 2 - "MSGR 2020-04-08"...
2020-04-09 14:45:14,631 INFO         Processing recording 1 of 1 - "MSGR / PC / start 2020-04-09 00:30:00+00:00 / duration 8.999 h"...
2020-04-09 14:45:14,634 INFO             Running detector on file "/Volumes/Erebus/msgr-vesper-archive/Recordings/MSGR_2020-04-09_00.30.00_Z.wav"...
2020-04-09 14:46:56,155 INFO             Created 782 clips from detector "Old Bird Tseep Detector Redux 1.1".
2020-04-09 14:46:56,155 INFO             Ran 1 detector on 32398 seconds of 1-channel audio in 102 seconds, 319 times faster than real time.
2020-04-09 14:46:56,230 INFO     Job completed.
