2020-09-04 21:19:29,653 INFO     Job started for command "detect" with arguments:
2020-09-04 21:19:29,654 INFO         {
2020-09-04 21:19:29,655 INFO             "detectors": [
2020-09-04 21:19:29,656 INFO                 "Old Bird Thrush Detector Redux 1.1"
2020-09-04 21:19:29,657 INFO             ],
2020-09-04 21:19:29,658 INFO             "stations": [
2020-09-04 21:19:29,659 INFO                 "MSGR"
2020-09-04 21:19:29,660 INFO             ],
2020-09-04 21:19:29,661 INFO             "start_date": "2020-09-02",
2020-09-04 21:19:29,662 INFO             "end_date": "2020-09-05",
2020-09-04 21:19:29,662 INFO             "schedule": "",
2020-09-04 21:19:29,662 INFO             "defer_clip_creation": false
2020-09-04 21:19:29,664 INFO         }
2020-09-04 21:19:29,675 INFO     This command will process recordings for 2 station-nights.
2020-09-04 21:19:29,675 INFO     Processing recordings for station-night 1 of 2 - "MSGR 2020-09-02"...
2020-09-04 21:19:29,678 INFO         Processing recording 1 of 1 - "MSGR / PC / start 2020-09-03 01:06:00+00:00 / duration 7.450 h"...
2020-09-04 21:19:29,687 INFO             Running detector on file "/Volumes/Erebus/msgr-vesper-archive/Recordings/MSGR_2020-09-03_01.06.00_Z.wav"...
2020-09-04 21:20:46,543 INFO             Created 3461 clips from detector "Old Bird Thrush Detector Redux 1.1".
2020-09-04 21:20:46,543 INFO             Ran 1 detector on 26820 seconds of 1-channel audio in 77 seconds, 349 times faster than real time.
2020-09-04 21:20:46,582 INFO     Processing recordings for station-night 2 of 2 - "MSGR 2020-09-03"...
2020-09-04 21:20:46,583 INFO         Processing recording 1 of 1 - "MSGR / PC / start 2020-09-04 01:09:08+00:00 / duration 7.398 h"...
2020-09-04 21:20:46,586 INFO             Running detector on file "/Volumes/Erebus/msgr-vesper-archive/Recordings/MSGR_2020-09-04_01.09.08_Z.wav"...
2020-09-04 21:21:56,264 INFO             Created 68 clips from detector "Old Bird Thrush Detector Redux 1.1".
2020-09-04 21:21:56,264 INFO             Ran 1 detector on 26632 seconds of 1-channel audio in 70 seconds, 382 times faster than real time.
2020-09-04 21:21:56,306 INFO     Job completed.
