2020-10-21 20:04:26,448 INFO     Job started for command "export" with arguments:
2020-10-21 20:04:26,450 INFO         {
2020-10-21 20:04:26,452 INFO             "exporter": {
2020-10-21 20:04:26,454 INFO                 "name": "Clip Metadata CSV File Exporter",
2020-10-21 20:04:26,454 INFO                 "arguments": {
2020-10-21 20:04:26,454 INFO                     "output_file_path": "2020-10-20 thrush.csv"
2020-10-21 20:04:26,455 INFO                 }
2020-10-21 20:04:26,455 INFO             },
2020-10-21 20:04:26,455 INFO             "detectors": [
2020-10-21 20:04:26,455 INFO                 "Old Bird Thrush Detector Redux 1.1"
2020-10-21 20:04:26,456 INFO             ],
2020-10-21 20:04:26,457 INFO             "station_mics": [
2020-10-21 20:04:26,457 INFO                 "MSGR / 21c"
2020-10-21 20:04:26,458 INFO             ],
2020-10-21 20:04:26,459 INFO             "classification": "Call*",
2020-10-21 20:04:26,460 INFO             "start_date": "2020-10-20",
2020-10-21 20:04:26,461 INFO             "end_date": "2020-10-21"
2020-10-21 20:04:26,461 INFO         }
2020-10-21 20:04:26,503 INFO     Exporter will visit 8 clips for detector "Old Bird Thrush Detector Redux 1.1", station "MSGR", mic output "21c Output", and date 2020-10-20.
2020-10-21 20:04:26,610 INFO     Exported 8 of 8 visited clips.
2020-10-21 20:04:26,618 INFO     Exporter will visit 0 clips for detector "Old Bird Thrush Detector Redux 1.1", station "MSGR", mic output "21c Output", and date 2020-10-21.
2020-10-21 20:04:26,620 INFO     Exported 0 of 0 visited clips.
2020-10-21 20:04:26,642 INFO     Job completed.
