2020-09-09 11:32:04,475 INFO     Job started for command "classify" with arguments:
2020-09-09 11:32:04,476 INFO         {
2020-09-09 11:32:04,477 INFO             "classifier": "MPG Ranch NFC Coarse Classifier 3.0",
2020-09-09 11:32:04,478 INFO             "annotation_name": "Classification",
2020-09-09 11:32:04,479 INFO             "detectors": [
2020-09-09 11:32:04,482 INFO                 "Old Bird Thrush Detector Redux 1.1"
2020-09-09 11:32:04,483 INFO             ],
2020-09-09 11:32:04,486 INFO             "station_mics": [
2020-09-09 11:32:04,486 INFO                 "MSGR / 21c"
2020-09-09 11:32:04,487 INFO             ],
2020-09-09 11:32:04,489 INFO             "start_date": "2020-09-08",
2020-09-09 11:32:04,491 INFO             "end_date": "2020-09-10"
2020-09-09 11:32:04,494 INFO         }
2020-09-09 11:32:04,500 INFO     Creating TensorFlow estimator from saved model in directory "/Users/richard/miniconda3/envs/vesper-0.4.8/lib/python3.6/site-packages/vesper/mpg_ranch/nfc_coarse_classifier_3_0/Tseep Classifier/TensorFlow SavedModel"...
2020-09-09 11:32:04,501 WARNING  
The TensorFlow contrib module will not be included in TensorFlow 2.0.
For more information, please see:
  * https://github.com/tensorflow/community/blob/master/rfcs/20180907-contrib-sunset.md
  * https://github.com/tensorflow/addons
  * https://github.com/tensorflow/io (for I/O related ops)
If you depend on functionality not listed there, please file an issue.

2020-09-09 11:32:05,451 WARNING  Using temporary folder as model directory: /var/folders/2z/dlxt5tt50nzdlqlx1qvr1zdm0000gn/T/tmpf2l7nbfg
2020-09-09 11:32:05,457 WARNING  train mode not found in SavedModel.
2020-09-09 11:32:05,457 WARNING  eval mode not found in SavedModel.
2020-09-09 11:32:05,458 INFO     Loading classifier settings from "/Users/richard/miniconda3/envs/vesper-0.4.8/lib/python3.6/site-packages/vesper/mpg_ranch/nfc_coarse_classifier_3_0/Tseep Classifier/Settings.yaml"...
2020-09-09 11:32:05,475 INFO     Creating TensorFlow estimator from saved model in directory "/Users/richard/miniconda3/envs/vesper-0.4.8/lib/python3.6/site-packages/vesper/mpg_ranch/nfc_coarse_classifier_3_0/Thrush Classifier/TensorFlow SavedModel"...
2020-09-09 11:32:05,477 WARNING  Using temporary folder as model directory: /var/folders/2z/dlxt5tt50nzdlqlx1qvr1zdm0000gn/T/tmp6ot_21cy
2020-09-09 11:32:05,481 WARNING  train mode not found in SavedModel.
2020-09-09 11:32:05,481 WARNING  eval mode not found in SavedModel.
2020-09-09 11:32:05,482 INFO     Loading classifier settings from "/Users/richard/miniconda3/envs/vesper-0.4.8/lib/python3.6/site-packages/vesper/mpg_ranch/nfc_coarse_classifier_3_0/Thrush Classifier/Settings.yaml"...
2020-09-09 11:32:05,503 INFO     Classifier will visit 134 clips for detector "Old Bird Thrush Detector Redux 1.1", station "MSGR", mic output "21c Output", and date 2020-09-08.
2020-09-09 11:32:08,303 WARNING  From /Users/richard/miniconda3/envs/vesper-0.4.8/lib/python3.6/site-packages/tensorflow_core/python/autograph/converters/directives.py:119: The name tf.real is deprecated. Please use tf.math.real instead.

2020-09-09 11:32:08,303 WARNING  From /Users/richard/miniconda3/envs/vesper-0.4.8/lib/python3.6/site-packages/tensorflow_core/python/autograph/converters/directives.py:119: The name tf.conj is deprecated. Please use tf.math.conj instead.

2020-09-09 11:32:08,303 WARNING  From /Users/richard/miniconda3/envs/vesper-0.4.8/lib/python3.6/site-packages/tensorflow_core/python/autograph/converters/directives.py:119: The name tf.log is deprecated. Please use tf.math.log instead.

2020-09-09 11:32:08,529 WARNING  From /Users/richard/miniconda3/envs/vesper-0.4.8/lib/python3.6/site-packages/tensorflow_core/python/autograph/converters/directives.py:119: The name tf.Dimension is deprecated. Please use tf.compat.v1.Dimension instead.

2020-09-09 11:32:08,882 WARNING  From /Users/richard/miniconda3/envs/vesper-0.4.8/lib/python3.6/site-packages/tensorflow_core/python/ops/array_ops.py:1475: where (from tensorflow.python.ops.array_ops) is deprecated and will be removed in a future version.
Instructions for updating:
Use tf.where in 2.0, which has the same broadcast rule as np.where
2020-09-09 11:32:10,303 INFO     Classified 134 of 134 visited clips in 4.8 seconds, an average of 27.9 clips per second.
2020-09-09 11:32:10,308 INFO     Classifier will visit 0 clips for detector "Old Bird Thrush Detector Redux 1.1", station "MSGR", mic output "21c Output", and date 2020-09-09.
2020-09-09 11:32:10,310 INFO     Classified 0 of 0 visited clips in 0.0 seconds.
2020-09-09 11:32:10,312 INFO     Classifier will visit 0 clips for detector "Old Bird Thrush Detector Redux 1.1", station "MSGR", mic output "21c Output", and date 2020-09-10.
2020-09-09 11:32:10,314 INFO     Classified 0 of 0 visited clips in 0.0 seconds.
2020-09-09 11:32:10,319 INFO     Job completed.
