2020-08-19 13:20:06,483 INFO     Job started for command "detect" with arguments:
2020-08-19 13:20:06,484 INFO         {
2020-08-19 13:20:06,485 INFO             "detectors": [
2020-08-19 13:20:06,486 INFO                 "Old Bird Thrush Detector Redux 1.1"
2020-08-19 13:20:06,486 INFO             ],
2020-08-19 13:20:06,487 INFO             "stations": [
2020-08-19 13:20:06,487 INFO                 "MSGR"
2020-08-19 13:20:06,488 INFO             ],
2020-08-19 13:20:06,488 INFO             "start_date": "2020-08-15",
2020-08-19 13:20:06,489 INFO             "end_date": "2020-12-30",
2020-08-19 13:20:06,491 INFO             "schedule": "",
2020-08-19 13:20:06,492 INFO             "defer_clip_creation": false
2020-08-19 13:20:06,492 INFO         }
2020-08-19 13:20:06,512 INFO     This command will process recordings for 4 station-nights.
2020-08-19 13:20:06,512 INFO     Processing recordings for station-night 1 of 4 - "MSGR 2020-08-15"...
2020-08-19 13:20:06,517 INFO         Processing recording 1 of 1 - "MSGR / PC / start 2020-08-16 01:43:00+00:00 / duration 6.333 h"...
2020-08-19 13:20:06,521 INFO             Running detector on file "/Volumes/Erebus/msgr-vesper-archive/Recordings/MSGR_2020-08-16_01.43.00_Z.wav"...
2020-08-19 13:21:01,461 INFO             Created 113 clips from detector "Old Bird Thrush Detector Redux 1.1".
2020-08-19 13:21:01,461 INFO             Ran 1 detector on 22800 seconds of 1-channel audio in 55 seconds, 415 times faster than real time.
2020-08-19 13:21:01,491 INFO     Processing recordings for station-night 2 of 4 - "MSGR 2020-08-16"...
2020-08-19 13:21:01,492 INFO         Processing recording 1 of 1 - "MSGR / PC / start 2020-08-17 01:43:00+00:00 / duration 6.333 h"...
2020-08-19 13:21:01,494 INFO             Running detector on file "/Volumes/Erebus/msgr-vesper-archive/Recordings/MSGR_2020-08-17_01.43.00_Z.wav"...
2020-08-19 13:21:54,782 INFO             Created 12 clips from detector "Old Bird Thrush Detector Redux 1.1".
2020-08-19 13:21:54,782 INFO             Ran 1 detector on 22800 seconds of 1-channel audio in 53 seconds, 428 times faster than real time.
2020-08-19 13:21:54,830 INFO     Processing recordings for station-night 3 of 4 - "MSGR 2020-08-17"...
2020-08-19 13:21:54,831 INFO         Processing recording 1 of 1 - "MSGR / PC / start 2020-08-18 01:43:00+00:00 / duration 6.333 h"...
2020-08-19 13:21:54,834 INFO             Running detector on file "/Volumes/Erebus/msgr-vesper-archive/Recordings/MSGR_2020-08-18_01.43.00_Z.wav"...
2020-08-19 13:22:50,610 INFO             Created 2955 clips from detector "Old Bird Thrush Detector Redux 1.1".
2020-08-19 13:22:50,610 INFO             Ran 1 detector on 22800 seconds of 1-channel audio in 56 seconds, 409 times faster than real time.
2020-08-19 13:22:50,640 INFO     Processing recordings for station-night 4 of 4 - "MSGR 2020-08-18"...
2020-08-19 13:22:50,642 INFO         Processing recording 1 of 1 - "MSGR / PC / start 2020-08-19 01:39:49+00:00 / duration 6.470 h"...
2020-08-19 13:22:50,645 INFO             Running detector on file "/Volumes/Erebus/msgr-vesper-archive/Recordings/MSGR_2020-08-19_01.39.49_Z.wav"...
2020-08-19 13:23:46,676 INFO             Created 665 clips from detector "Old Bird Thrush Detector Redux 1.1".
2020-08-19 13:23:46,676 INFO             Ran 1 detector on 23291 seconds of 1-channel audio in 56 seconds, 416 times faster than real time.
2020-08-19 13:23:46,730 INFO     Job completed.
