2020-11-14 14:28:34,368 INFO     Job started for command "detect" with arguments:
2020-11-14 14:28:34,369 INFO         {
2020-11-14 14:28:34,370 INFO             "detectors": [
2020-11-14 14:28:34,371 INFO                 "Old Bird Thrush Detector Redux 1.1"
2020-11-14 14:28:34,372 INFO             ],
2020-11-14 14:28:34,373 INFO             "stations": [
2020-11-14 14:28:34,374 INFO                 "MSGR"
2020-11-14 14:28:34,374 INFO             ],
2020-11-14 14:28:34,374 INFO             "start_date": "2020-11-11",
2020-11-14 14:28:34,374 INFO             "end_date": "2020-11-15",
2020-11-14 14:28:34,375 INFO             "schedule": "",
2020-11-14 14:28:34,375 INFO             "defer_clip_creation": false
2020-11-14 14:28:34,376 INFO         }
2020-11-14 14:28:34,386 INFO     This command will process recordings for 3 station-nights.
2020-11-14 14:28:34,386 INFO     Processing recordings for station-night 1 of 3 - "MSGR 2020-11-11"...
2020-11-14 14:28:34,389 INFO         Processing recording 1 of 1 - "MSGR / PC / start 2020-11-11 23:06:00+00:00 / duration 10.933 h"...
2020-11-14 14:28:34,394 INFO             Running detector on file "/Volumes/Erebus/msgr-vesper-archive/Recordings/MSGR_2020-11-11_23.06.00_Z.wav"...
2020-11-14 14:30:31,284 INFO             Created 2452 clips from detector "Old Bird Thrush Detector Redux 1.1".
2020-11-14 14:30:31,284 INFO             Ran 1 detector on 39360 seconds of 1-channel audio in 117 seconds, 337 times faster than real time.
2020-11-14 14:30:31,330 INFO     Processing recordings for station-night 2 of 3 - "MSGR 2020-11-12"...
2020-11-14 14:30:31,332 INFO         Processing recording 1 of 1 - "MSGR / PC / start 2020-11-12 23:06:00+00:00 / duration 10.933 h"...
2020-11-14 14:30:31,334 INFO             Running detector on file "/Volumes/Erebus/msgr-vesper-archive/Recordings/MSGR_2020-11-12_23.06.00_Z.wav"...
2020-11-14 14:32:18,301 INFO             Created 1893 clips from detector "Old Bird Thrush Detector Redux 1.1".
2020-11-14 14:32:18,301 INFO             Ran 1 detector on 39360 seconds of 1-channel audio in 107 seconds, 368 times faster than real time.
2020-11-14 14:32:18,353 INFO     Processing recordings for station-night 3 of 3 - "MSGR 2020-11-13"...
2020-11-14 14:32:18,355 INFO         Processing recording 1 of 1 - "MSGR / PC / start 2020-11-13 23:06:00+00:00 / duration 10.933 h"...
2020-11-14 14:32:18,357 INFO             Running detector on file "/Volumes/Erebus/msgr-vesper-archive/Recordings/MSGR_2020-11-13_23.06.00_Z.wav"...
2020-11-14 14:33:59,803 INFO             Created 4545 clips from detector "Old Bird Thrush Detector Redux 1.1".
2020-11-14 14:33:59,803 INFO             Ran 1 detector on 39360 seconds of 1-channel audio in 101 seconds, 388 times faster than real time.
2020-11-14 14:33:59,870 INFO     Job completed.
