2020-10-22 09:04:29,213 INFO     Job started for command "detect" with arguments:
2020-10-22 09:04:29,214 INFO         {
2020-10-22 09:04:29,214 INFO             "detectors": [
2020-10-22 09:04:29,216 INFO                 "Old Bird Tseep Detector Redux 1.1"
2020-10-22 09:04:29,216 INFO             ],
2020-10-22 09:04:29,216 INFO             "stations": [
2020-10-22 09:04:29,216 INFO                 "MSGR"
2020-10-22 09:04:29,217 INFO             ],
2020-10-22 09:04:29,218 INFO             "start_date": "2020-10-21",
2020-10-22 09:04:29,219 INFO             "end_date": "2020-10-22",
2020-10-22 09:04:29,220 INFO             "schedule": "",
2020-10-22 09:04:29,220 INFO             "defer_clip_creation": false
2020-10-22 09:04:29,220 INFO         }
2020-10-22 09:04:29,231 INFO     This command will process recordings for 1 station-night.
2020-10-22 09:04:29,231 INFO     Processing recordings for station-night 1 of 1 - "MSGR 2020-10-21"...
2020-10-22 09:04:29,235 INFO         Processing recording 1 of 1 - "MSGR / PC / start 2020-10-21 23:32:00+00:00 / duration 10.083 h"...
2020-10-22 09:04:29,243 INFO             Running detector on file "/Volumes/Erebus/msgr-vesper-archive/Recordings/MSGR_2020-10-21_23.32.00_Z.wav"...
2020-10-22 09:06:07,802 INFO             Created 1939 clips from detector "Old Bird Tseep Detector Redux 1.1".
2020-10-22 09:06:07,802 INFO             Ran 1 detector on 36300 seconds of 1-channel audio in 99 seconds, 368 times faster than real time.
2020-10-22 09:06:07,858 INFO     Job completed.
