2020-05-18 10:21:51,317 INFO     Job started for command "classify" with arguments:
2020-05-18 10:21:51,318 INFO         {
2020-05-18 10:21:51,319 INFO             "classifier": "MPG Ranch NFC Coarse Classifier 3.0",
2020-05-18 10:21:51,319 INFO             "annotation_name": "Classification",
2020-05-18 10:21:51,321 INFO             "detectors": [
2020-05-18 10:21:51,321 INFO                 "Old Bird Tseep Detector Redux 1.1"
2020-05-18 10:21:51,321 INFO             ],
2020-05-18 10:21:51,321 INFO             "station_mics": [
2020-05-18 10:21:51,321 INFO                 "MSGR / 21c"
2020-05-18 10:21:51,321 INFO             ],
2020-05-18 10:21:51,321 INFO             "start_date": "2020-05-13",
2020-05-18 10:21:51,321 INFO             "end_date": "2020-05-30"
2020-05-18 10:21:51,322 INFO         }
2020-05-18 10:21:51,342 INFO     Creating TensorFlow estimator from saved model in directory "/Users/richard/miniconda3/envs/vesper-0.4.8/lib/python3.6/site-packages/vesper/mpg_ranch/nfc_coarse_classifier_3_0/Tseep Classifier/TensorFlow SavedModel"...
2020-05-18 10:21:51,343 WARNING  
The TensorFlow contrib module will not be included in TensorFlow 2.0.
For more information, please see:
  * https://github.com/tensorflow/community/blob/master/rfcs/20180907-contrib-sunset.md
  * https://github.com/tensorflow/addons
  * https://github.com/tensorflow/io (for I/O related ops)
If you depend on functionality not listed there, please file an issue.

2020-05-18 10:21:51,972 WARNING  Using temporary folder as model directory: /var/folders/2z/dlxt5tt50nzdlqlx1qvr1zdm0000gn/T/tmp4v4s09_e
2020-05-18 10:21:51,976 WARNING  train mode not found in SavedModel.
2020-05-18 10:21:51,976 WARNING  eval mode not found in SavedModel.
2020-05-18 10:21:51,976 INFO     Loading classifier settings from "/Users/richard/miniconda3/envs/vesper-0.4.8/lib/python3.6/site-packages/vesper/mpg_ranch/nfc_coarse_classifier_3_0/Tseep Classifier/Settings.yaml"...
2020-05-18 10:21:51,990 INFO     Creating TensorFlow estimator from saved model in directory "/Users/richard/miniconda3/envs/vesper-0.4.8/lib/python3.6/site-packages/vesper/mpg_ranch/nfc_coarse_classifier_3_0/Thrush Classifier/TensorFlow SavedModel"...
2020-05-18 10:21:51,993 WARNING  Using temporary folder as model directory: /var/folders/2z/dlxt5tt50nzdlqlx1qvr1zdm0000gn/T/tmp14lrz4rt
2020-05-18 10:21:51,996 WARNING  train mode not found in SavedModel.
2020-05-18 10:21:51,996 WARNING  eval mode not found in SavedModel.
2020-05-18 10:21:51,996 INFO     Loading classifier settings from "/Users/richard/miniconda3/envs/vesper-0.4.8/lib/python3.6/site-packages/vesper/mpg_ranch/nfc_coarse_classifier_3_0/Thrush Classifier/Settings.yaml"...
2020-05-18 10:21:52,020 INFO     Classifier will visit 1564 clips for detector "Old Bird Tseep Detector Redux 1.1", station "MSGR", mic output "21c Output", and date 2020-05-13.
2020-05-18 10:22:08,481 WARNING  From /Users/richard/miniconda3/envs/vesper-0.4.8/lib/python3.6/site-packages/tensorflow_core/python/autograph/converters/directives.py:119: The name tf.real is deprecated. Please use tf.math.real instead.

2020-05-18 10:22:08,482 WARNING  From /Users/richard/miniconda3/envs/vesper-0.4.8/lib/python3.6/site-packages/tensorflow_core/python/autograph/converters/directives.py:119: The name tf.conj is deprecated. Please use tf.math.conj instead.

2020-05-18 10:22:08,483 WARNING  From /Users/richard/miniconda3/envs/vesper-0.4.8/lib/python3.6/site-packages/tensorflow_core/python/autograph/converters/directives.py:119: The name tf.log is deprecated. Please use tf.math.log instead.

2020-05-18 10:22:08,716 WARNING  From /Users/richard/miniconda3/envs/vesper-0.4.8/lib/python3.6/site-packages/tensorflow_core/python/autograph/converters/directives.py:119: The name tf.Dimension is deprecated. Please use tf.compat.v1.Dimension instead.

2020-05-18 10:22:09,245 WARNING  From /Users/richard/miniconda3/envs/vesper-0.4.8/lib/python3.6/site-packages/tensorflow_core/python/ops/array_ops.py:1475: where (from tensorflow.python.ops.array_ops) is deprecated and will be removed in a future version.
Instructions for updating:
Use tf.where in 2.0, which has the same broadcast rule as np.where
2020-05-18 10:22:32,177 INFO     Classified 1564 of 1564 visited clips in 40.2 seconds, an average of 38.9 clips per second.
2020-05-18 10:22:32,190 INFO     Classifier will visit 0 clips for detector "Old Bird Tseep Detector Redux 1.1", station "MSGR", mic output "21c Output", and date 2020-05-14.
2020-05-18 10:22:32,192 INFO     Classified 0 of 0 visited clips in 0.0 seconds.
2020-05-18 10:22:32,196 INFO     Classifier will visit 1157 clips for detector "Old Bird Tseep Detector Redux 1.1", station "MSGR", mic output "21c Output", and date 2020-05-15.
2020-05-18 10:22:55,914 INFO     Classified 1157 of 1157 visited clips in 23.7 seconds, an average of 48.8 clips per second.
2020-05-18 10:22:55,922 INFO     Classifier will visit 0 clips for detector "Old Bird Tseep Detector Redux 1.1", station "MSGR", mic output "21c Output", and date 2020-05-16.
2020-05-18 10:22:55,924 INFO     Classified 0 of 0 visited clips in 0.0 seconds.
2020-05-18 10:22:55,926 INFO     Classifier will visit 0 clips for detector "Old Bird Tseep Detector Redux 1.1", station "MSGR", mic output "21c Output", and date 2020-05-17.
2020-05-18 10:22:55,928 INFO     Classified 0 of 0 visited clips in 0.0 seconds.
2020-05-18 10:22:55,930 INFO     Classifier will visit 0 clips for detector "Old Bird Tseep Detector Redux 1.1", station "MSGR", mic output "21c Output", and date 2020-05-18.
2020-05-18 10:22:55,932 INFO     Classified 0 of 0 visited clips in 0.0 seconds.
2020-05-18 10:22:55,935 INFO     Classifier will visit 0 clips for detector "Old Bird Tseep Detector Redux 1.1", station "MSGR", mic output "21c Output", and date 2020-05-19.
2020-05-18 10:22:55,936 INFO     Classified 0 of 0 visited clips in 0.0 seconds.
2020-05-18 10:22:55,939 INFO     Classifier will visit 0 clips for detector "Old Bird Tseep Detector Redux 1.1", station "MSGR", mic output "21c Output", and date 2020-05-20.
2020-05-18 10:22:55,941 INFO     Classified 0 of 0 visited clips in 0.0 seconds.
2020-05-18 10:22:55,943 INFO     Classifier will visit 0 clips for detector "Old Bird Tseep Detector Redux 1.1", station "MSGR", mic output "21c Output", and date 2020-05-21.
2020-05-18 10:22:55,944 INFO     Classified 0 of 0 visited clips in 0.0 seconds.
2020-05-18 10:22:55,947 INFO     Classifier will visit 0 clips for detector "Old Bird Tseep Detector Redux 1.1", station "MSGR", mic output "21c Output", and date 2020-05-22.
2020-05-18 10:22:55,948 INFO     Classified 0 of 0 visited clips in 0.0 seconds.
2020-05-18 10:22:55,951 INFO     Classifier will visit 0 clips for detector "Old Bird Tseep Detector Redux 1.1", station "MSGR", mic output "21c Output", and date 2020-05-23.
2020-05-18 10:22:55,953 INFO     Classified 0 of 0 visited clips in 0.0 seconds.
2020-05-18 10:22:55,956 INFO     Classifier will visit 0 clips for detector "Old Bird Tseep Detector Redux 1.1", station "MSGR", mic output "21c Output", and date 2020-05-24.
2020-05-18 10:22:55,958 INFO     Classified 0 of 0 visited clips in 0.0 seconds.
2020-05-18 10:22:55,960 INFO     Classifier will visit 0 clips for detector "Old Bird Tseep Detector Redux 1.1", station "MSGR", mic output "21c Output", and date 2020-05-25.
2020-05-18 10:22:55,963 INFO     Classified 0 of 0 visited clips in 0.0 seconds.
2020-05-18 10:22:55,965 INFO     Classifier will visit 0 clips for detector "Old Bird Tseep Detector Redux 1.1", station "MSGR", mic output "21c Output", and date 2020-05-26.
2020-05-18 10:22:55,967 INFO     Classified 0 of 0 visited clips in 0.0 seconds.
2020-05-18 10:22:55,971 INFO     Classifier will visit 0 clips for detector "Old Bird Tseep Detector Redux 1.1", station "MSGR", mic output "21c Output", and date 2020-05-27.
2020-05-18 10:22:55,973 INFO     Classified 0 of 0 visited clips in 0.0 seconds.
2020-05-18 10:22:55,976 INFO     Classifier will visit 0 clips for detector "Old Bird Tseep Detector Redux 1.1", station "MSGR", mic output "21c Output", and date 2020-05-28.
2020-05-18 10:22:55,977 INFO     Classified 0 of 0 visited clips in 0.0 seconds.
2020-05-18 10:22:55,980 INFO     Classifier will visit 0 clips for detector "Old Bird Tseep Detector Redux 1.1", station "MSGR", mic output "21c Output", and date 2020-05-29.
2020-05-18 10:22:55,983 INFO     Classified 0 of 0 visited clips in 0.0 seconds.
2020-05-18 10:22:55,987 INFO     Classifier will visit 0 clips for detector "Old Bird Tseep Detector Redux 1.1", station "MSGR", mic output "21c Output", and date 2020-05-30.
2020-05-18 10:22:55,989 INFO     Classified 0 of 0 visited clips in 0.0 seconds.
2020-05-18 10:22:55,998 INFO     Job completed.
