2020-10-21 14:55:49,390 INFO     Job started for command "classify" with arguments:
2020-10-21 14:55:49,391 INFO         {
2020-10-21 14:55:49,391 INFO             "classifier": "MPG Ranch NFC Coarse Classifier 3.0",
2020-10-21 14:55:49,392 INFO             "annotation_name": "Classification",
2020-10-21 14:55:49,392 INFO             "detectors": [
2020-10-21 14:55:49,392 INFO                 "Old Bird Tseep Detector Redux 1.1"
2020-10-21 14:55:49,392 INFO             ],
2020-10-21 14:55:49,392 INFO             "station_mics": [
2020-10-21 14:55:49,392 INFO                 "MSGR / 21c"
2020-10-21 14:55:49,392 INFO             ],
2020-10-21 14:55:49,392 INFO             "start_date": "2020-10-20",
2020-10-21 14:55:49,392 INFO             "end_date": "2020-10-30"
2020-10-21 14:55:49,392 INFO         }
2020-10-21 14:55:49,407 INFO     Creating TensorFlow estimator from saved model in directory "/Users/richard/miniconda3/envs/vesper-0.4.8/lib/python3.6/site-packages/vesper/mpg_ranch/nfc_coarse_classifier_3_0/Tseep Classifier/TensorFlow SavedModel"...
2020-10-21 14:55:49,407 WARNING  
The TensorFlow contrib module will not be included in TensorFlow 2.0.
For more information, please see:
  * https://github.com/tensorflow/community/blob/master/rfcs/20180907-contrib-sunset.md
  * https://github.com/tensorflow/addons
  * https://github.com/tensorflow/io (for I/O related ops)
If you depend on functionality not listed there, please file an issue.

2020-10-21 14:55:49,969 WARNING  Using temporary folder as model directory: /var/folders/2z/dlxt5tt50nzdlqlx1qvr1zdm0000gn/T/tmpcc6sjwui
2020-10-21 14:55:49,973 WARNING  train mode not found in SavedModel.
2020-10-21 14:55:49,973 WARNING  eval mode not found in SavedModel.
2020-10-21 14:55:49,973 INFO     Loading classifier settings from "/Users/richard/miniconda3/envs/vesper-0.4.8/lib/python3.6/site-packages/vesper/mpg_ranch/nfc_coarse_classifier_3_0/Tseep Classifier/Settings.yaml"...
2020-10-21 14:55:49,988 INFO     Creating TensorFlow estimator from saved model in directory "/Users/richard/miniconda3/envs/vesper-0.4.8/lib/python3.6/site-packages/vesper/mpg_ranch/nfc_coarse_classifier_3_0/Thrush Classifier/TensorFlow SavedModel"...
2020-10-21 14:55:49,991 WARNING  Using temporary folder as model directory: /var/folders/2z/dlxt5tt50nzdlqlx1qvr1zdm0000gn/T/tmp29f0n_7h
2020-10-21 14:55:49,994 WARNING  train mode not found in SavedModel.
2020-10-21 14:55:49,994 WARNING  eval mode not found in SavedModel.
2020-10-21 14:55:49,994 INFO     Loading classifier settings from "/Users/richard/miniconda3/envs/vesper-0.4.8/lib/python3.6/site-packages/vesper/mpg_ranch/nfc_coarse_classifier_3_0/Thrush Classifier/Settings.yaml"...
2020-10-21 14:55:50,015 INFO     Classifier will visit 4751 clips for detector "Old Bird Tseep Detector Redux 1.1", station "MSGR", mic output "21c Output", and date 2020-10-20.
2020-10-21 14:56:43,127 WARNING  From /Users/richard/miniconda3/envs/vesper-0.4.8/lib/python3.6/site-packages/tensorflow_core/python/autograph/converters/directives.py:119: The name tf.real is deprecated. Please use tf.math.real instead.

2020-10-21 14:56:43,127 WARNING  From /Users/richard/miniconda3/envs/vesper-0.4.8/lib/python3.6/site-packages/tensorflow_core/python/autograph/converters/directives.py:119: The name tf.conj is deprecated. Please use tf.math.conj instead.

2020-10-21 14:56:43,128 WARNING  From /Users/richard/miniconda3/envs/vesper-0.4.8/lib/python3.6/site-packages/tensorflow_core/python/autograph/converters/directives.py:119: The name tf.log is deprecated. Please use tf.math.log instead.

2020-10-21 14:56:43,395 WARNING  From /Users/richard/miniconda3/envs/vesper-0.4.8/lib/python3.6/site-packages/tensorflow_core/python/autograph/converters/directives.py:119: The name tf.Dimension is deprecated. Please use tf.compat.v1.Dimension instead.

2020-10-21 14:56:43,778 WARNING  From /Users/richard/miniconda3/envs/vesper-0.4.8/lib/python3.6/site-packages/tensorflow_core/python/ops/array_ops.py:1475: where (from tensorflow.python.ops.array_ops) is deprecated and will be removed in a future version.
Instructions for updating:
Use tf.where in 2.0, which has the same broadcast rule as np.where
2020-10-21 14:58:27,688 INFO     Classified 4751 of 4751 visited clips in 157.7 seconds, an average of 30.1 clips per second.
2020-10-21 14:58:27,854 INFO     Classifier will visit 0 clips for detector "Old Bird Tseep Detector Redux 1.1", station "MSGR", mic output "21c Output", and date 2020-10-21.
2020-10-21 14:58:27,855 INFO     Classified 0 of 0 visited clips in 0.0 seconds.
2020-10-21 14:58:27,876 INFO     Classifier will visit 0 clips for detector "Old Bird Tseep Detector Redux 1.1", station "MSGR", mic output "21c Output", and date 2020-10-22.
2020-10-21 14:58:27,886 INFO     Classified 0 of 0 visited clips in 0.0 seconds.
2020-10-21 14:58:27,897 INFO     Classifier will visit 0 clips for detector "Old Bird Tseep Detector Redux 1.1", station "MSGR", mic output "21c Output", and date 2020-10-23.
2020-10-21 14:58:27,907 INFO     Classified 0 of 0 visited clips in 0.0 seconds.
2020-10-21 14:58:27,909 INFO     Classifier will visit 0 clips for detector "Old Bird Tseep Detector Redux 1.1", station "MSGR", mic output "21c Output", and date 2020-10-24.
2020-10-21 14:58:27,919 INFO     Classified 0 of 0 visited clips in 0.0 seconds.
2020-10-21 14:58:28,001 INFO     Classifier will visit 0 clips for detector "Old Bird Tseep Detector Redux 1.1", station "MSGR", mic output "21c Output", and date 2020-10-25.
2020-10-21 14:58:28,003 INFO     Classified 0 of 0 visited clips in 0.0 seconds.
2020-10-21 14:58:28,014 INFO     Classifier will visit 0 clips for detector "Old Bird Tseep Detector Redux 1.1", station "MSGR", mic output "21c Output", and date 2020-10-26.
2020-10-21 14:58:28,952 INFO     Classified 0 of 0 visited clips in 0.9 seconds, an average of 0.0 clips per second.
2020-10-21 14:58:28,963 INFO     Classifier will visit 0 clips for detector "Old Bird Tseep Detector Redux 1.1", station "MSGR", mic output "21c Output", and date 2020-10-27.
2020-10-21 14:58:28,965 INFO     Classified 0 of 0 visited clips in 0.0 seconds.
2020-10-21 14:58:29,099 INFO     Classifier will visit 0 clips for detector "Old Bird Tseep Detector Redux 1.1", station "MSGR", mic output "21c Output", and date 2020-10-28.
2020-10-21 14:58:29,101 INFO     Classified 0 of 0 visited clips in 0.0 seconds.
2020-10-21 14:58:29,112 INFO     Classifier will visit 0 clips for detector "Old Bird Tseep Detector Redux 1.1", station "MSGR", mic output "21c Output", and date 2020-10-29.
2020-10-21 14:58:29,121 INFO     Classified 0 of 0 visited clips in 0.0 seconds.
2020-10-21 14:58:29,229 INFO     Classifier will visit 0 clips for detector "Old Bird Tseep Detector Redux 1.1", station "MSGR", mic output "21c Output", and date 2020-10-30.
2020-10-21 14:58:29,240 INFO     Classified 0 of 0 visited clips in 0.0 seconds.
2020-10-21 14:58:29,258 INFO     Job completed.
