2020-10-18 11:52:48,650 INFO     Job started for command "export" with arguments:
2020-10-18 11:52:48,651 INFO         {
2020-10-18 11:52:48,651 INFO             "exporter": {
2020-10-18 11:52:48,652 INFO                 "name": "Clip Metadata CSV File Exporter",
2020-10-18 11:52:48,652 INFO                 "arguments": {
2020-10-18 11:52:48,652 INFO                     "output_file_path": "2020-10-17 thrush.csv"
2020-10-18 11:52:48,652 INFO                 }
2020-10-18 11:52:48,653 INFO             },
2020-10-18 11:52:48,653 INFO             "detectors": [
2020-10-18 11:52:48,653 INFO                 "Old Bird Thrush Detector Redux 1.1"
2020-10-18 11:52:48,654 INFO             ],
2020-10-18 11:52:48,655 INFO             "station_mics": [
2020-10-18 11:52:48,656 INFO                 "MSGR / 21c"
2020-10-18 11:52:48,658 INFO             ],
2020-10-18 11:52:48,659 INFO             "classification": "Call*",
2020-10-18 11:52:48,661 INFO             "start_date": "2020-10-17",
2020-10-18 11:52:48,662 INFO             "end_date": "2020-10-18"
2020-10-18 11:52:48,663 INFO         }
2020-10-18 11:52:48,688 INFO     Exporter will visit 4 clips for detector "Old Bird Thrush Detector Redux 1.1", station "MSGR", mic output "21c Output", and date 2020-10-17.
2020-10-18 11:52:48,728 INFO     Exported 4 of 4 visited clips.
2020-10-18 11:52:48,734 INFO     Exporter will visit 0 clips for detector "Old Bird Thrush Detector Redux 1.1", station "MSGR", mic output "21c Output", and date 2020-10-18.
2020-10-18 11:52:48,736 INFO     Exported 0 of 0 visited clips.
2020-10-18 11:52:48,759 INFO     Job completed.
