2020-10-14 12:49:23,552 INFO     Job started for command "detect" with arguments:
2020-10-14 12:49:23,553 INFO         {
2020-10-14 12:49:23,554 INFO             "detectors": [
2020-10-14 12:49:23,554 INFO                 "Old Bird Tseep Detector Redux 1.1"
2020-10-14 12:49:23,555 INFO             ],
2020-10-14 12:49:23,555 INFO             "stations": [
2020-10-14 12:49:23,556 INFO                 "MSGR"
2020-10-14 12:49:23,556 INFO             ],
2020-10-14 12:49:23,557 INFO             "start_date": "2020-10-08",
2020-10-14 12:49:23,557 INFO             "end_date": "2020-10-15",
2020-10-14 12:49:23,557 INFO             "schedule": "",
2020-10-14 12:49:23,557 INFO             "defer_clip_creation": false
2020-10-14 12:49:23,557 INFO         }
2020-10-14 12:49:23,586 INFO     This command will process recordings for 6 station-nights.
2020-10-14 12:49:23,586 INFO     Processing recordings for station-night 1 of 6 - "MSGR 2020-10-08"...
2020-10-14 12:49:23,590 INFO         Processing recording 1 of 1 - "MSGR / PC / start 2020-10-08 23:53:00+00:00 / duration 9.483 h"...
2020-10-14 12:49:23,597 INFO             Running detector on file "/Volumes/Erebus/msgr-vesper-archive/Recordings/MSGR_2020-10-08_23.53.00_Z.wav"...
2020-10-14 12:50:41,696 INFO             Created 1580 clips from detector "Old Bird Tseep Detector Redux 1.1".
2020-10-14 12:50:41,697 INFO             Ran 1 detector on 34140 seconds of 1-channel audio in 78 seconds, 437 times faster than real time.
2020-10-14 12:50:41,738 INFO     Processing recordings for station-night 2 of 6 - "MSGR 2020-10-09"...
2020-10-14 12:50:41,740 INFO         Processing recording 1 of 1 - "MSGR / PC / start 2020-10-09 23:53:00+00:00 / duration 9.483 h"...
2020-10-14 12:50:41,743 INFO             Running detector on file "/Volumes/Erebus/msgr-vesper-archive/Recordings/MSGR_2020-10-09_23.53.00_Z.wav"...
2020-10-14 12:52:03,423 INFO             Created 861 clips from detector "Old Bird Tseep Detector Redux 1.1".
2020-10-14 12:52:03,423 INFO             Ran 1 detector on 34140 seconds of 1-channel audio in 82 seconds, 418 times faster than real time.
2020-10-14 12:52:03,473 INFO     Processing recordings for station-night 3 of 6 - "MSGR 2020-10-10"...
2020-10-14 12:52:03,474 INFO         Processing recording 1 of 1 - "MSGR / PC / start 2020-10-10 23:53:00+00:00 / duration 9.483 h"...
2020-10-14 12:52:03,478 INFO             Running detector on file "/Volumes/Erebus/msgr-vesper-archive/Recordings/MSGR_2020-10-10_23.53.00_Z.wav"...
2020-10-14 12:53:32,208 INFO             Created 3243 clips from detector "Old Bird Tseep Detector Redux 1.1".
2020-10-14 12:53:32,208 INFO             Ran 1 detector on 34140 seconds of 1-channel audio in 89 seconds, 385 times faster than real time.
2020-10-14 12:53:32,251 INFO     Processing recordings for station-night 4 of 6 - "MSGR 2020-10-11"...
2020-10-14 12:53:32,253 INFO         Processing recording 1 of 1 - "MSGR / PC / start 2020-10-11 23:53:00+00:00 / duration 9.483 h"...
2020-10-14 12:53:32,256 INFO             Running detector on file "/Volumes/Erebus/msgr-vesper-archive/Recordings/MSGR_2020-10-11_23.53.00_Z.wav"...
2020-10-14 12:54:58,364 INFO             Created 1507 clips from detector "Old Bird Tseep Detector Redux 1.1".
2020-10-14 12:54:58,364 INFO             Ran 1 detector on 34140 seconds of 1-channel audio in 86 seconds, 396 times faster than real time.
2020-10-14 12:54:58,412 INFO     Processing recordings for station-night 5 of 6 - "MSGR 2020-10-12"...
2020-10-14 12:54:58,414 INFO         Processing recording 1 of 1 - "MSGR / PC / start 2020-10-12 23:53:00+00:00 / duration 9.483 h"...
2020-10-14 12:54:58,417 INFO             Running detector on file "/Volumes/Erebus/msgr-vesper-archive/Recordings/MSGR_2020-10-12_23.53.00_Z.wav"...
2020-10-14 12:56:19,892 INFO             Created 1199 clips from detector "Old Bird Tseep Detector Redux 1.1".
2020-10-14 12:56:19,892 INFO             Ran 1 detector on 34140 seconds of 1-channel audio in 81 seconds, 419 times faster than real time.
2020-10-14 12:56:19,938 INFO     Processing recordings for station-night 6 of 6 - "MSGR 2020-10-13"...
2020-10-14 12:56:19,939 INFO         Processing recording 1 of 1 - "MSGR / PC / start 2020-10-13 23:53:00+00:00 / duration 9.483 h"...
2020-10-14 12:56:19,942 INFO             Running detector on file "/Volumes/Erebus/msgr-vesper-archive/Recordings/MSGR_2020-10-13_23.53.00_Z.wav"...
2020-10-14 12:57:48,224 INFO             Created 8923 clips from detector "Old Bird Tseep Detector Redux 1.1".
2020-10-14 12:57:48,224 INFO             Ran 1 detector on 34140 seconds of 1-channel audio in 88 seconds, 387 times faster than real time.
2020-10-14 12:57:48,273 INFO     Job completed.
