2020-08-28 10:11:51,020 INFO     Job started for command "classify" with arguments:
2020-08-28 10:11:51,024 INFO         {
2020-08-28 10:11:51,026 INFO             "classifier": "MPG Ranch NFC Coarse Classifier 3.0",
2020-08-28 10:11:51,026 INFO             "annotation_name": "Classification",
2020-08-28 10:11:51,028 INFO             "detectors": [
2020-08-28 10:11:51,031 INFO                 "Old Bird Thrush Detector Redux 1.1"
2020-08-28 10:11:51,032 INFO             ],
2020-08-28 10:11:51,034 INFO             "station_mics": [
2020-08-28 10:11:51,035 INFO                 "MSGR / 21c"
2020-08-28 10:11:51,036 INFO             ],
2020-08-28 10:11:51,036 INFO             "start_date": "2020-08-27",
2020-08-28 10:11:51,037 INFO             "end_date": "2020-12-30"
2020-08-28 10:11:51,037 INFO         }
2020-08-28 10:11:51,047 INFO     Creating TensorFlow estimator from saved model in directory "/Users/richard/miniconda3/envs/vesper-0.4.8/lib/python3.6/site-packages/vesper/mpg_ranch/nfc_coarse_classifier_3_0/Tseep Classifier/TensorFlow SavedModel"...
2020-08-28 10:11:51,048 WARNING  
The TensorFlow contrib module will not be included in TensorFlow 2.0.
For more information, please see:
  * https://github.com/tensorflow/community/blob/master/rfcs/20180907-contrib-sunset.md
  * https://github.com/tensorflow/addons
  * https://github.com/tensorflow/io (for I/O related ops)
If you depend on functionality not listed there, please file an issue.

2020-08-28 10:11:52,213 WARNING  Using temporary folder as model directory: /var/folders/2z/dlxt5tt50nzdlqlx1qvr1zdm0000gn/T/tmpwgqvrqvj
2020-08-28 10:11:52,220 WARNING  train mode not found in SavedModel.
2020-08-28 10:11:52,220 WARNING  eval mode not found in SavedModel.
2020-08-28 10:11:52,221 INFO     Loading classifier settings from "/Users/richard/miniconda3/envs/vesper-0.4.8/lib/python3.6/site-packages/vesper/mpg_ranch/nfc_coarse_classifier_3_0/Tseep Classifier/Settings.yaml"...
2020-08-28 10:11:52,237 INFO     Creating TensorFlow estimator from saved model in directory "/Users/richard/miniconda3/envs/vesper-0.4.8/lib/python3.6/site-packages/vesper/mpg_ranch/nfc_coarse_classifier_3_0/Thrush Classifier/TensorFlow SavedModel"...
2020-08-28 10:11:52,240 WARNING  Using temporary folder as model directory: /var/folders/2z/dlxt5tt50nzdlqlx1qvr1zdm0000gn/T/tmpi7c5zasz
2020-08-28 10:11:52,244 WARNING  train mode not found in SavedModel.
2020-08-28 10:11:52,244 WARNING  eval mode not found in SavedModel.
2020-08-28 10:11:52,244 INFO     Loading classifier settings from "/Users/richard/miniconda3/envs/vesper-0.4.8/lib/python3.6/site-packages/vesper/mpg_ranch/nfc_coarse_classifier_3_0/Thrush Classifier/Settings.yaml"...
2020-08-28 10:11:52,264 INFO     Classifier will visit 43 clips for detector "Old Bird Thrush Detector Redux 1.1", station "MSGR", mic output "21c Output", and date 2020-08-27.
2020-08-28 10:11:53,971 WARNING  From /Users/richard/miniconda3/envs/vesper-0.4.8/lib/python3.6/site-packages/tensorflow_core/python/autograph/converters/directives.py:119: The name tf.real is deprecated. Please use tf.math.real instead.

2020-08-28 10:11:53,971 WARNING  From /Users/richard/miniconda3/envs/vesper-0.4.8/lib/python3.6/site-packages/tensorflow_core/python/autograph/converters/directives.py:119: The name tf.conj is deprecated. Please use tf.math.conj instead.

2020-08-28 10:11:53,973 WARNING  From /Users/richard/miniconda3/envs/vesper-0.4.8/lib/python3.6/site-packages/tensorflow_core/python/autograph/converters/directives.py:119: The name tf.log is deprecated. Please use tf.math.log instead.

2020-08-28 10:11:54,200 WARNING  From /Users/richard/miniconda3/envs/vesper-0.4.8/lib/python3.6/site-packages/tensorflow_core/python/autograph/converters/directives.py:119: The name tf.Dimension is deprecated. Please use tf.compat.v1.Dimension instead.

2020-08-28 10:11:54,633 WARNING  From /Users/richard/miniconda3/envs/vesper-0.4.8/lib/python3.6/site-packages/tensorflow_core/python/ops/array_ops.py:1475: where (from tensorflow.python.ops.array_ops) is deprecated and will be removed in a future version.
Instructions for updating:
Use tf.where in 2.0, which has the same broadcast rule as np.where
2020-08-28 10:11:55,678 INFO     Classified 43 of 43 visited clips in 3.4 seconds, an average of 12.6 clips per second.
2020-08-28 10:11:55,681 INFO     Classifier will visit 0 clips for detector "Old Bird Thrush Detector Redux 1.1", station "MSGR", mic output "21c Output", and date 2020-08-28.
2020-08-28 10:11:55,683 INFO     Classified 0 of 0 visited clips in 0.0 seconds.
2020-08-28 10:11:55,685 INFO     Classifier will visit 0 clips for detector "Old Bird Thrush Detector Redux 1.1", station "MSGR", mic output "21c Output", and date 2020-08-29.
2020-08-28 10:11:55,686 INFO     Classified 0 of 0 visited clips in 0.0 seconds.
2020-08-28 10:11:55,688 INFO     Classifier will visit 0 clips for detector "Old Bird Thrush Detector Redux 1.1", station "MSGR", mic output "21c Output", and date 2020-08-30.
2020-08-28 10:11:55,689 INFO     Classified 0 of 0 visited clips in 0.0 seconds.
2020-08-28 10:11:55,692 INFO     Classifier will visit 0 clips for detector "Old Bird Thrush Detector Redux 1.1", station "MSGR", mic output "21c Output", and date 2020-08-31.
2020-08-28 10:11:55,693 INFO     Classified 0 of 0 visited clips in 0.0 seconds.
2020-08-28 10:11:55,695 INFO     Classifier will visit 0 clips for detector "Old Bird Thrush Detector Redux 1.1", station "MSGR", mic output "21c Output", and date 2020-09-01.
2020-08-28 10:11:55,697 INFO     Classified 0 of 0 visited clips in 0.0 seconds.
2020-08-28 10:11:55,700 INFO     Classifier will visit 0 clips for detector "Old Bird Thrush Detector Redux 1.1", station "MSGR", mic output "21c Output", and date 2020-09-02.
2020-08-28 10:11:55,702 INFO     Classified 0 of 0 visited clips in 0.0 seconds.
2020-08-28 10:11:55,704 INFO     Classifier will visit 0 clips for detector "Old Bird Thrush Detector Redux 1.1", station "MSGR", mic output "21c Output", and date 2020-09-03.
2020-08-28 10:11:55,705 INFO     Classified 0 of 0 visited clips in 0.0 seconds.
2020-08-28 10:11:55,707 INFO     Classifier will visit 0 clips for detector "Old Bird Thrush Detector Redux 1.1", station "MSGR", mic output "21c Output", and date 2020-09-04.
2020-08-28 10:11:55,708 INFO     Classified 0 of 0 visited clips in 0.0 seconds.
2020-08-28 10:11:55,711 INFO     Classifier will visit 0 clips for detector "Old Bird Thrush Detector Redux 1.1", station "MSGR", mic output "21c Output", and date 2020-09-05.
2020-08-28 10:11:55,712 INFO     Classified 0 of 0 visited clips in 0.0 seconds.
2020-08-28 10:11:55,714 INFO     Classifier will visit 0 clips for detector "Old Bird Thrush Detector Redux 1.1", station "MSGR", mic output "21c Output", and date 2020-09-06.
2020-08-28 10:11:55,716 INFO     Classified 0 of 0 visited clips in 0.0 seconds.
2020-08-28 10:11:55,718 INFO     Classifier will visit 0 clips for detector "Old Bird Thrush Detector Redux 1.1", station "MSGR", mic output "21c Output", and date 2020-09-07.
2020-08-28 10:11:55,719 INFO     Classified 0 of 0 visited clips in 0.0 seconds.
2020-08-28 10:11:55,721 INFO     Classifier will visit 0 clips for detector "Old Bird Thrush Detector Redux 1.1", station "MSGR", mic output "21c Output", and date 2020-09-08.
2020-08-28 10:11:55,723 INFO     Classified 0 of 0 visited clips in 0.0 seconds.
2020-08-28 10:11:55,724 INFO     Classifier will visit 0 clips for detector "Old Bird Thrush Detector Redux 1.1", station "MSGR", mic output "21c Output", and date 2020-09-09.
2020-08-28 10:11:55,726 INFO     Classified 0 of 0 visited clips in 0.0 seconds.
2020-08-28 10:11:55,728 INFO     Classifier will visit 0 clips for detector "Old Bird Thrush Detector Redux 1.1", station "MSGR", mic output "21c Output", and date 2020-09-10.
2020-08-28 10:11:55,729 INFO     Classified 0 of 0 visited clips in 0.0 seconds.
2020-08-28 10:11:55,732 INFO     Classifier will visit 0 clips for detector "Old Bird Thrush Detector Redux 1.1", station "MSGR", mic output "21c Output", and date 2020-09-11.
2020-08-28 10:11:55,734 INFO     Classified 0 of 0 visited clips in 0.0 seconds.
2020-08-28 10:11:55,736 INFO     Classifier will visit 0 clips for detector "Old Bird Thrush Detector Redux 1.1", station "MSGR", mic output "21c Output", and date 2020-09-12.
2020-08-28 10:11:55,738 INFO     Classified 0 of 0 visited clips in 0.0 seconds.
2020-08-28 10:11:55,740 INFO     Classifier will visit 0 clips for detector "Old Bird Thrush Detector Redux 1.1", station "MSGR", mic output "21c Output", and date 2020-09-13.
2020-08-28 10:11:55,742 INFO     Classified 0 of 0 visited clips in 0.0 seconds.
2020-08-28 10:11:55,744 INFO     Classifier will visit 0 clips for detector "Old Bird Thrush Detector Redux 1.1", station "MSGR", mic output "21c Output", and date 2020-09-14.
2020-08-28 10:11:55,746 INFO     Classified 0 of 0 visited clips in 0.0 seconds.
2020-08-28 10:11:55,748 INFO     Classifier will visit 0 clips for detector "Old Bird Thrush Detector Redux 1.1", station "MSGR", mic output "21c Output", and date 2020-09-15.
2020-08-28 10:11:55,749 INFO     Classified 0 of 0 visited clips in 0.0 seconds.
2020-08-28 10:11:55,751 INFO     Classifier will visit 0 clips for detector "Old Bird Thrush Detector Redux 1.1", station "MSGR", mic output "21c Output", and date 2020-09-16.
2020-08-28 10:11:55,753 INFO     Classified 0 of 0 visited clips in 0.0 seconds.
2020-08-28 10:11:55,754 INFO     Classifier will visit 0 clips for detector "Old Bird Thrush Detector Redux 1.1", station "MSGR", mic output "21c Output", and date 2020-09-17.
2020-08-28 10:11:55,756 INFO     Classified 0 of 0 visited clips in 0.0 seconds.
2020-08-28 10:11:55,758 INFO     Classifier will visit 0 clips for detector "Old Bird Thrush Detector Redux 1.1", station "MSGR", mic output "21c Output", and date 2020-09-18.
2020-08-28 10:11:55,759 INFO     Classified 0 of 0 visited clips in 0.0 seconds.
2020-08-28 10:11:55,760 INFO     Classifier will visit 0 clips for detector "Old Bird Thrush Detector Redux 1.1", station "MSGR", mic output "21c Output", and date 2020-09-19.
2020-08-28 10:11:55,762 INFO     Classified 0 of 0 visited clips in 0.0 seconds.
2020-08-28 10:11:55,765 INFO     Classifier will visit 0 clips for detector "Old Bird Thrush Detector Redux 1.1", station "MSGR", mic output "21c Output", and date 2020-09-20.
2020-08-28 10:11:55,767 INFO     Classified 0 of 0 visited clips in 0.0 seconds.
2020-08-28 10:11:55,769 INFO     Classifier will visit 0 clips for detector "Old Bird Thrush Detector Redux 1.1", station "MSGR", mic output "21c Output", and date 2020-09-21.
2020-08-28 10:11:55,770 INFO     Classified 0 of 0 visited clips in 0.0 seconds.
2020-08-28 10:11:55,772 INFO     Classifier will visit 0 clips for detector "Old Bird Thrush Detector Redux 1.1", station "MSGR", mic output "21c Output", and date 2020-09-22.
2020-08-28 10:11:55,774 INFO     Classified 0 of 0 visited clips in 0.0 seconds.
2020-08-28 10:11:55,776 INFO     Classifier will visit 0 clips for detector "Old Bird Thrush Detector Redux 1.1", station "MSGR", mic output "21c Output", and date 2020-09-23.
2020-08-28 10:11:55,777 INFO     Classified 0 of 0 visited clips in 0.0 seconds.
2020-08-28 10:11:55,778 INFO     Classifier will visit 0 clips for detector "Old Bird Thrush Detector Redux 1.1", station "MSGR", mic output "21c Output", and date 2020-09-24.
2020-08-28 10:11:55,780 INFO     Classified 0 of 0 visited clips in 0.0 seconds.
2020-08-28 10:11:55,782 INFO     Classifier will visit 0 clips for detector "Old Bird Thrush Detector Redux 1.1", station "MSGR", mic output "21c Output", and date 2020-09-25.
2020-08-28 10:11:55,783 INFO     Classified 0 of 0 visited clips in 0.0 seconds.
2020-08-28 10:11:55,785 INFO     Classifier will visit 0 clips for detector "Old Bird Thrush Detector Redux 1.1", station "MSGR", mic output "21c Output", and date 2020-09-26.
2020-08-28 10:11:55,787 INFO     Classified 0 of 0 visited clips in 0.0 seconds.
2020-08-28 10:11:55,789 INFO     Classifier will visit 0 clips for detector "Old Bird Thrush Detector Redux 1.1", station "MSGR", mic output "21c Output", and date 2020-09-27.
2020-08-28 10:11:55,790 INFO     Classified 0 of 0 visited clips in 0.0 seconds.
2020-08-28 10:11:55,792 INFO     Classifier will visit 0 clips for detector "Old Bird Thrush Detector Redux 1.1", station "MSGR", mic output "21c Output", and date 2020-09-28.
2020-08-28 10:11:55,793 INFO     Classified 0 of 0 visited clips in 0.0 seconds.
2020-08-28 10:11:55,795 INFO     Classifier will visit 0 clips for detector "Old Bird Thrush Detector Redux 1.1", station "MSGR", mic output "21c Output", and date 2020-09-29.
2020-08-28 10:11:55,801 INFO     Classified 0 of 0 visited clips in 0.0 seconds.
2020-08-28 10:11:55,805 INFO     Classifier will visit 0 clips for detector "Old Bird Thrush Detector Redux 1.1", station "MSGR", mic output "21c Output", and date 2020-09-30.
2020-08-28 10:11:55,808 INFO     Classified 0 of 0 visited clips in 0.0 seconds.
2020-08-28 10:11:55,811 INFO     Classifier will visit 0 clips for detector "Old Bird Thrush Detector Redux 1.1", station "MSGR", mic output "21c Output", and date 2020-10-01.
2020-08-28 10:11:55,813 INFO     Classified 0 of 0 visited clips in 0.0 seconds.
2020-08-28 10:11:55,817 INFO     Classifier will visit 0 clips for detector "Old Bird Thrush Detector Redux 1.1", station "MSGR", mic output "21c Output", and date 2020-10-02.
2020-08-28 10:11:55,826 INFO     Classified 0 of 0 visited clips in 0.0 seconds.
2020-08-28 10:11:55,831 INFO     Classifier will visit 0 clips for detector "Old Bird Thrush Detector Redux 1.1", station "MSGR", mic output "21c Output", and date 2020-10-03.
2020-08-28 10:11:55,833 INFO     Classified 0 of 0 visited clips in 0.0 seconds.
2020-08-28 10:11:55,835 INFO     Classifier will visit 0 clips for detector "Old Bird Thrush Detector Redux 1.1", station "MSGR", mic output "21c Output", and date 2020-10-04.
2020-08-28 10:11:55,837 INFO     Classified 0 of 0 visited clips in 0.0 seconds.
2020-08-28 10:11:55,840 INFO     Classifier will visit 0 clips for detector "Old Bird Thrush Detector Redux 1.1", station "MSGR", mic output "21c Output", and date 2020-10-05.
2020-08-28 10:11:55,842 INFO     Classified 0 of 0 visited clips in 0.0 seconds.
2020-08-28 10:11:55,845 INFO     Classifier will visit 0 clips for detector "Old Bird Thrush Detector Redux 1.1", station "MSGR", mic output "21c Output", and date 2020-10-06.
2020-08-28 10:11:55,849 INFO     Classified 0 of 0 visited clips in 0.0 seconds.
2020-08-28 10:11:55,852 INFO     Classifier will visit 0 clips for detector "Old Bird Thrush Detector Redux 1.1", station "MSGR", mic output "21c Output", and date 2020-10-07.
2020-08-28 10:11:55,854 INFO     Classified 0 of 0 visited clips in 0.0 seconds.
2020-08-28 10:11:55,857 INFO     Classifier will visit 0 clips for detector "Old Bird Thrush Detector Redux 1.1", station "MSGR", mic output "21c Output", and date 2020-10-08.
2020-08-28 10:11:55,859 INFO     Classified 0 of 0 visited clips in 0.0 seconds.
2020-08-28 10:11:55,861 INFO     Classifier will visit 0 clips for detector "Old Bird Thrush Detector Redux 1.1", station "MSGR", mic output "21c Output", and date 2020-10-09.
2020-08-28 10:11:55,862 INFO     Classified 0 of 0 visited clips in 0.0 seconds.
2020-08-28 10:11:55,865 INFO     Classifier will visit 0 clips for detector "Old Bird Thrush Detector Redux 1.1", station "MSGR", mic output "21c Output", and date 2020-10-10.
2020-08-28 10:11:55,866 INFO     Classified 0 of 0 visited clips in 0.0 seconds.
2020-08-28 10:11:55,868 INFO     Classifier will visit 0 clips for detector "Old Bird Thrush Detector Redux 1.1", station "MSGR", mic output "21c Output", and date 2020-10-11.
2020-08-28 10:11:55,869 INFO     Classified 0 of 0 visited clips in 0.0 seconds.
2020-08-28 10:11:55,871 INFO     Classifier will visit 0 clips for detector "Old Bird Thrush Detector Redux 1.1", station "MSGR", mic output "21c Output", and date 2020-10-12.
2020-08-28 10:11:55,873 INFO     Classified 0 of 0 visited clips in 0.0 seconds.
2020-08-28 10:11:55,876 INFO     Classifier will visit 0 clips for detector "Old Bird Thrush Detector Redux 1.1", station "MSGR", mic output "21c Output", and date 2020-10-13.
2020-08-28 10:11:55,877 INFO     Classified 0 of 0 visited clips in 0.0 seconds.
2020-08-28 10:11:55,879 INFO     Classifier will visit 0 clips for detector "Old Bird Thrush Detector Redux 1.1", station "MSGR", mic output "21c Output", and date 2020-10-14.
2020-08-28 10:11:55,881 INFO     Classified 0 of 0 visited clips in 0.0 seconds.
2020-08-28 10:11:55,883 INFO     Classifier will visit 0 clips for detector "Old Bird Thrush Detector Redux 1.1", station "MSGR", mic output "21c Output", and date 2020-10-15.
2020-08-28 10:11:55,884 INFO     Classified 0 of 0 visited clips in 0.0 seconds.
2020-08-28 10:11:55,886 INFO     Classifier will visit 0 clips for detector "Old Bird Thrush Detector Redux 1.1", station "MSGR", mic output "21c Output", and date 2020-10-16.
2020-08-28 10:11:55,887 INFO     Classified 0 of 0 visited clips in 0.0 seconds.
2020-08-28 10:11:55,889 INFO     Classifier will visit 0 clips for detector "Old Bird Thrush Detector Redux 1.1", station "MSGR", mic output "21c Output", and date 2020-10-17.
2020-08-28 10:11:55,891 INFO     Classified 0 of 0 visited clips in 0.0 seconds.
2020-08-28 10:11:55,893 INFO     Classifier will visit 0 clips for detector "Old Bird Thrush Detector Redux 1.1", station "MSGR", mic output "21c Output", and date 2020-10-18.
2020-08-28 10:11:55,894 INFO     Classified 0 of 0 visited clips in 0.0 seconds.
2020-08-28 10:11:55,896 INFO     Classifier will visit 0 clips for detector "Old Bird Thrush Detector Redux 1.1", station "MSGR", mic output "21c Output", and date 2020-10-19.
2020-08-28 10:11:55,898 INFO     Classified 0 of 0 visited clips in 0.0 seconds.
2020-08-28 10:11:55,900 INFO     Classifier will visit 0 clips for detector "Old Bird Thrush Detector Redux 1.1", station "MSGR", mic output "21c Output", and date 2020-10-20.
2020-08-28 10:11:55,902 INFO     Classified 0 of 0 visited clips in 0.0 seconds.
2020-08-28 10:11:55,904 INFO     Classifier will visit 0 clips for detector "Old Bird Thrush Detector Redux 1.1", station "MSGR", mic output "21c Output", and date 2020-10-21.
2020-08-28 10:11:55,905 INFO     Classified 0 of 0 visited clips in 0.0 seconds.
2020-08-28 10:11:55,907 INFO     Classifier will visit 0 clips for detector "Old Bird Thrush Detector Redux 1.1", station "MSGR", mic output "21c Output", and date 2020-10-22.
2020-08-28 10:11:55,909 INFO     Classified 0 of 0 visited clips in 0.0 seconds.
2020-08-28 10:11:55,910 INFO     Classifier will visit 0 clips for detector "Old Bird Thrush Detector Redux 1.1", station "MSGR", mic output "21c Output", and date 2020-10-23.
2020-08-28 10:11:55,912 INFO     Classified 0 of 0 visited clips in 0.0 seconds.
2020-08-28 10:11:55,914 INFO     Classifier will visit 0 clips for detector "Old Bird Thrush Detector Redux 1.1", station "MSGR", mic output "21c Output", and date 2020-10-24.
2020-08-28 10:11:55,915 INFO     Classified 0 of 0 visited clips in 0.0 seconds.
2020-08-28 10:11:55,917 INFO     Classifier will visit 0 clips for detector "Old Bird Thrush Detector Redux 1.1", station "MSGR", mic output "21c Output", and date 2020-10-25.
2020-08-28 10:11:55,919 INFO     Classified 0 of 0 visited clips in 0.0 seconds.
2020-08-28 10:11:55,921 INFO     Classifier will visit 0 clips for detector "Old Bird Thrush Detector Redux 1.1", station "MSGR", mic output "21c Output", and date 2020-10-26.
2020-08-28 10:11:55,922 INFO     Classified 0 of 0 visited clips in 0.0 seconds.
2020-08-28 10:11:55,923 INFO     Classifier will visit 0 clips for detector "Old Bird Thrush Detector Redux 1.1", station "MSGR", mic output "21c Output", and date 2020-10-27.
2020-08-28 10:11:55,924 INFO     Classified 0 of 0 visited clips in 0.0 seconds.
2020-08-28 10:11:55,927 INFO     Classifier will visit 0 clips for detector "Old Bird Thrush Detector Redux 1.1", station "MSGR", mic output "21c Output", and date 2020-10-28.
2020-08-28 10:11:55,929 INFO     Classified 0 of 0 visited clips in 0.0 seconds.
2020-08-28 10:11:55,931 INFO     Classifier will visit 0 clips for detector "Old Bird Thrush Detector Redux 1.1", station "MSGR", mic output "21c Output", and date 2020-10-29.
2020-08-28 10:11:55,932 INFO     Classified 0 of 0 visited clips in 0.0 seconds.
2020-08-28 10:11:55,935 INFO     Classifier will visit 0 clips for detector "Old Bird Thrush Detector Redux 1.1", station "MSGR", mic output "21c Output", and date 2020-10-30.
2020-08-28 10:11:55,936 INFO     Classified 0 of 0 visited clips in 0.0 seconds.
2020-08-28 10:11:55,939 INFO     Classifier will visit 0 clips for detector "Old Bird Thrush Detector Redux 1.1", station "MSGR", mic output "21c Output", and date 2020-10-31.
2020-08-28 10:11:55,940 INFO     Classified 0 of 0 visited clips in 0.0 seconds.
2020-08-28 10:11:55,942 INFO     Classifier will visit 0 clips for detector "Old Bird Thrush Detector Redux 1.1", station "MSGR", mic output "21c Output", and date 2020-11-01.
2020-08-28 10:11:55,944 INFO     Classified 0 of 0 visited clips in 0.0 seconds.
2020-08-28 10:11:55,945 INFO     Classifier will visit 0 clips for detector "Old Bird Thrush Detector Redux 1.1", station "MSGR", mic output "21c Output", and date 2020-11-02.
2020-08-28 10:11:55,947 INFO     Classified 0 of 0 visited clips in 0.0 seconds.
2020-08-28 10:11:55,949 INFO     Classifier will visit 0 clips for detector "Old Bird Thrush Detector Redux 1.1", station "MSGR", mic output "21c Output", and date 2020-11-03.
2020-08-28 10:11:55,950 INFO     Classified 0 of 0 visited clips in 0.0 seconds.
2020-08-28 10:11:55,952 INFO     Classifier will visit 0 clips for detector "Old Bird Thrush Detector Redux 1.1", station "MSGR", mic output "21c Output", and date 2020-11-04.
2020-08-28 10:11:55,954 INFO     Classified 0 of 0 visited clips in 0.0 seconds.
2020-08-28 10:11:55,956 INFO     Classifier will visit 0 clips for detector "Old Bird Thrush Detector Redux 1.1", station "MSGR", mic output "21c Output", and date 2020-11-05.
2020-08-28 10:11:55,958 INFO     Classified 0 of 0 visited clips in 0.0 seconds.
2020-08-28 10:11:55,960 INFO     Classifier will visit 0 clips for detector "Old Bird Thrush Detector Redux 1.1", station "MSGR", mic output "21c Output", and date 2020-11-06.
2020-08-28 10:11:55,961 INFO     Classified 0 of 0 visited clips in 0.0 seconds.
2020-08-28 10:11:55,963 INFO     Classifier will visit 0 clips for detector "Old Bird Thrush Detector Redux 1.1", station "MSGR", mic output "21c Output", and date 2020-11-07.
2020-08-28 10:11:55,965 INFO     Classified 0 of 0 visited clips in 0.0 seconds.
2020-08-28 10:11:55,967 INFO     Classifier will visit 0 clips for detector "Old Bird Thrush Detector Redux 1.1", station "MSGR", mic output "21c Output", and date 2020-11-08.
2020-08-28 10:11:55,968 INFO     Classified 0 of 0 visited clips in 0.0 seconds.
2020-08-28 10:11:55,970 INFO     Classifier will visit 0 clips for detector "Old Bird Thrush Detector Redux 1.1", station "MSGR", mic output "21c Output", and date 2020-11-09.
2020-08-28 10:11:55,972 INFO     Classified 0 of 0 visited clips in 0.0 seconds.
2020-08-28 10:11:55,974 INFO     Classifier will visit 0 clips for detector "Old Bird Thrush Detector Redux 1.1", station "MSGR", mic output "21c Output", and date 2020-11-10.
2020-08-28 10:11:55,976 INFO     Classified 0 of 0 visited clips in 0.0 seconds.
2020-08-28 10:11:55,977 INFO     Classifier will visit 0 clips for detector "Old Bird Thrush Detector Redux 1.1", station "MSGR", mic output "21c Output", and date 2020-11-11.
2020-08-28 10:11:55,980 INFO     Classified 0 of 0 visited clips in 0.0 seconds.
2020-08-28 10:11:55,981 INFO     Classifier will visit 0 clips for detector "Old Bird Thrush Detector Redux 1.1", station "MSGR", mic output "21c Output", and date 2020-11-12.
2020-08-28 10:11:55,982 INFO     Classified 0 of 0 visited clips in 0.0 seconds.
2020-08-28 10:11:55,985 INFO     Classifier will visit 0 clips for detector "Old Bird Thrush Detector Redux 1.1", station "MSGR", mic output "21c Output", and date 2020-11-13.
2020-08-28 10:11:55,986 INFO     Classified 0 of 0 visited clips in 0.0 seconds.
2020-08-28 10:11:55,988 INFO     Classifier will visit 0 clips for detector "Old Bird Thrush Detector Redux 1.1", station "MSGR", mic output "21c Output", and date 2020-11-14.
2020-08-28 10:11:55,990 INFO     Classified 0 of 0 visited clips in 0.0 seconds.
2020-08-28 10:11:55,992 INFO     Classifier will visit 0 clips for detector "Old Bird Thrush Detector Redux 1.1", station "MSGR", mic output "21c Output", and date 2020-11-15.
2020-08-28 10:11:55,994 INFO     Classified 0 of 0 visited clips in 0.0 seconds.
2020-08-28 10:11:55,996 INFO     Classifier will visit 0 clips for detector "Old Bird Thrush Detector Redux 1.1", station "MSGR", mic output "21c Output", and date 2020-11-16.
2020-08-28 10:11:55,998 INFO     Classified 0 of 0 visited clips in 0.0 seconds.
2020-08-28 10:11:56,000 INFO     Classifier will visit 0 clips for detector "Old Bird Thrush Detector Redux 1.1", station "MSGR", mic output "21c Output", and date 2020-11-17.
2020-08-28 10:11:56,002 INFO     Classified 0 of 0 visited clips in 0.0 seconds.
2020-08-28 10:11:56,004 INFO     Classifier will visit 0 clips for detector "Old Bird Thrush Detector Redux 1.1", station "MSGR", mic output "21c Output", and date 2020-11-18.
2020-08-28 10:11:56,006 INFO     Classified 0 of 0 visited clips in 0.0 seconds.
2020-08-28 10:11:56,007 INFO     Classifier will visit 0 clips for detector "Old Bird Thrush Detector Redux 1.1", station "MSGR", mic output "21c Output", and date 2020-11-19.
2020-08-28 10:11:56,010 INFO     Classified 0 of 0 visited clips in 0.0 seconds.
2020-08-28 10:11:56,012 INFO     Classifier will visit 0 clips for detector "Old Bird Thrush Detector Redux 1.1", station "MSGR", mic output "21c Output", and date 2020-11-20.
2020-08-28 10:11:56,013 INFO     Classified 0 of 0 visited clips in 0.0 seconds.
2020-08-28 10:11:56,015 INFO     Classifier will visit 0 clips for detector "Old Bird Thrush Detector Redux 1.1", station "MSGR", mic output "21c Output", and date 2020-11-21.
2020-08-28 10:11:56,016 INFO     Classified 0 of 0 visited clips in 0.0 seconds.
2020-08-28 10:11:56,018 INFO     Classifier will visit 0 clips for detector "Old Bird Thrush Detector Redux 1.1", station "MSGR", mic output "21c Output", and date 2020-11-22.
2020-08-28 10:11:56,020 INFO     Classified 0 of 0 visited clips in 0.0 seconds.
2020-08-28 10:11:56,021 INFO     Classifier will visit 0 clips for detector "Old Bird Thrush Detector Redux 1.1", station "MSGR", mic output "21c Output", and date 2020-11-23.
2020-08-28 10:11:56,024 INFO     Classified 0 of 0 visited clips in 0.0 seconds.
2020-08-28 10:11:56,025 INFO     Classifier will visit 0 clips for detector "Old Bird Thrush Detector Redux 1.1", station "MSGR", mic output "21c Output", and date 2020-11-24.
2020-08-28 10:11:56,027 INFO     Classified 0 of 0 visited clips in 0.0 seconds.
2020-08-28 10:11:56,029 INFO     Classifier will visit 0 clips for detector "Old Bird Thrush Detector Redux 1.1", station "MSGR", mic output "21c Output", and date 2020-11-25.
2020-08-28 10:11:56,031 INFO     Classified 0 of 0 visited clips in 0.0 seconds.
2020-08-28 10:11:56,033 INFO     Classifier will visit 0 clips for detector "Old Bird Thrush Detector Redux 1.1", station "MSGR", mic output "21c Output", and date 2020-11-26.
2020-08-28 10:11:56,034 INFO     Classified 0 of 0 visited clips in 0.0 seconds.
2020-08-28 10:11:56,036 INFO     Classifier will visit 0 clips for detector "Old Bird Thrush Detector Redux 1.1", station "MSGR", mic output "21c Output", and date 2020-11-27.
2020-08-28 10:11:56,038 INFO     Classified 0 of 0 visited clips in 0.0 seconds.
2020-08-28 10:11:56,040 INFO     Classifier will visit 0 clips for detector "Old Bird Thrush Detector Redux 1.1", station "MSGR", mic output "21c Output", and date 2020-11-28.
2020-08-28 10:11:56,041 INFO     Classified 0 of 0 visited clips in 0.0 seconds.
2020-08-28 10:11:56,044 INFO     Classifier will visit 0 clips for detector "Old Bird Thrush Detector Redux 1.1", station "MSGR", mic output "21c Output", and date 2020-11-29.
2020-08-28 10:11:56,045 INFO     Classified 0 of 0 visited clips in 0.0 seconds.
2020-08-28 10:11:56,046 INFO     Classifier will visit 0 clips for detector "Old Bird Thrush Detector Redux 1.1", station "MSGR", mic output "21c Output", and date 2020-11-30.
2020-08-28 10:11:56,048 INFO     Classified 0 of 0 visited clips in 0.0 seconds.
2020-08-28 10:11:56,050 INFO     Classifier will visit 0 clips for detector "Old Bird Thrush Detector Redux 1.1", station "MSGR", mic output "21c Output", and date 2020-12-01.
2020-08-28 10:11:56,052 INFO     Classified 0 of 0 visited clips in 0.0 seconds.
2020-08-28 10:11:56,053 INFO     Classifier will visit 0 clips for detector "Old Bird Thrush Detector Redux 1.1", station "MSGR", mic output "21c Output", and date 2020-12-02.
2020-08-28 10:11:56,054 INFO     Classified 0 of 0 visited clips in 0.0 seconds.
2020-08-28 10:11:56,058 INFO     Classifier will visit 0 clips for detector "Old Bird Thrush Detector Redux 1.1", station "MSGR", mic output "21c Output", and date 2020-12-03.
2020-08-28 10:11:56,059 INFO     Classified 0 of 0 visited clips in 0.0 seconds.
2020-08-28 10:11:56,061 INFO     Classifier will visit 0 clips for detector "Old Bird Thrush Detector Redux 1.1", station "MSGR", mic output "21c Output", and date 2020-12-04.
2020-08-28 10:11:56,062 INFO     Classified 0 of 0 visited clips in 0.0 seconds.
2020-08-28 10:11:56,064 INFO     Classifier will visit 0 clips for detector "Old Bird Thrush Detector Redux 1.1", station "MSGR", mic output "21c Output", and date 2020-12-05.
2020-08-28 10:11:56,066 INFO     Classified 0 of 0 visited clips in 0.0 seconds.
2020-08-28 10:11:56,068 INFO     Classifier will visit 0 clips for detector "Old Bird Thrush Detector Redux 1.1", station "MSGR", mic output "21c Output", and date 2020-12-06.
2020-08-28 10:11:56,069 INFO     Classified 0 of 0 visited clips in 0.0 seconds.
2020-08-28 10:11:56,071 INFO     Classifier will visit 0 clips for detector "Old Bird Thrush Detector Redux 1.1", station "MSGR", mic output "21c Output", and date 2020-12-07.
2020-08-28 10:11:56,073 INFO     Classified 0 of 0 visited clips in 0.0 seconds.
2020-08-28 10:11:56,075 INFO     Classifier will visit 0 clips for detector "Old Bird Thrush Detector Redux 1.1", station "MSGR", mic output "21c Output", and date 2020-12-08.
2020-08-28 10:11:56,076 INFO     Classified 0 of 0 visited clips in 0.0 seconds.
2020-08-28 10:11:56,078 INFO     Classifier will visit 0 clips for detector "Old Bird Thrush Detector Redux 1.1", station "MSGR", mic output "21c Output", and date 2020-12-09.
2020-08-28 10:11:56,080 INFO     Classified 0 of 0 visited clips in 0.0 seconds.
2020-08-28 10:11:56,081 INFO     Classifier will visit 0 clips for detector "Old Bird Thrush Detector Redux 1.1", station "MSGR", mic output "21c Output", and date 2020-12-10.
2020-08-28 10:11:56,083 INFO     Classified 0 of 0 visited clips in 0.0 seconds.
2020-08-28 10:11:56,085 INFO     Classifier will visit 0 clips for detector "Old Bird Thrush Detector Redux 1.1", station "MSGR", mic output "21c Output", and date 2020-12-11.
2020-08-28 10:11:56,087 INFO     Classified 0 of 0 visited clips in 0.0 seconds.
2020-08-28 10:11:56,088 INFO     Classifier will visit 0 clips for detector "Old Bird Thrush Detector Redux 1.1", station "MSGR", mic output "21c Output", and date 2020-12-12.
2020-08-28 10:11:56,090 INFO     Classified 0 of 0 visited clips in 0.0 seconds.
2020-08-28 10:11:56,092 INFO     Classifier will visit 0 clips for detector "Old Bird Thrush Detector Redux 1.1", station "MSGR", mic output "21c Output", and date 2020-12-13.
2020-08-28 10:11:56,093 INFO     Classified 0 of 0 visited clips in 0.0 seconds.
2020-08-28 10:11:56,095 INFO     Classifier will visit 0 clips for detector "Old Bird Thrush Detector Redux 1.1", station "MSGR", mic output "21c Output", and date 2020-12-14.
2020-08-28 10:11:56,097 INFO     Classified 0 of 0 visited clips in 0.0 seconds.
2020-08-28 10:11:56,099 INFO     Classifier will visit 0 clips for detector "Old Bird Thrush Detector Redux 1.1", station "MSGR", mic output "21c Output", and date 2020-12-15.
2020-08-28 10:11:56,100 INFO     Classified 0 of 0 visited clips in 0.0 seconds.
2020-08-28 10:11:56,102 INFO     Classifier will visit 0 clips for detector "Old Bird Thrush Detector Redux 1.1", station "MSGR", mic output "21c Output", and date 2020-12-16.
2020-08-28 10:11:56,104 INFO     Classified 0 of 0 visited clips in 0.0 seconds.
2020-08-28 10:11:56,106 INFO     Classifier will visit 0 clips for detector "Old Bird Thrush Detector Redux 1.1", station "MSGR", mic output "21c Output", and date 2020-12-17.
2020-08-28 10:11:56,108 INFO     Classified 0 of 0 visited clips in 0.0 seconds.
2020-08-28 10:11:56,109 INFO     Classifier will visit 0 clips for detector "Old Bird Thrush Detector Redux 1.1", station "MSGR", mic output "21c Output", and date 2020-12-18.
2020-08-28 10:11:56,111 INFO     Classified 0 of 0 visited clips in 0.0 seconds.
2020-08-28 10:11:56,112 INFO     Classifier will visit 0 clips for detector "Old Bird Thrush Detector Redux 1.1", station "MSGR", mic output "21c Output", and date 2020-12-19.
2020-08-28 10:11:56,114 INFO     Classified 0 of 0 visited clips in 0.0 seconds.
2020-08-28 10:11:56,116 INFO     Classifier will visit 0 clips for detector "Old Bird Thrush Detector Redux 1.1", station "MSGR", mic output "21c Output", and date 2020-12-20.
2020-08-28 10:11:56,118 INFO     Classified 0 of 0 visited clips in 0.0 seconds.
2020-08-28 10:11:56,119 INFO     Classifier will visit 0 clips for detector "Old Bird Thrush Detector Redux 1.1", station "MSGR", mic output "21c Output", and date 2020-12-21.
2020-08-28 10:11:56,121 INFO     Classified 0 of 0 visited clips in 0.0 seconds.
2020-08-28 10:11:56,123 INFO     Classifier will visit 0 clips for detector "Old Bird Thrush Detector Redux 1.1", station "MSGR", mic output "21c Output", and date 2020-12-22.
2020-08-28 10:11:56,124 INFO     Classified 0 of 0 visited clips in 0.0 seconds.
2020-08-28 10:11:56,125 INFO     Classifier will visit 0 clips for detector "Old Bird Thrush Detector Redux 1.1", station "MSGR", mic output "21c Output", and date 2020-12-23.
2020-08-28 10:11:56,127 INFO     Classified 0 of 0 visited clips in 0.0 seconds.
2020-08-28 10:11:56,129 INFO     Classifier will visit 0 clips for detector "Old Bird Thrush Detector Redux 1.1", station "MSGR", mic output "21c Output", and date 2020-12-24.
2020-08-28 10:11:56,131 INFO     Classified 0 of 0 visited clips in 0.0 seconds.
2020-08-28 10:11:56,134 INFO     Classifier will visit 0 clips for detector "Old Bird Thrush Detector Redux 1.1", station "MSGR", mic output "21c Output", and date 2020-12-25.
2020-08-28 10:11:56,135 INFO     Classified 0 of 0 visited clips in 0.0 seconds.
2020-08-28 10:11:56,137 INFO     Classifier will visit 0 clips for detector "Old Bird Thrush Detector Redux 1.1", station "MSGR", mic output "21c Output", and date 2020-12-26.
2020-08-28 10:11:56,138 INFO     Classified 0 of 0 visited clips in 0.0 seconds.
2020-08-28 10:11:56,140 INFO     Classifier will visit 0 clips for detector "Old Bird Thrush Detector Redux 1.1", station "MSGR", mic output "21c Output", and date 2020-12-27.
2020-08-28 10:11:56,142 INFO     Classified 0 of 0 visited clips in 0.0 seconds.
2020-08-28 10:11:56,144 INFO     Classifier will visit 0 clips for detector "Old Bird Thrush Detector Redux 1.1", station "MSGR", mic output "21c Output", and date 2020-12-28.
2020-08-28 10:11:56,145 INFO     Classified 0 of 0 visited clips in 0.0 seconds.
2020-08-28 10:11:56,147 INFO     Classifier will visit 0 clips for detector "Old Bird Thrush Detector Redux 1.1", station "MSGR", mic output "21c Output", and date 2020-12-29.
2020-08-28 10:11:56,148 INFO     Classified 0 of 0 visited clips in 0.0 seconds.
2020-08-28 10:11:56,150 INFO     Classifier will visit 0 clips for detector "Old Bird Thrush Detector Redux 1.1", station "MSGR", mic output "21c Output", and date 2020-12-30.
2020-08-28 10:11:56,152 INFO     Classified 0 of 0 visited clips in 0.0 seconds.
2020-08-28 10:11:56,161 INFO     Job completed.
