2020-09-08 07:58:28,188 INFO     Job started for command "classify" with arguments:
2020-09-08 07:58:28,189 INFO         {
2020-09-08 07:58:28,190 INFO             "classifier": "MPG Ranch NFC Coarse Classifier 3.0",
2020-09-08 07:58:28,190 INFO             "annotation_name": "Classification",
2020-09-08 07:58:28,191 INFO             "detectors": [
2020-09-08 07:58:28,192 INFO                 "Old Bird Tseep Detector Redux 1.1"
2020-09-08 07:58:28,194 INFO             ],
2020-09-08 07:58:28,195 INFO             "station_mics": [
2020-09-08 07:58:28,196 INFO                 "MSGR / 21c"
2020-09-08 07:58:28,197 INFO             ],
2020-09-08 07:58:28,197 INFO             "start_date": "2020-09-07",
2020-09-08 07:58:28,198 INFO             "end_date": "2020-09-08"
2020-09-08 07:58:28,199 INFO         }
2020-09-08 07:58:28,209 INFO     Creating TensorFlow estimator from saved model in directory "/Users/richard/miniconda3/envs/vesper-0.4.8/lib/python3.6/site-packages/vesper/mpg_ranch/nfc_coarse_classifier_3_0/Tseep Classifier/TensorFlow SavedModel"...
2020-09-08 07:58:28,209 WARNING  
The TensorFlow contrib module will not be included in TensorFlow 2.0.
For more information, please see:
  * https://github.com/tensorflow/community/blob/master/rfcs/20180907-contrib-sunset.md
  * https://github.com/tensorflow/addons
  * https://github.com/tensorflow/io (for I/O related ops)
If you depend on functionality not listed there, please file an issue.

2020-09-08 07:58:28,819 WARNING  Using temporary folder as model directory: /var/folders/2z/dlxt5tt50nzdlqlx1qvr1zdm0000gn/T/tmpj4uflv4t
2020-09-08 07:58:28,823 WARNING  train mode not found in SavedModel.
2020-09-08 07:58:28,823 WARNING  eval mode not found in SavedModel.
2020-09-08 07:58:28,824 INFO     Loading classifier settings from "/Users/richard/miniconda3/envs/vesper-0.4.8/lib/python3.6/site-packages/vesper/mpg_ranch/nfc_coarse_classifier_3_0/Tseep Classifier/Settings.yaml"...
2020-09-08 07:58:28,838 INFO     Creating TensorFlow estimator from saved model in directory "/Users/richard/miniconda3/envs/vesper-0.4.8/lib/python3.6/site-packages/vesper/mpg_ranch/nfc_coarse_classifier_3_0/Thrush Classifier/TensorFlow SavedModel"...
2020-09-08 07:58:28,840 WARNING  Using temporary folder as model directory: /var/folders/2z/dlxt5tt50nzdlqlx1qvr1zdm0000gn/T/tmpclxrddei
2020-09-08 07:58:28,843 WARNING  train mode not found in SavedModel.
2020-09-08 07:58:28,844 WARNING  eval mode not found in SavedModel.
2020-09-08 07:58:28,844 INFO     Loading classifier settings from "/Users/richard/miniconda3/envs/vesper-0.4.8/lib/python3.6/site-packages/vesper/mpg_ranch/nfc_coarse_classifier_3_0/Thrush Classifier/Settings.yaml"...
2020-09-08 07:58:28,863 INFO     Classifier will visit 588 clips for detector "Old Bird Tseep Detector Redux 1.1", station "MSGR", mic output "21c Output", and date 2020-09-07.
2020-09-08 07:58:35,789 WARNING  From /Users/richard/miniconda3/envs/vesper-0.4.8/lib/python3.6/site-packages/tensorflow_core/python/autograph/converters/directives.py:119: The name tf.real is deprecated. Please use tf.math.real instead.

2020-09-08 07:58:35,789 WARNING  From /Users/richard/miniconda3/envs/vesper-0.4.8/lib/python3.6/site-packages/tensorflow_core/python/autograph/converters/directives.py:119: The name tf.conj is deprecated. Please use tf.math.conj instead.

2020-09-08 07:58:35,790 WARNING  From /Users/richard/miniconda3/envs/vesper-0.4.8/lib/python3.6/site-packages/tensorflow_core/python/autograph/converters/directives.py:119: The name tf.log is deprecated. Please use tf.math.log instead.

2020-09-08 07:58:36,046 WARNING  From /Users/richard/miniconda3/envs/vesper-0.4.8/lib/python3.6/site-packages/tensorflow_core/python/autograph/converters/directives.py:119: The name tf.Dimension is deprecated. Please use tf.compat.v1.Dimension instead.

2020-09-08 07:58:36,462 WARNING  From /Users/richard/miniconda3/envs/vesper-0.4.8/lib/python3.6/site-packages/tensorflow_core/python/ops/array_ops.py:1475: where (from tensorflow.python.ops.array_ops) is deprecated and will be removed in a future version.
Instructions for updating:
Use tf.where in 2.0, which has the same broadcast rule as np.where
2020-09-08 07:58:41,424 INFO     Classified 588 of 588 visited clips in 12.6 seconds, an average of 46.7 clips per second.
2020-09-08 07:58:41,428 INFO     Classifier will visit 0 clips for detector "Old Bird Tseep Detector Redux 1.1", station "MSGR", mic output "21c Output", and date 2020-09-08.
2020-09-08 07:58:41,430 INFO     Classified 0 of 0 visited clips in 0.0 seconds.
2020-09-08 07:58:41,437 INFO     Job completed.
