2020-08-19 13:20:03,346 INFO     Job started for command "detect" with arguments:
2020-08-19 13:20:03,347 INFO         {
2020-08-19 13:20:03,347 INFO             "detectors": [
2020-08-19 13:20:03,347 INFO                 "Old Bird Tseep Detector Redux 1.1"
2020-08-19 13:20:03,347 INFO             ],
2020-08-19 13:20:03,347 INFO             "stations": [
2020-08-19 13:20:03,347 INFO                 "MSGR"
2020-08-19 13:20:03,347 INFO             ],
2020-08-19 13:20:03,348 INFO             "start_date": "2020-08-15",
2020-08-19 13:20:03,348 INFO             "end_date": "2020-12-30",
2020-08-19 13:20:03,348 INFO             "schedule": "",
2020-08-19 13:20:03,348 INFO             "defer_clip_creation": false
2020-08-19 13:20:03,348 INFO         }
2020-08-19 13:20:03,362 INFO     This command will process recordings for 4 station-nights.
2020-08-19 13:20:03,362 INFO     Processing recordings for station-night 1 of 4 - "MSGR 2020-08-15"...
2020-08-19 13:20:03,366 INFO         Processing recording 1 of 1 - "MSGR / PC / start 2020-08-16 01:43:00+00:00 / duration 6.333 h"...
2020-08-19 13:20:03,371 INFO             Running detector on file "/Volumes/Erebus/msgr-vesper-archive/Recordings/MSGR_2020-08-16_01.43.00_Z.wav"...
2020-08-19 13:20:57,327 INFO             Created 549 clips from detector "Old Bird Tseep Detector Redux 1.1".
2020-08-19 13:20:57,327 INFO             Ran 1 detector on 22800 seconds of 1-channel audio in 54 seconds, 423 times faster than real time.
2020-08-19 13:20:57,357 INFO     Processing recordings for station-night 2 of 4 - "MSGR 2020-08-16"...
2020-08-19 13:20:57,359 INFO         Processing recording 1 of 1 - "MSGR / PC / start 2020-08-17 01:43:00+00:00 / duration 6.333 h"...
2020-08-19 13:20:57,361 INFO             Running detector on file "/Volumes/Erebus/msgr-vesper-archive/Recordings/MSGR_2020-08-17_01.43.00_Z.wav"...
2020-08-19 13:21:49,529 INFO             Created 461 clips from detector "Old Bird Tseep Detector Redux 1.1".
2020-08-19 13:21:49,529 INFO             Ran 1 detector on 22800 seconds of 1-channel audio in 52 seconds, 437 times faster than real time.
2020-08-19 13:21:49,560 INFO     Processing recordings for station-night 3 of 4 - "MSGR 2020-08-17"...
2020-08-19 13:21:49,562 INFO         Processing recording 1 of 1 - "MSGR / PC / start 2020-08-18 01:43:00+00:00 / duration 6.333 h"...
2020-08-19 13:21:49,565 INFO             Running detector on file "/Volumes/Erebus/msgr-vesper-archive/Recordings/MSGR_2020-08-18_01.43.00_Z.wav"...
2020-08-19 13:22:43,079 INFO             Created 1788 clips from detector "Old Bird Tseep Detector Redux 1.1".
2020-08-19 13:22:43,079 INFO             Ran 1 detector on 22800 seconds of 1-channel audio in 54 seconds, 426 times faster than real time.
2020-08-19 13:22:43,112 INFO     Processing recordings for station-night 4 of 4 - "MSGR 2020-08-18"...
2020-08-19 13:22:43,113 INFO         Processing recording 1 of 1 - "MSGR / PC / start 2020-08-19 01:39:49+00:00 / duration 6.470 h"...
2020-08-19 13:22:43,116 INFO             Running detector on file "/Volumes/Erebus/msgr-vesper-archive/Recordings/MSGR_2020-08-19_01.39.49_Z.wav"...
2020-08-19 13:23:37,335 INFO             Created 638 clips from detector "Old Bird Tseep Detector Redux 1.1".
2020-08-19 13:23:37,335 INFO             Ran 1 detector on 23291 seconds of 1-channel audio in 54 seconds, 430 times faster than real time.
2020-08-19 13:23:37,371 INFO     Job completed.
