2020-10-02 16:06:48,251 INFO     Job started for command "detect" with arguments:
2020-10-02 16:06:48,252 INFO         {
2020-10-02 16:06:48,252 INFO             "detectors": [
2020-10-02 16:06:48,253 INFO                 "Old Bird Tseep Detector Redux 1.1"
2020-10-02 16:06:48,254 INFO             ],
2020-10-02 16:06:48,254 INFO             "stations": [
2020-10-02 16:06:48,254 INFO                 "MSGR"
2020-10-02 16:06:48,255 INFO             ],
2020-10-02 16:06:48,255 INFO             "start_date": "2020-10-01",
2020-10-02 16:06:48,256 INFO             "end_date": "2020-10-03",
2020-10-02 16:06:48,257 INFO             "schedule": "",
2020-10-02 16:06:48,258 INFO             "defer_clip_creation": false
2020-10-02 16:06:48,259 INFO         }
2020-10-02 16:06:48,270 INFO     This command will process recordings for 1 station-night.
2020-10-02 16:06:48,270 INFO     Processing recordings for station-night 1 of 1 - "MSGR 2020-10-01"...
2020-10-02 16:06:48,273 INFO         Processing recording 1 of 1 - "MSGR / PC / start 2020-10-02 00:06:00+00:00 / duration 9.117 h"...
2020-10-02 16:06:48,278 INFO             Running detector on file "/Volumes/Erebus/msgr-vesper-archive/Recordings/MSGR_2020-10-02_00.06.00_Z.wav"...
2020-10-02 16:08:09,989 INFO             Created 970 clips from detector "Old Bird Tseep Detector Redux 1.1".
2020-10-02 16:08:09,989 INFO             Ran 1 detector on 32820 seconds of 1-channel audio in 82 seconds, 402 times faster than real time.
2020-10-02 16:08:10,050 INFO     Job completed.
