2020-03-22 04:42:28,384 INFO     Job started for command "classify" with arguments:
2020-03-22 04:42:28,385 INFO         {
2020-03-22 04:42:28,386 INFO             "classifier": "MPG Ranch NFC Coarse Classifier 3.0",
2020-03-22 04:42:28,386 INFO             "annotation_name": "Classification",
2020-03-22 04:42:28,387 INFO             "detectors": [
2020-03-22 04:42:28,387 INFO                 "Old Bird Thrush Detector Redux 1.1"
2020-03-22 04:42:28,387 INFO             ],
2020-03-22 04:42:28,387 INFO             "station_mics": [
2020-03-22 04:42:28,387 INFO                 "MSGR / 21c"
2020-03-22 04:42:28,388 INFO             ],
2020-03-22 04:42:28,388 INFO             "start_date": "2020-03-20",
2020-03-22 04:42:28,388 INFO             "end_date": "2020-03-30"
2020-03-22 04:42:28,388 INFO         }
2020-03-22 04:42:28,404 INFO     Creating TensorFlow estimator from saved model in directory "//anaconda3/envs/vesper-0.4.7/lib/python3.6/site-packages/vesper/mpg_ranch/nfc_coarse_classifier_3_0/Tseep Classifier/TensorFlow SavedModel"...
2020-03-22 04:42:34,378 WARNING  Using temporary folder as model directory: /var/folders/2z/dlxt5tt50nzdlqlx1qvr1zdm0000gn/T/tmp4hqy6ec1
2020-03-22 04:42:34,384 WARNING  train mode not found in SavedModel.
2020-03-22 04:42:34,384 WARNING  eval mode not found in SavedModel.
2020-03-22 04:42:34,385 INFO     Loading classifier settings from "//anaconda3/envs/vesper-0.4.7/lib/python3.6/site-packages/vesper/mpg_ranch/nfc_coarse_classifier_3_0/Tseep Classifier/Settings.yaml"...
2020-03-22 04:42:34,397 INFO     Creating TensorFlow estimator from saved model in directory "//anaconda3/envs/vesper-0.4.7/lib/python3.6/site-packages/vesper/mpg_ranch/nfc_coarse_classifier_3_0/Thrush Classifier/TensorFlow SavedModel"...
2020-03-22 04:42:34,399 WARNING  Using temporary folder as model directory: /var/folders/2z/dlxt5tt50nzdlqlx1qvr1zdm0000gn/T/tmphyrnbyt1
2020-03-22 04:42:34,403 WARNING  train mode not found in SavedModel.
2020-03-22 04:42:34,403 WARNING  eval mode not found in SavedModel.
2020-03-22 04:42:34,403 INFO     Loading classifier settings from "//anaconda3/envs/vesper-0.4.7/lib/python3.6/site-packages/vesper/mpg_ranch/nfc_coarse_classifier_3_0/Thrush Classifier/Settings.yaml"...
2020-03-22 04:42:34,419 INFO     Classifier will visit 6840 clips for detector "Old Bird Thrush Detector Redux 1.1", station "MSGR", mic output "21c Output", and date 2020-03-20.
2020-03-22 04:44:39,369 INFO     Classified 6840 of 6840 visited clips in 125.0 seconds, an average of 54.7 clips per second.
2020-03-22 04:44:39,418 INFO     Classifier will visit 0 clips for detector "Old Bird Thrush Detector Redux 1.1", station "MSGR", mic output "21c Output", and date 2020-03-21.
2020-03-22 04:44:39,420 INFO     Classified 0 of 0 visited clips in 0.0 seconds.
2020-03-22 04:44:39,425 INFO     Classifier will visit 0 clips for detector "Old Bird Thrush Detector Redux 1.1", station "MSGR", mic output "21c Output", and date 2020-03-22.
2020-03-22 04:44:39,427 INFO     Classified 0 of 0 visited clips in 0.0 seconds.
2020-03-22 04:44:39,430 INFO     Classifier will visit 0 clips for detector "Old Bird Thrush Detector Redux 1.1", station "MSGR", mic output "21c Output", and date 2020-03-23.
2020-03-22 04:44:39,432 INFO     Classified 0 of 0 visited clips in 0.0 seconds.
2020-03-22 04:44:39,434 INFO     Classifier will visit 0 clips for detector "Old Bird Thrush Detector Redux 1.1", station "MSGR", mic output "21c Output", and date 2020-03-24.
2020-03-22 04:44:39,439 INFO     Classified 0 of 0 visited clips in 0.0 seconds.
2020-03-22 04:44:39,442 INFO     Classifier will visit 0 clips for detector "Old Bird Thrush Detector Redux 1.1", station "MSGR", mic output "21c Output", and date 2020-03-25.
2020-03-22 04:44:39,448 INFO     Classified 0 of 0 visited clips in 0.0 seconds.
2020-03-22 04:44:39,450 INFO     Classifier will visit 0 clips for detector "Old Bird Thrush Detector Redux 1.1", station "MSGR", mic output "21c Output", and date 2020-03-26.
2020-03-22 04:44:39,455 INFO     Classified 0 of 0 visited clips in 0.0 seconds.
2020-03-22 04:44:39,456 INFO     Classifier will visit 0 clips for detector "Old Bird Thrush Detector Redux 1.1", station "MSGR", mic output "21c Output", and date 2020-03-27.
2020-03-22 04:44:39,462 INFO     Classified 0 of 0 visited clips in 0.0 seconds.
2020-03-22 04:44:39,465 INFO     Classifier will visit 0 clips for detector "Old Bird Thrush Detector Redux 1.1", station "MSGR", mic output "21c Output", and date 2020-03-28.
2020-03-22 04:44:39,466 INFO     Classified 0 of 0 visited clips in 0.0 seconds.
2020-03-22 04:44:39,471 INFO     Classifier will visit 0 clips for detector "Old Bird Thrush Detector Redux 1.1", station "MSGR", mic output "21c Output", and date 2020-03-29.
2020-03-22 04:44:39,473 INFO     Classified 0 of 0 visited clips in 0.0 seconds.
2020-03-22 04:44:39,476 INFO     Classifier will visit 0 clips for detector "Old Bird Thrush Detector Redux 1.1", station "MSGR", mic output "21c Output", and date 2020-03-30.
2020-03-22 04:44:39,480 INFO     Classified 0 of 0 visited clips in 0.0 seconds.
2020-03-22 04:44:39,510 INFO     Job complete.
