2020-05-18 10:21:48,698 INFO     Job started for command "classify" with arguments:
2020-05-18 10:21:48,699 INFO         {
2020-05-18 10:21:48,700 INFO             "classifier": "MPG Ranch NFC Coarse Classifier 3.0",
2020-05-18 10:21:48,700 INFO             "annotation_name": "Classification",
2020-05-18 10:21:48,700 INFO             "detectors": [
2020-05-18 10:21:48,700 INFO                 "Old Bird Thrush Detector Redux 1.1"
2020-05-18 10:21:48,700 INFO             ],
2020-05-18 10:21:48,701 INFO             "station_mics": [
2020-05-18 10:21:48,701 INFO                 "MSGR / 21c"
2020-05-18 10:21:48,701 INFO             ],
2020-05-18 10:21:48,701 INFO             "start_date": "2020-05-13",
2020-05-18 10:21:48,702 INFO             "end_date": "2020-05-30"
2020-05-18 10:21:48,702 INFO         }
2020-05-18 10:21:48,713 INFO     Creating TensorFlow estimator from saved model in directory "/Users/richard/miniconda3/envs/vesper-0.4.8/lib/python3.6/site-packages/vesper/mpg_ranch/nfc_coarse_classifier_3_0/Tseep Classifier/TensorFlow SavedModel"...
2020-05-18 10:21:48,714 WARNING  
The TensorFlow contrib module will not be included in TensorFlow 2.0.
For more information, please see:
  * https://github.com/tensorflow/community/blob/master/rfcs/20180907-contrib-sunset.md
  * https://github.com/tensorflow/addons
  * https://github.com/tensorflow/io (for I/O related ops)
If you depend on functionality not listed there, please file an issue.

2020-05-18 10:21:49,674 WARNING  Using temporary folder as model directory: /var/folders/2z/dlxt5tt50nzdlqlx1qvr1zdm0000gn/T/tmp1_66wvdz
2020-05-18 10:21:49,680 WARNING  train mode not found in SavedModel.
2020-05-18 10:21:49,680 WARNING  eval mode not found in SavedModel.
2020-05-18 10:21:49,680 INFO     Loading classifier settings from "/Users/richard/miniconda3/envs/vesper-0.4.8/lib/python3.6/site-packages/vesper/mpg_ranch/nfc_coarse_classifier_3_0/Tseep Classifier/Settings.yaml"...
2020-05-18 10:21:49,695 INFO     Creating TensorFlow estimator from saved model in directory "/Users/richard/miniconda3/envs/vesper-0.4.8/lib/python3.6/site-packages/vesper/mpg_ranch/nfc_coarse_classifier_3_0/Thrush Classifier/TensorFlow SavedModel"...
2020-05-18 10:21:49,697 WARNING  Using temporary folder as model directory: /var/folders/2z/dlxt5tt50nzdlqlx1qvr1zdm0000gn/T/tmpgryuhuf1
2020-05-18 10:21:49,701 WARNING  train mode not found in SavedModel.
2020-05-18 10:21:49,701 WARNING  eval mode not found in SavedModel.
2020-05-18 10:21:49,702 INFO     Loading classifier settings from "/Users/richard/miniconda3/envs/vesper-0.4.8/lib/python3.6/site-packages/vesper/mpg_ranch/nfc_coarse_classifier_3_0/Thrush Classifier/Settings.yaml"...
2020-05-18 10:21:49,723 INFO     Classifier will visit 1439 clips for detector "Old Bird Thrush Detector Redux 1.1", station "MSGR", mic output "21c Output", and date 2020-05-13.
2020-05-18 10:22:07,206 WARNING  From /Users/richard/miniconda3/envs/vesper-0.4.8/lib/python3.6/site-packages/tensorflow_core/python/autograph/converters/directives.py:119: The name tf.real is deprecated. Please use tf.math.real instead.

2020-05-18 10:22:07,206 WARNING  From /Users/richard/miniconda3/envs/vesper-0.4.8/lib/python3.6/site-packages/tensorflow_core/python/autograph/converters/directives.py:119: The name tf.conj is deprecated. Please use tf.math.conj instead.

2020-05-18 10:22:07,207 WARNING  From /Users/richard/miniconda3/envs/vesper-0.4.8/lib/python3.6/site-packages/tensorflow_core/python/autograph/converters/directives.py:119: The name tf.log is deprecated. Please use tf.math.log instead.

2020-05-18 10:22:07,443 WARNING  From /Users/richard/miniconda3/envs/vesper-0.4.8/lib/python3.6/site-packages/tensorflow_core/python/autograph/converters/directives.py:119: The name tf.Dimension is deprecated. Please use tf.compat.v1.Dimension instead.

2020-05-18 10:22:07,817 WARNING  From /Users/richard/miniconda3/envs/vesper-0.4.8/lib/python3.6/site-packages/tensorflow_core/python/ops/array_ops.py:1475: where (from tensorflow.python.ops.array_ops) is deprecated and will be removed in a future version.
Instructions for updating:
Use tf.where in 2.0, which has the same broadcast rule as np.where
2020-05-18 10:22:29,789 INFO     Classified 1439 of 1439 visited clips in 40.1 seconds, an average of 35.9 clips per second.
2020-05-18 10:22:29,800 INFO     Classifier will visit 0 clips for detector "Old Bird Thrush Detector Redux 1.1", station "MSGR", mic output "21c Output", and date 2020-05-14.
2020-05-18 10:22:29,802 INFO     Classified 0 of 0 visited clips in 0.0 seconds.
2020-05-18 10:22:29,814 INFO     Classifier will visit 2409 clips for detector "Old Bird Thrush Detector Redux 1.1", station "MSGR", mic output "21c Output", and date 2020-05-15.
2020-05-18 10:23:25,255 INFO     Classified 2409 of 2409 visited clips in 55.4 seconds, an average of 43.5 clips per second.
2020-05-18 10:23:25,266 INFO     Classifier will visit 0 clips for detector "Old Bird Thrush Detector Redux 1.1", station "MSGR", mic output "21c Output", and date 2020-05-16.
2020-05-18 10:23:25,268 INFO     Classified 0 of 0 visited clips in 0.0 seconds.
2020-05-18 10:23:25,270 INFO     Classifier will visit 0 clips for detector "Old Bird Thrush Detector Redux 1.1", station "MSGR", mic output "21c Output", and date 2020-05-17.
2020-05-18 10:23:25,271 INFO     Classified 0 of 0 visited clips in 0.0 seconds.
2020-05-18 10:23:25,273 INFO     Classifier will visit 0 clips for detector "Old Bird Thrush Detector Redux 1.1", station "MSGR", mic output "21c Output", and date 2020-05-18.
2020-05-18 10:23:25,274 INFO     Classified 0 of 0 visited clips in 0.0 seconds.
2020-05-18 10:23:25,277 INFO     Classifier will visit 0 clips for detector "Old Bird Thrush Detector Redux 1.1", station "MSGR", mic output "21c Output", and date 2020-05-19.
2020-05-18 10:23:25,278 INFO     Classified 0 of 0 visited clips in 0.0 seconds.
2020-05-18 10:23:25,280 INFO     Classifier will visit 0 clips for detector "Old Bird Thrush Detector Redux 1.1", station "MSGR", mic output "21c Output", and date 2020-05-20.
2020-05-18 10:23:25,282 INFO     Classified 0 of 0 visited clips in 0.0 seconds.
2020-05-18 10:23:25,284 INFO     Classifier will visit 0 clips for detector "Old Bird Thrush Detector Redux 1.1", station "MSGR", mic output "21c Output", and date 2020-05-21.
2020-05-18 10:23:25,285 INFO     Classified 0 of 0 visited clips in 0.0 seconds.
2020-05-18 10:23:25,287 INFO     Classifier will visit 0 clips for detector "Old Bird Thrush Detector Redux 1.1", station "MSGR", mic output "21c Output", and date 2020-05-22.
2020-05-18 10:23:25,289 INFO     Classified 0 of 0 visited clips in 0.0 seconds.
2020-05-18 10:23:25,291 INFO     Classifier will visit 0 clips for detector "Old Bird Thrush Detector Redux 1.1", station "MSGR", mic output "21c Output", and date 2020-05-23.
2020-05-18 10:23:25,292 INFO     Classified 0 of 0 visited clips in 0.0 seconds.
2020-05-18 10:23:25,294 INFO     Classifier will visit 0 clips for detector "Old Bird Thrush Detector Redux 1.1", station "MSGR", mic output "21c Output", and date 2020-05-24.
2020-05-18 10:23:25,296 INFO     Classified 0 of 0 visited clips in 0.0 seconds.
2020-05-18 10:23:25,297 INFO     Classifier will visit 0 clips for detector "Old Bird Thrush Detector Redux 1.1", station "MSGR", mic output "21c Output", and date 2020-05-25.
2020-05-18 10:23:25,298 INFO     Classified 0 of 0 visited clips in 0.0 seconds.
2020-05-18 10:23:25,300 INFO     Classifier will visit 0 clips for detector "Old Bird Thrush Detector Redux 1.1", station "MSGR", mic output "21c Output", and date 2020-05-26.
2020-05-18 10:23:25,302 INFO     Classified 0 of 0 visited clips in 0.0 seconds.
2020-05-18 10:23:25,303 INFO     Classifier will visit 0 clips for detector "Old Bird Thrush Detector Redux 1.1", station "MSGR", mic output "21c Output", and date 2020-05-27.
2020-05-18 10:23:25,305 INFO     Classified 0 of 0 visited clips in 0.0 seconds.
2020-05-18 10:23:25,307 INFO     Classifier will visit 0 clips for detector "Old Bird Thrush Detector Redux 1.1", station "MSGR", mic output "21c Output", and date 2020-05-28.
2020-05-18 10:23:25,308 INFO     Classified 0 of 0 visited clips in 0.0 seconds.
2020-05-18 10:23:25,310 INFO     Classifier will visit 0 clips for detector "Old Bird Thrush Detector Redux 1.1", station "MSGR", mic output "21c Output", and date 2020-05-29.
2020-05-18 10:23:25,312 INFO     Classified 0 of 0 visited clips in 0.0 seconds.
2020-05-18 10:23:25,314 INFO     Classifier will visit 0 clips for detector "Old Bird Thrush Detector Redux 1.1", station "MSGR", mic output "21c Output", and date 2020-05-30.
2020-05-18 10:23:25,315 INFO     Classified 0 of 0 visited clips in 0.0 seconds.
2020-05-18 10:23:25,324 INFO     Job completed.
