2020-06-01 09:49:33,040 INFO     Job started for command "detect" with arguments:
2020-06-01 09:49:33,040 INFO         {
2020-06-01 09:49:33,041 INFO             "detectors": [
2020-06-01 09:49:33,041 INFO                 "Old Bird Thrush Detector Redux 1.1"
2020-06-01 09:49:33,042 INFO             ],
2020-06-01 09:49:33,042 INFO             "stations": [
2020-06-01 09:49:33,042 INFO                 "MSGR"
2020-06-01 09:49:33,042 INFO             ],
2020-06-01 09:49:33,042 INFO             "start_date": "2020-05-28",
2020-06-01 09:49:33,042 INFO             "end_date": "2020-12-30",
2020-06-01 09:49:33,042 INFO             "schedule": "",
2020-06-01 09:49:33,042 INFO             "defer_clip_creation": false
2020-06-01 09:49:33,042 INFO         }
2020-06-01 09:49:33,074 INFO     This command will process recordings for 4 station-nights.
2020-06-01 09:49:33,074 INFO     Processing recordings for station-night 1 of 4 - "MSGR 2020-05-28"...
2020-06-01 09:49:33,077 INFO         Processing recording 1 of 1 - "MSGR / PC / start 2020-05-29 00:50:31+00:00 / duration 8.658 h"...
2020-06-01 09:49:33,082 INFO             Running detector on file "/Volumes/Erebus/msgr-vesper-archive/Recordings/MSGR_2020-05-29_00.50.31_Z.wav"...
2020-06-01 09:51:06,097 INFO             Created 1527 clips from detector "Old Bird Thrush Detector Redux 1.1".
2020-06-01 09:51:06,098 INFO             Ran 1 detector on 31167 seconds of 1-channel audio in 93 seconds, 335 times faster than real time.
2020-06-01 09:51:06,141 INFO     Processing recordings for station-night 2 of 4 - "MSGR 2020-05-29"...
2020-06-01 09:51:06,144 INFO         Processing recording 1 of 1 - "MSGR / PC / start 2020-05-30 00:30:00+00:00 / duration 9.000 h"...
2020-06-01 09:51:06,148 INFO             Running detector on file "/Volumes/Erebus/msgr-vesper-archive/Recordings/MSGR_2020-05-30_00.30.00_Z.wav"...
2020-06-01 09:52:49,061 INFO             Created 2187 clips from detector "Old Bird Thrush Detector Redux 1.1".
2020-06-01 09:52:49,061 INFO             Ran 1 detector on 32400 seconds of 1-channel audio in 103 seconds, 315 times faster than real time.
2020-06-01 09:52:49,118 INFO     Processing recordings for station-night 3 of 4 - "MSGR 2020-05-30"...
2020-06-01 09:52:49,120 INFO         Processing recording 1 of 1 - "MSGR / PC / start 2020-05-31 00:30:00+00:00 / duration 9.000 h"...
2020-06-01 09:52:49,123 INFO             Running detector on file "/Volumes/Erebus/msgr-vesper-archive/Recordings/MSGR_2020-05-31_00.30.00_Z.wav"...
2020-06-01 09:54:15,791 INFO             Created 2560 clips from detector "Old Bird Thrush Detector Redux 1.1".
2020-06-01 09:54:15,791 INFO             Ran 1 detector on 32400 seconds of 1-channel audio in 87 seconds, 374 times faster than real time.
2020-06-01 09:54:15,828 INFO     Processing recordings for station-night 4 of 4 - "MSGR 2020-05-31"...
2020-06-01 09:54:15,831 INFO         Processing recording 1 of 1 - "MSGR / PC / start 2020-06-01 00:30:00+00:00 / duration 9.000 h"...
2020-06-01 09:54:15,833 INFO             Running detector on file "/Volumes/Erebus/msgr-vesper-archive/Recordings/MSGR_2020-06-01_00.30.00_Z.wav"...
2020-06-01 09:55:45,100 INFO             Created 2151 clips from detector "Old Bird Thrush Detector Redux 1.1".
2020-06-01 09:55:45,101 INFO             Ran 1 detector on 32400 seconds of 1-channel audio in 89 seconds, 363 times faster than real time.
2020-06-01 09:55:45,147 INFO     Job completed.
