2020-03-12 09:06:27,030 INFO     Job started for command "import" with arguments:
2020-03-12 09:06:27,030 INFO         {
2020-03-12 09:06:27,031 INFO             "importer": {
2020-03-12 09:06:27,031 INFO                 "name": "Recording Importer",
2020-03-12 09:06:27,032 INFO                 "arguments": {
2020-03-12 09:06:27,033 INFO                     "paths": [
2020-03-12 09:06:27,033 INFO                         "/Users/richard/src/vesper/msgr-vesper-archive/Recordings"
2020-03-12 09:06:27,033 INFO                     ],
2020-03-12 09:06:27,033 INFO                     "recursive": false,
2020-03-12 09:06:27,033 INFO                     "recording_file_parser": {
2020-03-12 09:06:27,034 INFO                         "name": "MPG Ranch Recording File Parser",
2020-03-12 09:06:27,034 INFO                         "arguments": {
2020-03-12 09:06:27,034 INFO                             "station_name_aliases_preset": "Station Name Aliases"
2020-03-12 09:06:27,034 INFO                         }
2020-03-12 09:06:27,034 INFO                     }
2020-03-12 09:06:27,034 INFO                 }
2020-03-12 09:06:27,034 INFO             }
2020-03-12 09:06:27,034 INFO         }
2020-03-12 09:06:27,080 INFO     Found 1 new recording and 4 old recordings at the specified paths.
2020-03-12 09:06:27,080 INFO     The new recordings will be imported.
2020-03-12 09:06:27,084 INFO     Imported recording MSGR / PC / start 2020-03-12 00:30:00+00:00 / duration 9.000 h with files:
2020-03-12 09:06:27,084 INFO         MSGR_2020-03-12_00.30.00_Z.wav
2020-03-12 09:06:27,087 INFO     Job complete.
