2020-09-13 21:43:44,501 INFO     Job started for command "export" with arguments:
2020-09-13 21:43:44,502 INFO         {
2020-09-13 21:43:44,503 INFO             "exporter": {
2020-09-13 21:43:44,506 INFO                 "name": "Clip Metadata CSV File Exporter",
2020-09-13 21:43:44,507 INFO                 "arguments": {
2020-09-13 21:43:44,509 INFO                     "output_file_path": "2020-09-12 tseep.csv"
2020-09-13 21:43:44,511 INFO                 }
2020-09-13 21:43:44,513 INFO             },
2020-09-13 21:43:44,514 INFO             "detectors": [
2020-09-13 21:43:44,516 INFO                 "Old Bird Tseep Detector Redux 1.1"
2020-09-13 21:43:44,517 INFO             ],
2020-09-13 21:43:44,519 INFO             "station_mics": [
2020-09-13 21:43:44,521 INFO                 "MSGR / 21c"
2020-09-13 21:43:44,522 INFO             ],
2020-09-13 21:43:44,526 INFO             "classification": "Call*",
2020-09-13 21:43:44,528 INFO             "start_date": "2020-09-12",
2020-09-13 21:43:44,529 INFO             "end_date": "2020-09-13"
2020-09-13 21:43:44,530 INFO         }
2020-09-13 21:43:44,562 INFO     Exporter will visit 658 clips for detector "Old Bird Tseep Detector Redux 1.1", station "MSGR", mic output "21c Output", and date 2020-09-12.
2020-09-13 21:43:48,970 INFO     Visited 500 clips...
2020-09-13 21:43:50,903 INFO     Exported 658 of 658 visited clips.
2020-09-13 21:43:50,911 INFO     Exporter will visit 0 clips for detector "Old Bird Tseep Detector Redux 1.1", station "MSGR", mic output "21c Output", and date 2020-09-13.
2020-09-13 21:43:50,913 INFO     Exported 0 of 0 visited clips.
2020-09-13 21:43:50,927 INFO     Job completed.
