2020-08-20 08:40:13,857 INFO     Job started for command "detect" with arguments:
2020-08-20 08:40:13,858 INFO         {
2020-08-20 08:40:13,858 INFO             "detectors": [
2020-08-20 08:40:13,858 INFO                 "Old Bird Tseep Detector Redux 1.1"
2020-08-20 08:40:13,858 INFO             ],
2020-08-20 08:40:13,860 INFO             "stations": [
2020-08-20 08:40:13,861 INFO                 "MSGR"
2020-08-20 08:40:13,862 INFO             ],
2020-08-20 08:40:13,863 INFO             "start_date": "2020-08-19",
2020-08-20 08:40:13,863 INFO             "end_date": "2020-08-30",
2020-08-20 08:40:13,864 INFO             "schedule": "",
2020-08-20 08:40:13,864 INFO             "defer_clip_creation": false
2020-08-20 08:40:13,864 INFO         }
2020-08-20 08:40:13,880 INFO     This command will process recordings for 1 station-night.
2020-08-20 08:40:13,880 INFO     Processing recordings for station-night 1 of 1 - "MSGR 2020-08-19"...
2020-08-20 08:40:13,882 INFO         Processing recording 1 of 1 - "MSGR / PC / start 2020-08-20 01:37:00+00:00 / duration 6.550 h"...
2020-08-20 08:40:13,888 INFO             Running detector on file "/Volumes/Erebus/msgr-vesper-archive/Recordings/MSGR_2020-08-20_01.37.00_Z.wav"...
2020-08-20 08:41:09,967 INFO             Created 1578 clips from detector "Old Bird Tseep Detector Redux 1.1".
2020-08-20 08:41:09,968 INFO             Ran 1 detector on 23580 seconds of 1-channel audio in 56 seconds, 420 times faster than real time.
2020-08-20 08:41:09,998 INFO     Job completed.
