2020-10-05 19:26:52,868 INFO     Job started for command "export" with arguments:
2020-10-05 19:26:52,870 INFO         {
2020-10-05 19:26:52,871 INFO             "exporter": {
2020-10-05 19:26:52,871 INFO                 "name": "Clip Metadata CSV File Exporter",
2020-10-05 19:26:52,871 INFO                 "arguments": {
2020-10-05 19:26:52,871 INFO                     "output_file_path": "2020-10-04 tseep.csv"
2020-10-05 19:26:52,871 INFO                 }
2020-10-05 19:26:52,871 INFO             },
2020-10-05 19:26:52,871 INFO             "detectors": [
2020-10-05 19:26:52,872 INFO                 "Old Bird Tseep Detector Redux 1.1"
2020-10-05 19:26:52,872 INFO             ],
2020-10-05 19:26:52,872 INFO             "station_mics": [
2020-10-05 19:26:52,875 INFO                 "MSGR / 21c"
2020-10-05 19:26:52,876 INFO             ],
2020-10-05 19:26:52,877 INFO             "classification": "Call*",
2020-10-05 19:26:52,878 INFO             "start_date": "2020-10-04",
2020-10-05 19:26:52,878 INFO             "end_date": "2020-10-05"
2020-10-05 19:26:52,878 INFO         }
2020-10-05 19:26:52,905 INFO     Exporter will visit 333 clips for detector "Old Bird Tseep Detector Redux 1.1", station "MSGR", mic output "21c Output", and date 2020-10-04.
2020-10-05 19:26:55,320 INFO     Exported 333 of 333 visited clips.
2020-10-05 19:26:55,325 INFO     Exporter will visit 0 clips for detector "Old Bird Tseep Detector Redux 1.1", station "MSGR", mic output "21c Output", and date 2020-10-05.
2020-10-05 19:26:55,327 INFO     Exported 0 of 0 visited clips.
2020-10-05 19:26:55,344 INFO     Job completed.
