2020-03-10 11:34:57,864 INFO     Job started for command "detect" with arguments:
2020-03-10 11:34:57,865 INFO         {
2020-03-10 11:34:57,866 INFO             "detectors": [
2020-03-10 11:34:57,866 INFO                 "Old Bird Tseep Detector Redux 1.1"
2020-03-10 11:34:57,867 INFO             ],
2020-03-10 11:34:57,867 INFO             "stations": [
2020-03-10 11:34:57,868 INFO                 "MSGR"
2020-03-10 11:34:57,868 INFO             ],
2020-03-10 11:34:57,868 INFO             "start_date": "2020-01-01",
2020-03-10 11:34:57,868 INFO             "end_date": "2020-03-30",
2020-03-10 11:34:57,868 INFO             "schedule": "",
2020-03-10 11:34:57,868 INFO             "defer_clip_creation": false
2020-03-10 11:34:57,868 INFO         }
2020-03-10 11:34:57,886 INFO     This command will process recordings for 3 station-nights.
2020-03-10 11:34:57,886 INFO     Processing recordings for station-night 1 of 3 - "MSGR 2020-03-06"...
2020-03-10 11:34:57,888 INFO         Processing recording 1 of 1 - "MSGR / PC / start 2020-03-07 16:36:23+00:00 / duration 6.874 h"...
2020-03-10 11:34:57,891 INFO             Running detector on file "/Users/richard/src/msgr-vesper-archive/Recordings/MSGR_2020-03-07_16.36.23_Z.wav"...
2020-03-10 11:35:22,390 INFO             Archived 799 clips from detector "Old Bird Tseep Detector Redux 1.1".
2020-03-10 11:35:22,390 INFO             Ran 1 detector on 24746 seconds of 1-channel audio in 24 seconds, 1010 times faster than real time.
2020-03-10 11:35:22,390 INFO     Processing recordings for station-night 2 of 3 - "MSGR 2020-03-08"...
2020-03-10 11:35:22,391 INFO         Processing recording 1 of 1 - "MSGR / PC / start 2020-03-08 16:30:00+00:00 / duration 8.999 h"...
2020-03-10 11:35:22,395 INFO             Running detector on file "/Users/richard/src/msgr-vesper-archive/Recordings/MSGR_2020-03-08_16.30.00_Z.wav"...
2020-03-10 11:36:01,462 INFO             Archived 670 clips from detector "Old Bird Tseep Detector Redux 1.1".
2020-03-10 11:36:01,462 INFO             Ran 1 detector on 32397 seconds of 1-channel audio in 39 seconds, 829 times faster than real time.
2020-03-10 11:36:01,462 INFO     Processing recordings for station-night 3 of 3 - "MSGR 2020-03-09"...
2020-03-10 11:36:01,464 INFO         Processing recording 1 of 1 - "MSGR / PC / start 2020-03-09 16:30:00+00:00 / duration 9.000 h"...
2020-03-10 11:36:01,467 INFO             Running detector on file "/Users/richard/src/msgr-vesper-archive/Recordings/MSGR_2020-03-09_16.30.00_Z.wav"...
2020-03-10 11:36:39,249 INFO             Archived 2301 clips from detector "Old Bird Tseep Detector Redux 1.1".
2020-03-10 11:36:39,249 INFO             Ran 1 detector on 32400 seconds of 1-channel audio in 38 seconds, 858 times faster than real time.
2020-03-10 11:36:39,253 INFO     Job complete.
