2020-10-21 20:04:40,362 INFO     Job started for command "export" with arguments:
2020-10-21 20:04:40,363 INFO         {
2020-10-21 20:04:40,364 INFO             "exporter": {
2020-10-21 20:04:40,366 INFO                 "name": "Clip Metadata CSV File Exporter",
2020-10-21 20:04:40,368 INFO                 "arguments": {
2020-10-21 20:04:40,369 INFO                     "output_file_path": "2020-10-20 tseep.csv"
2020-10-21 20:04:40,369 INFO                 }
2020-10-21 20:04:40,370 INFO             },
2020-10-21 20:04:40,371 INFO             "detectors": [
2020-10-21 20:04:40,371 INFO                 "Old Bird Tseep Detector Redux 1.1"
2020-10-21 20:04:40,372 INFO             ],
2020-10-21 20:04:40,373 INFO             "station_mics": [
2020-10-21 20:04:40,374 INFO                 "MSGR / 21c"
2020-10-21 20:04:40,375 INFO             ],
2020-10-21 20:04:40,375 INFO             "classification": "Call*",
2020-10-21 20:04:40,375 INFO             "start_date": "2020-10-20",
2020-10-21 20:04:40,375 INFO             "end_date": "2020-10-21"
2020-10-21 20:04:40,375 INFO         }
2020-10-21 20:04:40,414 INFO     Exporter will visit 60 clips for detector "Old Bird Tseep Detector Redux 1.1", station "MSGR", mic output "21c Output", and date 2020-10-20.
2020-10-21 20:04:41,063 INFO     Exported 60 of 60 visited clips.
2020-10-21 20:04:41,067 INFO     Exporter will visit 0 clips for detector "Old Bird Tseep Detector Redux 1.1", station "MSGR", mic output "21c Output", and date 2020-10-21.
2020-10-21 20:04:41,068 INFO     Exported 0 of 0 visited clips.
2020-10-21 20:04:41,085 INFO     Job completed.
