2020-09-07 11:41:26,081 WARNING  From /Users/richard/miniconda3/envs/vesper-0.4.8/lib/python3.6/site-packages/vesper/mpg_ranch/nfc_coarse_classifier_3_0/dataset_utils.py:25: The name tf.FixedLenFeature is deprecated. Please use tf.io.FixedLenFeature instead.

2020-09-07 11:41:26,642 INFO     Job started for command "export" with arguments:
2020-09-07 11:41:26,643 INFO         {
2020-09-07 11:41:26,643 INFO             "exporter": {
2020-09-07 11:41:26,643 INFO                 "name": "Clip Metadata CSV File Exporter",
2020-09-07 11:41:26,643 INFO                 "arguments": {
2020-09-07 11:41:26,643 INFO                     "output_file_path": "2020-09 Output.csv"
2020-09-07 11:41:26,643 INFO                 }
2020-09-07 11:41:26,644 INFO             },
2020-09-07 11:41:26,644 INFO             "detectors": [
2020-09-07 11:41:26,644 INFO                 "Old Bird Tseep Detector Redux 1.1"
2020-09-07 11:41:26,644 INFO             ],
2020-09-07 11:41:26,644 INFO             "station_mics": [
2020-09-07 11:41:26,644 INFO                 "MSGR / 21c"
2020-09-07 11:41:26,644 INFO             ],
2020-09-07 11:41:26,644 INFO             "classification": "*",
2020-09-07 11:41:26,644 INFO             "start_date": "2020-09-01",
2020-09-07 11:41:26,645 INFO             "end_date": "2020-09-10"
2020-09-07 11:41:26,646 INFO         }
2020-09-07 11:41:26,665 INFO     Exporter will visit 509 clips for detector "Old Bird Tseep Detector Redux 1.1", station "MSGR", mic output "21c Output", and date 2020-09-01.
2020-09-07 11:41:30,348 INFO     Visited 500 clips...
2020-09-07 11:41:30,409 INFO     Exported 509 of 509 visited clips.
2020-09-07 11:41:30,416 INFO     Exporter will visit 2537 clips for detector "Old Bird Tseep Detector Redux 1.1", station "MSGR", mic output "21c Output", and date 2020-09-02.
2020-09-07 11:41:34,220 INFO     Visited 500 clips...
2020-09-07 11:41:38,197 INFO     Visited 1000 clips...
2020-09-07 11:41:42,952 INFO     Visited 1500 clips...
2020-09-07 11:41:46,383 INFO     Visited 2000 clips...
2020-09-07 11:41:49,813 INFO     Visited 2500 clips...
2020-09-07 11:41:50,058 INFO     Exported 2537 of 2537 visited clips.
2020-09-07 11:41:50,075 INFO     Exporter will visit 1310 clips for detector "Old Bird Tseep Detector Redux 1.1", station "MSGR", mic output "21c Output", and date 2020-09-03.
2020-09-07 11:41:54,032 INFO     Visited 500 clips...
2020-09-07 11:41:57,421 INFO     Visited 1000 clips...
2020-09-07 11:41:59,708 INFO     Exported 1310 of 1310 visited clips.
2020-09-07 11:41:59,720 INFO     Exporter will visit 1426 clips for detector "Old Bird Tseep Detector Redux 1.1", station "MSGR", mic output "21c Output", and date 2020-09-04.
2020-09-07 11:42:03,572 INFO     Visited 500 clips...
2020-09-07 11:42:06,989 INFO     Visited 1000 clips...
2020-09-07 11:42:09,934 INFO     Exported 1426 of 1426 visited clips.
2020-09-07 11:42:09,944 INFO     Exporter will visit 1455 clips for detector "Old Bird Tseep Detector Redux 1.1", station "MSGR", mic output "21c Output", and date 2020-09-05.
2020-09-07 11:42:13,367 INFO     Visited 500 clips...
2020-09-07 11:42:17,123 INFO     Visited 1000 clips...
2020-09-07 11:42:20,697 INFO     Exported 1455 of 1455 visited clips.
2020-09-07 11:42:20,709 INFO     Exporter will visit 0 clips for detector "Old Bird Tseep Detector Redux 1.1", station "MSGR", mic output "21c Output", and date 2020-09-06.
2020-09-07 11:42:20,711 INFO     Exported 0 of 0 visited clips.
2020-09-07 11:42:20,714 INFO     Exporter will visit 0 clips for detector "Old Bird Tseep Detector Redux 1.1", station "MSGR", mic output "21c Output", and date 2020-09-07.
2020-09-07 11:42:20,715 INFO     Exported 0 of 0 visited clips.
2020-09-07 11:42:20,718 INFO     Exporter will visit 0 clips for detector "Old Bird Tseep Detector Redux 1.1", station "MSGR", mic output "21c Output", and date 2020-09-08.
2020-09-07 11:42:20,720 INFO     Exported 0 of 0 visited clips.
2020-09-07 11:42:20,722 INFO     Exporter will visit 0 clips for detector "Old Bird Tseep Detector Redux 1.1", station "MSGR", mic output "21c Output", and date 2020-09-09.
2020-09-07 11:42:20,724 INFO     Exported 0 of 0 visited clips.
2020-09-07 11:42:20,727 INFO     Exporter will visit 0 clips for detector "Old Bird Tseep Detector Redux 1.1", station "MSGR", mic output "21c Output", and date 2020-09-10.
2020-09-07 11:42:20,728 INFO     Exported 0 of 0 visited clips.
2020-09-07 11:42:20,745 INFO     Job completed.
