2020-09-30 14:34:02,885 INFO     Job started for command "export" with arguments:
2020-09-30 14:34:02,886 INFO         {
2020-09-30 14:34:02,887 INFO             "exporter": {
2020-09-30 14:34:02,889 INFO                 "name": "Clip Metadata CSV File Exporter",
2020-09-30 14:34:02,890 INFO                 "arguments": {
2020-09-30 14:34:02,891 INFO                     "output_file_path": "2020-09-29 tseep.csv"
2020-09-30 14:34:02,892 INFO                 }
2020-09-30 14:34:02,892 INFO             },
2020-09-30 14:34:02,894 INFO             "detectors": [
2020-09-30 14:34:02,894 INFO                 "Old Bird Tseep Detector Redux 1.1"
2020-09-30 14:34:02,895 INFO             ],
2020-09-30 14:34:02,896 INFO             "station_mics": [
2020-09-30 14:34:02,897 INFO                 "MSGR / 21c"
2020-09-30 14:34:02,897 INFO             ],
2020-09-30 14:34:02,899 INFO             "classification": "Call*",
2020-09-30 14:34:02,899 INFO             "start_date": "2020-09-29",
2020-09-30 14:34:02,900 INFO             "end_date": "2020-09-30"
2020-09-30 14:34:02,901 INFO         }
2020-09-30 14:34:02,924 INFO     Exporter will visit 71 clips for detector "Old Bird Tseep Detector Redux 1.1", station "MSGR", mic output "21c Output", and date 2020-09-29.
2020-09-30 14:34:03,569 INFO     Exported 71 of 71 visited clips.
2020-09-30 14:34:03,573 INFO     Exporter will visit 0 clips for detector "Old Bird Tseep Detector Redux 1.1", station "MSGR", mic output "21c Output", and date 2020-09-30.
2020-09-30 14:34:03,575 INFO     Exported 0 of 0 visited clips.
2020-09-30 14:34:03,590 INFO     Job completed.
