2020-03-29 09:56:02,497 INFO     Job started for command "classify" with arguments:
2020-03-29 09:56:02,500 INFO         {
2020-03-29 09:56:02,501 INFO             "classifier": "MPG Ranch NFC Coarse Classifier 3.0",
2020-03-29 09:56:02,502 INFO             "annotation_name": "Classification",
2020-03-29 09:56:02,502 INFO             "detectors": [
2020-03-29 09:56:02,503 INFO                 "Old Bird Tseep Detector Redux 1.1"
2020-03-29 09:56:02,503 INFO             ],
2020-03-29 09:56:02,503 INFO             "station_mics": [
2020-03-29 09:56:02,503 INFO                 "MSGR / 21c"
2020-03-29 09:56:02,503 INFO             ],
2020-03-29 09:56:02,503 INFO             "start_date": "2020-03-27",
2020-03-29 09:56:02,503 INFO             "end_date": "2020-03-30"
2020-03-29 09:56:02,503 INFO         }
2020-03-29 09:56:02,519 INFO     Creating TensorFlow estimator from saved model in directory "//anaconda3/envs/vesper-0.4.8/lib/python3.6/site-packages/vesper/mpg_ranch/nfc_coarse_classifier_3_0/Tseep Classifier/TensorFlow SavedModel"...
2020-03-29 09:56:02,521 WARNING  
The TensorFlow contrib module will not be included in TensorFlow 2.0.
For more information, please see:
  * https://github.com/tensorflow/community/blob/master/rfcs/20180907-contrib-sunset.md
  * https://github.com/tensorflow/addons
  * https://github.com/tensorflow/io (for I/O related ops)
If you depend on functionality not listed there, please file an issue.

2020-03-29 09:56:03,429 WARNING  Using temporary folder as model directory: /var/folders/2z/dlxt5tt50nzdlqlx1qvr1zdm0000gn/T/tmpbos1_gf7
2020-03-29 09:56:03,436 WARNING  train mode not found in SavedModel.
2020-03-29 09:56:03,436 WARNING  eval mode not found in SavedModel.
2020-03-29 09:56:03,437 INFO     Loading classifier settings from "//anaconda3/envs/vesper-0.4.8/lib/python3.6/site-packages/vesper/mpg_ranch/nfc_coarse_classifier_3_0/Tseep Classifier/Settings.yaml"...
2020-03-29 09:56:03,458 INFO     Creating TensorFlow estimator from saved model in directory "//anaconda3/envs/vesper-0.4.8/lib/python3.6/site-packages/vesper/mpg_ranch/nfc_coarse_classifier_3_0/Thrush Classifier/TensorFlow SavedModel"...
2020-03-29 09:56:03,461 WARNING  Using temporary folder as model directory: /var/folders/2z/dlxt5tt50nzdlqlx1qvr1zdm0000gn/T/tmpt433ol7i
2020-03-29 09:56:03,465 WARNING  train mode not found in SavedModel.
2020-03-29 09:56:03,465 WARNING  eval mode not found in SavedModel.
2020-03-29 09:56:03,465 INFO     Loading classifier settings from "//anaconda3/envs/vesper-0.4.8/lib/python3.6/site-packages/vesper/mpg_ranch/nfc_coarse_classifier_3_0/Thrush Classifier/Settings.yaml"...
2020-03-29 09:56:03,491 INFO     Classifier will visit 1144 clips for detector "Old Bird Tseep Detector Redux 1.1", station "MSGR", mic output "21c Output", and date 2020-03-27.
2020-03-29 09:56:15,799 WARNING  From //anaconda3/envs/vesper-0.4.8/lib/python3.6/site-packages/tensorflow_core/python/autograph/converters/directives.py:119: The name tf.real is deprecated. Please use tf.math.real instead.

2020-03-29 09:56:15,799 WARNING  From //anaconda3/envs/vesper-0.4.8/lib/python3.6/site-packages/tensorflow_core/python/autograph/converters/directives.py:119: The name tf.conj is deprecated. Please use tf.math.conj instead.

2020-03-29 09:56:15,800 WARNING  From //anaconda3/envs/vesper-0.4.8/lib/python3.6/site-packages/tensorflow_core/python/autograph/converters/directives.py:119: The name tf.log is deprecated. Please use tf.math.log instead.

2020-03-29 09:56:16,018 WARNING  From //anaconda3/envs/vesper-0.4.8/lib/python3.6/site-packages/tensorflow_core/python/autograph/converters/directives.py:119: The name tf.Dimension is deprecated. Please use tf.compat.v1.Dimension instead.

2020-03-29 09:56:16,335 WARNING  From //anaconda3/envs/vesper-0.4.8/lib/python3.6/site-packages/tensorflow_core/python/ops/array_ops.py:1475: where (from tensorflow.python.ops.array_ops) is deprecated and will be removed in a future version.
Instructions for updating:
Use tf.where in 2.0, which has the same broadcast rule as np.where
2020-03-29 09:56:24,272 INFO     Classified 1144 of 1144 visited clips in 20.8 seconds, an average of 55.0 clips per second.
2020-03-29 09:56:24,279 INFO     Classifier will visit 1362 clips for detector "Old Bird Tseep Detector Redux 1.1", station "MSGR", mic output "21c Output", and date 2020-03-28.
2020-03-29 09:56:45,677 INFO     Classified 1362 of 1362 visited clips in 21.4 seconds, an average of 63.6 clips per second.
2020-03-29 09:56:45,684 INFO     Classifier will visit 0 clips for detector "Old Bird Tseep Detector Redux 1.1", station "MSGR", mic output "21c Output", and date 2020-03-29.
2020-03-29 09:56:45,686 INFO     Classified 0 of 0 visited clips in 0.0 seconds.
2020-03-29 09:56:45,687 INFO     Classifier will visit 0 clips for detector "Old Bird Tseep Detector Redux 1.1", station "MSGR", mic output "21c Output", and date 2020-03-30.
2020-03-29 09:56:45,689 INFO     Classified 0 of 0 visited clips in 0.0 seconds.
2020-03-29 09:56:45,695 INFO     Job completed.
