2020-10-20 10:49:32,875 INFO     Job started for command "classify" with arguments:
2020-10-20 10:49:32,876 INFO         {
2020-10-20 10:49:32,878 INFO             "classifier": "MPG Ranch NFC Coarse Classifier 3.0",
2020-10-20 10:49:32,878 INFO             "annotation_name": "Classification",
2020-10-20 10:49:32,878 INFO             "detectors": [
2020-10-20 10:49:32,878 INFO                 "Old Bird Thrush Detector Redux 1.1"
2020-10-20 10:49:32,878 INFO             ],
2020-10-20 10:49:32,878 INFO             "station_mics": [
2020-10-20 10:49:32,878 INFO                 "MSGR / 21c"
2020-10-20 10:49:32,878 INFO             ],
2020-10-20 10:49:32,878 INFO             "start_date": "2020-10-18",
2020-10-20 10:49:32,878 INFO             "end_date": "2020-10-20"
2020-10-20 10:49:32,878 INFO         }
2020-10-20 10:49:32,925 INFO     Creating TensorFlow estimator from saved model in directory "/Users/richard/miniconda3/envs/vesper-0.4.8/lib/python3.6/site-packages/vesper/mpg_ranch/nfc_coarse_classifier_3_0/Tseep Classifier/TensorFlow SavedModel"...
2020-10-20 10:49:32,926 WARNING  
The TensorFlow contrib module will not be included in TensorFlow 2.0.
For more information, please see:
  * https://github.com/tensorflow/community/blob/master/rfcs/20180907-contrib-sunset.md
  * https://github.com/tensorflow/addons
  * https://github.com/tensorflow/io (for I/O related ops)
If you depend on functionality not listed there, please file an issue.

2020-10-20 10:49:34,302 WARNING  Using temporary folder as model directory: /var/folders/2z/dlxt5tt50nzdlqlx1qvr1zdm0000gn/T/tmpkyesnhgc
2020-10-20 10:49:34,317 WARNING  train mode not found in SavedModel.
2020-10-20 10:49:34,317 WARNING  eval mode not found in SavedModel.
2020-10-20 10:49:34,318 INFO     Loading classifier settings from "/Users/richard/miniconda3/envs/vesper-0.4.8/lib/python3.6/site-packages/vesper/mpg_ranch/nfc_coarse_classifier_3_0/Tseep Classifier/Settings.yaml"...
2020-10-20 10:49:34,369 INFO     Creating TensorFlow estimator from saved model in directory "/Users/richard/miniconda3/envs/vesper-0.4.8/lib/python3.6/site-packages/vesper/mpg_ranch/nfc_coarse_classifier_3_0/Thrush Classifier/TensorFlow SavedModel"...
2020-10-20 10:49:34,373 WARNING  Using temporary folder as model directory: /var/folders/2z/dlxt5tt50nzdlqlx1qvr1zdm0000gn/T/tmpbbli7p2m
2020-10-20 10:49:34,381 WARNING  train mode not found in SavedModel.
2020-10-20 10:49:34,381 WARNING  eval mode not found in SavedModel.
2020-10-20 10:49:34,382 INFO     Loading classifier settings from "/Users/richard/miniconda3/envs/vesper-0.4.8/lib/python3.6/site-packages/vesper/mpg_ranch/nfc_coarse_classifier_3_0/Thrush Classifier/Settings.yaml"...
2020-10-20 10:49:34,423 INFO     Classifier will visit 1438 clips for detector "Old Bird Thrush Detector Redux 1.1", station "MSGR", mic output "21c Output", and date 2020-10-18.
2020-10-20 10:50:13,132 WARNING  From /Users/richard/miniconda3/envs/vesper-0.4.8/lib/python3.6/site-packages/tensorflow_core/python/autograph/converters/directives.py:119: The name tf.real is deprecated. Please use tf.math.real instead.

2020-10-20 10:50:13,133 WARNING  From /Users/richard/miniconda3/envs/vesper-0.4.8/lib/python3.6/site-packages/tensorflow_core/python/autograph/converters/directives.py:119: The name tf.conj is deprecated. Please use tf.math.conj instead.

2020-10-20 10:50:13,134 WARNING  From /Users/richard/miniconda3/envs/vesper-0.4.8/lib/python3.6/site-packages/tensorflow_core/python/autograph/converters/directives.py:119: The name tf.log is deprecated. Please use tf.math.log instead.

2020-10-20 10:50:13,468 WARNING  From /Users/richard/miniconda3/envs/vesper-0.4.8/lib/python3.6/site-packages/tensorflow_core/python/autograph/converters/directives.py:119: The name tf.Dimension is deprecated. Please use tf.compat.v1.Dimension instead.

2020-10-20 10:50:14,396 WARNING  From /Users/richard/miniconda3/envs/vesper-0.4.8/lib/python3.6/site-packages/tensorflow_core/python/ops/array_ops.py:1475: where (from tensorflow.python.ops.array_ops) is deprecated and will be removed in a future version.
Instructions for updating:
Use tf.where in 2.0, which has the same broadcast rule as np.where
2020-10-20 10:50:35,643 INFO     Classified 1438 of 1438 visited clips in 61.2 seconds, an average of 23.5 clips per second.
2020-10-20 10:50:35,658 INFO     Classifier will visit 3908 clips for detector "Old Bird Thrush Detector Redux 1.1", station "MSGR", mic output "21c Output", and date 2020-10-19.
2020-10-20 10:53:46,902 INFO     Classified 3908 of 3908 visited clips in 191.2 seconds, an average of 20.4 clips per second.
2020-10-20 10:53:46,983 INFO     Classifier will visit 0 clips for detector "Old Bird Thrush Detector Redux 1.1", station "MSGR", mic output "21c Output", and date 2020-10-20.
2020-10-20 10:53:46,989 INFO     Classified 0 of 0 visited clips in 0.0 seconds.
2020-10-20 10:53:47,058 INFO     Job completed.
