2020-09-13 07:37:10,278 INFO     Job started for command "detect" with arguments:
2020-09-13 07:37:10,278 INFO         {
2020-09-13 07:37:10,280 INFO             "detectors": [
2020-09-13 07:37:10,281 INFO                 "Old Bird Tseep Detector Redux 1.1"
2020-09-13 07:37:10,281 INFO             ],
2020-09-13 07:37:10,282 INFO             "stations": [
2020-09-13 07:37:10,283 INFO                 "MSGR"
2020-09-13 07:37:10,286 INFO             ],
2020-09-13 07:37:10,287 INFO             "start_date": "2020-09-10",
2020-09-13 07:37:10,288 INFO             "end_date": "2020-09-15",
2020-09-13 07:37:10,289 INFO             "schedule": "",
2020-09-13 07:37:10,289 INFO             "defer_clip_creation": false
2020-09-13 07:37:10,291 INFO         }
2020-09-13 07:37:10,304 INFO     This command will process recordings for 3 station-nights.
2020-09-13 07:37:10,304 INFO     Processing recordings for station-night 1 of 3 - "MSGR 2020-09-10"...
2020-09-13 07:37:10,308 INFO         Processing recording 1 of 1 - "MSGR / PC / start 2020-09-11 00:51:00+00:00 / duration 7.867 h"...
2020-09-13 07:37:10,313 INFO             Running detector on file "/Volumes/Erebus/msgr-vesper-archive/Recordings/MSGR_2020-09-11_00.51.00_Z.wav"...
2020-09-13 07:38:22,687 INFO             Created 795 clips from detector "Old Bird Tseep Detector Redux 1.1".
2020-09-13 07:38:22,687 INFO             Ran 1 detector on 28320 seconds of 1-channel audio in 72 seconds, 391 times faster than real time.
2020-09-13 07:38:22,731 INFO     Processing recordings for station-night 2 of 3 - "MSGR 2020-09-11"...
2020-09-13 07:38:22,733 INFO         Processing recording 1 of 1 - "MSGR / PC / start 2020-09-12 00:47:00+00:00 / duration 7.983 h"...
2020-09-13 07:38:22,736 INFO             Running detector on file "/Volumes/Erebus/msgr-vesper-archive/Recordings/MSGR_2020-09-12_00.47.00_Z.wav"...
2020-09-13 07:39:35,678 INFO             Created 1035 clips from detector "Old Bird Tseep Detector Redux 1.1".
2020-09-13 07:39:35,678 INFO             Ran 1 detector on 28740 seconds of 1-channel audio in 73 seconds, 394 times faster than real time.
2020-09-13 07:39:35,718 INFO     Processing recordings for station-night 3 of 3 - "MSGR 2020-09-12"...
2020-09-13 07:39:35,720 INFO         Processing recording 1 of 1 - "MSGR / PC / start 2020-09-13 00:47:00+00:00 / duration 8.000 h"...
2020-09-13 07:39:35,723 INFO             Running detector on file "/Volumes/Erebus/msgr-vesper-archive/Recordings/MSGR_2020-09-13_00.47.00_Z.wav"...
2020-09-13 07:40:49,963 INFO             Created 1166 clips from detector "Old Bird Tseep Detector Redux 1.1".
2020-09-13 07:40:49,964 INFO             Ran 1 detector on 28800 seconds of 1-channel audio in 74 seconds, 388 times faster than real time.
2020-09-13 07:40:50,014 INFO     Job completed.
