2020-03-29 09:56:26,184 INFO     Job started for command "classify" with arguments:
2020-03-29 09:56:26,186 INFO         {
2020-03-29 09:56:26,187 INFO             "classifier": "MPG Ranch NFC Coarse Classifier 3.0",
2020-03-29 09:56:26,187 INFO             "annotation_name": "Classification",
2020-03-29 09:56:26,187 INFO             "detectors": [
2020-03-29 09:56:26,189 INFO                 "Old Bird Thrush Detector Redux 1.1"
2020-03-29 09:56:26,189 INFO             ],
2020-03-29 09:56:26,189 INFO             "station_mics": [
2020-03-29 09:56:26,189 INFO                 "MSGR / 21c"
2020-03-29 09:56:26,190 INFO             ],
2020-03-29 09:56:26,190 INFO             "start_date": "2020-03-27",
2020-03-29 09:56:26,190 INFO             "end_date": "2020-03-30"
2020-03-29 09:56:26,190 INFO         }
2020-03-29 09:56:26,201 INFO     Creating TensorFlow estimator from saved model in directory "//anaconda3/envs/vesper-0.4.8/lib/python3.6/site-packages/vesper/mpg_ranch/nfc_coarse_classifier_3_0/Tseep Classifier/TensorFlow SavedModel"...
2020-03-29 09:56:26,202 WARNING  
The TensorFlow contrib module will not be included in TensorFlow 2.0.
For more information, please see:
  * https://github.com/tensorflow/community/blob/master/rfcs/20180907-contrib-sunset.md
  * https://github.com/tensorflow/addons
  * https://github.com/tensorflow/io (for I/O related ops)
If you depend on functionality not listed there, please file an issue.

2020-03-29 09:56:26,921 WARNING  Using temporary folder as model directory: /var/folders/2z/dlxt5tt50nzdlqlx1qvr1zdm0000gn/T/tmpymurdx8q
2020-03-29 09:56:26,925 WARNING  train mode not found in SavedModel.
2020-03-29 09:56:26,925 WARNING  eval mode not found in SavedModel.
2020-03-29 09:56:26,926 INFO     Loading classifier settings from "//anaconda3/envs/vesper-0.4.8/lib/python3.6/site-packages/vesper/mpg_ranch/nfc_coarse_classifier_3_0/Tseep Classifier/Settings.yaml"...
2020-03-29 09:56:26,941 INFO     Creating TensorFlow estimator from saved model in directory "//anaconda3/envs/vesper-0.4.8/lib/python3.6/site-packages/vesper/mpg_ranch/nfc_coarse_classifier_3_0/Thrush Classifier/TensorFlow SavedModel"...
2020-03-29 09:56:26,942 WARNING  Using temporary folder as model directory: /var/folders/2z/dlxt5tt50nzdlqlx1qvr1zdm0000gn/T/tmp3ja9wba9
2020-03-29 09:56:26,946 WARNING  train mode not found in SavedModel.
2020-03-29 09:56:26,946 WARNING  eval mode not found in SavedModel.
2020-03-29 09:56:26,946 INFO     Loading classifier settings from "//anaconda3/envs/vesper-0.4.8/lib/python3.6/site-packages/vesper/mpg_ranch/nfc_coarse_classifier_3_0/Thrush Classifier/Settings.yaml"...
2020-03-29 09:56:26,968 INFO     Classifier will visit 1622 clips for detector "Old Bird Thrush Detector Redux 1.1", station "MSGR", mic output "21c Output", and date 2020-03-27.
2020-03-29 09:56:28,754 INFO     Classified 0 of 1622 visited clips in 1.8 seconds, an average of 901.1 clips per second.
2020-03-29 09:56:28,757 INFO     Classifier will visit 1298 clips for detector "Old Bird Thrush Detector Redux 1.1", station "MSGR", mic output "21c Output", and date 2020-03-28.
2020-03-29 09:56:29,981 INFO     Classified 0 of 1298 visited clips in 1.2 seconds, an average of 1081.7 clips per second.
2020-03-29 09:56:29,984 INFO     Classifier will visit 0 clips for detector "Old Bird Thrush Detector Redux 1.1", station "MSGR", mic output "21c Output", and date 2020-03-29.
2020-03-29 09:56:29,985 INFO     Classified 0 of 0 visited clips in 0.0 seconds.
2020-03-29 09:56:29,988 INFO     Classifier will visit 0 clips for detector "Old Bird Thrush Detector Redux 1.1", station "MSGR", mic output "21c Output", and date 2020-03-30.
2020-03-29 09:56:29,989 INFO     Classified 0 of 0 visited clips in 0.0 seconds.
2020-03-29 09:56:29,997 INFO     Job completed.
