2020-10-30 09:47:06,153 INFO     Job started for command "classify" with arguments:
2020-10-30 09:47:06,154 INFO         {
2020-10-30 09:47:06,154 INFO             "classifier": "MPG Ranch NFC Coarse Classifier 3.0",
2020-10-30 09:47:06,155 INFO             "annotation_name": "Classification",
2020-10-30 09:47:06,156 INFO             "detectors": [
2020-10-30 09:47:06,156 INFO                 "Old Bird Tseep Detector Redux 1.1"
2020-10-30 09:47:06,157 INFO             ],
2020-10-30 09:47:06,158 INFO             "station_mics": [
2020-10-30 09:47:06,159 INFO                 "MSGR / 21c"
2020-10-30 09:47:06,159 INFO             ],
2020-10-30 09:47:06,161 INFO             "start_date": "2020-10-29",
2020-10-30 09:47:06,162 INFO             "end_date": "2020-10-30"
2020-10-30 09:47:06,163 INFO         }
2020-10-30 09:47:06,178 INFO     Creating TensorFlow estimator from saved model in directory "/Users/richard/miniconda3/envs/vesper-0.4.8/lib/python3.6/site-packages/vesper/mpg_ranch/nfc_coarse_classifier_3_0/Tseep Classifier/TensorFlow SavedModel"...
2020-10-30 09:47:06,178 WARNING  
The TensorFlow contrib module will not be included in TensorFlow 2.0.
For more information, please see:
  * https://github.com/tensorflow/community/blob/master/rfcs/20180907-contrib-sunset.md
  * https://github.com/tensorflow/addons
  * https://github.com/tensorflow/io (for I/O related ops)
If you depend on functionality not listed there, please file an issue.

2020-10-30 09:47:07,377 WARNING  Using temporary folder as model directory: /var/folders/2z/dlxt5tt50nzdlqlx1qvr1zdm0000gn/T/tmp3_56i0f2
2020-10-30 09:47:07,384 WARNING  train mode not found in SavedModel.
2020-10-30 09:47:07,385 WARNING  eval mode not found in SavedModel.
2020-10-30 09:47:07,386 INFO     Loading classifier settings from "/Users/richard/miniconda3/envs/vesper-0.4.8/lib/python3.6/site-packages/vesper/mpg_ranch/nfc_coarse_classifier_3_0/Tseep Classifier/Settings.yaml"...
2020-10-30 09:47:07,404 INFO     Creating TensorFlow estimator from saved model in directory "/Users/richard/miniconda3/envs/vesper-0.4.8/lib/python3.6/site-packages/vesper/mpg_ranch/nfc_coarse_classifier_3_0/Thrush Classifier/TensorFlow SavedModel"...
2020-10-30 09:47:07,407 WARNING  Using temporary folder as model directory: /var/folders/2z/dlxt5tt50nzdlqlx1qvr1zdm0000gn/T/tmp2u0tsm1f
2020-10-30 09:47:07,410 WARNING  train mode not found in SavedModel.
2020-10-30 09:47:07,410 WARNING  eval mode not found in SavedModel.
2020-10-30 09:47:07,411 INFO     Loading classifier settings from "/Users/richard/miniconda3/envs/vesper-0.4.8/lib/python3.6/site-packages/vesper/mpg_ranch/nfc_coarse_classifier_3_0/Thrush Classifier/Settings.yaml"...
2020-10-30 09:47:07,436 INFO     Classifier will visit 3819 clips for detector "Old Bird Tseep Detector Redux 1.1", station "MSGR", mic output "21c Output", and date 2020-10-29.
2020-10-30 09:47:48,451 WARNING  From /Users/richard/miniconda3/envs/vesper-0.4.8/lib/python3.6/site-packages/tensorflow_core/python/autograph/converters/directives.py:119: The name tf.real is deprecated. Please use tf.math.real instead.

2020-10-30 09:47:48,451 WARNING  From /Users/richard/miniconda3/envs/vesper-0.4.8/lib/python3.6/site-packages/tensorflow_core/python/autograph/converters/directives.py:119: The name tf.conj is deprecated. Please use tf.math.conj instead.

2020-10-30 09:47:48,451 WARNING  From /Users/richard/miniconda3/envs/vesper-0.4.8/lib/python3.6/site-packages/tensorflow_core/python/autograph/converters/directives.py:119: The name tf.log is deprecated. Please use tf.math.log instead.

2020-10-30 09:47:48,730 WARNING  From /Users/richard/miniconda3/envs/vesper-0.4.8/lib/python3.6/site-packages/tensorflow_core/python/autograph/converters/directives.py:119: The name tf.Dimension is deprecated. Please use tf.compat.v1.Dimension instead.

2020-10-30 09:47:49,189 WARNING  From /Users/richard/miniconda3/envs/vesper-0.4.8/lib/python3.6/site-packages/tensorflow_core/python/ops/array_ops.py:1475: where (from tensorflow.python.ops.array_ops) is deprecated and will be removed in a future version.
Instructions for updating:
Use tf.where in 2.0, which has the same broadcast rule as np.where
2020-10-30 09:48:23,997 INFO     Classified 3819 of 3819 visited clips in 76.6 seconds, an average of 49.9 clips per second.
2020-10-30 09:48:24,028 INFO     Classifier will visit 0 clips for detector "Old Bird Tseep Detector Redux 1.1", station "MSGR", mic output "21c Output", and date 2020-10-30.
2020-10-30 09:48:24,031 INFO     Classified 0 of 0 visited clips in 0.0 seconds.
2020-10-30 09:48:24,043 INFO     Job completed.
