2020-03-29 09:53:14,705 INFO     Job started for command "classify" with arguments:
2020-03-29 09:53:14,705 INFO         {
2020-03-29 09:53:14,706 INFO             "classifier": "MPG Ranch NFC Coarse Classifier 3.0",
2020-03-29 09:53:14,707 INFO             "annotation_name": "Classification",
2020-03-29 09:53:14,707 INFO             "detectors": [
2020-03-29 09:53:14,707 INFO                 "Old Bird Thrush Detector Redux 1.1"
2020-03-29 09:53:14,707 INFO             ],
2020-03-29 09:53:14,707 INFO             "station_mics": [
2020-03-29 09:53:14,707 INFO                 "MSGR / 21c"
2020-03-29 09:53:14,707 INFO             ],
2020-03-29 09:53:14,707 INFO             "start_date": "2020-03-27",
2020-03-29 09:53:14,707 INFO             "end_date": "2020-03-30"
2020-03-29 09:53:14,707 INFO         }
2020-03-29 09:53:14,718 INFO     Creating TensorFlow estimator from saved model in directory "//anaconda3/envs/vesper-0.4.8/lib/python3.6/site-packages/vesper/mpg_ranch/nfc_coarse_classifier_3_0/Tseep Classifier/TensorFlow SavedModel"...
2020-03-29 09:53:14,718 WARNING  
The TensorFlow contrib module will not be included in TensorFlow 2.0.
For more information, please see:
  * https://github.com/tensorflow/community/blob/master/rfcs/20180907-contrib-sunset.md
  * https://github.com/tensorflow/addons
  * https://github.com/tensorflow/io (for I/O related ops)
If you depend on functionality not listed there, please file an issue.

2020-03-29 09:53:15,601 WARNING  Using temporary folder as model directory: /var/folders/2z/dlxt5tt50nzdlqlx1qvr1zdm0000gn/T/tmphs9k3nqs
2020-03-29 09:53:15,607 WARNING  train mode not found in SavedModel.
2020-03-29 09:53:15,607 WARNING  eval mode not found in SavedModel.
2020-03-29 09:53:15,608 INFO     Loading classifier settings from "//anaconda3/envs/vesper-0.4.8/lib/python3.6/site-packages/vesper/mpg_ranch/nfc_coarse_classifier_3_0/Tseep Classifier/Settings.yaml"...
2020-03-29 09:53:15,622 INFO     Creating TensorFlow estimator from saved model in directory "//anaconda3/envs/vesper-0.4.8/lib/python3.6/site-packages/vesper/mpg_ranch/nfc_coarse_classifier_3_0/Thrush Classifier/TensorFlow SavedModel"...
2020-03-29 09:53:15,624 WARNING  Using temporary folder as model directory: /var/folders/2z/dlxt5tt50nzdlqlx1qvr1zdm0000gn/T/tmp7zyjhvz4
2020-03-29 09:53:15,627 WARNING  train mode not found in SavedModel.
2020-03-29 09:53:15,627 WARNING  eval mode not found in SavedModel.
2020-03-29 09:53:15,627 INFO     Loading classifier settings from "//anaconda3/envs/vesper-0.4.8/lib/python3.6/site-packages/vesper/mpg_ranch/nfc_coarse_classifier_3_0/Thrush Classifier/Settings.yaml"...
2020-03-29 09:53:15,650 INFO     Classifier will visit 1622 clips for detector "Old Bird Thrush Detector Redux 1.1", station "MSGR", mic output "21c Output", and date 2020-03-27.
2020-03-29 09:53:34,042 WARNING  From //anaconda3/envs/vesper-0.4.8/lib/python3.6/site-packages/tensorflow_core/python/autograph/converters/directives.py:119: The name tf.real is deprecated. Please use tf.math.real instead.

2020-03-29 09:53:34,042 WARNING  From //anaconda3/envs/vesper-0.4.8/lib/python3.6/site-packages/tensorflow_core/python/autograph/converters/directives.py:119: The name tf.conj is deprecated. Please use tf.math.conj instead.

2020-03-29 09:53:34,043 WARNING  From //anaconda3/envs/vesper-0.4.8/lib/python3.6/site-packages/tensorflow_core/python/autograph/converters/directives.py:119: The name tf.log is deprecated. Please use tf.math.log instead.

2020-03-29 09:53:34,266 WARNING  From //anaconda3/envs/vesper-0.4.8/lib/python3.6/site-packages/tensorflow_core/python/autograph/converters/directives.py:119: The name tf.Dimension is deprecated. Please use tf.compat.v1.Dimension instead.

2020-03-29 09:53:34,624 WARNING  From //anaconda3/envs/vesper-0.4.8/lib/python3.6/site-packages/tensorflow_core/python/ops/array_ops.py:1475: where (from tensorflow.python.ops.array_ops) is deprecated and will be removed in a future version.
Instructions for updating:
Use tf.where in 2.0, which has the same broadcast rule as np.where
2020-03-29 09:53:45,265 INFO     Classified 1622 of 1622 visited clips in 29.6 seconds, an average of 54.8 clips per second.
2020-03-29 09:53:45,273 INFO     Classifier will visit 1298 clips for detector "Old Bird Thrush Detector Redux 1.1", station "MSGR", mic output "21c Output", and date 2020-03-28.
2020-03-29 09:54:06,527 INFO     Classified 1298 of 1298 visited clips in 21.3 seconds, an average of 60.9 clips per second.
2020-03-29 09:54:06,534 INFO     Classifier will visit 0 clips for detector "Old Bird Thrush Detector Redux 1.1", station "MSGR", mic output "21c Output", and date 2020-03-29.
2020-03-29 09:54:06,535 INFO     Classified 0 of 0 visited clips in 0.0 seconds.
2020-03-29 09:54:06,537 INFO     Classifier will visit 0 clips for detector "Old Bird Thrush Detector Redux 1.1", station "MSGR", mic output "21c Output", and date 2020-03-30.
2020-03-29 09:54:06,539 INFO     Classified 0 of 0 visited clips in 0.0 seconds.
2020-03-29 09:54:06,545 INFO     Job completed.
