2020-08-15 16:15:40,406 INFO     Job started for command "export" with arguments:
2020-08-15 16:15:40,407 INFO         {
2020-08-15 16:15:40,407 INFO             "exporter": {
2020-08-15 16:15:40,410 INFO                 "name": "Clip Audio Files Exporter",
2020-08-15 16:15:40,410 INFO                 "arguments": {
2020-08-15 16:15:40,410 INFO                     "output_dir_path": "clips",
2020-08-15 16:15:40,411 INFO                     "clip_file_name_formatter": {
2020-08-15 16:15:40,412 INFO                         "name": "Simple Clip File Name Formatter"
2020-08-15 16:15:40,412 INFO                     }
2020-08-15 16:15:40,413 INFO                 }
2020-08-15 16:15:40,414 INFO             },
2020-08-15 16:15:40,414 INFO             "detectors": [
2020-08-15 16:15:40,415 INFO                 "Old Bird Tseep Detector Redux 1.1"
2020-08-15 16:15:40,415 INFO             ],
2020-08-15 16:15:40,416 INFO             "station_mics": [
2020-08-15 16:15:40,416 INFO                 "MSGR / 21c"
2020-08-15 16:15:40,417 INFO             ],
2020-08-15 16:15:40,418 INFO             "classification": "Unclassified",
2020-08-15 16:15:40,418 INFO             "start_date": "2020-08-14",
2020-08-15 16:15:40,419 INFO             "end_date": "2020-08-14"
2020-08-15 16:15:40,419 INFO         }
2020-08-15 16:15:41,132 INFO     Exporter will visit 0 clips for detector "Old Bird Tseep Detector Redux 1.1", station "MSGR", mic output "21c Output", and date 2020-08-14.
2020-08-15 16:15:41,303 INFO     Exported 0 of 0 visited clips.
2020-08-15 16:15:41,316 INFO     Job completed.
