2020-09-17 20:08:56,349 INFO     Job started for command "classify" with arguments:
2020-09-17 20:08:56,349 INFO         {
2020-09-17 20:08:56,350 INFO             "classifier": "MPG Ranch NFC Coarse Classifier 3.0",
2020-09-17 20:08:56,351 INFO             "annotation_name": "Classification",
2020-09-17 20:08:56,353 INFO             "detectors": [
2020-09-17 20:08:56,354 INFO                 "Old Bird Tseep Detector Redux 1.1"
2020-09-17 20:08:56,357 INFO             ],
2020-09-17 20:08:56,358 INFO             "station_mics": [
2020-09-17 20:08:56,359 INFO                 "MSGR / 21c"
2020-09-17 20:08:56,360 INFO             ],
2020-09-17 20:08:56,361 INFO             "start_date": "2020-09-15",
2020-09-17 20:08:56,362 INFO             "end_date": "2020-09-20"
2020-09-17 20:08:56,362 INFO         }
2020-09-17 20:08:56,371 INFO     Creating TensorFlow estimator from saved model in directory "/Users/richard/miniconda3/envs/vesper-0.4.8/lib/python3.6/site-packages/vesper/mpg_ranch/nfc_coarse_classifier_3_0/Tseep Classifier/TensorFlow SavedModel"...
2020-09-17 20:08:56,372 WARNING  
The TensorFlow contrib module will not be included in TensorFlow 2.0.
For more information, please see:
  * https://github.com/tensorflow/community/blob/master/rfcs/20180907-contrib-sunset.md
  * https://github.com/tensorflow/addons
  * https://github.com/tensorflow/io (for I/O related ops)
If you depend on functionality not listed there, please file an issue.

2020-09-17 20:08:57,050 WARNING  Using temporary folder as model directory: /var/folders/2z/dlxt5tt50nzdlqlx1qvr1zdm0000gn/T/tmpp5qugwqu
2020-09-17 20:08:57,054 WARNING  train mode not found in SavedModel.
2020-09-17 20:08:57,054 WARNING  eval mode not found in SavedModel.
2020-09-17 20:08:57,055 INFO     Loading classifier settings from "/Users/richard/miniconda3/envs/vesper-0.4.8/lib/python3.6/site-packages/vesper/mpg_ranch/nfc_coarse_classifier_3_0/Tseep Classifier/Settings.yaml"...
2020-09-17 20:08:57,070 INFO     Creating TensorFlow estimator from saved model in directory "/Users/richard/miniconda3/envs/vesper-0.4.8/lib/python3.6/site-packages/vesper/mpg_ranch/nfc_coarse_classifier_3_0/Thrush Classifier/TensorFlow SavedModel"...
2020-09-17 20:08:57,072 WARNING  Using temporary folder as model directory: /var/folders/2z/dlxt5tt50nzdlqlx1qvr1zdm0000gn/T/tmpizyl9fmu
2020-09-17 20:08:57,075 WARNING  train mode not found in SavedModel.
2020-09-17 20:08:57,075 WARNING  eval mode not found in SavedModel.
2020-09-17 20:08:57,075 INFO     Loading classifier settings from "/Users/richard/miniconda3/envs/vesper-0.4.8/lib/python3.6/site-packages/vesper/mpg_ranch/nfc_coarse_classifier_3_0/Thrush Classifier/Settings.yaml"...
2020-09-17 20:08:57,096 INFO     Classifier will visit 1598 clips for detector "Old Bird Tseep Detector Redux 1.1", station "MSGR", mic output "21c Output", and date 2020-09-15.
2020-09-17 20:09:29,455 WARNING  From /Users/richard/miniconda3/envs/vesper-0.4.8/lib/python3.6/site-packages/tensorflow_core/python/autograph/converters/directives.py:119: The name tf.real is deprecated. Please use tf.math.real instead.

2020-09-17 20:09:29,455 WARNING  From /Users/richard/miniconda3/envs/vesper-0.4.8/lib/python3.6/site-packages/tensorflow_core/python/autograph/converters/directives.py:119: The name tf.conj is deprecated. Please use tf.math.conj instead.

2020-09-17 20:09:29,456 WARNING  From /Users/richard/miniconda3/envs/vesper-0.4.8/lib/python3.6/site-packages/tensorflow_core/python/autograph/converters/directives.py:119: The name tf.log is deprecated. Please use tf.math.log instead.

2020-09-17 20:09:29,921 WARNING  From /Users/richard/miniconda3/envs/vesper-0.4.8/lib/python3.6/site-packages/tensorflow_core/python/autograph/converters/directives.py:119: The name tf.Dimension is deprecated. Please use tf.compat.v1.Dimension instead.

2020-09-17 20:09:30,347 WARNING  From /Users/richard/miniconda3/envs/vesper-0.4.8/lib/python3.6/site-packages/tensorflow_core/python/ops/array_ops.py:1475: where (from tensorflow.python.ops.array_ops) is deprecated and will be removed in a future version.
Instructions for updating:
Use tf.where in 2.0, which has the same broadcast rule as np.where
2020-09-17 20:09:44,544 INFO     Classified 1598 of 1598 visited clips in 47.4 seconds, an average of 33.7 clips per second.
2020-09-17 20:09:44,566 INFO     Classifier will visit 1344 clips for detector "Old Bird Tseep Detector Redux 1.1", station "MSGR", mic output "21c Output", and date 2020-09-16.
2020-09-17 20:10:09,046 INFO     Classified 1344 of 1344 visited clips in 24.5 seconds, an average of 54.9 clips per second.
2020-09-17 20:10:09,054 INFO     Classifier will visit 0 clips for detector "Old Bird Tseep Detector Redux 1.1", station "MSGR", mic output "21c Output", and date 2020-09-17.
2020-09-17 20:10:09,056 INFO     Classified 0 of 0 visited clips in 0.0 seconds.
2020-09-17 20:10:09,059 INFO     Classifier will visit 0 clips for detector "Old Bird Tseep Detector Redux 1.1", station "MSGR", mic output "21c Output", and date 2020-09-18.
2020-09-17 20:10:09,061 INFO     Classified 0 of 0 visited clips in 0.0 seconds.
2020-09-17 20:10:09,064 INFO     Classifier will visit 0 clips for detector "Old Bird Tseep Detector Redux 1.1", station "MSGR", mic output "21c Output", and date 2020-09-19.
2020-09-17 20:10:09,066 INFO     Classified 0 of 0 visited clips in 0.0 seconds.
2020-09-17 20:10:09,068 INFO     Classifier will visit 0 clips for detector "Old Bird Tseep Detector Redux 1.1", station "MSGR", mic output "21c Output", and date 2020-09-20.
2020-09-17 20:10:09,071 INFO     Classified 0 of 0 visited clips in 0.0 seconds.
2020-09-17 20:10:09,079 INFO     Job completed.
