2020-10-28 10:21:03,408 INFO     Job started for command "detect" with arguments:
2020-10-28 10:21:03,408 INFO         {
2020-10-28 10:21:03,409 INFO             "detectors": [
2020-10-28 10:21:03,410 INFO                 "Old Bird Thrush Detector Redux 1.1"
2020-10-28 10:21:03,410 INFO             ],
2020-10-28 10:21:03,411 INFO             "stations": [
2020-10-28 10:21:03,411 INFO                 "MSGR"
2020-10-28 10:21:03,412 INFO             ],
2020-10-28 10:21:03,413 INFO             "start_date": "2020-10-26",
2020-10-28 10:21:03,414 INFO             "end_date": "2020-10-30",
2020-10-28 10:21:03,414 INFO             "schedule": "",
2020-10-28 10:21:03,416 INFO             "defer_clip_creation": false
2020-10-28 10:21:03,416 INFO         }
2020-10-28 10:21:03,427 INFO     This command will process recordings for 2 station-nights.
2020-10-28 10:21:03,427 INFO     Processing recordings for station-night 1 of 2 - "MSGR 2020-10-26"...
2020-10-28 10:21:03,430 INFO         Processing recording 1 of 1 - "MSGR / PC / start 2020-10-26 23:25:00+00:00 / duration 10.300 h"...
2020-10-28 10:21:03,435 INFO             Running detector on file "/Volumes/Erebus/msgr-vesper-archive/Recordings/MSGR_2020-10-26_23.25.00_Z.wav"...
2020-10-28 10:22:35,950 INFO             Created 1823 clips from detector "Old Bird Thrush Detector Redux 1.1".
2020-10-28 10:22:35,950 INFO             Ran 1 detector on 37080 seconds of 1-channel audio in 93 seconds, 401 times faster than real time.
2020-10-28 10:22:35,999 INFO     Processing recordings for station-night 2 of 2 - "MSGR 2020-10-27"...
2020-10-28 10:22:36,001 INFO         Processing recording 1 of 1 - "MSGR / PC / start 2020-10-27 23:25:00+00:00 / duration 10.300 h"...
2020-10-28 10:22:36,003 INFO             Running detector on file "/Volumes/Erebus/msgr-vesper-archive/Recordings/MSGR_2020-10-27_23.25.00_Z.wav"...
2020-10-28 10:24:06,329 INFO             Created 2149 clips from detector "Old Bird Thrush Detector Redux 1.1".
2020-10-28 10:24:06,329 INFO             Ran 1 detector on 37080 seconds of 1-channel audio in 90 seconds, 411 times faster than real time.
2020-10-28 10:24:06,384 INFO     Job completed.
