2020-09-30 14:34:08,366 INFO     Job started for command "export" with arguments:
2020-09-30 14:34:08,367 INFO         {
2020-09-30 14:34:08,367 INFO             "exporter": {
2020-09-30 14:34:08,368 INFO                 "name": "Clip Metadata CSV File Exporter",
2020-09-30 14:34:08,368 INFO                 "arguments": {
2020-09-30 14:34:08,370 INFO                     "output_file_path": "2020-09-29 thrush.csv"
2020-09-30 14:34:08,370 INFO                 }
2020-09-30 14:34:08,371 INFO             },
2020-09-30 14:34:08,372 INFO             "detectors": [
2020-09-30 14:34:08,373 INFO                 "Old Bird Thrush Detector Redux 1.1"
2020-09-30 14:34:08,374 INFO             ],
2020-09-30 14:34:08,374 INFO             "station_mics": [
2020-09-30 14:34:08,374 INFO                 "MSGR / 21c"
2020-09-30 14:34:08,374 INFO             ],
2020-09-30 14:34:08,375 INFO             "classification": "Call*",
2020-09-30 14:34:08,375 INFO             "start_date": "2020-09-29",
2020-09-30 14:34:08,375 INFO             "end_date": "2020-09-30"
2020-09-30 14:34:08,375 INFO         }
2020-09-30 14:34:08,404 INFO     Exporter will visit 11 clips for detector "Old Bird Thrush Detector Redux 1.1", station "MSGR", mic output "21c Output", and date 2020-09-29.
2020-09-30 14:34:08,546 INFO     Exported 11 of 11 visited clips.
2020-09-30 14:34:08,554 INFO     Exporter will visit 0 clips for detector "Old Bird Thrush Detector Redux 1.1", station "MSGR", mic output "21c Output", and date 2020-09-30.
2020-09-30 14:34:08,556 INFO     Exported 0 of 0 visited clips.
2020-09-30 14:34:08,580 INFO     Job completed.
