2020-05-20 08:13:47,435 INFO     Job started for command "detect" with arguments:
2020-05-20 08:13:47,436 INFO         {
2020-05-20 08:13:47,436 INFO             "detectors": [
2020-05-20 08:13:47,438 INFO                 "Old Bird Tseep Detector Redux 1.1"
2020-05-20 08:13:47,439 INFO             ],
2020-05-20 08:13:47,440 INFO             "stations": [
2020-05-20 08:13:47,440 INFO                 "MSGR"
2020-05-20 08:13:47,440 INFO             ],
2020-05-20 08:13:47,441 INFO             "start_date": "2020-05-19",
2020-05-20 08:13:47,442 INFO             "end_date": "2020-05-30",
2020-05-20 08:13:47,443 INFO             "schedule": "",
2020-05-20 08:13:47,444 INFO             "defer_clip_creation": false
2020-05-20 08:13:47,445 INFO         }
2020-05-20 08:13:47,456 INFO     This command will process recordings for 1 station-night.
2020-05-20 08:13:47,457 INFO     Processing recordings for station-night 1 of 1 - "MSGR 2020-05-19"...
2020-05-20 08:13:47,459 INFO         Processing recording 1 of 1 - "MSGR / PC / start 2020-05-20 00:30:00+00:00 / duration 9.000 h"...
2020-05-20 08:13:47,464 INFO             Running detector on file "/Volumes/Erebus/msgr-vesper-archive/Recordings/MSGR_2020-05-20_00.30.00_Z.wav"...
2020-05-20 08:15:15,697 INFO             Created 1734 clips from detector "Old Bird Tseep Detector Redux 1.1".
2020-05-20 08:15:15,697 INFO             Ran 1 detector on 32400 seconds of 1-channel audio in 88 seconds, 367 times faster than real time.
2020-05-20 08:15:15,744 INFO     Job completed.
