2020-11-02 13:50:12,852 INFO     Job started for command "export" with arguments:
2020-11-02 13:50:12,856 INFO         {
2020-11-02 13:50:12,857 INFO             "exporter": {
2020-11-02 13:50:12,858 INFO                 "name": "Clip Metadata CSV File Exporter",
2020-11-02 13:50:12,858 INFO                 "arguments": {
2020-11-02 13:50:12,858 INFO                     "output_file_path": "2020-10-30 recorded.csv"
2020-11-02 13:50:12,858 INFO                 }
2020-11-02 13:50:12,858 INFO             },
2020-11-02 13:50:12,858 INFO             "detectors": [
2020-11-02 13:50:12,858 INFO                 "Old Bird Tseep Detector Redux 1.1"
2020-11-02 13:50:12,858 INFO             ],
2020-11-02 13:50:12,858 INFO             "station_mics": [
2020-11-02 13:50:12,858 INFO                 "MSGR / 21c"
2020-11-02 13:50:12,860 INFO             ],
2020-11-02 13:50:12,860 INFO             "classification": "Call*",
2020-11-02 13:50:12,861 INFO             "start_date": "2020-10-30",
2020-11-02 13:50:12,861 INFO             "end_date": "2020-11-05"
2020-11-02 13:50:12,861 INFO         }
2020-11-02 13:50:12,886 INFO     Exporter will visit 3 clips for detector "Old Bird Tseep Detector Redux 1.1", station "MSGR", mic output "21c Output", and date 2020-10-30.
2020-11-02 13:50:12,924 INFO     Exported 3 of 3 visited clips.
2020-11-02 13:50:12,929 INFO     Exporter will visit 5 clips for detector "Old Bird Tseep Detector Redux 1.1", station "MSGR", mic output "21c Output", and date 2020-10-31.
2020-11-02 13:50:12,982 INFO     Exported 5 of 5 visited clips.
2020-11-02 13:50:12,996 INFO     Exporter will visit 2 clips for detector "Old Bird Tseep Detector Redux 1.1", station "MSGR", mic output "21c Output", and date 2020-11-01.
2020-11-02 13:50:13,036 INFO     Exported 2 of 2 visited clips.
2020-11-02 13:50:13,042 INFO     Exporter will visit 0 clips for detector "Old Bird Tseep Detector Redux 1.1", station "MSGR", mic output "21c Output", and date 2020-11-02.
2020-11-02 13:50:13,045 INFO     Exported 0 of 0 visited clips.
2020-11-02 13:50:13,054 INFO     Exporter will visit 0 clips for detector "Old Bird Tseep Detector Redux 1.1", station "MSGR", mic output "21c Output", and date 2020-11-03.
2020-11-02 13:50:13,057 INFO     Exported 0 of 0 visited clips.
2020-11-02 13:50:13,064 INFO     Exporter will visit 0 clips for detector "Old Bird Tseep Detector Redux 1.1", station "MSGR", mic output "21c Output", and date 2020-11-04.
2020-11-02 13:50:13,067 INFO     Exported 0 of 0 visited clips.
2020-11-02 13:50:13,076 INFO     Exporter will visit 0 clips for detector "Old Bird Tseep Detector Redux 1.1", station "MSGR", mic output "21c Output", and date 2020-11-05.
2020-11-02 13:50:13,081 INFO     Exported 0 of 0 visited clips.
2020-11-02 13:50:13,109 INFO     Job completed.
