2020-05-26 07:30:14,822 INFO     Job started for command "detect" with arguments:
2020-05-26 07:30:14,823 INFO         {
2020-05-26 07:30:14,824 INFO             "detectors": [
2020-05-26 07:30:14,824 INFO                 "Old Bird Tseep Detector Redux 1.1"
2020-05-26 07:30:14,825 INFO             ],
2020-05-26 07:30:14,826 INFO             "stations": [
2020-05-26 07:30:14,826 INFO                 "MSGR"
2020-05-26 07:30:14,826 INFO             ],
2020-05-26 07:30:14,826 INFO             "start_date": "2020-05-25",
2020-05-26 07:30:14,827 INFO             "end_date": "2020-05-30",
2020-05-26 07:30:14,827 INFO             "schedule": "",
2020-05-26 07:30:14,827 INFO             "defer_clip_creation": false
2020-05-26 07:30:14,827 INFO         }
2020-05-26 07:30:14,844 INFO     This command will process recordings for 1 station-night.
2020-05-26 07:30:14,845 INFO     Processing recordings for station-night 1 of 1 - "MSGR 2020-05-25"...
2020-05-26 07:30:14,850 INFO         Processing recording 1 of 1 - "MSGR / PC / start 2020-05-26 00:30:00+00:00 / duration 9.000 h"...
2020-05-26 07:30:14,855 INFO             Running detector on file "/Volumes/Erebus/msgr-vesper-archive/Recordings/MSGR_2020-05-26_00.30.00_Z.wav"...
2020-05-26 07:31:35,842 INFO             Created 2156 clips from detector "Old Bird Tseep Detector Redux 1.1".
2020-05-26 07:31:35,842 INFO             Ran 1 detector on 32400 seconds of 1-channel audio in 81 seconds, 400 times faster than real time.
2020-05-26 07:31:35,884 INFO     Job completed.
