2020-10-26 09:44:08,659 INFO     Job started for command "classify" with arguments:
2020-10-26 09:44:08,660 INFO         {
2020-10-26 09:44:08,661 INFO             "classifier": "MPG Ranch NFC Coarse Classifier 3.0",
2020-10-26 09:44:08,663 INFO             "annotation_name": "Classification",
2020-10-26 09:44:08,663 INFO             "detectors": [
2020-10-26 09:44:08,663 INFO                 "Old Bird Tseep Detector Redux 1.1"
2020-10-26 09:44:08,663 INFO             ],
2020-10-26 09:44:08,663 INFO             "station_mics": [
2020-10-26 09:44:08,663 INFO                 "MSGR / 21c"
2020-10-26 09:44:08,664 INFO             ],
2020-10-26 09:44:08,665 INFO             "start_date": "2020-10-22",
2020-10-26 09:44:08,665 INFO             "end_date": "2020-10-30"
2020-10-26 09:44:08,665 INFO         }
2020-10-26 09:44:08,687 INFO     Creating TensorFlow estimator from saved model in directory "/Users/richard/miniconda3/envs/vesper-0.4.8/lib/python3.6/site-packages/vesper/mpg_ranch/nfc_coarse_classifier_3_0/Tseep Classifier/TensorFlow SavedModel"...
2020-10-26 09:44:08,690 WARNING  
The TensorFlow contrib module will not be included in TensorFlow 2.0.
For more information, please see:
  * https://github.com/tensorflow/community/blob/master/rfcs/20180907-contrib-sunset.md
  * https://github.com/tensorflow/addons
  * https://github.com/tensorflow/io (for I/O related ops)
If you depend on functionality not listed there, please file an issue.

2020-10-26 09:44:09,457 WARNING  Using temporary folder as model directory: /var/folders/2z/dlxt5tt50nzdlqlx1qvr1zdm0000gn/T/tmpfblppfq4
2020-10-26 09:44:09,461 WARNING  train mode not found in SavedModel.
2020-10-26 09:44:09,462 WARNING  eval mode not found in SavedModel.
2020-10-26 09:44:09,462 INFO     Loading classifier settings from "/Users/richard/miniconda3/envs/vesper-0.4.8/lib/python3.6/site-packages/vesper/mpg_ranch/nfc_coarse_classifier_3_0/Tseep Classifier/Settings.yaml"...
2020-10-26 09:44:09,478 INFO     Creating TensorFlow estimator from saved model in directory "/Users/richard/miniconda3/envs/vesper-0.4.8/lib/python3.6/site-packages/vesper/mpg_ranch/nfc_coarse_classifier_3_0/Thrush Classifier/TensorFlow SavedModel"...
2020-10-26 09:44:09,480 WARNING  Using temporary folder as model directory: /var/folders/2z/dlxt5tt50nzdlqlx1qvr1zdm0000gn/T/tmpkpb_9x6y
2020-10-26 09:44:09,486 WARNING  train mode not found in SavedModel.
2020-10-26 09:44:09,486 WARNING  eval mode not found in SavedModel.
2020-10-26 09:44:09,487 INFO     Loading classifier settings from "/Users/richard/miniconda3/envs/vesper-0.4.8/lib/python3.6/site-packages/vesper/mpg_ranch/nfc_coarse_classifier_3_0/Thrush Classifier/Settings.yaml"...
2020-10-26 09:44:09,508 INFO     Classifier will visit 1291 clips for detector "Old Bird Tseep Detector Redux 1.1", station "MSGR", mic output "21c Output", and date 2020-10-22.
2020-10-26 09:44:25,552 WARNING  From /Users/richard/miniconda3/envs/vesper-0.4.8/lib/python3.6/site-packages/tensorflow_core/python/autograph/converters/directives.py:119: The name tf.real is deprecated. Please use tf.math.real instead.

2020-10-26 09:44:25,553 WARNING  From /Users/richard/miniconda3/envs/vesper-0.4.8/lib/python3.6/site-packages/tensorflow_core/python/autograph/converters/directives.py:119: The name tf.conj is deprecated. Please use tf.math.conj instead.

2020-10-26 09:44:25,553 WARNING  From /Users/richard/miniconda3/envs/vesper-0.4.8/lib/python3.6/site-packages/tensorflow_core/python/autograph/converters/directives.py:119: The name tf.log is deprecated. Please use tf.math.log instead.

2020-10-26 09:44:26,078 WARNING  From /Users/richard/miniconda3/envs/vesper-0.4.8/lib/python3.6/site-packages/tensorflow_core/python/autograph/converters/directives.py:119: The name tf.Dimension is deprecated. Please use tf.compat.v1.Dimension instead.

2020-10-26 09:44:26,689 WARNING  From /Users/richard/miniconda3/envs/vesper-0.4.8/lib/python3.6/site-packages/tensorflow_core/python/ops/array_ops.py:1475: where (from tensorflow.python.ops.array_ops) is deprecated and will be removed in a future version.
Instructions for updating:
Use tf.where in 2.0, which has the same broadcast rule as np.where
2020-10-26 09:44:56,258 INFO     Classified 1291 of 1291 visited clips in 46.7 seconds, an average of 27.6 clips per second.
2020-10-26 09:44:56,275 INFO     Classifier will visit 1358 clips for detector "Old Bird Tseep Detector Redux 1.1", station "MSGR", mic output "21c Output", and date 2020-10-23.
2020-10-26 09:45:32,391 INFO     Classified 1358 of 1358 visited clips in 36.1 seconds, an average of 37.6 clips per second.
2020-10-26 09:45:32,453 INFO     Classifier will visit 4031 clips for detector "Old Bird Tseep Detector Redux 1.1", station "MSGR", mic output "21c Output", and date 2020-10-24.
2020-10-26 09:47:45,441 INFO     Classified 4031 of 4031 visited clips in 133.0 seconds, an average of 30.3 clips per second.
2020-10-26 09:47:45,457 INFO     Classifier will visit 2104 clips for detector "Old Bird Tseep Detector Redux 1.1", station "MSGR", mic output "21c Output", and date 2020-10-25.
2020-10-26 09:48:43,577 INFO     Classified 2104 of 2104 visited clips in 58.1 seconds, an average of 36.2 clips per second.
2020-10-26 09:48:43,589 INFO     Classifier will visit 0 clips for detector "Old Bird Tseep Detector Redux 1.1", station "MSGR", mic output "21c Output", and date 2020-10-26.
2020-10-26 09:48:43,591 INFO     Classified 0 of 0 visited clips in 0.0 seconds.
2020-10-26 09:48:43,592 INFO     Classifier will visit 0 clips for detector "Old Bird Tseep Detector Redux 1.1", station "MSGR", mic output "21c Output", and date 2020-10-27.
2020-10-26 09:48:43,594 INFO     Classified 0 of 0 visited clips in 0.0 seconds.
2020-10-26 09:48:43,596 INFO     Classifier will visit 0 clips for detector "Old Bird Tseep Detector Redux 1.1", station "MSGR", mic output "21c Output", and date 2020-10-28.
2020-10-26 09:48:43,597 INFO     Classified 0 of 0 visited clips in 0.0 seconds.
2020-10-26 09:48:43,603 INFO     Classifier will visit 0 clips for detector "Old Bird Tseep Detector Redux 1.1", station "MSGR", mic output "21c Output", and date 2020-10-29.
2020-10-26 09:48:43,605 INFO     Classified 0 of 0 visited clips in 0.0 seconds.
2020-10-26 09:48:43,608 INFO     Classifier will visit 0 clips for detector "Old Bird Tseep Detector Redux 1.1", station "MSGR", mic output "21c Output", and date 2020-10-30.
2020-10-26 09:48:43,610 INFO     Classified 0 of 0 visited clips in 0.0 seconds.
2020-10-26 09:48:43,620 INFO     Job completed.
