2020-03-10 11:48:29,220 INFO     Job started for command "detect" with arguments:
2020-03-10 11:48:29,221 INFO         {
2020-03-10 11:48:29,225 INFO             "detectors": [
2020-03-10 11:48:29,225 INFO                 "Old Bird Thrush Detector Redux 1.1"
2020-03-10 11:48:29,225 INFO             ],
2020-03-10 11:48:29,226 INFO             "stations": [
2020-03-10 11:48:29,226 INFO                 "MSGR"
2020-03-10 11:48:29,226 INFO             ],
2020-03-10 11:48:29,226 INFO             "start_date": "2020-03-01",
2020-03-10 11:48:29,227 INFO             "end_date": "2020-03-30",
2020-03-10 11:48:29,227 INFO             "schedule": "",
2020-03-10 11:48:29,227 INFO             "defer_clip_creation": false
2020-03-10 11:48:29,227 INFO         }
2020-03-10 11:48:29,248 INFO     This command will process recordings for 3 station-nights.
2020-03-10 11:48:29,248 INFO     Processing recordings for station-night 1 of 3 - "MSGR 2020-03-07"...
2020-03-10 11:48:29,250 INFO         Processing recording 1 of 1 - "MSGR / PC / start 2020-03-08 02:36:23+00:00 / duration 6.874 h"...
2020-03-10 11:48:29,256 INFO             Running detector on file "/Users/richard/src/msgr-vesper-archive/Recordings/MSGR_2020-03-08_02.36.23_Z.wav"...
2020-03-10 11:49:10,156 INFO             Archived 1181 clips from detector "Old Bird Thrush Detector Redux 1.1".
2020-03-10 11:49:10,156 INFO             Ran 1 detector on 24746 seconds of 1-channel audio in 41 seconds, 605 times faster than real time.
2020-03-10 11:49:10,157 INFO     Processing recordings for station-night 2 of 3 - "MSGR 2020-03-08"...
2020-03-10 11:49:10,159 INFO         Processing recording 1 of 1 - "MSGR / PC / start 2020-03-09 00:30:00+00:00 / duration 8.999 h"...
2020-03-10 11:49:10,164 INFO             Running detector on file "/Users/richard/src/msgr-vesper-archive/Recordings/MSGR_2020-03-09_00.30.00_Z.wav"...
2020-03-10 11:50:08,508 INFO             Archived 955 clips from detector "Old Bird Thrush Detector Redux 1.1".
2020-03-10 11:50:08,508 INFO             Ran 1 detector on 32397 seconds of 1-channel audio in 58 seconds, 555 times faster than real time.
2020-03-10 11:50:08,508 INFO     Processing recordings for station-night 3 of 3 - "MSGR 2020-03-09"...
2020-03-10 11:50:08,511 INFO         Processing recording 1 of 1 - "MSGR / PC / start 2020-03-10 00:30:00+00:00 / duration 9.000 h"...
2020-03-10 11:50:08,515 INFO             Running detector on file "/Users/richard/src/msgr-vesper-archive/Recordings/MSGR_2020-03-10_00.30.00_Z.wav"...
2020-03-10 11:51:03,137 INFO             Archived 1707 clips from detector "Old Bird Thrush Detector Redux 1.1".
2020-03-10 11:51:03,137 INFO             Ran 1 detector on 32400 seconds of 1-channel audio in 55 seconds, 593 times faster than real time.
2020-03-10 11:51:03,141 INFO     Job complete.
