2020-10-05 19:19:23,140 INFO     Job started for command "classify" with arguments:
2020-10-05 19:19:23,141 INFO         {
2020-10-05 19:19:23,141 INFO             "classifier": "MPG Ranch NFC Coarse Classifier 3.0",
2020-10-05 19:19:23,143 INFO             "annotation_name": "Classification",
2020-10-05 19:19:23,143 INFO             "detectors": [
2020-10-05 19:19:23,144 INFO                 "Old Bird Thrush Detector Redux 1.1"
2020-10-05 19:19:23,144 INFO             ],
2020-10-05 19:19:23,146 INFO             "station_mics": [
2020-10-05 19:19:23,146 INFO                 "MSGR / 21c"
2020-10-05 19:19:23,147 INFO             ],
2020-10-05 19:19:23,148 INFO             "start_date": "2020-10-04",
2020-10-05 19:19:23,149 INFO             "end_date": "2020-10-05"
2020-10-05 19:19:23,149 INFO         }
2020-10-05 19:19:23,156 INFO     Creating TensorFlow estimator from saved model in directory "/Users/richard/miniconda3/envs/vesper-0.4.8/lib/python3.6/site-packages/vesper/mpg_ranch/nfc_coarse_classifier_3_0/Tseep Classifier/TensorFlow SavedModel"...
2020-10-05 19:19:23,156 WARNING  
The TensorFlow contrib module will not be included in TensorFlow 2.0.
For more information, please see:
  * https://github.com/tensorflow/community/blob/master/rfcs/20180907-contrib-sunset.md
  * https://github.com/tensorflow/addons
  * https://github.com/tensorflow/io (for I/O related ops)
If you depend on functionality not listed there, please file an issue.

2020-10-05 19:19:24,057 WARNING  Using temporary folder as model directory: /var/folders/2z/dlxt5tt50nzdlqlx1qvr1zdm0000gn/T/tmp1k361_9s
2020-10-05 19:19:24,063 WARNING  train mode not found in SavedModel.
2020-10-05 19:19:24,063 WARNING  eval mode not found in SavedModel.
2020-10-05 19:19:24,064 INFO     Loading classifier settings from "/Users/richard/miniconda3/envs/vesper-0.4.8/lib/python3.6/site-packages/vesper/mpg_ranch/nfc_coarse_classifier_3_0/Tseep Classifier/Settings.yaml"...
2020-10-05 19:19:24,081 INFO     Creating TensorFlow estimator from saved model in directory "/Users/richard/miniconda3/envs/vesper-0.4.8/lib/python3.6/site-packages/vesper/mpg_ranch/nfc_coarse_classifier_3_0/Thrush Classifier/TensorFlow SavedModel"...
2020-10-05 19:19:24,083 WARNING  Using temporary folder as model directory: /var/folders/2z/dlxt5tt50nzdlqlx1qvr1zdm0000gn/T/tmptehalqn_
2020-10-05 19:19:24,086 WARNING  train mode not found in SavedModel.
2020-10-05 19:19:24,087 WARNING  eval mode not found in SavedModel.
2020-10-05 19:19:24,087 INFO     Loading classifier settings from "/Users/richard/miniconda3/envs/vesper-0.4.8/lib/python3.6/site-packages/vesper/mpg_ranch/nfc_coarse_classifier_3_0/Thrush Classifier/Settings.yaml"...
2020-10-05 19:19:24,108 INFO     Classifier will visit 1259 clips for detector "Old Bird Thrush Detector Redux 1.1", station "MSGR", mic output "21c Output", and date 2020-10-04.
2020-10-05 19:19:39,690 WARNING  From /Users/richard/miniconda3/envs/vesper-0.4.8/lib/python3.6/site-packages/tensorflow_core/python/autograph/converters/directives.py:119: The name tf.real is deprecated. Please use tf.math.real instead.

2020-10-05 19:19:39,691 WARNING  From /Users/richard/miniconda3/envs/vesper-0.4.8/lib/python3.6/site-packages/tensorflow_core/python/autograph/converters/directives.py:119: The name tf.conj is deprecated. Please use tf.math.conj instead.

2020-10-05 19:19:39,691 WARNING  From /Users/richard/miniconda3/envs/vesper-0.4.8/lib/python3.6/site-packages/tensorflow_core/python/autograph/converters/directives.py:119: The name tf.log is deprecated. Please use tf.math.log instead.

2020-10-05 19:19:39,948 WARNING  From /Users/richard/miniconda3/envs/vesper-0.4.8/lib/python3.6/site-packages/tensorflow_core/python/autograph/converters/directives.py:119: The name tf.Dimension is deprecated. Please use tf.compat.v1.Dimension instead.

2020-10-05 19:19:40,481 WARNING  From /Users/richard/miniconda3/envs/vesper-0.4.8/lib/python3.6/site-packages/tensorflow_core/python/ops/array_ops.py:1475: where (from tensorflow.python.ops.array_ops) is deprecated and will be removed in a future version.
Instructions for updating:
Use tf.where in 2.0, which has the same broadcast rule as np.where
2020-10-05 19:20:08,878 INFO     Classified 1259 of 1259 visited clips in 44.8 seconds, an average of 28.1 clips per second.
2020-10-05 19:20:08,884 INFO     Classifier will visit 0 clips for detector "Old Bird Thrush Detector Redux 1.1", station "MSGR", mic output "21c Output", and date 2020-10-05.
2020-10-05 19:20:08,886 INFO     Classified 0 of 0 visited clips in 0.0 seconds.
2020-10-05 19:20:08,898 INFO     Job completed.
