2020-10-30 09:51:08,926 INFO     Job started for command "export" with arguments:
2020-10-30 09:51:08,927 INFO         {
2020-10-30 09:51:08,928 INFO             "exporter": {
2020-10-30 09:51:08,929 INFO                 "name": "Clip Metadata CSV File Exporter",
2020-10-30 09:51:08,929 INFO                 "arguments": {
2020-10-30 09:51:08,930 INFO                     "output_file_path": "2020-10-29 tseep recorded.csv"
2020-10-30 09:51:08,930 INFO                 }
2020-10-30 09:51:08,931 INFO             },
2020-10-30 09:51:08,932 INFO             "detectors": [
2020-10-30 09:51:08,932 INFO                 "Old Bird Tseep Detector Redux 1.1"
2020-10-30 09:51:08,933 INFO             ],
2020-10-30 09:51:08,933 INFO             "station_mics": [
2020-10-30 09:51:08,933 INFO                 "MSGR / 21c"
2020-10-30 09:51:08,933 INFO             ],
2020-10-30 09:51:08,933 INFO             "classification": "Call*",
2020-10-30 09:51:08,933 INFO             "start_date": "2020-10-29",
2020-10-30 09:51:08,933 INFO             "end_date": "2020-10-30"
2020-10-30 09:51:08,933 INFO         }
2020-10-30 09:51:08,963 INFO     Exporter will visit 5 clips for detector "Old Bird Tseep Detector Redux 1.1", station "MSGR", mic output "21c Output", and date 2020-10-29.
2020-10-30 09:51:09,027 INFO     Exported 5 of 5 visited clips.
2020-10-30 09:51:09,031 INFO     Exporter will visit 0 clips for detector "Old Bird Tseep Detector Redux 1.1", station "MSGR", mic output "21c Output", and date 2020-10-30.
2020-10-30 09:51:09,033 INFO     Exported 0 of 0 visited clips.
2020-10-30 09:51:09,053 INFO     Job completed.
