2020-09-09 11:32:07,343 INFO     Job started for command "classify" with arguments:
2020-09-09 11:32:07,344 INFO         {
2020-09-09 11:32:07,345 INFO             "classifier": "MPG Ranch NFC Coarse Classifier 3.0",
2020-09-09 11:32:07,346 INFO             "annotation_name": "Classification",
2020-09-09 11:32:07,347 INFO             "detectors": [
2020-09-09 11:32:07,348 INFO                 "Old Bird Tseep Detector Redux 1.1"
2020-09-09 11:32:07,349 INFO             ],
2020-09-09 11:32:07,351 INFO             "station_mics": [
2020-09-09 11:32:07,352 INFO                 "MSGR / 21c"
2020-09-09 11:32:07,353 INFO             ],
2020-09-09 11:32:07,353 INFO             "start_date": "2020-09-08",
2020-09-09 11:32:07,354 INFO             "end_date": "2020-09-10"
2020-09-09 11:32:07,355 INFO         }
2020-09-09 11:32:07,365 INFO     Creating TensorFlow estimator from saved model in directory "/Users/richard/miniconda3/envs/vesper-0.4.8/lib/python3.6/site-packages/vesper/mpg_ranch/nfc_coarse_classifier_3_0/Tseep Classifier/TensorFlow SavedModel"...
2020-09-09 11:32:07,365 WARNING  
The TensorFlow contrib module will not be included in TensorFlow 2.0.
For more information, please see:
  * https://github.com/tensorflow/community/blob/master/rfcs/20180907-contrib-sunset.md
  * https://github.com/tensorflow/addons
  * https://github.com/tensorflow/io (for I/O related ops)
If you depend on functionality not listed there, please file an issue.

2020-09-09 11:32:07,978 WARNING  Using temporary folder as model directory: /var/folders/2z/dlxt5tt50nzdlqlx1qvr1zdm0000gn/T/tmpn_1gcir4
2020-09-09 11:32:07,983 WARNING  train mode not found in SavedModel.
2020-09-09 11:32:07,983 WARNING  eval mode not found in SavedModel.
2020-09-09 11:32:07,983 INFO     Loading classifier settings from "/Users/richard/miniconda3/envs/vesper-0.4.8/lib/python3.6/site-packages/vesper/mpg_ranch/nfc_coarse_classifier_3_0/Tseep Classifier/Settings.yaml"...
2020-09-09 11:32:07,996 INFO     Creating TensorFlow estimator from saved model in directory "/Users/richard/miniconda3/envs/vesper-0.4.8/lib/python3.6/site-packages/vesper/mpg_ranch/nfc_coarse_classifier_3_0/Thrush Classifier/TensorFlow SavedModel"...
2020-09-09 11:32:07,999 WARNING  Using temporary folder as model directory: /var/folders/2z/dlxt5tt50nzdlqlx1qvr1zdm0000gn/T/tmpxmsatvav
2020-09-09 11:32:08,002 WARNING  train mode not found in SavedModel.
2020-09-09 11:32:08,002 WARNING  eval mode not found in SavedModel.
2020-09-09 11:32:08,002 INFO     Loading classifier settings from "/Users/richard/miniconda3/envs/vesper-0.4.8/lib/python3.6/site-packages/vesper/mpg_ranch/nfc_coarse_classifier_3_0/Thrush Classifier/Settings.yaml"...
2020-09-09 11:32:08,022 INFO     Classifier will visit 2348 clips for detector "Old Bird Tseep Detector Redux 1.1", station "MSGR", mic output "21c Output", and date 2020-09-08.
2020-09-09 11:32:31,704 WARNING  From /Users/richard/miniconda3/envs/vesper-0.4.8/lib/python3.6/site-packages/tensorflow_core/python/autograph/converters/directives.py:119: The name tf.real is deprecated. Please use tf.math.real instead.

2020-09-09 11:32:31,705 WARNING  From /Users/richard/miniconda3/envs/vesper-0.4.8/lib/python3.6/site-packages/tensorflow_core/python/autograph/converters/directives.py:119: The name tf.conj is deprecated. Please use tf.math.conj instead.

2020-09-09 11:32:31,706 WARNING  From /Users/richard/miniconda3/envs/vesper-0.4.8/lib/python3.6/site-packages/tensorflow_core/python/autograph/converters/directives.py:119: The name tf.log is deprecated. Please use tf.math.log instead.

2020-09-09 11:32:31,949 WARNING  From /Users/richard/miniconda3/envs/vesper-0.4.8/lib/python3.6/site-packages/tensorflow_core/python/autograph/converters/directives.py:119: The name tf.Dimension is deprecated. Please use tf.compat.v1.Dimension instead.

2020-09-09 11:32:32,301 WARNING  From /Users/richard/miniconda3/envs/vesper-0.4.8/lib/python3.6/site-packages/tensorflow_core/python/ops/array_ops.py:1475: where (from tensorflow.python.ops.array_ops) is deprecated and will be removed in a future version.
Instructions for updating:
Use tf.where in 2.0, which has the same broadcast rule as np.where
2020-09-09 11:32:46,535 INFO     Classified 2348 of 2348 visited clips in 38.5 seconds, an average of 61.0 clips per second.
2020-09-09 11:32:46,547 INFO     Classifier will visit 0 clips for detector "Old Bird Tseep Detector Redux 1.1", station "MSGR", mic output "21c Output", and date 2020-09-09.
2020-09-09 11:32:46,548 INFO     Classified 0 of 0 visited clips in 0.0 seconds.
2020-09-09 11:32:46,551 INFO     Classifier will visit 0 clips for detector "Old Bird Tseep Detector Redux 1.1", station "MSGR", mic output "21c Output", and date 2020-09-10.
2020-09-09 11:32:46,552 INFO     Classified 0 of 0 visited clips in 0.0 seconds.
2020-09-09 11:32:46,560 INFO     Job completed.
