2020-09-18 17:14:48,089 INFO     Job started for command "classify" with arguments:
2020-09-18 17:14:48,089 INFO         {
2020-09-18 17:14:48,090 INFO             "classifier": "MPG Ranch NFC Coarse Classifier 3.0",
2020-09-18 17:14:48,091 INFO             "annotation_name": "Classification",
2020-09-18 17:14:48,092 INFO             "detectors": [
2020-09-18 17:14:48,093 INFO                 "Old Bird Tseep Detector Redux 1.1"
2020-09-18 17:14:48,093 INFO             ],
2020-09-18 17:14:48,095 INFO             "station_mics": [
2020-09-18 17:14:48,097 INFO                 "MSGR / 21c"
2020-09-18 17:14:48,097 INFO             ],
2020-09-18 17:14:48,098 INFO             "start_date": "2020-09-17",
2020-09-18 17:14:48,099 INFO             "end_date": "2020-09-18"
2020-09-18 17:14:48,099 INFO         }
2020-09-18 17:14:48,112 INFO     Creating TensorFlow estimator from saved model in directory "/Users/richard/miniconda3/envs/vesper-0.4.8/lib/python3.6/site-packages/vesper/mpg_ranch/nfc_coarse_classifier_3_0/Tseep Classifier/TensorFlow SavedModel"...
2020-09-18 17:14:48,113 WARNING  
The TensorFlow contrib module will not be included in TensorFlow 2.0.
For more information, please see:
  * https://github.com/tensorflow/community/blob/master/rfcs/20180907-contrib-sunset.md
  * https://github.com/tensorflow/addons
  * https://github.com/tensorflow/io (for I/O related ops)
If you depend on functionality not listed there, please file an issue.

2020-09-18 17:14:48,693 WARNING  Using temporary folder as model directory: /var/folders/2z/dlxt5tt50nzdlqlx1qvr1zdm0000gn/T/tmpsmiwg8pq
2020-09-18 17:14:48,696 WARNING  train mode not found in SavedModel.
2020-09-18 17:14:48,697 WARNING  eval mode not found in SavedModel.
2020-09-18 17:14:48,697 INFO     Loading classifier settings from "/Users/richard/miniconda3/envs/vesper-0.4.8/lib/python3.6/site-packages/vesper/mpg_ranch/nfc_coarse_classifier_3_0/Tseep Classifier/Settings.yaml"...
2020-09-18 17:14:48,711 INFO     Creating TensorFlow estimator from saved model in directory "/Users/richard/miniconda3/envs/vesper-0.4.8/lib/python3.6/site-packages/vesper/mpg_ranch/nfc_coarse_classifier_3_0/Thrush Classifier/TensorFlow SavedModel"...
2020-09-18 17:14:48,713 WARNING  Using temporary folder as model directory: /var/folders/2z/dlxt5tt50nzdlqlx1qvr1zdm0000gn/T/tmpl_nspvjb
2020-09-18 17:14:48,716 WARNING  train mode not found in SavedModel.
2020-09-18 17:14:48,716 WARNING  eval mode not found in SavedModel.
2020-09-18 17:14:48,716 INFO     Loading classifier settings from "/Users/richard/miniconda3/envs/vesper-0.4.8/lib/python3.6/site-packages/vesper/mpg_ranch/nfc_coarse_classifier_3_0/Thrush Classifier/Settings.yaml"...
2020-09-18 17:14:48,740 INFO     Classifier will visit 1805 clips for detector "Old Bird Tseep Detector Redux 1.1", station "MSGR", mic output "21c Output", and date 2020-09-17.
2020-09-18 17:15:16,874 WARNING  From /Users/richard/miniconda3/envs/vesper-0.4.8/lib/python3.6/site-packages/tensorflow_core/python/autograph/converters/directives.py:119: The name tf.real is deprecated. Please use tf.math.real instead.

2020-09-18 17:15:16,874 WARNING  From /Users/richard/miniconda3/envs/vesper-0.4.8/lib/python3.6/site-packages/tensorflow_core/python/autograph/converters/directives.py:119: The name tf.conj is deprecated. Please use tf.math.conj instead.

2020-09-18 17:15:16,874 WARNING  From /Users/richard/miniconda3/envs/vesper-0.4.8/lib/python3.6/site-packages/tensorflow_core/python/autograph/converters/directives.py:119: The name tf.log is deprecated. Please use tf.math.log instead.

2020-09-18 17:15:17,087 WARNING  From /Users/richard/miniconda3/envs/vesper-0.4.8/lib/python3.6/site-packages/tensorflow_core/python/autograph/converters/directives.py:119: The name tf.Dimension is deprecated. Please use tf.compat.v1.Dimension instead.

2020-09-18 17:15:17,457 WARNING  From /Users/richard/miniconda3/envs/vesper-0.4.8/lib/python3.6/site-packages/tensorflow_core/python/ops/array_ops.py:1475: where (from tensorflow.python.ops.array_ops) is deprecated and will be removed in a future version.
Instructions for updating:
Use tf.where in 2.0, which has the same broadcast rule as np.where
2020-09-18 17:15:36,360 INFO     Classified 1805 of 1805 visited clips in 47.6 seconds, an average of 37.9 clips per second.
2020-09-18 17:15:36,370 INFO     Classifier will visit 0 clips for detector "Old Bird Tseep Detector Redux 1.1", station "MSGR", mic output "21c Output", and date 2020-09-18.
2020-09-18 17:15:36,372 INFO     Classified 0 of 0 visited clips in 0.0 seconds.
2020-09-18 17:15:36,380 INFO     Job completed.
