2020-10-18 11:44:01,486 INFO     Job started for command "detect" with arguments:
2020-10-18 11:44:01,486 INFO         {
2020-10-18 11:44:01,487 INFO             "detectors": [
2020-10-18 11:44:01,488 INFO                 "Old Bird Thrush Detector Redux 1.1"
2020-10-18 11:44:01,489 INFO             ],
2020-10-18 11:44:01,490 INFO             "stations": [
2020-10-18 11:44:01,491 INFO                 "MSGR"
2020-10-18 11:44:01,492 INFO             ],
2020-10-18 11:44:01,496 INFO             "start_date": "2020-10-17",
2020-10-18 11:44:01,497 INFO             "end_date": "2020-10-18",
2020-10-18 11:44:01,497 INFO             "schedule": "",
2020-10-18 11:44:01,497 INFO             "defer_clip_creation": false
2020-10-18 11:44:01,497 INFO         }
2020-10-18 11:44:01,509 INFO     This command will process recordings for 1 station-night.
2020-10-18 11:44:01,509 INFO     Processing recordings for station-night 1 of 1 - "MSGR 2020-10-17"...
2020-10-18 11:44:01,513 INFO         Processing recording 1 of 1 - "MSGR / PC / start 2020-10-17 23:38:00+00:00 / duration 9.917 h"...
2020-10-18 11:44:01,518 INFO             Running detector on file "/Volumes/Erebus/msgr-vesper-archive/Recordings/MSGR_2020-10-17_23.38.00_Z.wav"...
2020-10-18 11:45:44,462 INFO             Created 1473 clips from detector "Old Bird Thrush Detector Redux 1.1".
2020-10-18 11:45:44,463 INFO             Ran 1 detector on 35700 seconds of 1-channel audio in 103 seconds, 347 times faster than real time.
2020-10-18 11:45:44,555 INFO     Job completed.
