2020-03-22 04:37:29,051 INFO     Job started for command "detect" with arguments:
2020-03-22 04:37:29,052 INFO         {
2020-03-22 04:37:29,053 INFO             "detectors": [
2020-03-22 04:37:29,053 INFO                 "Old Bird Tseep Detector Redux 1.1"
2020-03-22 04:37:29,054 INFO             ],
2020-03-22 04:37:29,054 INFO             "stations": [
2020-03-22 04:37:29,055 INFO                 "MSGR"
2020-03-22 04:37:29,055 INFO             ],
2020-03-22 04:37:29,055 INFO             "start_date": "2020-03-20",
2020-03-22 04:37:29,055 INFO             "end_date": "2020-03-30",
2020-03-22 04:37:29,056 INFO             "schedule": "",
2020-03-22 04:37:29,057 INFO             "defer_clip_creation": false
2020-03-22 04:37:29,058 INFO         }
2020-03-22 04:37:29,068 INFO     This command will process recordings for 1 station-night.
2020-03-22 04:37:29,069 INFO     Processing recordings for station-night 1 of 1 - "MSGR 2020-03-20"...
2020-03-22 04:37:29,070 INFO         Processing recording 1 of 1 - "MSGR / PC / start 2020-03-21 01:00:28+00:00 / duration 14.293 h"...
2020-03-22 04:37:29,073 INFO             Running detector on file "/Volumes/Erebus/msgr-vesper-archive/Recordings/MSGR_2020-03-21_01.00.28_Z.wav"...
2020-03-22 04:39:21,821 INFO             Archived 9336 clips from detector "Old Bird Tseep Detector Redux 1.1".
2020-03-22 04:39:21,822 INFO             Ran 1 detector on 51455 seconds of 1-channel audio in 113 seconds, 456 times faster than real time.
2020-03-22 04:39:21,956 INFO     Job complete.
