2020-08-27 08:45:12,641 INFO     Job started for command "detect" with arguments:
2020-08-27 08:45:12,642 INFO         {
2020-08-27 08:45:12,642 INFO             "detectors": [
2020-08-27 08:45:12,642 INFO                 "Old Bird Tseep Detector Redux 1.1"
2020-08-27 08:45:12,642 INFO             ],
2020-08-27 08:45:12,642 INFO             "stations": [
2020-08-27 08:45:12,643 INFO                 "MSGR"
2020-08-27 08:45:12,643 INFO             ],
2020-08-27 08:45:12,643 INFO             "start_date": "2020-08-25",
2020-08-27 08:45:12,644 INFO             "end_date": "2020-08-30",
2020-08-27 08:45:12,644 INFO             "schedule": "",
2020-08-27 08:45:12,645 INFO             "defer_clip_creation": false
2020-08-27 08:45:12,646 INFO         }
2020-08-27 08:45:12,667 INFO     This command will process recordings for 2 station-nights.
2020-08-27 08:45:12,667 INFO     Processing recordings for station-night 1 of 2 - "MSGR 2020-08-25"...
2020-08-27 08:45:12,671 INFO         Processing recording 1 of 1 - "MSGR / PC / start 2020-08-26 01:24:00+00:00 / duration 6.933 h"...
2020-08-27 08:45:12,675 INFO             Running detector on file "/Volumes/Erebus/msgr-vesper-archive/Recordings/MSGR_2020-08-26_01.24.00_Z.wav"...
2020-08-27 08:46:14,792 INFO             Created 284 clips from detector "Old Bird Tseep Detector Redux 1.1".
2020-08-27 08:46:14,792 INFO             Ran 1 detector on 24960 seconds of 1-channel audio in 62 seconds, 402 times faster than real time.
2020-08-27 08:46:14,820 INFO     Processing recordings for station-night 2 of 2 - "MSGR 2020-08-26"...
2020-08-27 08:46:14,821 INFO         Processing recording 1 of 1 - "MSGR / PC / start 2020-08-27 01:24:00+00:00 / duration 6.933 h"...
2020-08-27 08:46:14,824 INFO             Running detector on file "/Volumes/Erebus/msgr-vesper-archive/Recordings/MSGR_2020-08-27_01.24.00_Z.wav"...
2020-08-27 08:47:30,121 INFO             Created 547 clips from detector "Old Bird Tseep Detector Redux 1.1".
2020-08-27 08:47:30,121 INFO             Ran 1 detector on 24960 seconds of 1-channel audio in 75 seconds, 331 times faster than real time.
2020-08-27 08:47:30,160 INFO     Job completed.
