2020-09-01 08:57:14,936 INFO     Job started for command "classify" with arguments:
2020-09-01 08:57:14,937 INFO         {
2020-09-01 08:57:14,937 INFO             "classifier": "MPG Ranch NFC Coarse Classifier 3.0",
2020-09-01 08:57:14,939 INFO             "annotation_name": "Classification",
2020-09-01 08:57:14,940 INFO             "detectors": [
2020-09-01 08:57:14,941 INFO                 "Old Bird Thrush Detector Redux 1.1"
2020-09-01 08:57:14,942 INFO             ],
2020-09-01 08:57:14,942 INFO             "station_mics": [
2020-09-01 08:57:14,943 INFO                 "MSGR / 21c"
2020-09-01 08:57:14,945 INFO             ],
2020-09-01 08:57:14,948 INFO             "start_date": "2020-08-31",
2020-09-01 08:57:14,948 INFO             "end_date": "2020-09-02"
2020-09-01 08:57:14,948 INFO         }
2020-09-01 08:57:14,957 INFO     Creating TensorFlow estimator from saved model in directory "/Users/richard/miniconda3/envs/vesper-0.4.8/lib/python3.6/site-packages/vesper/mpg_ranch/nfc_coarse_classifier_3_0/Tseep Classifier/TensorFlow SavedModel"...
2020-09-01 08:57:14,957 WARNING  
The TensorFlow contrib module will not be included in TensorFlow 2.0.
For more information, please see:
  * https://github.com/tensorflow/community/blob/master/rfcs/20180907-contrib-sunset.md
  * https://github.com/tensorflow/addons
  * https://github.com/tensorflow/io (for I/O related ops)
If you depend on functionality not listed there, please file an issue.

2020-09-01 08:57:15,823 WARNING  Using temporary folder as model directory: /var/folders/2z/dlxt5tt50nzdlqlx1qvr1zdm0000gn/T/tmp9mj1qg4b
2020-09-01 08:57:15,827 WARNING  train mode not found in SavedModel.
2020-09-01 08:57:15,827 WARNING  eval mode not found in SavedModel.
2020-09-01 08:57:15,827 INFO     Loading classifier settings from "/Users/richard/miniconda3/envs/vesper-0.4.8/lib/python3.6/site-packages/vesper/mpg_ranch/nfc_coarse_classifier_3_0/Tseep Classifier/Settings.yaml"...
2020-09-01 08:57:15,843 INFO     Creating TensorFlow estimator from saved model in directory "/Users/richard/miniconda3/envs/vesper-0.4.8/lib/python3.6/site-packages/vesper/mpg_ranch/nfc_coarse_classifier_3_0/Thrush Classifier/TensorFlow SavedModel"...
2020-09-01 08:57:15,847 WARNING  Using temporary folder as model directory: /var/folders/2z/dlxt5tt50nzdlqlx1qvr1zdm0000gn/T/tmp2iow_6yw
2020-09-01 08:57:15,850 WARNING  train mode not found in SavedModel.
2020-09-01 08:57:15,850 WARNING  eval mode not found in SavedModel.
2020-09-01 08:57:15,850 INFO     Loading classifier settings from "/Users/richard/miniconda3/envs/vesper-0.4.8/lib/python3.6/site-packages/vesper/mpg_ranch/nfc_coarse_classifier_3_0/Thrush Classifier/Settings.yaml"...
2020-09-01 08:57:15,872 INFO     Classifier will visit 169 clips for detector "Old Bird Thrush Detector Redux 1.1", station "MSGR", mic output "21c Output", and date 2020-08-31.
2020-09-01 08:57:19,593 WARNING  From /Users/richard/miniconda3/envs/vesper-0.4.8/lib/python3.6/site-packages/tensorflow_core/python/autograph/converters/directives.py:119: The name tf.real is deprecated. Please use tf.math.real instead.

2020-09-01 08:57:19,593 WARNING  From /Users/richard/miniconda3/envs/vesper-0.4.8/lib/python3.6/site-packages/tensorflow_core/python/autograph/converters/directives.py:119: The name tf.conj is deprecated. Please use tf.math.conj instead.

2020-09-01 08:57:19,594 WARNING  From /Users/richard/miniconda3/envs/vesper-0.4.8/lib/python3.6/site-packages/tensorflow_core/python/autograph/converters/directives.py:119: The name tf.log is deprecated. Please use tf.math.log instead.

2020-09-01 08:57:19,881 WARNING  From /Users/richard/miniconda3/envs/vesper-0.4.8/lib/python3.6/site-packages/tensorflow_core/python/autograph/converters/directives.py:119: The name tf.Dimension is deprecated. Please use tf.compat.v1.Dimension instead.

2020-09-01 08:57:20,295 WARNING  From /Users/richard/miniconda3/envs/vesper-0.4.8/lib/python3.6/site-packages/tensorflow_core/python/ops/array_ops.py:1475: where (from tensorflow.python.ops.array_ops) is deprecated and will be removed in a future version.
Instructions for updating:
Use tf.where in 2.0, which has the same broadcast rule as np.where
2020-09-01 08:57:22,245 INFO     Classified 169 of 169 visited clips in 6.4 seconds, an average of 26.4 clips per second.
2020-09-01 08:57:22,248 INFO     Classifier will visit 0 clips for detector "Old Bird Thrush Detector Redux 1.1", station "MSGR", mic output "21c Output", and date 2020-09-01.
2020-09-01 08:57:22,250 INFO     Classified 0 of 0 visited clips in 0.0 seconds.
2020-09-01 08:57:22,252 INFO     Classifier will visit 0 clips for detector "Old Bird Thrush Detector Redux 1.1", station "MSGR", mic output "21c Output", and date 2020-09-02.
2020-09-01 08:57:22,253 INFO     Classified 0 of 0 visited clips in 0.0 seconds.
2020-09-01 08:57:22,260 INFO     Job completed.
