2020-06-04 08:59:40,974 INFO     Job started for command "classify" with arguments:
2020-06-04 08:59:40,975 INFO         {
2020-06-04 08:59:40,976 INFO             "classifier": "MPG Ranch NFC Coarse Classifier 3.0",
2020-06-04 08:59:40,977 INFO             "annotation_name": "Classification",
2020-06-04 08:59:40,978 INFO             "detectors": [
2020-06-04 08:59:40,978 INFO                 "Old Bird Thrush Detector Redux 1.1"
2020-06-04 08:59:40,978 INFO             ],
2020-06-04 08:59:40,979 INFO             "station_mics": [
2020-06-04 08:59:40,979 INFO                 "MSGR / 21c"
2020-06-04 08:59:40,979 INFO             ],
2020-06-04 08:59:40,979 INFO             "start_date": "2020-06-03",
2020-06-04 08:59:40,979 INFO             "end_date": "2020-12-30"
2020-06-04 08:59:40,979 INFO         }
2020-06-04 08:59:40,995 INFO     Creating TensorFlow estimator from saved model in directory "/Users/richard/miniconda3/envs/vesper-0.4.8/lib/python3.6/site-packages/vesper/mpg_ranch/nfc_coarse_classifier_3_0/Tseep Classifier/TensorFlow SavedModel"...
2020-06-04 08:59:40,996 WARNING  
The TensorFlow contrib module will not be included in TensorFlow 2.0.
For more information, please see:
  * https://github.com/tensorflow/community/blob/master/rfcs/20180907-contrib-sunset.md
  * https://github.com/tensorflow/addons
  * https://github.com/tensorflow/io (for I/O related ops)
If you depend on functionality not listed there, please file an issue.

2020-06-04 08:59:42,058 WARNING  Using temporary folder as model directory: /var/folders/2z/dlxt5tt50nzdlqlx1qvr1zdm0000gn/T/tmpda0xbi6o
2020-06-04 08:59:42,063 WARNING  train mode not found in SavedModel.
2020-06-04 08:59:42,064 WARNING  eval mode not found in SavedModel.
2020-06-04 08:59:42,064 INFO     Loading classifier settings from "/Users/richard/miniconda3/envs/vesper-0.4.8/lib/python3.6/site-packages/vesper/mpg_ranch/nfc_coarse_classifier_3_0/Tseep Classifier/Settings.yaml"...
2020-06-04 08:59:42,082 INFO     Creating TensorFlow estimator from saved model in directory "/Users/richard/miniconda3/envs/vesper-0.4.8/lib/python3.6/site-packages/vesper/mpg_ranch/nfc_coarse_classifier_3_0/Thrush Classifier/TensorFlow SavedModel"...
2020-06-04 08:59:42,085 WARNING  Using temporary folder as model directory: /var/folders/2z/dlxt5tt50nzdlqlx1qvr1zdm0000gn/T/tmpggoy_7xt
2020-06-04 08:59:42,090 WARNING  train mode not found in SavedModel.
2020-06-04 08:59:42,090 WARNING  eval mode not found in SavedModel.
2020-06-04 08:59:42,091 INFO     Loading classifier settings from "/Users/richard/miniconda3/envs/vesper-0.4.8/lib/python3.6/site-packages/vesper/mpg_ranch/nfc_coarse_classifier_3_0/Thrush Classifier/Settings.yaml"...
2020-06-04 08:59:42,114 INFO     Classifier will visit 960 clips for detector "Old Bird Thrush Detector Redux 1.1", station "MSGR", mic output "21c Output", and date 2020-06-03.
2020-06-04 08:59:54,219 WARNING  From /Users/richard/miniconda3/envs/vesper-0.4.8/lib/python3.6/site-packages/tensorflow_core/python/autograph/converters/directives.py:119: The name tf.real is deprecated. Please use tf.math.real instead.

2020-06-04 08:59:54,219 WARNING  From /Users/richard/miniconda3/envs/vesper-0.4.8/lib/python3.6/site-packages/tensorflow_core/python/autograph/converters/directives.py:119: The name tf.conj is deprecated. Please use tf.math.conj instead.

2020-06-04 08:59:54,220 WARNING  From /Users/richard/miniconda3/envs/vesper-0.4.8/lib/python3.6/site-packages/tensorflow_core/python/autograph/converters/directives.py:119: The name tf.log is deprecated. Please use tf.math.log instead.

2020-06-04 08:59:54,444 WARNING  From /Users/richard/miniconda3/envs/vesper-0.4.8/lib/python3.6/site-packages/tensorflow_core/python/autograph/converters/directives.py:119: The name tf.Dimension is deprecated. Please use tf.compat.v1.Dimension instead.

2020-06-04 08:59:54,808 WARNING  From /Users/richard/miniconda3/envs/vesper-0.4.8/lib/python3.6/site-packages/tensorflow_core/python/ops/array_ops.py:1475: where (from tensorflow.python.ops.array_ops) is deprecated and will be removed in a future version.
Instructions for updating:
Use tf.where in 2.0, which has the same broadcast rule as np.where
2020-06-04 09:00:02,465 INFO     Classified 960 of 960 visited clips in 20.4 seconds, an average of 47.1 clips per second.
2020-06-04 09:00:02,473 INFO     Classifier will visit 0 clips for detector "Old Bird Thrush Detector Redux 1.1", station "MSGR", mic output "21c Output", and date 2020-06-04.
2020-06-04 09:00:02,474 INFO     Classified 0 of 0 visited clips in 0.0 seconds.
2020-06-04 09:00:02,477 INFO     Classifier will visit 0 clips for detector "Old Bird Thrush Detector Redux 1.1", station "MSGR", mic output "21c Output", and date 2020-06-05.
2020-06-04 09:00:02,478 INFO     Classified 0 of 0 visited clips in 0.0 seconds.
2020-06-04 09:00:02,481 INFO     Classifier will visit 0 clips for detector "Old Bird Thrush Detector Redux 1.1", station "MSGR", mic output "21c Output", and date 2020-06-06.
2020-06-04 09:00:02,483 INFO     Classified 0 of 0 visited clips in 0.0 seconds.
2020-06-04 09:00:02,485 INFO     Classifier will visit 0 clips for detector "Old Bird Thrush Detector Redux 1.1", station "MSGR", mic output "21c Output", and date 2020-06-07.
2020-06-04 09:00:02,487 INFO     Classified 0 of 0 visited clips in 0.0 seconds.
2020-06-04 09:00:02,488 INFO     Classifier will visit 0 clips for detector "Old Bird Thrush Detector Redux 1.1", station "MSGR", mic output "21c Output", and date 2020-06-08.
2020-06-04 09:00:02,489 INFO     Classified 0 of 0 visited clips in 0.0 seconds.
2020-06-04 09:00:02,491 INFO     Classifier will visit 0 clips for detector "Old Bird Thrush Detector Redux 1.1", station "MSGR", mic output "21c Output", and date 2020-06-09.
2020-06-04 09:00:02,495 INFO     Classified 0 of 0 visited clips in 0.0 seconds.
2020-06-04 09:00:02,496 INFO     Classifier will visit 0 clips for detector "Old Bird Thrush Detector Redux 1.1", station "MSGR", mic output "21c Output", and date 2020-06-10.
2020-06-04 09:00:02,499 INFO     Classified 0 of 0 visited clips in 0.0 seconds.
2020-06-04 09:00:02,500 INFO     Classifier will visit 0 clips for detector "Old Bird Thrush Detector Redux 1.1", station "MSGR", mic output "21c Output", and date 2020-06-11.
2020-06-04 09:00:02,503 INFO     Classified 0 of 0 visited clips in 0.0 seconds.
2020-06-04 09:00:02,505 INFO     Classifier will visit 0 clips for detector "Old Bird Thrush Detector Redux 1.1", station "MSGR", mic output "21c Output", and date 2020-06-12.
2020-06-04 09:00:02,506 INFO     Classified 0 of 0 visited clips in 0.0 seconds.
2020-06-04 09:00:02,508 INFO     Classifier will visit 0 clips for detector "Old Bird Thrush Detector Redux 1.1", station "MSGR", mic output "21c Output", and date 2020-06-13.
2020-06-04 09:00:02,509 INFO     Classified 0 of 0 visited clips in 0.0 seconds.
2020-06-04 09:00:02,511 INFO     Classifier will visit 0 clips for detector "Old Bird Thrush Detector Redux 1.1", station "MSGR", mic output "21c Output", and date 2020-06-14.
2020-06-04 09:00:02,513 INFO     Classified 0 of 0 visited clips in 0.0 seconds.
2020-06-04 09:00:02,514 INFO     Classifier will visit 0 clips for detector "Old Bird Thrush Detector Redux 1.1", station "MSGR", mic output "21c Output", and date 2020-06-15.
2020-06-04 09:00:02,516 INFO     Classified 0 of 0 visited clips in 0.0 seconds.
2020-06-04 09:00:02,518 INFO     Classifier will visit 0 clips for detector "Old Bird Thrush Detector Redux 1.1", station "MSGR", mic output "21c Output", and date 2020-06-16.
2020-06-04 09:00:02,520 INFO     Classified 0 of 0 visited clips in 0.0 seconds.
2020-06-04 09:00:02,522 INFO     Classifier will visit 0 clips for detector "Old Bird Thrush Detector Redux 1.1", station "MSGR", mic output "21c Output", and date 2020-06-17.
2020-06-04 09:00:02,524 INFO     Classified 0 of 0 visited clips in 0.0 seconds.
2020-06-04 09:00:02,527 INFO     Classifier will visit 0 clips for detector "Old Bird Thrush Detector Redux 1.1", station "MSGR", mic output "21c Output", and date 2020-06-18.
2020-06-04 09:00:02,529 INFO     Classified 0 of 0 visited clips in 0.0 seconds.
2020-06-04 09:00:02,533 INFO     Classifier will visit 0 clips for detector "Old Bird Thrush Detector Redux 1.1", station "MSGR", mic output "21c Output", and date 2020-06-19.
2020-06-04 09:00:02,537 INFO     Classified 0 of 0 visited clips in 0.0 seconds.
2020-06-04 09:00:02,540 INFO     Classifier will visit 0 clips for detector "Old Bird Thrush Detector Redux 1.1", station "MSGR", mic output "21c Output", and date 2020-06-20.
2020-06-04 09:00:02,544 INFO     Classified 0 of 0 visited clips in 0.0 seconds.
2020-06-04 09:00:02,547 INFO     Classifier will visit 0 clips for detector "Old Bird Thrush Detector Redux 1.1", station "MSGR", mic output "21c Output", and date 2020-06-21.
2020-06-04 09:00:02,548 INFO     Classified 0 of 0 visited clips in 0.0 seconds.
2020-06-04 09:00:02,550 INFO     Classifier will visit 0 clips for detector "Old Bird Thrush Detector Redux 1.1", station "MSGR", mic output "21c Output", and date 2020-06-22.
2020-06-04 09:00:02,552 INFO     Classified 0 of 0 visited clips in 0.0 seconds.
2020-06-04 09:00:02,556 INFO     Classifier will visit 0 clips for detector "Old Bird Thrush Detector Redux 1.1", station "MSGR", mic output "21c Output", and date 2020-06-23.
2020-06-04 09:00:02,557 INFO     Classified 0 of 0 visited clips in 0.0 seconds.
2020-06-04 09:00:02,560 INFO     Classifier will visit 0 clips for detector "Old Bird Thrush Detector Redux 1.1", station "MSGR", mic output "21c Output", and date 2020-06-24.
2020-06-04 09:00:02,564 INFO     Classified 0 of 0 visited clips in 0.0 seconds.
2020-06-04 09:00:02,566 INFO     Classifier will visit 0 clips for detector "Old Bird Thrush Detector Redux 1.1", station "MSGR", mic output "21c Output", and date 2020-06-25.
2020-06-04 09:00:02,568 INFO     Classified 0 of 0 visited clips in 0.0 seconds.
2020-06-04 09:00:02,570 INFO     Classifier will visit 0 clips for detector "Old Bird Thrush Detector Redux 1.1", station "MSGR", mic output "21c Output", and date 2020-06-26.
2020-06-04 09:00:02,571 INFO     Classified 0 of 0 visited clips in 0.0 seconds.
2020-06-04 09:00:02,574 INFO     Classifier will visit 0 clips for detector "Old Bird Thrush Detector Redux 1.1", station "MSGR", mic output "21c Output", and date 2020-06-27.
2020-06-04 09:00:02,577 INFO     Classified 0 of 0 visited clips in 0.0 seconds.
2020-06-04 09:00:02,579 INFO     Classifier will visit 0 clips for detector "Old Bird Thrush Detector Redux 1.1", station "MSGR", mic output "21c Output", and date 2020-06-28.
2020-06-04 09:00:02,581 INFO     Classified 0 of 0 visited clips in 0.0 seconds.
2020-06-04 09:00:02,583 INFO     Classifier will visit 0 clips for detector "Old Bird Thrush Detector Redux 1.1", station "MSGR", mic output "21c Output", and date 2020-06-29.
2020-06-04 09:00:02,585 INFO     Classified 0 of 0 visited clips in 0.0 seconds.
2020-06-04 09:00:02,587 INFO     Classifier will visit 0 clips for detector "Old Bird Thrush Detector Redux 1.1", station "MSGR", mic output "21c Output", and date 2020-06-30.
2020-06-04 09:00:02,589 INFO     Classified 0 of 0 visited clips in 0.0 seconds.
2020-06-04 09:00:02,593 INFO     Classifier will visit 0 clips for detector "Old Bird Thrush Detector Redux 1.1", station "MSGR", mic output "21c Output", and date 2020-07-01.
2020-06-04 09:00:02,595 INFO     Classified 0 of 0 visited clips in 0.0 seconds.
2020-06-04 09:00:02,598 INFO     Classifier will visit 0 clips for detector "Old Bird Thrush Detector Redux 1.1", station "MSGR", mic output "21c Output", and date 2020-07-02.
2020-06-04 09:00:02,599 INFO     Classified 0 of 0 visited clips in 0.0 seconds.
2020-06-04 09:00:02,601 INFO     Classifier will visit 0 clips for detector "Old Bird Thrush Detector Redux 1.1", station "MSGR", mic output "21c Output", and date 2020-07-03.
2020-06-04 09:00:02,602 INFO     Classified 0 of 0 visited clips in 0.0 seconds.
2020-06-04 09:00:02,605 INFO     Classifier will visit 0 clips for detector "Old Bird Thrush Detector Redux 1.1", station "MSGR", mic output "21c Output", and date 2020-07-04.
2020-06-04 09:00:02,606 INFO     Classified 0 of 0 visited clips in 0.0 seconds.
2020-06-04 09:00:02,610 INFO     Classifier will visit 0 clips for detector "Old Bird Thrush Detector Redux 1.1", station "MSGR", mic output "21c Output", and date 2020-07-05.
2020-06-04 09:00:02,612 INFO     Classified 0 of 0 visited clips in 0.0 seconds.
2020-06-04 09:00:02,614 INFO     Classifier will visit 0 clips for detector "Old Bird Thrush Detector Redux 1.1", station "MSGR", mic output "21c Output", and date 2020-07-06.
2020-06-04 09:00:02,616 INFO     Classified 0 of 0 visited clips in 0.0 seconds.
2020-06-04 09:00:02,618 INFO     Classifier will visit 0 clips for detector "Old Bird Thrush Detector Redux 1.1", station "MSGR", mic output "21c Output", and date 2020-07-07.
2020-06-04 09:00:02,620 INFO     Classified 0 of 0 visited clips in 0.0 seconds.
2020-06-04 09:00:02,622 INFO     Classifier will visit 0 clips for detector "Old Bird Thrush Detector Redux 1.1", station "MSGR", mic output "21c Output", and date 2020-07-08.
2020-06-04 09:00:02,624 INFO     Classified 0 of 0 visited clips in 0.0 seconds.
2020-06-04 09:00:02,629 INFO     Classifier will visit 0 clips for detector "Old Bird Thrush Detector Redux 1.1", station "MSGR", mic output "21c Output", and date 2020-07-09.
2020-06-04 09:00:02,630 INFO     Classified 0 of 0 visited clips in 0.0 seconds.
2020-06-04 09:00:02,633 INFO     Classifier will visit 0 clips for detector "Old Bird Thrush Detector Redux 1.1", station "MSGR", mic output "21c Output", and date 2020-07-10.
2020-06-04 09:00:02,636 INFO     Classified 0 of 0 visited clips in 0.0 seconds.
2020-06-04 09:00:02,639 INFO     Classifier will visit 0 clips for detector "Old Bird Thrush Detector Redux 1.1", station "MSGR", mic output "21c Output", and date 2020-07-11.
2020-06-04 09:00:02,641 INFO     Classified 0 of 0 visited clips in 0.0 seconds.
2020-06-04 09:00:02,645 INFO     Classifier will visit 0 clips for detector "Old Bird Thrush Detector Redux 1.1", station "MSGR", mic output "21c Output", and date 2020-07-12.
2020-06-04 09:00:02,647 INFO     Classified 0 of 0 visited clips in 0.0 seconds.
2020-06-04 09:00:02,649 INFO     Classifier will visit 0 clips for detector "Old Bird Thrush Detector Redux 1.1", station "MSGR", mic output "21c Output", and date 2020-07-13.
2020-06-04 09:00:02,651 INFO     Classified 0 of 0 visited clips in 0.0 seconds.
2020-06-04 09:00:02,654 INFO     Classifier will visit 0 clips for detector "Old Bird Thrush Detector Redux 1.1", station "MSGR", mic output "21c Output", and date 2020-07-14.
2020-06-04 09:00:02,655 INFO     Classified 0 of 0 visited clips in 0.0 seconds.
2020-06-04 09:00:02,658 INFO     Classifier will visit 0 clips for detector "Old Bird Thrush Detector Redux 1.1", station "MSGR", mic output "21c Output", and date 2020-07-15.
2020-06-04 09:00:02,659 INFO     Classified 0 of 0 visited clips in 0.0 seconds.
2020-06-04 09:00:02,662 INFO     Classifier will visit 0 clips for detector "Old Bird Thrush Detector Redux 1.1", station "MSGR", mic output "21c Output", and date 2020-07-16.
2020-06-04 09:00:02,664 INFO     Classified 0 of 0 visited clips in 0.0 seconds.
2020-06-04 09:00:02,666 INFO     Classifier will visit 0 clips for detector "Old Bird Thrush Detector Redux 1.1", station "MSGR", mic output "21c Output", and date 2020-07-17.
2020-06-04 09:00:02,668 INFO     Classified 0 of 0 visited clips in 0.0 seconds.
2020-06-04 09:00:02,670 INFO     Classifier will visit 0 clips for detector "Old Bird Thrush Detector Redux 1.1", station "MSGR", mic output "21c Output", and date 2020-07-18.
2020-06-04 09:00:02,671 INFO     Classified 0 of 0 visited clips in 0.0 seconds.
2020-06-04 09:00:02,673 INFO     Classifier will visit 0 clips for detector "Old Bird Thrush Detector Redux 1.1", station "MSGR", mic output "21c Output", and date 2020-07-19.
2020-06-04 09:00:02,675 INFO     Classified 0 of 0 visited clips in 0.0 seconds.
2020-06-04 09:00:02,676 INFO     Classifier will visit 0 clips for detector "Old Bird Thrush Detector Redux 1.1", station "MSGR", mic output "21c Output", and date 2020-07-20.
2020-06-04 09:00:02,678 INFO     Classified 0 of 0 visited clips in 0.0 seconds.
2020-06-04 09:00:02,680 INFO     Classifier will visit 0 clips for detector "Old Bird Thrush Detector Redux 1.1", station "MSGR", mic output "21c Output", and date 2020-07-21.
2020-06-04 09:00:02,682 INFO     Classified 0 of 0 visited clips in 0.0 seconds.
2020-06-04 09:00:02,684 INFO     Classifier will visit 0 clips for detector "Old Bird Thrush Detector Redux 1.1", station "MSGR", mic output "21c Output", and date 2020-07-22.
2020-06-04 09:00:02,685 INFO     Classified 0 of 0 visited clips in 0.0 seconds.
2020-06-04 09:00:02,688 INFO     Classifier will visit 0 clips for detector "Old Bird Thrush Detector Redux 1.1", station "MSGR", mic output "21c Output", and date 2020-07-23.
2020-06-04 09:00:02,690 INFO     Classified 0 of 0 visited clips in 0.0 seconds.
2020-06-04 09:00:02,693 INFO     Classifier will visit 0 clips for detector "Old Bird Thrush Detector Redux 1.1", station "MSGR", mic output "21c Output", and date 2020-07-24.
2020-06-04 09:00:02,697 INFO     Classified 0 of 0 visited clips in 0.0 seconds.
2020-06-04 09:00:02,699 INFO     Classifier will visit 0 clips for detector "Old Bird Thrush Detector Redux 1.1", station "MSGR", mic output "21c Output", and date 2020-07-25.
2020-06-04 09:00:02,701 INFO     Classified 0 of 0 visited clips in 0.0 seconds.
2020-06-04 09:00:02,703 INFO     Classifier will visit 0 clips for detector "Old Bird Thrush Detector Redux 1.1", station "MSGR", mic output "21c Output", and date 2020-07-26.
2020-06-04 09:00:02,705 INFO     Classified 0 of 0 visited clips in 0.0 seconds.
2020-06-04 09:00:02,707 INFO     Classifier will visit 0 clips for detector "Old Bird Thrush Detector Redux 1.1", station "MSGR", mic output "21c Output", and date 2020-07-27.
2020-06-04 09:00:02,709 INFO     Classified 0 of 0 visited clips in 0.0 seconds.
2020-06-04 09:00:02,712 INFO     Classifier will visit 0 clips for detector "Old Bird Thrush Detector Redux 1.1", station "MSGR", mic output "21c Output", and date 2020-07-28.
2020-06-04 09:00:02,715 INFO     Classified 0 of 0 visited clips in 0.0 seconds.
2020-06-04 09:00:02,718 INFO     Classifier will visit 0 clips for detector "Old Bird Thrush Detector Redux 1.1", station "MSGR", mic output "21c Output", and date 2020-07-29.
2020-06-04 09:00:02,720 INFO     Classified 0 of 0 visited clips in 0.0 seconds.
2020-06-04 09:00:02,724 INFO     Classifier will visit 0 clips for detector "Old Bird Thrush Detector Redux 1.1", station "MSGR", mic output "21c Output", and date 2020-07-30.
2020-06-04 09:00:02,725 INFO     Classified 0 of 0 visited clips in 0.0 seconds.
2020-06-04 09:00:02,730 INFO     Classifier will visit 0 clips for detector "Old Bird Thrush Detector Redux 1.1", station "MSGR", mic output "21c Output", and date 2020-07-31.
2020-06-04 09:00:02,733 INFO     Classified 0 of 0 visited clips in 0.0 seconds.
2020-06-04 09:00:02,736 INFO     Classifier will visit 0 clips for detector "Old Bird Thrush Detector Redux 1.1", station "MSGR", mic output "21c Output", and date 2020-08-01.
2020-06-04 09:00:02,738 INFO     Classified 0 of 0 visited clips in 0.0 seconds.
2020-06-04 09:00:02,740 INFO     Classifier will visit 0 clips for detector "Old Bird Thrush Detector Redux 1.1", station "MSGR", mic output "21c Output", and date 2020-08-02.
2020-06-04 09:00:02,743 INFO     Classified 0 of 0 visited clips in 0.0 seconds.
2020-06-04 09:00:02,746 INFO     Classifier will visit 0 clips for detector "Old Bird Thrush Detector Redux 1.1", station "MSGR", mic output "21c Output", and date 2020-08-03.
2020-06-04 09:00:02,748 INFO     Classified 0 of 0 visited clips in 0.0 seconds.
2020-06-04 09:00:02,750 INFO     Classifier will visit 0 clips for detector "Old Bird Thrush Detector Redux 1.1", station "MSGR", mic output "21c Output", and date 2020-08-04.
2020-06-04 09:00:02,752 INFO     Classified 0 of 0 visited clips in 0.0 seconds.
2020-06-04 09:00:02,754 INFO     Classifier will visit 0 clips for detector "Old Bird Thrush Detector Redux 1.1", station "MSGR", mic output "21c Output", and date 2020-08-05.
2020-06-04 09:00:02,755 INFO     Classified 0 of 0 visited clips in 0.0 seconds.
2020-06-04 09:00:02,759 INFO     Classifier will visit 0 clips for detector "Old Bird Thrush Detector Redux 1.1", station "MSGR", mic output "21c Output", and date 2020-08-06.
2020-06-04 09:00:02,762 INFO     Classified 0 of 0 visited clips in 0.0 seconds.
2020-06-04 09:00:02,764 INFO     Classifier will visit 0 clips for detector "Old Bird Thrush Detector Redux 1.1", station "MSGR", mic output "21c Output", and date 2020-08-07.
2020-06-04 09:00:02,766 INFO     Classified 0 of 0 visited clips in 0.0 seconds.
2020-06-04 09:00:02,768 INFO     Classifier will visit 0 clips for detector "Old Bird Thrush Detector Redux 1.1", station "MSGR", mic output "21c Output", and date 2020-08-08.
2020-06-04 09:00:02,770 INFO     Classified 0 of 0 visited clips in 0.0 seconds.
2020-06-04 09:00:02,773 INFO     Classifier will visit 0 clips for detector "Old Bird Thrush Detector Redux 1.1", station "MSGR", mic output "21c Output", and date 2020-08-09.
2020-06-04 09:00:02,776 INFO     Classified 0 of 0 visited clips in 0.0 seconds.
2020-06-04 09:00:02,779 INFO     Classifier will visit 0 clips for detector "Old Bird Thrush Detector Redux 1.1", station "MSGR", mic output "21c Output", and date 2020-08-10.
2020-06-04 09:00:02,781 INFO     Classified 0 of 0 visited clips in 0.0 seconds.
2020-06-04 09:00:02,785 INFO     Classifier will visit 0 clips for detector "Old Bird Thrush Detector Redux 1.1", station "MSGR", mic output "21c Output", and date 2020-08-11.
2020-06-04 09:00:02,787 INFO     Classified 0 of 0 visited clips in 0.0 seconds.
2020-06-04 09:00:02,789 INFO     Classifier will visit 0 clips for detector "Old Bird Thrush Detector Redux 1.1", station "MSGR", mic output "21c Output", and date 2020-08-12.
2020-06-04 09:00:02,791 INFO     Classified 0 of 0 visited clips in 0.0 seconds.
2020-06-04 09:00:02,796 INFO     Classifier will visit 0 clips for detector "Old Bird Thrush Detector Redux 1.1", station "MSGR", mic output "21c Output", and date 2020-08-13.
2020-06-04 09:00:02,798 INFO     Classified 0 of 0 visited clips in 0.0 seconds.
2020-06-04 09:00:02,800 INFO     Classifier will visit 0 clips for detector "Old Bird Thrush Detector Redux 1.1", station "MSGR", mic output "21c Output", and date 2020-08-14.
2020-06-04 09:00:02,802 INFO     Classified 0 of 0 visited clips in 0.0 seconds.
2020-06-04 09:00:02,804 INFO     Classifier will visit 0 clips for detector "Old Bird Thrush Detector Redux 1.1", station "MSGR", mic output "21c Output", and date 2020-08-15.
2020-06-04 09:00:02,805 INFO     Classified 0 of 0 visited clips in 0.0 seconds.
2020-06-04 09:00:02,807 INFO     Classifier will visit 0 clips for detector "Old Bird Thrush Detector Redux 1.1", station "MSGR", mic output "21c Output", and date 2020-08-16.
2020-06-04 09:00:02,809 INFO     Classified 0 of 0 visited clips in 0.0 seconds.
2020-06-04 09:00:02,811 INFO     Classifier will visit 0 clips for detector "Old Bird Thrush Detector Redux 1.1", station "MSGR", mic output "21c Output", and date 2020-08-17.
2020-06-04 09:00:02,812 INFO     Classified 0 of 0 visited clips in 0.0 seconds.
2020-06-04 09:00:02,814 INFO     Classifier will visit 0 clips for detector "Old Bird Thrush Detector Redux 1.1", station "MSGR", mic output "21c Output", and date 2020-08-18.
2020-06-04 09:00:02,816 INFO     Classified 0 of 0 visited clips in 0.0 seconds.
2020-06-04 09:00:02,818 INFO     Classifier will visit 0 clips for detector "Old Bird Thrush Detector Redux 1.1", station "MSGR", mic output "21c Output", and date 2020-08-19.
2020-06-04 09:00:02,821 INFO     Classified 0 of 0 visited clips in 0.0 seconds.
2020-06-04 09:00:02,823 INFO     Classifier will visit 0 clips for detector "Old Bird Thrush Detector Redux 1.1", station "MSGR", mic output "21c Output", and date 2020-08-20.
2020-06-04 09:00:02,824 INFO     Classified 0 of 0 visited clips in 0.0 seconds.
2020-06-04 09:00:02,826 INFO     Classifier will visit 0 clips for detector "Old Bird Thrush Detector Redux 1.1", station "MSGR", mic output "21c Output", and date 2020-08-21.
2020-06-04 09:00:02,828 INFO     Classified 0 of 0 visited clips in 0.0 seconds.
2020-06-04 09:00:02,830 INFO     Classifier will visit 0 clips for detector "Old Bird Thrush Detector Redux 1.1", station "MSGR", mic output "21c Output", and date 2020-08-22.
2020-06-04 09:00:02,832 INFO     Classified 0 of 0 visited clips in 0.0 seconds.
2020-06-04 09:00:02,834 INFO     Classifier will visit 0 clips for detector "Old Bird Thrush Detector Redux 1.1", station "MSGR", mic output "21c Output", and date 2020-08-23.
2020-06-04 09:00:02,836 INFO     Classified 0 of 0 visited clips in 0.0 seconds.
2020-06-04 09:00:02,837 INFO     Classifier will visit 0 clips for detector "Old Bird Thrush Detector Redux 1.1", station "MSGR", mic output "21c Output", and date 2020-08-24.
2020-06-04 09:00:02,838 INFO     Classified 0 of 0 visited clips in 0.0 seconds.
2020-06-04 09:00:02,840 INFO     Classifier will visit 0 clips for detector "Old Bird Thrush Detector Redux 1.1", station "MSGR", mic output "21c Output", and date 2020-08-25.
2020-06-04 09:00:02,842 INFO     Classified 0 of 0 visited clips in 0.0 seconds.
2020-06-04 09:00:02,844 INFO     Classifier will visit 0 clips for detector "Old Bird Thrush Detector Redux 1.1", station "MSGR", mic output "21c Output", and date 2020-08-26.
2020-06-04 09:00:02,845 INFO     Classified 0 of 0 visited clips in 0.0 seconds.
2020-06-04 09:00:02,847 INFO     Classifier will visit 0 clips for detector "Old Bird Thrush Detector Redux 1.1", station "MSGR", mic output "21c Output", and date 2020-08-27.
2020-06-04 09:00:02,848 INFO     Classified 0 of 0 visited clips in 0.0 seconds.
2020-06-04 09:00:02,851 INFO     Classifier will visit 0 clips for detector "Old Bird Thrush Detector Redux 1.1", station "MSGR", mic output "21c Output", and date 2020-08-28.
2020-06-04 09:00:02,853 INFO     Classified 0 of 0 visited clips in 0.0 seconds.
2020-06-04 09:00:02,854 INFO     Classifier will visit 0 clips for detector "Old Bird Thrush Detector Redux 1.1", station "MSGR", mic output "21c Output", and date 2020-08-29.
2020-06-04 09:00:02,856 INFO     Classified 0 of 0 visited clips in 0.0 seconds.
2020-06-04 09:00:02,858 INFO     Classifier will visit 0 clips for detector "Old Bird Thrush Detector Redux 1.1", station "MSGR", mic output "21c Output", and date 2020-08-30.
2020-06-04 09:00:02,860 INFO     Classified 0 of 0 visited clips in 0.0 seconds.
2020-06-04 09:00:02,861 INFO     Classifier will visit 0 clips for detector "Old Bird Thrush Detector Redux 1.1", station "MSGR", mic output "21c Output", and date 2020-08-31.
2020-06-04 09:00:02,863 INFO     Classified 0 of 0 visited clips in 0.0 seconds.
2020-06-04 09:00:02,865 INFO     Classifier will visit 0 clips for detector "Old Bird Thrush Detector Redux 1.1", station "MSGR", mic output "21c Output", and date 2020-09-01.
2020-06-04 09:00:02,866 INFO     Classified 0 of 0 visited clips in 0.0 seconds.
2020-06-04 09:00:02,868 INFO     Classifier will visit 0 clips for detector "Old Bird Thrush Detector Redux 1.1", station "MSGR", mic output "21c Output", and date 2020-09-02.
2020-06-04 09:00:02,870 INFO     Classified 0 of 0 visited clips in 0.0 seconds.
2020-06-04 09:00:02,872 INFO     Classifier will visit 0 clips for detector "Old Bird Thrush Detector Redux 1.1", station "MSGR", mic output "21c Output", and date 2020-09-03.
2020-06-04 09:00:02,873 INFO     Classified 0 of 0 visited clips in 0.0 seconds.
2020-06-04 09:00:02,875 INFO     Classifier will visit 0 clips for detector "Old Bird Thrush Detector Redux 1.1", station "MSGR", mic output "21c Output", and date 2020-09-04.
2020-06-04 09:00:02,877 INFO     Classified 0 of 0 visited clips in 0.0 seconds.
2020-06-04 09:00:02,879 INFO     Classifier will visit 0 clips for detector "Old Bird Thrush Detector Redux 1.1", station "MSGR", mic output "21c Output", and date 2020-09-05.
2020-06-04 09:00:02,880 INFO     Classified 0 of 0 visited clips in 0.0 seconds.
2020-06-04 09:00:02,882 INFO     Classifier will visit 0 clips for detector "Old Bird Thrush Detector Redux 1.1", station "MSGR", mic output "21c Output", and date 2020-09-06.
2020-06-04 09:00:02,883 INFO     Classified 0 of 0 visited clips in 0.0 seconds.
2020-06-04 09:00:02,885 INFO     Classifier will visit 0 clips for detector "Old Bird Thrush Detector Redux 1.1", station "MSGR", mic output "21c Output", and date 2020-09-07.
2020-06-04 09:00:02,887 INFO     Classified 0 of 0 visited clips in 0.0 seconds.
2020-06-04 09:00:02,888 INFO     Classifier will visit 0 clips for detector "Old Bird Thrush Detector Redux 1.1", station "MSGR", mic output "21c Output", and date 2020-09-08.
2020-06-04 09:00:02,890 INFO     Classified 0 of 0 visited clips in 0.0 seconds.
2020-06-04 09:00:02,893 INFO     Classifier will visit 0 clips for detector "Old Bird Thrush Detector Redux 1.1", station "MSGR", mic output "21c Output", and date 2020-09-09.
2020-06-04 09:00:02,894 INFO     Classified 0 of 0 visited clips in 0.0 seconds.
2020-06-04 09:00:02,897 INFO     Classifier will visit 0 clips for detector "Old Bird Thrush Detector Redux 1.1", station "MSGR", mic output "21c Output", and date 2020-09-10.
2020-06-04 09:00:02,898 INFO     Classified 0 of 0 visited clips in 0.0 seconds.
2020-06-04 09:00:02,900 INFO     Classifier will visit 0 clips for detector "Old Bird Thrush Detector Redux 1.1", station "MSGR", mic output "21c Output", and date 2020-09-11.
2020-06-04 09:00:02,902 INFO     Classified 0 of 0 visited clips in 0.0 seconds.
2020-06-04 09:00:02,903 INFO     Classifier will visit 0 clips for detector "Old Bird Thrush Detector Redux 1.1", station "MSGR", mic output "21c Output", and date 2020-09-12.
2020-06-04 09:00:02,905 INFO     Classified 0 of 0 visited clips in 0.0 seconds.
2020-06-04 09:00:02,907 INFO     Classifier will visit 0 clips for detector "Old Bird Thrush Detector Redux 1.1", station "MSGR", mic output "21c Output", and date 2020-09-13.
2020-06-04 09:00:02,908 INFO     Classified 0 of 0 visited clips in 0.0 seconds.
2020-06-04 09:00:02,910 INFO     Classifier will visit 0 clips for detector "Old Bird Thrush Detector Redux 1.1", station "MSGR", mic output "21c Output", and date 2020-09-14.
2020-06-04 09:00:02,912 INFO     Classified 0 of 0 visited clips in 0.0 seconds.
2020-06-04 09:00:02,913 INFO     Classifier will visit 0 clips for detector "Old Bird Thrush Detector Redux 1.1", station "MSGR", mic output "21c Output", and date 2020-09-15.
2020-06-04 09:00:02,915 INFO     Classified 0 of 0 visited clips in 0.0 seconds.
2020-06-04 09:00:02,917 INFO     Classifier will visit 0 clips for detector "Old Bird Thrush Detector Redux 1.1", station "MSGR", mic output "21c Output", and date 2020-09-16.
2020-06-04 09:00:02,918 INFO     Classified 0 of 0 visited clips in 0.0 seconds.
2020-06-04 09:00:02,920 INFO     Classifier will visit 0 clips for detector "Old Bird Thrush Detector Redux 1.1", station "MSGR", mic output "21c Output", and date 2020-09-17.
2020-06-04 09:00:02,921 INFO     Classified 0 of 0 visited clips in 0.0 seconds.
2020-06-04 09:00:02,924 INFO     Classifier will visit 0 clips for detector "Old Bird Thrush Detector Redux 1.1", station "MSGR", mic output "21c Output", and date 2020-09-18.
2020-06-04 09:00:02,925 INFO     Classified 0 of 0 visited clips in 0.0 seconds.
2020-06-04 09:00:02,927 INFO     Classifier will visit 0 clips for detector "Old Bird Thrush Detector Redux 1.1", station "MSGR", mic output "21c Output", and date 2020-09-19.
2020-06-04 09:00:02,929 INFO     Classified 0 of 0 visited clips in 0.0 seconds.
2020-06-04 09:00:02,931 INFO     Classifier will visit 0 clips for detector "Old Bird Thrush Detector Redux 1.1", station "MSGR", mic output "21c Output", and date 2020-09-20.
2020-06-04 09:00:02,933 INFO     Classified 0 of 0 visited clips in 0.0 seconds.
2020-06-04 09:00:02,934 INFO     Classifier will visit 0 clips for detector "Old Bird Thrush Detector Redux 1.1", station "MSGR", mic output "21c Output", and date 2020-09-21.
2020-06-04 09:00:02,936 INFO     Classified 0 of 0 visited clips in 0.0 seconds.
2020-06-04 09:00:02,937 INFO     Classifier will visit 0 clips for detector "Old Bird Thrush Detector Redux 1.1", station "MSGR", mic output "21c Output", and date 2020-09-22.
2020-06-04 09:00:02,939 INFO     Classified 0 of 0 visited clips in 0.0 seconds.
2020-06-04 09:00:02,941 INFO     Classifier will visit 0 clips for detector "Old Bird Thrush Detector Redux 1.1", station "MSGR", mic output "21c Output", and date 2020-09-23.
2020-06-04 09:00:02,942 INFO     Classified 0 of 0 visited clips in 0.0 seconds.
2020-06-04 09:00:02,944 INFO     Classifier will visit 0 clips for detector "Old Bird Thrush Detector Redux 1.1", station "MSGR", mic output "21c Output", and date 2020-09-24.
2020-06-04 09:00:02,946 INFO     Classified 0 of 0 visited clips in 0.0 seconds.
2020-06-04 09:00:02,948 INFO     Classifier will visit 0 clips for detector "Old Bird Thrush Detector Redux 1.1", station "MSGR", mic output "21c Output", and date 2020-09-25.
2020-06-04 09:00:02,949 INFO     Classified 0 of 0 visited clips in 0.0 seconds.
2020-06-04 09:00:02,951 INFO     Classifier will visit 0 clips for detector "Old Bird Thrush Detector Redux 1.1", station "MSGR", mic output "21c Output", and date 2020-09-26.
2020-06-04 09:00:02,953 INFO     Classified 0 of 0 visited clips in 0.0 seconds.
2020-06-04 09:00:02,954 INFO     Classifier will visit 0 clips for detector "Old Bird Thrush Detector Redux 1.1", station "MSGR", mic output "21c Output", and date 2020-09-27.
2020-06-04 09:00:02,956 INFO     Classified 0 of 0 visited clips in 0.0 seconds.
2020-06-04 09:00:02,957 INFO     Classifier will visit 0 clips for detector "Old Bird Thrush Detector Redux 1.1", station "MSGR", mic output "21c Output", and date 2020-09-28.
2020-06-04 09:00:02,960 INFO     Classified 0 of 0 visited clips in 0.0 seconds.
2020-06-04 09:00:02,962 INFO     Classifier will visit 0 clips for detector "Old Bird Thrush Detector Redux 1.1", station "MSGR", mic output "21c Output", and date 2020-09-29.
2020-06-04 09:00:02,963 INFO     Classified 0 of 0 visited clips in 0.0 seconds.
2020-06-04 09:00:02,965 INFO     Classifier will visit 0 clips for detector "Old Bird Thrush Detector Redux 1.1", station "MSGR", mic output "21c Output", and date 2020-09-30.
2020-06-04 09:00:02,967 INFO     Classified 0 of 0 visited clips in 0.0 seconds.
2020-06-04 09:00:02,969 INFO     Classifier will visit 0 clips for detector "Old Bird Thrush Detector Redux 1.1", station "MSGR", mic output "21c Output", and date 2020-10-01.
2020-06-04 09:00:02,970 INFO     Classified 0 of 0 visited clips in 0.0 seconds.
2020-06-04 09:00:02,971 INFO     Classifier will visit 0 clips for detector "Old Bird Thrush Detector Redux 1.1", station "MSGR", mic output "21c Output", and date 2020-10-02.
2020-06-04 09:00:02,972 INFO     Classified 0 of 0 visited clips in 0.0 seconds.
2020-06-04 09:00:02,975 INFO     Classifier will visit 0 clips for detector "Old Bird Thrush Detector Redux 1.1", station "MSGR", mic output "21c Output", and date 2020-10-03.
2020-06-04 09:00:02,976 INFO     Classified 0 of 0 visited clips in 0.0 seconds.
2020-06-04 09:00:02,978 INFO     Classifier will visit 0 clips for detector "Old Bird Thrush Detector Redux 1.1", station "MSGR", mic output "21c Output", and date 2020-10-04.
2020-06-04 09:00:02,979 INFO     Classified 0 of 0 visited clips in 0.0 seconds.
2020-06-04 09:00:02,982 INFO     Classifier will visit 0 clips for detector "Old Bird Thrush Detector Redux 1.1", station "MSGR", mic output "21c Output", and date 2020-10-05.
2020-06-04 09:00:02,983 INFO     Classified 0 of 0 visited clips in 0.0 seconds.
2020-06-04 09:00:02,984 INFO     Classifier will visit 0 clips for detector "Old Bird Thrush Detector Redux 1.1", station "MSGR", mic output "21c Output", and date 2020-10-06.
2020-06-04 09:00:02,986 INFO     Classified 0 of 0 visited clips in 0.0 seconds.
2020-06-04 09:00:02,988 INFO     Classifier will visit 0 clips for detector "Old Bird Thrush Detector Redux 1.1", station "MSGR", mic output "21c Output", and date 2020-10-07.
2020-06-04 09:00:02,989 INFO     Classified 0 of 0 visited clips in 0.0 seconds.
2020-06-04 09:00:02,992 INFO     Classifier will visit 0 clips for detector "Old Bird Thrush Detector Redux 1.1", station "MSGR", mic output "21c Output", and date 2020-10-08.
2020-06-04 09:00:02,993 INFO     Classified 0 of 0 visited clips in 0.0 seconds.
2020-06-04 09:00:02,995 INFO     Classifier will visit 0 clips for detector "Old Bird Thrush Detector Redux 1.1", station "MSGR", mic output "21c Output", and date 2020-10-09.
2020-06-04 09:00:02,997 INFO     Classified 0 of 0 visited clips in 0.0 seconds.
2020-06-04 09:00:02,998 INFO     Classifier will visit 0 clips for detector "Old Bird Thrush Detector Redux 1.1", station "MSGR", mic output "21c Output", and date 2020-10-10.
2020-06-04 09:00:03,000 INFO     Classified 0 of 0 visited clips in 0.0 seconds.
2020-06-04 09:00:03,002 INFO     Classifier will visit 0 clips for detector "Old Bird Thrush Detector Redux 1.1", station "MSGR", mic output "21c Output", and date 2020-10-11.
2020-06-04 09:00:03,004 INFO     Classified 0 of 0 visited clips in 0.0 seconds.
2020-06-04 09:00:03,006 INFO     Classifier will visit 0 clips for detector "Old Bird Thrush Detector Redux 1.1", station "MSGR", mic output "21c Output", and date 2020-10-12.
2020-06-04 09:00:03,007 INFO     Classified 0 of 0 visited clips in 0.0 seconds.
2020-06-04 09:00:03,009 INFO     Classifier will visit 0 clips for detector "Old Bird Thrush Detector Redux 1.1", station "MSGR", mic output "21c Output", and date 2020-10-13.
2020-06-04 09:00:03,010 INFO     Classified 0 of 0 visited clips in 0.0 seconds.
2020-06-04 09:00:03,012 INFO     Classifier will visit 0 clips for detector "Old Bird Thrush Detector Redux 1.1", station "MSGR", mic output "21c Output", and date 2020-10-14.
2020-06-04 09:00:03,014 INFO     Classified 0 of 0 visited clips in 0.0 seconds.
2020-06-04 09:00:03,016 INFO     Classifier will visit 0 clips for detector "Old Bird Thrush Detector Redux 1.1", station "MSGR", mic output "21c Output", and date 2020-10-15.
2020-06-04 09:00:03,017 INFO     Classified 0 of 0 visited clips in 0.0 seconds.
2020-06-04 09:00:03,019 INFO     Classifier will visit 0 clips for detector "Old Bird Thrush Detector Redux 1.1", station "MSGR", mic output "21c Output", and date 2020-10-16.
2020-06-04 09:00:03,021 INFO     Classified 0 of 0 visited clips in 0.0 seconds.
2020-06-04 09:00:03,022 INFO     Classifier will visit 0 clips for detector "Old Bird Thrush Detector Redux 1.1", station "MSGR", mic output "21c Output", and date 2020-10-17.
2020-06-04 09:00:03,025 INFO     Classified 0 of 0 visited clips in 0.0 seconds.
2020-06-04 09:00:03,026 INFO     Classifier will visit 0 clips for detector "Old Bird Thrush Detector Redux 1.1", station "MSGR", mic output "21c Output", and date 2020-10-18.
2020-06-04 09:00:03,028 INFO     Classified 0 of 0 visited clips in 0.0 seconds.
2020-06-04 09:00:03,030 INFO     Classifier will visit 0 clips for detector "Old Bird Thrush Detector Redux 1.1", station "MSGR", mic output "21c Output", and date 2020-10-19.
2020-06-04 09:00:03,031 INFO     Classified 0 of 0 visited clips in 0.0 seconds.
2020-06-04 09:00:03,033 INFO     Classifier will visit 0 clips for detector "Old Bird Thrush Detector Redux 1.1", station "MSGR", mic output "21c Output", and date 2020-10-20.
2020-06-04 09:00:03,035 INFO     Classified 0 of 0 visited clips in 0.0 seconds.
2020-06-04 09:00:03,036 INFO     Classifier will visit 0 clips for detector "Old Bird Thrush Detector Redux 1.1", station "MSGR", mic output "21c Output", and date 2020-10-21.
2020-06-04 09:00:03,038 INFO     Classified 0 of 0 visited clips in 0.0 seconds.
2020-06-04 09:00:03,040 INFO     Classifier will visit 0 clips for detector "Old Bird Thrush Detector Redux 1.1", station "MSGR", mic output "21c Output", and date 2020-10-22.
2020-06-04 09:00:03,041 INFO     Classified 0 of 0 visited clips in 0.0 seconds.
2020-06-04 09:00:03,043 INFO     Classifier will visit 0 clips for detector "Old Bird Thrush Detector Redux 1.1", station "MSGR", mic output "21c Output", and date 2020-10-23.
2020-06-04 09:00:03,044 INFO     Classified 0 of 0 visited clips in 0.0 seconds.
2020-06-04 09:00:03,047 INFO     Classifier will visit 0 clips for detector "Old Bird Thrush Detector Redux 1.1", station "MSGR", mic output "21c Output", and date 2020-10-24.
2020-06-04 09:00:03,048 INFO     Classified 0 of 0 visited clips in 0.0 seconds.
2020-06-04 09:00:03,050 INFO     Classifier will visit 0 clips for detector "Old Bird Thrush Detector Redux 1.1", station "MSGR", mic output "21c Output", and date 2020-10-25.
2020-06-04 09:00:03,052 INFO     Classified 0 of 0 visited clips in 0.0 seconds.
2020-06-04 09:00:03,054 INFO     Classifier will visit 0 clips for detector "Old Bird Thrush Detector Redux 1.1", station "MSGR", mic output "21c Output", and date 2020-10-26.
2020-06-04 09:00:03,055 INFO     Classified 0 of 0 visited clips in 0.0 seconds.
2020-06-04 09:00:03,057 INFO     Classifier will visit 0 clips for detector "Old Bird Thrush Detector Redux 1.1", station "MSGR", mic output "21c Output", and date 2020-10-27.
2020-06-04 09:00:03,059 INFO     Classified 0 of 0 visited clips in 0.0 seconds.
2020-06-04 09:00:03,060 INFO     Classifier will visit 0 clips for detector "Old Bird Thrush Detector Redux 1.1", station "MSGR", mic output "21c Output", and date 2020-10-28.
2020-06-04 09:00:03,061 INFO     Classified 0 of 0 visited clips in 0.0 seconds.
2020-06-04 09:00:03,064 INFO     Classifier will visit 0 clips for detector "Old Bird Thrush Detector Redux 1.1", station "MSGR", mic output "21c Output", and date 2020-10-29.
2020-06-04 09:00:03,066 INFO     Classified 0 of 0 visited clips in 0.0 seconds.
2020-06-04 09:00:03,068 INFO     Classifier will visit 0 clips for detector "Old Bird Thrush Detector Redux 1.1", station "MSGR", mic output "21c Output", and date 2020-10-30.
2020-06-04 09:00:03,068 INFO     Classified 0 of 0 visited clips in 0.0 seconds.
2020-06-04 09:00:03,071 INFO     Classifier will visit 0 clips for detector "Old Bird Thrush Detector Redux 1.1", station "MSGR", mic output "21c Output", and date 2020-10-31.
2020-06-04 09:00:03,072 INFO     Classified 0 of 0 visited clips in 0.0 seconds.
2020-06-04 09:00:03,074 INFO     Classifier will visit 0 clips for detector "Old Bird Thrush Detector Redux 1.1", station "MSGR", mic output "21c Output", and date 2020-11-01.
2020-06-04 09:00:03,075 INFO     Classified 0 of 0 visited clips in 0.0 seconds.
2020-06-04 09:00:03,077 INFO     Classifier will visit 0 clips for detector "Old Bird Thrush Detector Redux 1.1", station "MSGR", mic output "21c Output", and date 2020-11-02.
2020-06-04 09:00:03,078 INFO     Classified 0 of 0 visited clips in 0.0 seconds.
2020-06-04 09:00:03,081 INFO     Classifier will visit 0 clips for detector "Old Bird Thrush Detector Redux 1.1", station "MSGR", mic output "21c Output", and date 2020-11-03.
2020-06-04 09:00:03,081 INFO     Classified 0 of 0 visited clips in 0.0 seconds.
2020-06-04 09:00:03,084 INFO     Classifier will visit 0 clips for detector "Old Bird Thrush Detector Redux 1.1", station "MSGR", mic output "21c Output", and date 2020-11-04.
2020-06-04 09:00:03,085 INFO     Classified 0 of 0 visited clips in 0.0 seconds.
2020-06-04 09:00:03,087 INFO     Classifier will visit 0 clips for detector "Old Bird Thrush Detector Redux 1.1", station "MSGR", mic output "21c Output", and date 2020-11-05.
2020-06-04 09:00:03,088 INFO     Classified 0 of 0 visited clips in 0.0 seconds.
2020-06-04 09:00:03,091 INFO     Classifier will visit 0 clips for detector "Old Bird Thrush Detector Redux 1.1", station "MSGR", mic output "21c Output", and date 2020-11-06.
2020-06-04 09:00:03,092 INFO     Classified 0 of 0 visited clips in 0.0 seconds.
2020-06-04 09:00:03,094 INFO     Classifier will visit 0 clips for detector "Old Bird Thrush Detector Redux 1.1", station "MSGR", mic output "21c Output", and date 2020-11-07.
2020-06-04 09:00:03,096 INFO     Classified 0 of 0 visited clips in 0.0 seconds.
2020-06-04 09:00:03,097 INFO     Classifier will visit 0 clips for detector "Old Bird Thrush Detector Redux 1.1", station "MSGR", mic output "21c Output", and date 2020-11-08.
2020-06-04 09:00:03,099 INFO     Classified 0 of 0 visited clips in 0.0 seconds.
2020-06-04 09:00:03,102 INFO     Classifier will visit 0 clips for detector "Old Bird Thrush Detector Redux 1.1", station "MSGR", mic output "21c Output", and date 2020-11-09.
2020-06-04 09:00:03,102 INFO     Classified 0 of 0 visited clips in 0.0 seconds.
2020-06-04 09:00:03,105 INFO     Classifier will visit 0 clips for detector "Old Bird Thrush Detector Redux 1.1", station "MSGR", mic output "21c Output", and date 2020-11-10.
2020-06-04 09:00:03,106 INFO     Classified 0 of 0 visited clips in 0.0 seconds.
2020-06-04 09:00:03,108 INFO     Classifier will visit 0 clips for detector "Old Bird Thrush Detector Redux 1.1", station "MSGR", mic output "21c Output", and date 2020-11-11.
2020-06-04 09:00:03,109 INFO     Classified 0 of 0 visited clips in 0.0 seconds.
2020-06-04 09:00:03,112 INFO     Classifier will visit 0 clips for detector "Old Bird Thrush Detector Redux 1.1", station "MSGR", mic output "21c Output", and date 2020-11-12.
2020-06-04 09:00:03,113 INFO     Classified 0 of 0 visited clips in 0.0 seconds.
2020-06-04 09:00:03,114 INFO     Classifier will visit 0 clips for detector "Old Bird Thrush Detector Redux 1.1", station "MSGR", mic output "21c Output", and date 2020-11-13.
2020-06-04 09:00:03,116 INFO     Classified 0 of 0 visited clips in 0.0 seconds.
2020-06-04 09:00:03,118 INFO     Classifier will visit 0 clips for detector "Old Bird Thrush Detector Redux 1.1", station "MSGR", mic output "21c Output", and date 2020-11-14.
2020-06-04 09:00:03,119 INFO     Classified 0 of 0 visited clips in 0.0 seconds.
2020-06-04 09:00:03,121 INFO     Classifier will visit 0 clips for detector "Old Bird Thrush Detector Redux 1.1", station "MSGR", mic output "21c Output", and date 2020-11-15.
2020-06-04 09:00:03,122 INFO     Classified 0 of 0 visited clips in 0.0 seconds.
2020-06-04 09:00:03,125 INFO     Classifier will visit 0 clips for detector "Old Bird Thrush Detector Redux 1.1", station "MSGR", mic output "21c Output", and date 2020-11-16.
2020-06-04 09:00:03,126 INFO     Classified 0 of 0 visited clips in 0.0 seconds.
2020-06-04 09:00:03,128 INFO     Classifier will visit 0 clips for detector "Old Bird Thrush Detector Redux 1.1", station "MSGR", mic output "21c Output", and date 2020-11-17.
2020-06-04 09:00:03,131 INFO     Classified 0 of 0 visited clips in 0.0 seconds.
2020-06-04 09:00:03,133 INFO     Classifier will visit 0 clips for detector "Old Bird Thrush Detector Redux 1.1", station "MSGR", mic output "21c Output", and date 2020-11-18.
2020-06-04 09:00:03,134 INFO     Classified 0 of 0 visited clips in 0.0 seconds.
2020-06-04 09:00:03,136 INFO     Classifier will visit 0 clips for detector "Old Bird Thrush Detector Redux 1.1", station "MSGR", mic output "21c Output", and date 2020-11-19.
2020-06-04 09:00:03,137 INFO     Classified 0 of 0 visited clips in 0.0 seconds.
2020-06-04 09:00:03,139 INFO     Classifier will visit 0 clips for detector "Old Bird Thrush Detector Redux 1.1", station "MSGR", mic output "21c Output", and date 2020-11-20.
2020-06-04 09:00:03,140 INFO     Classified 0 of 0 visited clips in 0.0 seconds.
2020-06-04 09:00:03,142 INFO     Classifier will visit 0 clips for detector "Old Bird Thrush Detector Redux 1.1", station "MSGR", mic output "21c Output", and date 2020-11-21.
2020-06-04 09:00:03,143 INFO     Classified 0 of 0 visited clips in 0.0 seconds.
2020-06-04 09:00:03,146 INFO     Classifier will visit 0 clips for detector "Old Bird Thrush Detector Redux 1.1", station "MSGR", mic output "21c Output", and date 2020-11-22.
2020-06-04 09:00:03,147 INFO     Classified 0 of 0 visited clips in 0.0 seconds.
2020-06-04 09:00:03,148 INFO     Classifier will visit 0 clips for detector "Old Bird Thrush Detector Redux 1.1", station "MSGR", mic output "21c Output", and date 2020-11-23.
2020-06-04 09:00:03,150 INFO     Classified 0 of 0 visited clips in 0.0 seconds.
2020-06-04 09:00:03,153 INFO     Classifier will visit 0 clips for detector "Old Bird Thrush Detector Redux 1.1", station "MSGR", mic output "21c Output", and date 2020-11-24.
2020-06-04 09:00:03,154 INFO     Classified 0 of 0 visited clips in 0.0 seconds.
2020-06-04 09:00:03,156 INFO     Classifier will visit 0 clips for detector "Old Bird Thrush Detector Redux 1.1", station "MSGR", mic output "21c Output", and date 2020-11-25.
2020-06-04 09:00:03,157 INFO     Classified 0 of 0 visited clips in 0.0 seconds.
2020-06-04 09:00:03,159 INFO     Classifier will visit 0 clips for detector "Old Bird Thrush Detector Redux 1.1", station "MSGR", mic output "21c Output", and date 2020-11-26.
2020-06-04 09:00:03,159 INFO     Classified 0 of 0 visited clips in 0.0 seconds.
2020-06-04 09:00:03,163 INFO     Classifier will visit 0 clips for detector "Old Bird Thrush Detector Redux 1.1", station "MSGR", mic output "21c Output", and date 2020-11-27.
2020-06-04 09:00:03,164 INFO     Classified 0 of 0 visited clips in 0.0 seconds.
2020-06-04 09:00:03,166 INFO     Classifier will visit 0 clips for detector "Old Bird Thrush Detector Redux 1.1", station "MSGR", mic output "21c Output", and date 2020-11-28.
2020-06-04 09:00:03,168 INFO     Classified 0 of 0 visited clips in 0.0 seconds.
2020-06-04 09:00:03,169 INFO     Classifier will visit 0 clips for detector "Old Bird Thrush Detector Redux 1.1", station "MSGR", mic output "21c Output", and date 2020-11-29.
2020-06-04 09:00:03,170 INFO     Classified 0 of 0 visited clips in 0.0 seconds.
2020-06-04 09:00:03,172 INFO     Classifier will visit 0 clips for detector "Old Bird Thrush Detector Redux 1.1", station "MSGR", mic output "21c Output", and date 2020-11-30.
2020-06-04 09:00:03,173 INFO     Classified 0 of 0 visited clips in 0.0 seconds.
2020-06-04 09:00:03,176 INFO     Classifier will visit 0 clips for detector "Old Bird Thrush Detector Redux 1.1", station "MSGR", mic output "21c Output", and date 2020-12-01.
2020-06-04 09:00:03,177 INFO     Classified 0 of 0 visited clips in 0.0 seconds.
2020-06-04 09:00:03,179 INFO     Classifier will visit 0 clips for detector "Old Bird Thrush Detector Redux 1.1", station "MSGR", mic output "21c Output", and date 2020-12-02.
2020-06-04 09:00:03,181 INFO     Classified 0 of 0 visited clips in 0.0 seconds.
2020-06-04 09:00:03,182 INFO     Classifier will visit 0 clips for detector "Old Bird Thrush Detector Redux 1.1", station "MSGR", mic output "21c Output", and date 2020-12-03.
2020-06-04 09:00:03,184 INFO     Classified 0 of 0 visited clips in 0.0 seconds.
2020-06-04 09:00:03,185 INFO     Classifier will visit 0 clips for detector "Old Bird Thrush Detector Redux 1.1", station "MSGR", mic output "21c Output", and date 2020-12-04.
2020-06-04 09:00:03,187 INFO     Classified 0 of 0 visited clips in 0.0 seconds.
2020-06-04 09:00:03,189 INFO     Classifier will visit 0 clips for detector "Old Bird Thrush Detector Redux 1.1", station "MSGR", mic output "21c Output", and date 2020-12-05.
2020-06-04 09:00:03,190 INFO     Classified 0 of 0 visited clips in 0.0 seconds.
2020-06-04 09:00:03,192 INFO     Classifier will visit 0 clips for detector "Old Bird Thrush Detector Redux 1.1", station "MSGR", mic output "21c Output", and date 2020-12-06.
2020-06-04 09:00:03,193 INFO     Classified 0 of 0 visited clips in 0.0 seconds.
2020-06-04 09:00:03,196 INFO     Classifier will visit 0 clips for detector "Old Bird Thrush Detector Redux 1.1", station "MSGR", mic output "21c Output", and date 2020-12-07.
2020-06-04 09:00:03,197 INFO     Classified 0 of 0 visited clips in 0.0 seconds.
2020-06-04 09:00:03,199 INFO     Classifier will visit 0 clips for detector "Old Bird Thrush Detector Redux 1.1", station "MSGR", mic output "21c Output", and date 2020-12-08.
2020-06-04 09:00:03,201 INFO     Classified 0 of 0 visited clips in 0.0 seconds.
2020-06-04 09:00:03,202 INFO     Classifier will visit 0 clips for detector "Old Bird Thrush Detector Redux 1.1", station "MSGR", mic output "21c Output", and date 2020-12-09.
2020-06-04 09:00:03,204 INFO     Classified 0 of 0 visited clips in 0.0 seconds.
2020-06-04 09:00:03,206 INFO     Classifier will visit 0 clips for detector "Old Bird Thrush Detector Redux 1.1", station "MSGR", mic output "21c Output", and date 2020-12-10.
2020-06-04 09:00:03,207 INFO     Classified 0 of 0 visited clips in 0.0 seconds.
2020-06-04 09:00:03,209 INFO     Classifier will visit 0 clips for detector "Old Bird Thrush Detector Redux 1.1", station "MSGR", mic output "21c Output", and date 2020-12-11.
2020-06-04 09:00:03,210 INFO     Classified 0 of 0 visited clips in 0.0 seconds.
2020-06-04 09:00:03,212 INFO     Classifier will visit 0 clips for detector "Old Bird Thrush Detector Redux 1.1", station "MSGR", mic output "21c Output", and date 2020-12-12.
2020-06-04 09:00:03,214 INFO     Classified 0 of 0 visited clips in 0.0 seconds.
2020-06-04 09:00:03,216 INFO     Classifier will visit 0 clips for detector "Old Bird Thrush Detector Redux 1.1", station "MSGR", mic output "21c Output", and date 2020-12-13.
2020-06-04 09:00:03,218 INFO     Classified 0 of 0 visited clips in 0.0 seconds.
2020-06-04 09:00:03,220 INFO     Classifier will visit 0 clips for detector "Old Bird Thrush Detector Redux 1.1", station "MSGR", mic output "21c Output", and date 2020-12-14.
2020-06-04 09:00:03,221 INFO     Classified 0 of 0 visited clips in 0.0 seconds.
2020-06-04 09:00:03,223 INFO     Classifier will visit 0 clips for detector "Old Bird Thrush Detector Redux 1.1", station "MSGR", mic output "21c Output", and date 2020-12-15.
2020-06-04 09:00:03,225 INFO     Classified 0 of 0 visited clips in 0.0 seconds.
2020-06-04 09:00:03,226 INFO     Classifier will visit 0 clips for detector "Old Bird Thrush Detector Redux 1.1", station "MSGR", mic output "21c Output", and date 2020-12-16.
2020-06-04 09:00:03,228 INFO     Classified 0 of 0 visited clips in 0.0 seconds.
2020-06-04 09:00:03,230 INFO     Classifier will visit 0 clips for detector "Old Bird Thrush Detector Redux 1.1", station "MSGR", mic output "21c Output", and date 2020-12-17.
2020-06-04 09:00:03,232 INFO     Classified 0 of 0 visited clips in 0.0 seconds.
2020-06-04 09:00:03,233 INFO     Classifier will visit 0 clips for detector "Old Bird Thrush Detector Redux 1.1", station "MSGR", mic output "21c Output", and date 2020-12-18.
2020-06-04 09:00:03,235 INFO     Classified 0 of 0 visited clips in 0.0 seconds.
2020-06-04 09:00:03,237 INFO     Classifier will visit 0 clips for detector "Old Bird Thrush Detector Redux 1.1", station "MSGR", mic output "21c Output", and date 2020-12-19.
2020-06-04 09:00:03,238 INFO     Classified 0 of 0 visited clips in 0.0 seconds.
2020-06-04 09:00:03,239 INFO     Classifier will visit 0 clips for detector "Old Bird Thrush Detector Redux 1.1", station "MSGR", mic output "21c Output", and date 2020-12-20.
2020-06-04 09:00:03,241 INFO     Classified 0 of 0 visited clips in 0.0 seconds.
2020-06-04 09:00:03,243 INFO     Classifier will visit 0 clips for detector "Old Bird Thrush Detector Redux 1.1", station "MSGR", mic output "21c Output", and date 2020-12-21.
2020-06-04 09:00:03,245 INFO     Classified 0 of 0 visited clips in 0.0 seconds.
2020-06-04 09:00:03,247 INFO     Classifier will visit 0 clips for detector "Old Bird Thrush Detector Redux 1.1", station "MSGR", mic output "21c Output", and date 2020-12-22.
2020-06-04 09:00:03,248 INFO     Classified 0 of 0 visited clips in 0.0 seconds.
2020-06-04 09:00:03,250 INFO     Classifier will visit 0 clips for detector "Old Bird Thrush Detector Redux 1.1", station "MSGR", mic output "21c Output", and date 2020-12-23.
2020-06-04 09:00:03,252 INFO     Classified 0 of 0 visited clips in 0.0 seconds.
2020-06-04 09:00:03,253 INFO     Classifier will visit 0 clips for detector "Old Bird Thrush Detector Redux 1.1", station "MSGR", mic output "21c Output", and date 2020-12-24.
2020-06-04 09:00:03,255 INFO     Classified 0 of 0 visited clips in 0.0 seconds.
2020-06-04 09:00:03,257 INFO     Classifier will visit 0 clips for detector "Old Bird Thrush Detector Redux 1.1", station "MSGR", mic output "21c Output", and date 2020-12-25.
2020-06-04 09:00:03,259 INFO     Classified 0 of 0 visited clips in 0.0 seconds.
2020-06-04 09:00:03,261 INFO     Classifier will visit 0 clips for detector "Old Bird Thrush Detector Redux 1.1", station "MSGR", mic output "21c Output", and date 2020-12-26.
2020-06-04 09:00:03,262 INFO     Classified 0 of 0 visited clips in 0.0 seconds.
2020-06-04 09:00:03,264 INFO     Classifier will visit 0 clips for detector "Old Bird Thrush Detector Redux 1.1", station "MSGR", mic output "21c Output", and date 2020-12-27.
2020-06-04 09:00:03,265 INFO     Classified 0 of 0 visited clips in 0.0 seconds.
2020-06-04 09:00:03,267 INFO     Classifier will visit 0 clips for detector "Old Bird Thrush Detector Redux 1.1", station "MSGR", mic output "21c Output", and date 2020-12-28.
2020-06-04 09:00:03,268 INFO     Classified 0 of 0 visited clips in 0.0 seconds.
2020-06-04 09:00:03,271 INFO     Classifier will visit 0 clips for detector "Old Bird Thrush Detector Redux 1.1", station "MSGR", mic output "21c Output", and date 2020-12-29.
2020-06-04 09:00:03,272 INFO     Classified 0 of 0 visited clips in 0.0 seconds.
2020-06-04 09:00:03,274 INFO     Classifier will visit 0 clips for detector "Old Bird Thrush Detector Redux 1.1", station "MSGR", mic output "21c Output", and date 2020-12-30.
2020-06-04 09:00:03,275 INFO     Classified 0 of 0 visited clips in 0.0 seconds.
2020-06-04 09:00:03,283 INFO     Job completed.
