2020-11-19 14:24:40,892 INFO     Job started for command "detect" with arguments:
2020-11-19 14:24:40,893 INFO         {
2020-11-19 14:24:40,894 INFO             "detectors": [
2020-11-19 14:24:40,899 INFO                 "Old Bird Tseep Detector Redux 1.1"
2020-11-19 14:24:40,900 INFO             ],
2020-11-19 14:24:40,901 INFO             "stations": [
2020-11-19 14:24:40,901 INFO                 "MSGR"
2020-11-19 14:24:40,907 INFO             ],
2020-11-19 14:24:40,913 INFO             "start_date": "2020-11-14",
2020-11-19 14:24:40,918 INFO             "end_date": "2020-11-19",
2020-11-19 14:24:40,922 INFO             "schedule": "",
2020-11-19 14:24:40,924 INFO             "defer_clip_creation": false
2020-11-19 14:24:40,924 INFO         }
2020-11-19 14:24:40,956 INFO     This command will process recordings for 5 station-nights.
2020-11-19 14:24:40,957 INFO     Processing recordings for station-night 1 of 5 - "MSGR 2020-11-14"...
2020-11-19 14:24:40,968 INFO         Processing recording 1 of 1 - "MSGR / PC / start 2020-11-14 23:04:00+00:00 / duration 11.017 h"...
2020-11-19 14:24:40,976 INFO             Running detector on file "/Volumes/Erebus/msgr-vesper-archive/Recordings/MSGR_2020-11-14_23.04.00_Z.wav"...
2020-11-19 14:27:16,893 INFO             Created 1393 clips from detector "Old Bird Tseep Detector Redux 1.1".
2020-11-19 14:27:16,893 INFO             Ran 1 detector on 39660 seconds of 1-channel audio in 156 seconds, 254 times faster than real time.
2020-11-19 14:27:16,987 INFO     Processing recordings for station-night 2 of 5 - "MSGR 2020-11-15"...
2020-11-19 14:27:16,991 INFO         Processing recording 1 of 1 - "MSGR / PC / start 2020-11-15 23:04:00+00:00 / duration 11.017 h"...
2020-11-19 14:27:16,996 INFO             Running detector on file "/Volumes/Erebus/msgr-vesper-archive/Recordings/MSGR_2020-11-15_23.04.00_Z.wav"...
2020-11-19 14:30:49,726 INFO             Created 2366 clips from detector "Old Bird Tseep Detector Redux 1.1".
2020-11-19 14:30:49,726 INFO             Ran 1 detector on 39660 seconds of 1-channel audio in 213 seconds, 186 times faster than real time.
2020-11-19 14:30:49,820 INFO     Processing recordings for station-night 3 of 5 - "MSGR 2020-11-16"...
2020-11-19 14:30:49,826 INFO         Processing recording 1 of 1 - "MSGR / PC / start 2020-11-16 23:04:00+00:00 / duration 11.017 h"...
2020-11-19 14:30:49,831 INFO             Running detector on file "/Volumes/Erebus/msgr-vesper-archive/Recordings/MSGR_2020-11-16_23.04.00_Z.wav"...
2020-11-19 14:33:26,119 INFO             Created 30 clips from detector "Old Bird Tseep Detector Redux 1.1".
2020-11-19 14:33:26,120 INFO             Ran 1 detector on 39660 seconds of 1-channel audio in 156 seconds, 254 times faster than real time.
2020-11-19 14:33:26,206 INFO     Processing recordings for station-night 4 of 5 - "MSGR 2020-11-17"...
2020-11-19 14:33:26,207 INFO         Processing recording 1 of 1 - "MSGR / PC / start 2020-11-17 23:04:00+00:00 / duration 11.017 h"...
2020-11-19 14:33:26,211 INFO             Running detector on file "/Volumes/Erebus/msgr-vesper-archive/Recordings/MSGR_2020-11-17_23.04.00_Z.wav"...
2020-11-19 14:35:56,185 INFO             Created 1204 clips from detector "Old Bird Tseep Detector Redux 1.1".
2020-11-19 14:35:56,185 INFO             Ran 1 detector on 39660 seconds of 1-channel audio in 150 seconds, 264 times faster than real time.
2020-11-19 14:35:56,264 INFO     Processing recordings for station-night 5 of 5 - "MSGR 2020-11-18"...
2020-11-19 14:35:56,266 INFO         Processing recording 1 of 1 - "MSGR / PC / start 2020-11-18 23:04:00+00:00 / duration 11.017 h"...
2020-11-19 14:35:56,269 INFO             Running detector on file "/Volumes/Erebus/msgr-vesper-archive/Recordings/MSGR_2020-11-18_23.04.00_Z.wav"...
2020-11-19 14:38:12,606 INFO             Created 18 clips from detector "Old Bird Tseep Detector Redux 1.1".
2020-11-19 14:38:12,606 INFO             Ran 1 detector on 39660 seconds of 1-channel audio in 136 seconds, 291 times faster than real time.
2020-11-19 14:38:12,685 INFO     Job completed.
