2020-09-06 04:51:45,554 INFO     Job started for command "detect" with arguments:
2020-09-06 04:51:45,555 INFO         {
2020-09-06 04:51:45,556 INFO             "detectors": [
2020-09-06 04:51:45,557 INFO                 "Old Bird Thrush Detector Redux 1.1"
2020-09-06 04:51:45,559 INFO             ],
2020-09-06 04:51:45,559 INFO             "stations": [
2020-09-06 04:51:45,561 INFO                 "MSGR"
2020-09-06 04:51:45,562 INFO             ],
2020-09-06 04:51:45,564 INFO             "start_date": "2020-09-04",
2020-09-06 04:51:45,564 INFO             "end_date": "2020-09-04",
2020-09-06 04:51:45,565 INFO             "schedule": "",
2020-09-06 04:51:45,565 INFO             "defer_clip_creation": false
2020-09-06 04:51:45,567 INFO         }
2020-09-06 04:51:45,578 INFO     This command will process recordings for 1 station-night.
2020-09-06 04:51:45,578 INFO     Processing recordings for station-night 1 of 1 - "MSGR 2020-09-04"...
2020-09-06 04:51:45,581 INFO         Processing recording 1 of 1 - "MSGR / PC / start 2020-09-05 01:02:00+00:00 / duration 7.567 h"...
2020-09-06 04:51:45,586 INFO             Running detector on file "/Volumes/Erebus/msgr-vesper-archive/Recordings/MSGR_2020-09-05_01.02.00_Z.wav"...
2020-09-06 04:52:55,715 INFO             Created 110 clips from detector "Old Bird Thrush Detector Redux 1.1".
2020-09-06 04:52:55,716 INFO             Ran 1 detector on 27240 seconds of 1-channel audio in 70 seconds, 388 times faster than real time.
2020-09-06 04:52:55,757 INFO     Job completed.
