2020-03-26 12:46:03,183 INFO     Job started for command "detect" with arguments:
2020-03-26 12:46:03,184 INFO         {
2020-03-26 12:46:03,185 INFO             "detectors": [
2020-03-26 12:46:03,185 INFO                 "Old Bird Thrush Detector Redux 1.1"
2020-03-26 12:46:03,186 INFO             ],
2020-03-26 12:46:03,186 INFO             "stations": [
2020-03-26 12:46:03,186 INFO                 "MSGR"
2020-03-26 12:46:03,186 INFO             ],
2020-03-26 12:46:03,186 INFO             "start_date": "2020-03-25",
2020-03-26 12:46:03,186 INFO             "end_date": "2020-03-30",
2020-03-26 12:46:03,187 INFO             "schedule": "",
2020-03-26 12:46:03,188 INFO             "defer_clip_creation": false
2020-03-26 12:46:03,188 INFO         }
2020-03-26 12:46:03,202 INFO     This command will process recordings for 1 station-night.
2020-03-26 12:46:03,202 INFO     Processing recordings for station-night 1 of 1 - "MSGR 2020-03-25"...
2020-03-26 12:46:03,206 INFO         Processing recording 1 of 1 - "MSGR / PC / start 2020-03-26 00:30:00+00:00 / duration 9.000 h"...
2020-03-26 12:46:03,212 INFO             Running detector on file "/Volumes/Erebus/msgr-vesper-archive/Recordings/MSGR_2020-03-26_00.30.00_Z.wav"...
2020-03-26 12:47:36,552 INFO             Created 2347 clips from detector "Old Bird Thrush Detector Redux 1.1".
2020-03-26 12:47:36,553 INFO             Ran 1 detector on 32400 seconds of 1-channel audio in 93 seconds, 347 times faster than real time.
2020-03-26 12:47:36,609 INFO     Job completed.
