2020-09-14 09:14:05,023 INFO     Job started for command "export" with arguments:
2020-09-14 09:14:05,025 INFO         {
2020-09-14 09:14:05,028 INFO             "exporter": {
2020-09-14 09:14:05,040 INFO                 "name": "Clip Metadata CSV File Exporter",
2020-09-14 09:14:05,042 INFO                 "arguments": {
2020-09-14 09:14:05,042 INFO                     "output_file_path": "2020-09-13 thrush"
2020-09-14 09:14:05,042 INFO                 }
2020-09-14 09:14:05,044 INFO             },
2020-09-14 09:14:05,046 INFO             "detectors": [
2020-09-14 09:14:05,047 INFO                 "Old Bird Thrush Detector Redux 1.1"
2020-09-14 09:14:05,051 INFO             ],
2020-09-14 09:14:05,053 INFO             "station_mics": [
2020-09-14 09:14:05,055 INFO                 "MSGR / 21c"
2020-09-14 09:14:05,056 INFO             ],
2020-09-14 09:14:05,058 INFO             "classification": "Call*",
2020-09-14 09:14:05,059 INFO             "start_date": "2020-09-13",
2020-09-14 09:14:05,060 INFO             "end_date": "2020-09-14"
2020-09-14 09:14:05,061 INFO         }
2020-09-14 09:14:05,078 INFO     Exporter will visit 3 clips for detector "Old Bird Thrush Detector Redux 1.1", station "MSGR", mic output "21c Output", and date 2020-09-13.
2020-09-14 09:14:05,110 INFO     Exported 3 of 3 visited clips.
2020-09-14 09:14:05,120 INFO     Exporter will visit 0 clips for detector "Old Bird Thrush Detector Redux 1.1", station "MSGR", mic output "21c Output", and date 2020-09-14.
2020-09-14 09:14:05,124 INFO     Exported 0 of 0 visited clips.
2020-09-14 09:14:05,141 INFO     Job completed.
