2020-08-21 18:36:40,037 INFO     Job started for command "detect" with arguments:
2020-08-21 18:36:40,038 INFO         {
2020-08-21 18:36:40,038 INFO             "detectors": [
2020-08-21 18:36:40,038 INFO                 "Old Bird Tseep Detector Redux 1.1"
2020-08-21 18:36:40,039 INFO             ],
2020-08-21 18:36:40,039 INFO             "stations": [
2020-08-21 18:36:40,040 INFO                 "MSGR"
2020-08-21 18:36:40,041 INFO             ],
2020-08-21 18:36:40,042 INFO             "start_date": "2020-08-20",
2020-08-21 18:36:40,042 INFO             "end_date": "2020-08-30",
2020-08-21 18:36:40,043 INFO             "schedule": "",
2020-08-21 18:36:40,044 INFO             "defer_clip_creation": false
2020-08-21 18:36:40,045 INFO         }
2020-08-21 18:36:40,061 INFO     This command will process recordings for 1 station-night.
2020-08-21 18:36:40,062 INFO     Processing recordings for station-night 1 of 1 - "MSGR 2020-08-20"...
2020-08-21 18:36:40,065 INFO         Processing recording 1 of 1 - "MSGR / PC / start 2020-08-21 01:35:00+00:00 / duration 6.617 h"...
2020-08-21 18:36:40,072 INFO             Running detector on file "/Volumes/Erebus/msgr-vesper-archive/Recordings/MSGR_2020-08-21_01.35.00_Z.wav"...
2020-08-21 18:37:36,130 INFO             Created 583 clips from detector "Old Bird Tseep Detector Redux 1.1".
2020-08-21 18:37:36,130 INFO             Ran 1 detector on 23820 seconds of 1-channel audio in 56 seconds, 425 times faster than real time.
2020-08-21 18:37:36,169 INFO     Job completed.
