2020-10-26 09:32:09,052 INFO     Job started for command "detect" with arguments:
2020-10-26 09:32:09,053 INFO         {
2020-10-26 09:32:09,054 INFO             "detectors": [
2020-10-26 09:32:09,055 INFO                 "Old Bird Thrush Detector Redux 1.1"
2020-10-26 09:32:09,056 INFO             ],
2020-10-26 09:32:09,057 INFO             "stations": [
2020-10-26 09:32:09,057 INFO                 "MSGR"
2020-10-26 09:32:09,058 INFO             ],
2020-10-26 09:32:09,059 INFO             "start_date": "2020-10-22",
2020-10-26 09:32:09,059 INFO             "end_date": "2020-10-30",
2020-10-26 09:32:09,060 INFO             "schedule": "",
2020-10-26 09:32:09,060 INFO             "defer_clip_creation": false
2020-10-26 09:32:09,060 INFO         }
2020-10-26 09:32:09,072 INFO     This command will process recordings for 4 station-nights.
2020-10-26 09:32:09,072 INFO     Processing recordings for station-night 1 of 4 - "MSGR 2020-10-22"...
2020-10-26 09:32:09,080 INFO         Processing recording 1 of 1 - "MSGR / PC / start 2020-10-22 23:30:00+00:00 / duration 10.150 h"...
2020-10-26 09:32:09,086 INFO             Running detector on file "/Volumes/Erebus/msgr-vesper-archive/Recordings/MSGR_2020-10-22_23.30.00_Z.wav"...
2020-10-26 09:33:42,098 INFO             Created 1493 clips from detector "Old Bird Thrush Detector Redux 1.1".
2020-10-26 09:33:42,098 INFO             Ran 1 detector on 36540 seconds of 1-channel audio in 93 seconds, 393 times faster than real time.
2020-10-26 09:33:42,144 INFO     Processing recordings for station-night 2 of 4 - "MSGR 2020-10-23"...
2020-10-26 09:33:42,145 INFO         Processing recording 1 of 1 - "MSGR / PC / start 2020-10-23 23:30:00+00:00 / duration 10.150 h"...
2020-10-26 09:33:42,147 INFO             Running detector on file "/Volumes/Erebus/msgr-vesper-archive/Recordings/MSGR_2020-10-23_23.30.00_Z.wav"...
2020-10-26 09:35:09,474 INFO             Created 1823 clips from detector "Old Bird Thrush Detector Redux 1.1".
2020-10-26 09:35:09,474 INFO             Ran 1 detector on 36540 seconds of 1-channel audio in 87 seconds, 418 times faster than real time.
2020-10-26 09:35:09,518 INFO     Processing recordings for station-night 3 of 4 - "MSGR 2020-10-24"...
2020-10-26 09:35:09,520 INFO         Processing recording 1 of 1 - "MSGR / PC / start 2020-10-24 23:30:00+00:00 / duration 10.150 h"...
2020-10-26 09:35:09,522 INFO             Running detector on file "/Volumes/Erebus/msgr-vesper-archive/Recordings/MSGR_2020-10-24_23.30.00_Z.wav"...
2020-10-26 09:36:42,806 INFO             Created 3586 clips from detector "Old Bird Thrush Detector Redux 1.1".
2020-10-26 09:36:42,806 INFO             Ran 1 detector on 36540 seconds of 1-channel audio in 93 seconds, 392 times faster than real time.
2020-10-26 09:36:42,850 INFO     Processing recordings for station-night 4 of 4 - "MSGR 2020-10-25"...
2020-10-26 09:36:42,851 INFO         Processing recording 1 of 1 - "MSGR / PC / start 2020-10-25 23:30:00+00:00 / duration 10.150 h"...
2020-10-26 09:36:42,854 INFO             Running detector on file "/Volumes/Erebus/msgr-vesper-archive/Recordings/MSGR_2020-10-25_23.30.00_Z.wav"...
2020-10-26 09:38:08,516 INFO             Created 1888 clips from detector "Old Bird Thrush Detector Redux 1.1".
2020-10-26 09:38:08,517 INFO             Ran 1 detector on 36540 seconds of 1-channel audio in 86 seconds, 427 times faster than real time.
2020-10-26 09:38:08,566 INFO     Job completed.
