2020-09-18 17:12:43,385 INFO     Job started for command "detect" with arguments:
2020-09-18 17:12:43,386 INFO         {
2020-09-18 17:12:43,386 INFO             "detectors": [
2020-09-18 17:12:43,387 INFO                 "Old Bird Tseep Detector Redux 1.1"
2020-09-18 17:12:43,389 INFO             ],
2020-09-18 17:12:43,389 INFO             "stations": [
2020-09-18 17:12:43,391 INFO                 "MSGR"
2020-09-18 17:12:43,391 INFO             ],
2020-09-18 17:12:43,392 INFO             "start_date": "2020-09-17",
2020-09-18 17:12:43,393 INFO             "end_date": "2020-09-18",
2020-09-18 17:12:43,393 INFO             "schedule": "",
2020-09-18 17:12:43,394 INFO             "defer_clip_creation": false
2020-09-18 17:12:43,394 INFO         }
2020-09-18 17:12:43,403 INFO     This command will process recordings for 1 station-night.
2020-09-18 17:12:43,403 INFO     Processing recordings for station-night 1 of 1 - "MSGR 2020-09-17"...
2020-09-18 17:12:43,405 INFO         Processing recording 1 of 1 - "MSGR / PC / start 2020-09-18 00:34:00+00:00 / duration 8.333 h"...
2020-09-18 17:12:43,410 INFO             Running detector on file "/Volumes/Erebus/msgr-vesper-archive/Recordings/MSGR_2020-09-18_00.34.00_Z.wav"...
2020-09-18 17:14:01,355 INFO             Created 1805 clips from detector "Old Bird Tseep Detector Redux 1.1".
2020-09-18 17:14:01,355 INFO             Ran 1 detector on 30000 seconds of 1-channel audio in 78 seconds, 385 times faster than real time.
2020-09-18 17:14:01,404 INFO     Job completed.
