2020-10-08 13:20:01,791 INFO     Job started for command "detect" with arguments:
2020-10-08 13:20:01,792 INFO         {
2020-10-08 13:20:01,793 INFO             "detectors": [
2020-10-08 13:20:01,794 INFO                 "Old Bird Thrush Detector Redux 1.1"
2020-10-08 13:20:01,795 INFO             ],
2020-10-08 13:20:01,797 INFO             "stations": [
2020-10-08 13:20:01,799 INFO                 "MSGR"
2020-10-08 13:20:01,802 INFO             ],
2020-10-08 13:20:01,803 INFO             "start_date": "2020-10-05",
2020-10-08 13:20:01,803 INFO             "end_date": "2020-10-10",
2020-10-08 13:20:01,804 INFO             "schedule": "",
2020-10-08 13:20:01,804 INFO             "defer_clip_creation": false
2020-10-08 13:20:01,805 INFO         }
2020-10-08 13:20:01,829 INFO     This command will process recordings for 3 station-nights.
2020-10-08 13:20:01,829 INFO     Processing recordings for station-night 1 of 3 - "MSGR 2020-10-05"...
2020-10-08 13:20:01,834 INFO         Processing recording 1 of 1 - "MSGR / PC / start 2020-10-05 23:58:00+00:00 / duration 9.333 h"...
2020-10-08 13:20:01,839 INFO             Running detector on file "/Volumes/Erebus/msgr-vesper-archive/Recordings/MSGR_2020-10-05_23.58.00_Z.wav"...
2020-10-08 13:21:50,021 INFO             Created 1384 clips from detector "Old Bird Thrush Detector Redux 1.1".
2020-10-08 13:21:50,021 INFO             Ran 1 detector on 33600 seconds of 1-channel audio in 108 seconds, 311 times faster than real time.
2020-10-08 13:21:50,088 INFO     Processing recordings for station-night 2 of 3 - "MSGR 2020-10-06"...
2020-10-08 13:21:50,100 INFO         Processing recording 1 of 1 - "MSGR / PC / start 2020-10-06 23:58:00+00:00 / duration 9.333 h"...
2020-10-08 13:21:50,103 INFO             Running detector on file "/Volumes/Erebus/msgr-vesper-archive/Recordings/MSGR_2020-10-06_23.58.00_Z.wav"...
2020-10-08 13:23:39,136 INFO             Created 981 clips from detector "Old Bird Thrush Detector Redux 1.1".
2020-10-08 13:23:39,136 INFO             Ran 1 detector on 33600 seconds of 1-channel audio in 109 seconds, 308 times faster than real time.
2020-10-08 13:23:39,193 INFO     Processing recordings for station-night 3 of 3 - "MSGR 2020-10-07"...
2020-10-08 13:23:39,195 INFO         Processing recording 1 of 1 - "MSGR / PC / start 2020-10-07 23:58:00+00:00 / duration 9.333 h"...
2020-10-08 13:23:39,197 INFO             Running detector on file "/Volumes/Erebus/msgr-vesper-archive/Recordings/MSGR_2020-10-07_23.58.00_Z.wav"...
2020-10-08 13:25:26,903 INFO             Created 3259 clips from detector "Old Bird Thrush Detector Redux 1.1".
2020-10-08 13:25:26,903 INFO             Ran 1 detector on 33600 seconds of 1-channel audio in 108 seconds, 312 times faster than real time.
2020-10-08 13:25:26,958 INFO     Job completed.
