2020-05-18 09:53:29,876 INFO     Job started for command "detect" with arguments:
2020-05-18 09:53:29,876 INFO         {
2020-05-18 09:53:29,877 INFO             "detectors": [
2020-05-18 09:53:29,877 INFO                 "Old Bird Thrush Detector Redux 1.1"
2020-05-18 09:53:29,877 INFO             ],
2020-05-18 09:53:29,878 INFO             "stations": [
2020-05-18 09:53:29,878 INFO                 "MSGR"
2020-05-18 09:53:29,878 INFO             ],
2020-05-18 09:53:29,878 INFO             "start_date": "2020-05-13",
2020-05-18 09:53:29,878 INFO             "end_date": "2020-05-30",
2020-05-18 09:53:29,878 INFO             "schedule": "",
2020-05-18 09:53:29,878 INFO             "defer_clip_creation": false
2020-05-18 09:53:29,879 INFO         }
2020-05-18 09:53:29,900 INFO     This command will process recordings for 5 station-nights.
2020-05-18 09:53:29,900 INFO     Processing recordings for station-night 1 of 5 - "MSGR 2020-05-13"...
2020-05-18 09:53:29,903 INFO         Processing recording 1 of 1 - "MSGR / PC / start 2020-05-14 00:30:00+00:00 / duration 9.000 h"...
2020-05-18 09:53:29,908 INFO             Running detector on file "/Volumes/Erebus/msgr-vesper-archive/Recordings/MSGR_2020-05-14_00.30.00_Z.wav"...
2020-05-18 09:54:56,949 INFO             Created 1439 clips from detector "Old Bird Thrush Detector Redux 1.1".
2020-05-18 09:54:56,949 INFO             Ran 1 detector on 32399 seconds of 1-channel audio in 87 seconds, 372 times faster than real time.
2020-05-18 09:54:57,004 INFO     Processing recordings for station-night 2 of 5 - "MSGR 2020-05-14"...
2020-05-18 09:54:57,005 INFO         Processing recording 1 of 1 - "MSGR / PC / start 2020-05-15 00:30:00+00:00 / duration 9.000 h"...
2020-05-18 09:54:57,008 INFO             Running detector on file "/Volumes/Erebus/msgr-vesper-archive/Recordings/MSGR_2020-05-15_00.30.00_Z.wav"...
2020-05-18 09:56:31,976 INFO             Created 0 clips from detector "Old Bird Thrush Detector Redux 1.1".
2020-05-18 09:56:31,976 INFO             Ran 1 detector on 32400 seconds of 1-channel audio in 95 seconds, 341 times faster than real time.
2020-05-18 09:56:32,022 INFO     Processing recordings for station-night 3 of 5 - "MSGR 2020-05-15"...
2020-05-18 09:56:32,023 INFO         Processing recording 1 of 1 - "MSGR / PC / start 2020-05-16 00:30:00+00:00 / duration 9.000 h"...
2020-05-18 09:56:32,026 INFO             Running detector on file "/Volumes/Erebus/msgr-vesper-archive/Recordings/MSGR_2020-05-16_00.30.00_Z.wav"...
2020-05-18 09:58:01,451 INFO             Created 2409 clips from detector "Old Bird Thrush Detector Redux 1.1".
2020-05-18 09:58:01,451 INFO             Ran 1 detector on 32400 seconds of 1-channel audio in 89 seconds, 362 times faster than real time.
2020-05-18 09:58:01,499 INFO     Processing recordings for station-night 4 of 5 - "MSGR 2020-05-16"...
2020-05-18 09:58:01,501 INFO         Processing recording 1 of 1 - "MSGR / PC / start 2020-05-17 00:30:00+00:00 / duration 9.000 h"...
2020-05-18 09:58:01,504 INFO             Running detector on file "/Volumes/Erebus/msgr-vesper-archive/Recordings/MSGR_2020-05-17_00.30.00_Z.wav"...
2020-05-18 09:59:35,010 INFO             Created 0 clips from detector "Old Bird Thrush Detector Redux 1.1".
2020-05-18 09:59:35,010 INFO             Ran 1 detector on 32400 seconds of 1-channel audio in 94 seconds, 347 times faster than real time.
2020-05-18 09:59:35,110 INFO     Processing recordings for station-night 5 of 5 - "MSGR 2020-05-17"...
2020-05-18 09:59:35,114 INFO         Processing recording 1 of 1 - "MSGR / PC / start 2020-05-18 00:30:00+00:00 / duration 9.000 h"...
2020-05-18 09:59:35,117 INFO             Running detector on file "/Volumes/Erebus/msgr-vesper-archive/Recordings/MSGR_2020-05-18_00.30.00_Z.wav"...
2020-05-18 10:01:07,850 INFO             Created 0 clips from detector "Old Bird Thrush Detector Redux 1.1".
2020-05-18 10:01:07,850 INFO             Ran 1 detector on 32400 seconds of 1-channel audio in 93 seconds, 349 times faster than real time.
2020-05-18 10:01:07,906 INFO     Job completed.
