2020-09-21 11:23:00,255 INFO     Job started for command "detect" with arguments:
2020-09-21 11:23:00,256 INFO         {
2020-09-21 11:23:00,256 INFO             "detectors": [
2020-09-21 11:23:00,257 INFO                 "Old Bird Tseep Detector Redux 1.1"
2020-09-21 11:23:00,257 INFO             ],
2020-09-21 11:23:00,257 INFO             "stations": [
2020-09-21 11:23:00,257 INFO                 "MSGR"
2020-09-21 11:23:00,258 INFO             ],
2020-09-21 11:23:00,260 INFO             "start_date": "2020-09-20",
2020-09-21 11:23:00,261 INFO             "end_date": "2020-09-21",
2020-09-21 11:23:00,261 INFO             "schedule": "",
2020-09-21 11:23:00,262 INFO             "defer_clip_creation": false
2020-09-21 11:23:00,263 INFO         }
2020-09-21 11:23:00,277 INFO     This command will process recordings for 1 station-night.
2020-09-21 11:23:00,277 INFO     Processing recordings for station-night 1 of 1 - "MSGR 2020-09-20"...
2020-09-21 11:23:00,280 INFO         Processing recording 1 of 1 - "MSGR / PC / start 2020-09-21 00:28:00+00:00 / duration 8.517 h"...
2020-09-21 11:23:00,284 INFO             Running detector on file "/Volumes/Erebus/msgr-vesper-archive/Recordings/MSGR_2020-09-21_00.28.00_Z.wav"...
2020-09-21 11:24:20,062 INFO             Created 618 clips from detector "Old Bird Tseep Detector Redux 1.1".
2020-09-21 11:24:20,062 INFO             Ran 1 detector on 30660 seconds of 1-channel audio in 80 seconds, 384 times faster than real time.
2020-09-21 11:24:20,115 INFO     Job completed.
