2020-09-13 08:25:06,600 INFO     Job started for command "classify" with arguments:
2020-09-13 08:25:06,600 INFO         {
2020-09-13 08:25:06,601 INFO             "classifier": "MPG Ranch NFC Coarse Classifier 3.0",
2020-09-13 08:25:06,601 INFO             "annotation_name": "Classification",
2020-09-13 08:25:06,603 INFO             "detectors": [
2020-09-13 08:25:06,605 INFO                 "Old Bird Tseep Detector Redux 1.1"
2020-09-13 08:25:06,606 INFO             ],
2020-09-13 08:25:06,606 INFO             "station_mics": [
2020-09-13 08:25:06,606 INFO                 "MSGR / 21c"
2020-09-13 08:25:06,608 INFO             ],
2020-09-13 08:25:06,611 INFO             "start_date": "2020-09-09",
2020-09-13 08:25:06,612 INFO             "end_date": "2020-10-01"
2020-09-13 08:25:06,613 INFO         }
2020-09-13 08:25:06,624 INFO     Creating TensorFlow estimator from saved model in directory "/Users/richard/miniconda3/envs/vesper-0.4.8/lib/python3.6/site-packages/vesper/mpg_ranch/nfc_coarse_classifier_3_0/Tseep Classifier/TensorFlow SavedModel"...
2020-09-13 08:25:06,625 WARNING  
The TensorFlow contrib module will not be included in TensorFlow 2.0.
For more information, please see:
  * https://github.com/tensorflow/community/blob/master/rfcs/20180907-contrib-sunset.md
  * https://github.com/tensorflow/addons
  * https://github.com/tensorflow/io (for I/O related ops)
If you depend on functionality not listed there, please file an issue.

2020-09-13 08:25:07,232 WARNING  Using temporary folder as model directory: /var/folders/2z/dlxt5tt50nzdlqlx1qvr1zdm0000gn/T/tmpbj02g1hp
2020-09-13 08:25:07,236 WARNING  train mode not found in SavedModel.
2020-09-13 08:25:07,236 WARNING  eval mode not found in SavedModel.
2020-09-13 08:25:07,237 INFO     Loading classifier settings from "/Users/richard/miniconda3/envs/vesper-0.4.8/lib/python3.6/site-packages/vesper/mpg_ranch/nfc_coarse_classifier_3_0/Tseep Classifier/Settings.yaml"...
2020-09-13 08:25:07,251 INFO     Creating TensorFlow estimator from saved model in directory "/Users/richard/miniconda3/envs/vesper-0.4.8/lib/python3.6/site-packages/vesper/mpg_ranch/nfc_coarse_classifier_3_0/Thrush Classifier/TensorFlow SavedModel"...
2020-09-13 08:25:07,254 WARNING  Using temporary folder as model directory: /var/folders/2z/dlxt5tt50nzdlqlx1qvr1zdm0000gn/T/tmp0ltkl95l
2020-09-13 08:25:07,257 WARNING  train mode not found in SavedModel.
2020-09-13 08:25:07,258 WARNING  eval mode not found in SavedModel.
2020-09-13 08:25:07,258 INFO     Loading classifier settings from "/Users/richard/miniconda3/envs/vesper-0.4.8/lib/python3.6/site-packages/vesper/mpg_ranch/nfc_coarse_classifier_3_0/Thrush Classifier/Settings.yaml"...
2020-09-13 08:25:07,277 INFO     Classifier will visit 2329 clips for detector "Old Bird Tseep Detector Redux 1.1", station "MSGR", mic output "21c Output", and date 2020-09-09.
2020-09-13 08:25:38,987 WARNING  From /Users/richard/miniconda3/envs/vesper-0.4.8/lib/python3.6/site-packages/tensorflow_core/python/autograph/converters/directives.py:119: The name tf.real is deprecated. Please use tf.math.real instead.

2020-09-13 08:25:38,988 WARNING  From /Users/richard/miniconda3/envs/vesper-0.4.8/lib/python3.6/site-packages/tensorflow_core/python/autograph/converters/directives.py:119: The name tf.conj is deprecated. Please use tf.math.conj instead.

2020-09-13 08:25:38,989 WARNING  From /Users/richard/miniconda3/envs/vesper-0.4.8/lib/python3.6/site-packages/tensorflow_core/python/autograph/converters/directives.py:119: The name tf.log is deprecated. Please use tf.math.log instead.

2020-09-13 08:25:39,230 WARNING  From /Users/richard/miniconda3/envs/vesper-0.4.8/lib/python3.6/site-packages/tensorflow_core/python/autograph/converters/directives.py:119: The name tf.Dimension is deprecated. Please use tf.compat.v1.Dimension instead.

2020-09-13 08:25:39,565 WARNING  From /Users/richard/miniconda3/envs/vesper-0.4.8/lib/python3.6/site-packages/tensorflow_core/python/ops/array_ops.py:1475: where (from tensorflow.python.ops.array_ops) is deprecated and will be removed in a future version.
Instructions for updating:
Use tf.where in 2.0, which has the same broadcast rule as np.where
2020-09-13 08:26:00,466 INFO     Classified 2329 of 2329 visited clips in 53.2 seconds, an average of 43.8 clips per second.
2020-09-13 08:26:00,477 INFO     Classifier will visit 795 clips for detector "Old Bird Tseep Detector Redux 1.1", station "MSGR", mic output "21c Output", and date 2020-09-10.
2020-09-13 08:26:16,562 INFO     Classified 795 of 795 visited clips in 16.1 seconds, an average of 49.4 clips per second.
2020-09-13 08:26:16,575 INFO     Classifier will visit 1035 clips for detector "Old Bird Tseep Detector Redux 1.1", station "MSGR", mic output "21c Output", and date 2020-09-11.
2020-09-13 08:26:36,448 INFO     Classified 1035 of 1035 visited clips in 19.9 seconds, an average of 52.0 clips per second.
2020-09-13 08:26:36,454 INFO     Classifier will visit 1166 clips for detector "Old Bird Tseep Detector Redux 1.1", station "MSGR", mic output "21c Output", and date 2020-09-12.
2020-09-13 08:26:59,867 INFO     Classified 1166 of 1166 visited clips in 23.4 seconds, an average of 49.8 clips per second.
2020-09-13 08:26:59,875 INFO     Classifier will visit 0 clips for detector "Old Bird Tseep Detector Redux 1.1", station "MSGR", mic output "21c Output", and date 2020-09-13.
2020-09-13 08:26:59,877 INFO     Classified 0 of 0 visited clips in 0.0 seconds.
2020-09-13 08:26:59,878 INFO     Classifier will visit 0 clips for detector "Old Bird Tseep Detector Redux 1.1", station "MSGR", mic output "21c Output", and date 2020-09-14.
2020-09-13 08:26:59,879 INFO     Classified 0 of 0 visited clips in 0.0 seconds.
2020-09-13 08:26:59,882 INFO     Classifier will visit 0 clips for detector "Old Bird Tseep Detector Redux 1.1", station "MSGR", mic output "21c Output", and date 2020-09-15.
2020-09-13 08:26:59,884 INFO     Classified 0 of 0 visited clips in 0.0 seconds.
2020-09-13 08:26:59,886 INFO     Classifier will visit 0 clips for detector "Old Bird Tseep Detector Redux 1.1", station "MSGR", mic output "21c Output", and date 2020-09-16.
2020-09-13 08:26:59,888 INFO     Classified 0 of 0 visited clips in 0.0 seconds.
2020-09-13 08:26:59,890 INFO     Classifier will visit 0 clips for detector "Old Bird Tseep Detector Redux 1.1", station "MSGR", mic output "21c Output", and date 2020-09-17.
2020-09-13 08:26:59,892 INFO     Classified 0 of 0 visited clips in 0.0 seconds.
2020-09-13 08:26:59,895 INFO     Classifier will visit 0 clips for detector "Old Bird Tseep Detector Redux 1.1", station "MSGR", mic output "21c Output", and date 2020-09-18.
2020-09-13 08:26:59,896 INFO     Classified 0 of 0 visited clips in 0.0 seconds.
2020-09-13 08:26:59,898 INFO     Classifier will visit 0 clips for detector "Old Bird Tseep Detector Redux 1.1", station "MSGR", mic output "21c Output", and date 2020-09-19.
2020-09-13 08:26:59,900 INFO     Classified 0 of 0 visited clips in 0.0 seconds.
2020-09-13 08:26:59,903 INFO     Classifier will visit 0 clips for detector "Old Bird Tseep Detector Redux 1.1", station "MSGR", mic output "21c Output", and date 2020-09-20.
2020-09-13 08:26:59,907 INFO     Classified 0 of 0 visited clips in 0.0 seconds.
2020-09-13 08:26:59,911 INFO     Classifier will visit 0 clips for detector "Old Bird Tseep Detector Redux 1.1", station "MSGR", mic output "21c Output", and date 2020-09-21.
2020-09-13 08:26:59,913 INFO     Classified 0 of 0 visited clips in 0.0 seconds.
2020-09-13 08:26:59,916 INFO     Classifier will visit 0 clips for detector "Old Bird Tseep Detector Redux 1.1", station "MSGR", mic output "21c Output", and date 2020-09-22.
2020-09-13 08:26:59,917 INFO     Classified 0 of 0 visited clips in 0.0 seconds.
2020-09-13 08:26:59,919 INFO     Classifier will visit 0 clips for detector "Old Bird Tseep Detector Redux 1.1", station "MSGR", mic output "21c Output", and date 2020-09-23.
2020-09-13 08:26:59,921 INFO     Classified 0 of 0 visited clips in 0.0 seconds.
2020-09-13 08:26:59,924 INFO     Classifier will visit 0 clips for detector "Old Bird Tseep Detector Redux 1.1", station "MSGR", mic output "21c Output", and date 2020-09-24.
2020-09-13 08:26:59,926 INFO     Classified 0 of 0 visited clips in 0.0 seconds.
2020-09-13 08:26:59,929 INFO     Classifier will visit 0 clips for detector "Old Bird Tseep Detector Redux 1.1", station "MSGR", mic output "21c Output", and date 2020-09-25.
2020-09-13 08:26:59,930 INFO     Classified 0 of 0 visited clips in 0.0 seconds.
2020-09-13 08:26:59,932 INFO     Classifier will visit 0 clips for detector "Old Bird Tseep Detector Redux 1.1", station "MSGR", mic output "21c Output", and date 2020-09-26.
2020-09-13 08:26:59,934 INFO     Classified 0 of 0 visited clips in 0.0 seconds.
2020-09-13 08:26:59,936 INFO     Classifier will visit 0 clips for detector "Old Bird Tseep Detector Redux 1.1", station "MSGR", mic output "21c Output", and date 2020-09-27.
2020-09-13 08:26:59,938 INFO     Classified 0 of 0 visited clips in 0.0 seconds.
2020-09-13 08:26:59,939 INFO     Classifier will visit 0 clips for detector "Old Bird Tseep Detector Redux 1.1", station "MSGR", mic output "21c Output", and date 2020-09-28.
2020-09-13 08:26:59,941 INFO     Classified 0 of 0 visited clips in 0.0 seconds.
2020-09-13 08:26:59,943 INFO     Classifier will visit 0 clips for detector "Old Bird Tseep Detector Redux 1.1", station "MSGR", mic output "21c Output", and date 2020-09-29.
2020-09-13 08:26:59,944 INFO     Classified 0 of 0 visited clips in 0.0 seconds.
2020-09-13 08:26:59,946 INFO     Classifier will visit 0 clips for detector "Old Bird Tseep Detector Redux 1.1", station "MSGR", mic output "21c Output", and date 2020-09-30.
2020-09-13 08:26:59,948 INFO     Classified 0 of 0 visited clips in 0.0 seconds.
2020-09-13 08:26:59,950 INFO     Classifier will visit 0 clips for detector "Old Bird Tseep Detector Redux 1.1", station "MSGR", mic output "21c Output", and date 2020-10-01.
2020-09-13 08:26:59,951 INFO     Classified 0 of 0 visited clips in 0.0 seconds.
2020-09-13 08:26:59,960 INFO     Job completed.
