2020-03-31 10:47:12,395 INFO     Job started for command "detect" with arguments:
2020-03-31 10:47:12,395 INFO         {
2020-03-31 10:47:12,396 INFO             "detectors": [
2020-03-31 10:47:12,396 INFO                 "Old Bird Thrush Detector Redux 1.1"
2020-03-31 10:47:12,396 INFO             ],
2020-03-31 10:47:12,397 INFO             "stations": [
2020-03-31 10:47:12,397 INFO                 "MSGR"
2020-03-31 10:47:12,397 INFO             ],
2020-03-31 10:47:12,397 INFO             "start_date": "2020-03-30",
2020-03-31 10:47:12,397 INFO             "end_date": "2020-04-01",
2020-03-31 10:47:12,398 INFO             "schedule": "",
2020-03-31 10:47:12,399 INFO             "defer_clip_creation": false
2020-03-31 10:47:12,399 INFO         }
2020-03-31 10:47:12,413 INFO     This command will process recordings for 1 station-night.
2020-03-31 10:47:12,414 INFO     Processing recordings for station-night 1 of 1 - "MSGR 2020-03-30"...
2020-03-31 10:47:12,418 INFO         Processing recording 1 of 1 - "MSGR / PC / start 2020-03-31 01:56:22+00:00 / duration 7.560 h"...
2020-03-31 10:47:12,421 INFO             Running detector on file "/Volumes/Erebus/msgr-vesper-archive/Recordings/MSGR_2020-03-31_01.56.22_Z.wav"...
2020-03-31 10:48:46,746 INFO             Created 856 clips from detector "Old Bird Thrush Detector Redux 1.1".
2020-03-31 10:48:46,746 INFO             Ran 1 detector on 27217 seconds of 1-channel audio in 94 seconds, 289 times faster than real time.
2020-03-31 10:48:46,818 INFO     Job completed.
