2020-09-18 17:14:44,373 INFO     Job started for command "classify" with arguments:
2020-09-18 17:14:44,374 INFO         {
2020-09-18 17:14:44,374 INFO             "classifier": "MPG Ranch NFC Coarse Classifier 3.0",
2020-09-18 17:14:44,376 INFO             "annotation_name": "Classification",
2020-09-18 17:14:44,377 INFO             "detectors": [
2020-09-18 17:14:44,377 INFO                 "Old Bird Thrush Detector Redux 1.1"
2020-09-18 17:14:44,377 INFO             ],
2020-09-18 17:14:44,378 INFO             "station_mics": [
2020-09-18 17:14:44,379 INFO                 "MSGR / 21c"
2020-09-18 17:14:44,379 INFO             ],
2020-09-18 17:14:44,379 INFO             "start_date": "2020-09-17",
2020-09-18 17:14:44,379 INFO             "end_date": "2020-09-18"
2020-09-18 17:14:44,380 INFO         }
2020-09-18 17:14:44,393 INFO     Creating TensorFlow estimator from saved model in directory "/Users/richard/miniconda3/envs/vesper-0.4.8/lib/python3.6/site-packages/vesper/mpg_ranch/nfc_coarse_classifier_3_0/Tseep Classifier/TensorFlow SavedModel"...
2020-09-18 17:14:44,393 WARNING  
The TensorFlow contrib module will not be included in TensorFlow 2.0.
For more information, please see:
  * https://github.com/tensorflow/community/blob/master/rfcs/20180907-contrib-sunset.md
  * https://github.com/tensorflow/addons
  * https://github.com/tensorflow/io (for I/O related ops)
If you depend on functionality not listed there, please file an issue.

2020-09-18 17:14:45,334 WARNING  Using temporary folder as model directory: /var/folders/2z/dlxt5tt50nzdlqlx1qvr1zdm0000gn/T/tmp345lfu6r
2020-09-18 17:14:45,340 WARNING  train mode not found in SavedModel.
2020-09-18 17:14:45,340 WARNING  eval mode not found in SavedModel.
2020-09-18 17:14:45,340 INFO     Loading classifier settings from "/Users/richard/miniconda3/envs/vesper-0.4.8/lib/python3.6/site-packages/vesper/mpg_ranch/nfc_coarse_classifier_3_0/Tseep Classifier/Settings.yaml"...
2020-09-18 17:14:45,357 INFO     Creating TensorFlow estimator from saved model in directory "/Users/richard/miniconda3/envs/vesper-0.4.8/lib/python3.6/site-packages/vesper/mpg_ranch/nfc_coarse_classifier_3_0/Thrush Classifier/TensorFlow SavedModel"...
2020-09-18 17:14:45,362 WARNING  Using temporary folder as model directory: /var/folders/2z/dlxt5tt50nzdlqlx1qvr1zdm0000gn/T/tmphx3_r6mi
2020-09-18 17:14:45,365 WARNING  train mode not found in SavedModel.
2020-09-18 17:14:45,365 WARNING  eval mode not found in SavedModel.
2020-09-18 17:14:45,366 INFO     Loading classifier settings from "/Users/richard/miniconda3/envs/vesper-0.4.8/lib/python3.6/site-packages/vesper/mpg_ranch/nfc_coarse_classifier_3_0/Thrush Classifier/Settings.yaml"...
2020-09-18 17:14:45,386 INFO     Classifier will visit 763 clips for detector "Old Bird Thrush Detector Redux 1.1", station "MSGR", mic output "21c Output", and date 2020-09-17.
2020-09-18 17:14:57,756 WARNING  From /Users/richard/miniconda3/envs/vesper-0.4.8/lib/python3.6/site-packages/tensorflow_core/python/autograph/converters/directives.py:119: The name tf.real is deprecated. Please use tf.math.real instead.

2020-09-18 17:14:57,756 WARNING  From /Users/richard/miniconda3/envs/vesper-0.4.8/lib/python3.6/site-packages/tensorflow_core/python/autograph/converters/directives.py:119: The name tf.conj is deprecated. Please use tf.math.conj instead.

2020-09-18 17:14:57,758 WARNING  From /Users/richard/miniconda3/envs/vesper-0.4.8/lib/python3.6/site-packages/tensorflow_core/python/autograph/converters/directives.py:119: The name tf.log is deprecated. Please use tf.math.log instead.

2020-09-18 17:14:58,134 WARNING  From /Users/richard/miniconda3/envs/vesper-0.4.8/lib/python3.6/site-packages/tensorflow_core/python/autograph/converters/directives.py:119: The name tf.Dimension is deprecated. Please use tf.compat.v1.Dimension instead.

2020-09-18 17:14:58,596 WARNING  From /Users/richard/miniconda3/envs/vesper-0.4.8/lib/python3.6/site-packages/tensorflow_core/python/ops/array_ops.py:1475: where (from tensorflow.python.ops.array_ops) is deprecated and will be removed in a future version.
Instructions for updating:
Use tf.where in 2.0, which has the same broadcast rule as np.where
2020-09-18 17:15:06,116 INFO     Classified 763 of 763 visited clips in 20.7 seconds, an average of 36.9 clips per second.
2020-09-18 17:15:06,120 INFO     Classifier will visit 0 clips for detector "Old Bird Thrush Detector Redux 1.1", station "MSGR", mic output "21c Output", and date 2020-09-18.
2020-09-18 17:15:06,123 INFO     Classified 0 of 0 visited clips in 0.0 seconds.
2020-09-18 17:15:06,131 INFO     Job completed.
