2020-03-11 08:11:29,510 INFO     Job started for command "import" with arguments:
2020-03-11 08:11:29,510 INFO         {
2020-03-11 08:11:29,510 INFO             "importer": {
2020-03-11 08:11:29,511 INFO                 "name": "Recording Importer",
2020-03-11 08:11:29,511 INFO                 "arguments": {
2020-03-11 08:11:29,512 INFO                     "paths": [
2020-03-11 08:11:29,512 INFO                         "/Users/richard/src/vesper/msgr-vesper-archive/Recordings"
2020-03-11 08:11:29,512 INFO                     ],
2020-03-11 08:11:29,512 INFO                     "recursive": false,
2020-03-11 08:11:29,512 INFO                     "recording_file_parser": {
2020-03-11 08:11:29,512 INFO                         "name": "MPG Ranch Recording File Parser",
2020-03-11 08:11:29,512 INFO                         "arguments": {
2020-03-11 08:11:29,512 INFO                             "station_name_aliases_preset": "Station Name Aliases"
2020-03-11 08:11:29,512 INFO                         }
2020-03-11 08:11:29,512 INFO                     }
2020-03-11 08:11:29,512 INFO                 }
2020-03-11 08:11:29,512 INFO             }
2020-03-11 08:11:29,512 INFO         }
2020-03-11 08:11:29,555 INFO     Found 1 new recording and 3 old recordings at the specified paths.
2020-03-11 08:11:29,555 INFO     The new recordings will be imported.
2020-03-11 08:11:29,560 INFO     Imported recording MSGR / PC / start 2020-03-11 00:30:00+00:00 / duration 9.000 h with files:
2020-03-11 08:11:29,560 INFO         MSGR_2020-03-11_00.30.00_Z.wav
2020-03-11 08:11:29,562 INFO     Job complete.
