2020-08-15 14:03:49,572 INFO     Job started for command "detect" with arguments:
2020-08-15 14:03:49,572 INFO         {
2020-08-15 14:03:49,574 INFO             "detectors": [
2020-08-15 14:03:49,574 INFO                 "Old Bird Tseep Detector Redux 1.1"
2020-08-15 14:03:49,577 INFO             ],
2020-08-15 14:03:49,577 INFO             "stations": [
2020-08-15 14:03:49,579 INFO                 "MSGR"
2020-08-15 14:03:49,580 INFO             ],
2020-08-15 14:03:49,581 INFO             "start_date": "2020-08-14",
2020-08-15 14:03:49,581 INFO             "end_date": "2020-08-15",
2020-08-15 14:03:49,581 INFO             "schedule": "",
2020-08-15 14:03:49,581 INFO             "defer_clip_creation": false
2020-08-15 14:03:49,581 INFO         }
2020-08-15 14:03:49,598 INFO     This command will process recordings for 1 station-night.
2020-08-15 14:03:49,598 INFO     Processing recordings for station-night 1 of 1 - "MSGR 2020-08-14"...
2020-08-15 14:03:49,601 INFO         Processing recording 1 of 1 - "MSGR / PC / start 2020-08-15 01:49:00+00:00 / duration 6.200 h"...
2020-08-15 14:03:49,606 INFO             Running detector on file "/Volumes/Erebus/msgr-vesper-archive/Recordings/MSGR_2020-08-15_01.49.00_Z.wav"...
2020-08-15 14:04:47,444 INFO             Created 453 clips from detector "Old Bird Tseep Detector Redux 1.1".
2020-08-15 14:04:47,444 INFO             Ran 1 detector on 22320 seconds of 1-channel audio in 58 seconds, 386 times faster than real time.
2020-08-15 14:04:47,481 INFO     Job completed.
