2020-10-21 14:55:46,685 INFO     Job started for command "classify" with arguments:
2020-10-21 14:55:46,686 INFO         {
2020-10-21 14:55:46,687 INFO             "classifier": "MPG Ranch NFC Coarse Classifier 3.0",
2020-10-21 14:55:46,688 INFO             "annotation_name": "Classification",
2020-10-21 14:55:46,688 INFO             "detectors": [
2020-10-21 14:55:46,688 INFO                 "Old Bird Thrush Detector Redux 1.1"
2020-10-21 14:55:46,689 INFO             ],
2020-10-21 14:55:46,690 INFO             "station_mics": [
2020-10-21 14:55:46,691 INFO                 "MSGR / 21c"
2020-10-21 14:55:46,692 INFO             ],
2020-10-21 14:55:46,692 INFO             "start_date": "2020-10-20",
2020-10-21 14:55:46,692 INFO             "end_date": "2020-10-30"
2020-10-21 14:55:46,693 INFO         }
2020-10-21 14:55:46,700 INFO     Creating TensorFlow estimator from saved model in directory "/Users/richard/miniconda3/envs/vesper-0.4.8/lib/python3.6/site-packages/vesper/mpg_ranch/nfc_coarse_classifier_3_0/Tseep Classifier/TensorFlow SavedModel"...
2020-10-21 14:55:46,700 WARNING  
The TensorFlow contrib module will not be included in TensorFlow 2.0.
For more information, please see:
  * https://github.com/tensorflow/community/blob/master/rfcs/20180907-contrib-sunset.md
  * https://github.com/tensorflow/addons
  * https://github.com/tensorflow/io (for I/O related ops)
If you depend on functionality not listed there, please file an issue.

2020-10-21 14:55:47,644 WARNING  Using temporary folder as model directory: /var/folders/2z/dlxt5tt50nzdlqlx1qvr1zdm0000gn/T/tmpil75gdrc
2020-10-21 14:55:47,651 WARNING  train mode not found in SavedModel.
2020-10-21 14:55:47,651 WARNING  eval mode not found in SavedModel.
2020-10-21 14:55:47,652 INFO     Loading classifier settings from "/Users/richard/miniconda3/envs/vesper-0.4.8/lib/python3.6/site-packages/vesper/mpg_ranch/nfc_coarse_classifier_3_0/Tseep Classifier/Settings.yaml"...
2020-10-21 14:55:47,673 INFO     Creating TensorFlow estimator from saved model in directory "/Users/richard/miniconda3/envs/vesper-0.4.8/lib/python3.6/site-packages/vesper/mpg_ranch/nfc_coarse_classifier_3_0/Thrush Classifier/TensorFlow SavedModel"...
2020-10-21 14:55:47,677 WARNING  Using temporary folder as model directory: /var/folders/2z/dlxt5tt50nzdlqlx1qvr1zdm0000gn/T/tmpis9wmnfc
2020-10-21 14:55:47,681 WARNING  train mode not found in SavedModel.
2020-10-21 14:55:47,681 WARNING  eval mode not found in SavedModel.
2020-10-21 14:55:47,681 INFO     Loading classifier settings from "/Users/richard/miniconda3/envs/vesper-0.4.8/lib/python3.6/site-packages/vesper/mpg_ranch/nfc_coarse_classifier_3_0/Thrush Classifier/Settings.yaml"...
2020-10-21 14:55:47,701 INFO     Classifier will visit 4768 clips for detector "Old Bird Thrush Detector Redux 1.1", station "MSGR", mic output "21c Output", and date 2020-10-20.
2020-10-21 14:56:48,936 WARNING  From /Users/richard/miniconda3/envs/vesper-0.4.8/lib/python3.6/site-packages/tensorflow_core/python/autograph/converters/directives.py:119: The name tf.real is deprecated. Please use tf.math.real instead.

2020-10-21 14:56:48,936 WARNING  From /Users/richard/miniconda3/envs/vesper-0.4.8/lib/python3.6/site-packages/tensorflow_core/python/autograph/converters/directives.py:119: The name tf.conj is deprecated. Please use tf.math.conj instead.

2020-10-21 14:56:48,937 WARNING  From /Users/richard/miniconda3/envs/vesper-0.4.8/lib/python3.6/site-packages/tensorflow_core/python/autograph/converters/directives.py:119: The name tf.log is deprecated. Please use tf.math.log instead.

2020-10-21 14:56:49,213 WARNING  From /Users/richard/miniconda3/envs/vesper-0.4.8/lib/python3.6/site-packages/tensorflow_core/python/autograph/converters/directives.py:119: The name tf.Dimension is deprecated. Please use tf.compat.v1.Dimension instead.

2020-10-21 14:56:49,582 WARNING  From /Users/richard/miniconda3/envs/vesper-0.4.8/lib/python3.6/site-packages/tensorflow_core/python/ops/array_ops.py:1475: where (from tensorflow.python.ops.array_ops) is deprecated and will be removed in a future version.
Instructions for updating:
Use tf.where in 2.0, which has the same broadcast rule as np.where
2020-10-21 14:58:32,986 INFO     Classified 4768 of 4768 visited clips in 165.3 seconds, an average of 28.8 clips per second.
2020-10-21 14:58:33,024 INFO     Classifier will visit 0 clips for detector "Old Bird Thrush Detector Redux 1.1", station "MSGR", mic output "21c Output", and date 2020-10-21.
2020-10-21 14:58:33,025 INFO     Classified 0 of 0 visited clips in 0.0 seconds.
2020-10-21 14:58:33,027 INFO     Classifier will visit 0 clips for detector "Old Bird Thrush Detector Redux 1.1", station "MSGR", mic output "21c Output", and date 2020-10-22.
2020-10-21 14:58:33,028 INFO     Classified 0 of 0 visited clips in 0.0 seconds.
2020-10-21 14:58:33,031 INFO     Classifier will visit 0 clips for detector "Old Bird Thrush Detector Redux 1.1", station "MSGR", mic output "21c Output", and date 2020-10-23.
2020-10-21 14:58:33,032 INFO     Classified 0 of 0 visited clips in 0.0 seconds.
2020-10-21 14:58:33,034 INFO     Classifier will visit 0 clips for detector "Old Bird Thrush Detector Redux 1.1", station "MSGR", mic output "21c Output", and date 2020-10-24.
2020-10-21 14:58:33,036 INFO     Classified 0 of 0 visited clips in 0.0 seconds.
2020-10-21 14:58:33,039 INFO     Classifier will visit 0 clips for detector "Old Bird Thrush Detector Redux 1.1", station "MSGR", mic output "21c Output", and date 2020-10-25.
2020-10-21 14:58:33,040 INFO     Classified 0 of 0 visited clips in 0.0 seconds.
2020-10-21 14:58:33,042 INFO     Classifier will visit 0 clips for detector "Old Bird Thrush Detector Redux 1.1", station "MSGR", mic output "21c Output", and date 2020-10-26.
2020-10-21 14:58:33,044 INFO     Classified 0 of 0 visited clips in 0.0 seconds.
2020-10-21 14:58:33,046 INFO     Classifier will visit 0 clips for detector "Old Bird Thrush Detector Redux 1.1", station "MSGR", mic output "21c Output", and date 2020-10-27.
2020-10-21 14:58:33,048 INFO     Classified 0 of 0 visited clips in 0.0 seconds.
2020-10-21 14:58:33,050 INFO     Classifier will visit 0 clips for detector "Old Bird Thrush Detector Redux 1.1", station "MSGR", mic output "21c Output", and date 2020-10-28.
2020-10-21 14:58:33,052 INFO     Classified 0 of 0 visited clips in 0.0 seconds.
2020-10-21 14:58:33,054 INFO     Classifier will visit 0 clips for detector "Old Bird Thrush Detector Redux 1.1", station "MSGR", mic output "21c Output", and date 2020-10-29.
2020-10-21 14:58:33,056 INFO     Classified 0 of 0 visited clips in 0.0 seconds.
2020-10-21 14:58:33,057 INFO     Classifier will visit 0 clips for detector "Old Bird Thrush Detector Redux 1.1", station "MSGR", mic output "21c Output", and date 2020-10-30.
2020-10-21 14:58:33,059 INFO     Classified 0 of 0 visited clips in 0.0 seconds.
2020-10-21 14:58:33,072 INFO     Job completed.
