2020-09-30 14:06:39,160 INFO     Job started for command "classify" with arguments:
2020-09-30 14:06:39,161 INFO         {
2020-09-30 14:06:39,161 INFO             "classifier": "MPG Ranch NFC Coarse Classifier 3.0",
2020-09-30 14:06:39,161 INFO             "annotation_name": "Classification",
2020-09-30 14:06:39,161 INFO             "detectors": [
2020-09-30 14:06:39,161 INFO                 "Old Bird Thrush Detector Redux 1.1"
2020-09-30 14:06:39,161 INFO             ],
2020-09-30 14:06:39,162 INFO             "station_mics": [
2020-09-30 14:06:39,163 INFO                 "MSGR / 21c"
2020-09-30 14:06:39,163 INFO             ],
2020-09-30 14:06:39,164 INFO             "start_date": "2020-09-30",
2020-09-30 14:06:39,165 INFO             "end_date": "2020-10-02"
2020-09-30 14:06:39,165 INFO         }
2020-09-30 14:06:39,175 INFO     Creating TensorFlow estimator from saved model in directory "/Users/richard/miniconda3/envs/vesper-0.4.8/lib/python3.6/site-packages/vesper/mpg_ranch/nfc_coarse_classifier_3_0/Tseep Classifier/TensorFlow SavedModel"...
2020-09-30 14:06:39,176 WARNING  
The TensorFlow contrib module will not be included in TensorFlow 2.0.
For more information, please see:
  * https://github.com/tensorflow/community/blob/master/rfcs/20180907-contrib-sunset.md
  * https://github.com/tensorflow/addons
  * https://github.com/tensorflow/io (for I/O related ops)
If you depend on functionality not listed there, please file an issue.

2020-09-30 14:06:40,358 WARNING  Using temporary folder as model directory: /var/folders/2z/dlxt5tt50nzdlqlx1qvr1zdm0000gn/T/tmp0qqdu50w
2020-09-30 14:06:40,367 WARNING  train mode not found in SavedModel.
2020-09-30 14:06:40,367 WARNING  eval mode not found in SavedModel.
2020-09-30 14:06:40,369 INFO     Loading classifier settings from "/Users/richard/miniconda3/envs/vesper-0.4.8/lib/python3.6/site-packages/vesper/mpg_ranch/nfc_coarse_classifier_3_0/Tseep Classifier/Settings.yaml"...
2020-09-30 14:06:40,398 INFO     Creating TensorFlow estimator from saved model in directory "/Users/richard/miniconda3/envs/vesper-0.4.8/lib/python3.6/site-packages/vesper/mpg_ranch/nfc_coarse_classifier_3_0/Thrush Classifier/TensorFlow SavedModel"...
2020-09-30 14:06:40,401 WARNING  Using temporary folder as model directory: /var/folders/2z/dlxt5tt50nzdlqlx1qvr1zdm0000gn/T/tmpyhjb9z6s
2020-09-30 14:06:40,406 WARNING  train mode not found in SavedModel.
2020-09-30 14:06:40,406 WARNING  eval mode not found in SavedModel.
2020-09-30 14:06:40,407 INFO     Loading classifier settings from "/Users/richard/miniconda3/envs/vesper-0.4.8/lib/python3.6/site-packages/vesper/mpg_ranch/nfc_coarse_classifier_3_0/Thrush Classifier/Settings.yaml"...
2020-09-30 14:06:40,435 INFO     Classifier will visit 0 clips for detector "Old Bird Thrush Detector Redux 1.1", station "MSGR", mic output "21c Output", and date 2020-09-30.
2020-09-30 14:06:40,437 INFO     Classified 0 of 0 visited clips in 0.0 seconds.
2020-09-30 14:06:40,439 INFO     Classifier will visit 0 clips for detector "Old Bird Thrush Detector Redux 1.1", station "MSGR", mic output "21c Output", and date 2020-10-01.
2020-09-30 14:06:40,441 INFO     Classified 0 of 0 visited clips in 0.0 seconds.
2020-09-30 14:06:40,442 INFO     Classifier will visit 0 clips for detector "Old Bird Thrush Detector Redux 1.1", station "MSGR", mic output "21c Output", and date 2020-10-02.
2020-09-30 14:06:40,444 INFO     Classified 0 of 0 visited clips in 0.0 seconds.
2020-09-30 14:06:40,455 INFO     Job completed.
