2020-10-20 19:50:55,762 INFO     Job started for command "export" with arguments:
2020-10-20 19:50:55,764 INFO         {
2020-10-20 19:50:55,764 INFO             "exporter": {
2020-10-20 19:50:55,765 INFO                 "name": "Clip Metadata CSV File Exporter",
2020-10-20 19:50:55,767 INFO                 "arguments": {
2020-10-20 19:50:55,767 INFO                     "output_file_path": "2020-10-19 tseep.csv"
2020-10-20 19:50:55,769 INFO                 }
2020-10-20 19:50:55,770 INFO             },
2020-10-20 19:50:55,771 INFO             "detectors": [
2020-10-20 19:50:55,771 INFO                 "Old Bird Tseep Detector Redux 1.1"
2020-10-20 19:50:55,772 INFO             ],
2020-10-20 19:50:55,773 INFO             "station_mics": [
2020-10-20 19:50:55,773 INFO                 "MSGR / 21c"
2020-10-20 19:50:55,775 INFO             ],
2020-10-20 19:50:55,776 INFO             "classification": "Call*",
2020-10-20 19:50:55,777 INFO             "start_date": "2020-10-19",
2020-10-20 19:50:55,780 INFO             "end_date": "2020-10-20"
2020-10-20 19:50:55,780 INFO         }
2020-10-20 19:50:55,806 INFO     Exporter will visit 23 clips for detector "Old Bird Tseep Detector Redux 1.1", station "MSGR", mic output "21c Output", and date 2020-10-19.
2020-10-20 19:50:56,101 INFO     Exported 23 of 23 visited clips.
2020-10-20 19:50:56,105 INFO     Exporter will visit 0 clips for detector "Old Bird Tseep Detector Redux 1.1", station "MSGR", mic output "21c Output", and date 2020-10-20.
2020-10-20 19:50:56,107 INFO     Exported 0 of 0 visited clips.
2020-10-20 19:50:56,122 INFO     Job completed.
