2020-08-28 10:07:29,274 INFO     Job started for command "detect" with arguments:
2020-08-28 10:07:29,276 INFO         {
2020-08-28 10:07:29,279 INFO             "detectors": [
2020-08-28 10:07:29,280 INFO                 "Old Bird Tseep Detector Redux 1.1"
2020-08-28 10:07:29,281 INFO             ],
2020-08-28 10:07:29,282 INFO             "stations": [
2020-08-28 10:07:29,283 INFO                 "MSGR"
2020-08-28 10:07:29,284 INFO             ],
2020-08-28 10:07:29,285 INFO             "start_date": "2020-08-27",
2020-08-28 10:07:29,286 INFO             "end_date": "2020-12-30",
2020-08-28 10:07:29,287 INFO             "schedule": "",
2020-08-28 10:07:29,288 INFO             "defer_clip_creation": false
2020-08-28 10:07:29,288 INFO         }
2020-08-28 10:07:29,302 INFO     This command will process recordings for 1 station-night.
2020-08-28 10:07:29,302 INFO     Processing recordings for station-night 1 of 1 - "MSGR 2020-08-27"...
2020-08-28 10:07:29,306 INFO         Processing recording 1 of 1 - "MSGR / PC / start 2020-08-28 02:02:09+00:00 / duration 6.347 h"...
2020-08-28 10:07:29,312 INFO             Running detector on file "/Volumes/Erebus/msgr-vesper-archive/Recordings/MSGR_2020-08-28_02.02.09_Z.wav"...
2020-08-28 10:08:36,758 INFO             Created 507 clips from detector "Old Bird Tseep Detector Redux 1.1".
2020-08-28 10:08:36,758 INFO             Ran 1 detector on 22851 seconds of 1-channel audio in 67 seconds, 339 times faster than real time.
2020-08-28 10:08:36,799 INFO     Job completed.
