2020-10-20 10:49:35,832 INFO     Job started for command "classify" with arguments:
2020-10-20 10:49:35,834 INFO         {
2020-10-20 10:49:35,835 INFO             "classifier": "MPG Ranch NFC Coarse Classifier 3.0",
2020-10-20 10:49:35,835 INFO             "annotation_name": "Classification",
2020-10-20 10:49:35,836 INFO             "detectors": [
2020-10-20 10:49:35,836 INFO                 "Old Bird Tseep Detector Redux 1.1"
2020-10-20 10:49:35,836 INFO             ],
2020-10-20 10:49:35,836 INFO             "station_mics": [
2020-10-20 10:49:35,837 INFO                 "MSGR / 21c"
2020-10-20 10:49:35,838 INFO             ],
2020-10-20 10:49:35,839 INFO             "start_date": "2020-10-18",
2020-10-20 10:49:35,840 INFO             "end_date": "2020-10-20"
2020-10-20 10:49:35,840 INFO         }
2020-10-20 10:49:35,867 INFO     Creating TensorFlow estimator from saved model in directory "/Users/richard/miniconda3/envs/vesper-0.4.8/lib/python3.6/site-packages/vesper/mpg_ranch/nfc_coarse_classifier_3_0/Tseep Classifier/TensorFlow SavedModel"...
2020-10-20 10:49:35,867 WARNING  
The TensorFlow contrib module will not be included in TensorFlow 2.0.
For more information, please see:
  * https://github.com/tensorflow/community/blob/master/rfcs/20180907-contrib-sunset.md
  * https://github.com/tensorflow/addons
  * https://github.com/tensorflow/io (for I/O related ops)
If you depend on functionality not listed there, please file an issue.

2020-10-20 10:49:37,033 WARNING  Using temporary folder as model directory: /var/folders/2z/dlxt5tt50nzdlqlx1qvr1zdm0000gn/T/tmpjc_ltdml
2020-10-20 10:49:37,038 WARNING  train mode not found in SavedModel.
2020-10-20 10:49:37,038 WARNING  eval mode not found in SavedModel.
2020-10-20 10:49:37,038 INFO     Loading classifier settings from "/Users/richard/miniconda3/envs/vesper-0.4.8/lib/python3.6/site-packages/vesper/mpg_ranch/nfc_coarse_classifier_3_0/Tseep Classifier/Settings.yaml"...
2020-10-20 10:49:37,057 INFO     Creating TensorFlow estimator from saved model in directory "/Users/richard/miniconda3/envs/vesper-0.4.8/lib/python3.6/site-packages/vesper/mpg_ranch/nfc_coarse_classifier_3_0/Thrush Classifier/TensorFlow SavedModel"...
2020-10-20 10:49:37,060 WARNING  Using temporary folder as model directory: /var/folders/2z/dlxt5tt50nzdlqlx1qvr1zdm0000gn/T/tmp0bwnj22r
2020-10-20 10:49:37,064 WARNING  train mode not found in SavedModel.
2020-10-20 10:49:37,064 WARNING  eval mode not found in SavedModel.
2020-10-20 10:49:37,064 INFO     Loading classifier settings from "/Users/richard/miniconda3/envs/vesper-0.4.8/lib/python3.6/site-packages/vesper/mpg_ranch/nfc_coarse_classifier_3_0/Thrush Classifier/Settings.yaml"...
2020-10-20 10:49:37,092 INFO     Classifier will visit 967 clips for detector "Old Bird Tseep Detector Redux 1.1", station "MSGR", mic output "21c Output", and date 2020-10-18.
2020-10-20 10:49:50,871 WARNING  From /Users/richard/miniconda3/envs/vesper-0.4.8/lib/python3.6/site-packages/tensorflow_core/python/autograph/converters/directives.py:119: The name tf.real is deprecated. Please use tf.math.real instead.

2020-10-20 10:49:50,872 WARNING  From /Users/richard/miniconda3/envs/vesper-0.4.8/lib/python3.6/site-packages/tensorflow_core/python/autograph/converters/directives.py:119: The name tf.conj is deprecated. Please use tf.math.conj instead.

2020-10-20 10:49:50,873 WARNING  From /Users/richard/miniconda3/envs/vesper-0.4.8/lib/python3.6/site-packages/tensorflow_core/python/autograph/converters/directives.py:119: The name tf.log is deprecated. Please use tf.math.log instead.

2020-10-20 10:49:51,241 WARNING  From /Users/richard/miniconda3/envs/vesper-0.4.8/lib/python3.6/site-packages/tensorflow_core/python/autograph/converters/directives.py:119: The name tf.Dimension is deprecated. Please use tf.compat.v1.Dimension instead.

2020-10-20 10:49:51,841 WARNING  From /Users/richard/miniconda3/envs/vesper-0.4.8/lib/python3.6/site-packages/tensorflow_core/python/ops/array_ops.py:1475: where (from tensorflow.python.ops.array_ops) is deprecated and will be removed in a future version.
Instructions for updating:
Use tf.where in 2.0, which has the same broadcast rule as np.where
2020-10-20 10:50:09,861 INFO     Classified 967 of 967 visited clips in 32.8 seconds, an average of 29.5 clips per second.
2020-10-20 10:50:09,872 INFO     Classifier will visit 4852 clips for detector "Old Bird Tseep Detector Redux 1.1", station "MSGR", mic output "21c Output", and date 2020-10-19.
2020-10-20 10:54:05,503 INFO     Classified 4852 of 4852 visited clips in 235.6 seconds, an average of 20.6 clips per second.
2020-10-20 10:54:05,534 INFO     Classifier will visit 0 clips for detector "Old Bird Tseep Detector Redux 1.1", station "MSGR", mic output "21c Output", and date 2020-10-20.
2020-10-20 10:54:05,537 INFO     Classified 0 of 0 visited clips in 0.0 seconds.
2020-10-20 10:54:05,557 INFO     Job completed.
