2020-09-18 17:12:48,060 INFO     Job started for command "detect" with arguments:
2020-09-18 17:12:48,061 INFO         {
2020-09-18 17:12:48,061 INFO             "detectors": [
2020-09-18 17:12:48,064 INFO                 "Old Bird Thrush Detector Redux 1.1"
2020-09-18 17:12:48,065 INFO             ],
2020-09-18 17:12:48,065 INFO             "stations": [
2020-09-18 17:12:48,065 INFO                 "MSGR"
2020-09-18 17:12:48,067 INFO             ],
2020-09-18 17:12:48,070 INFO             "start_date": "2020-09-17",
2020-09-18 17:12:48,071 INFO             "end_date": "2020-09-18",
2020-09-18 17:12:48,072 INFO             "schedule": "",
2020-09-18 17:12:48,072 INFO             "defer_clip_creation": false
2020-09-18 17:12:48,073 INFO         }
2020-09-18 17:12:48,085 INFO     This command will process recordings for 1 station-night.
2020-09-18 17:12:48,085 INFO     Processing recordings for station-night 1 of 1 - "MSGR 2020-09-17"...
2020-09-18 17:12:48,088 INFO         Processing recording 1 of 1 - "MSGR / PC / start 2020-09-18 00:34:00+00:00 / duration 8.333 h"...
2020-09-18 17:12:48,097 INFO             Running detector on file "/Volumes/Erebus/msgr-vesper-archive/Recordings/MSGR_2020-09-18_00.34.00_Z.wav"...
2020-09-18 17:14:06,619 INFO             Created 763 clips from detector "Old Bird Thrush Detector Redux 1.1".
2020-09-18 17:14:06,619 INFO             Ran 1 detector on 30000 seconds of 1-channel audio in 79 seconds, 382 times faster than real time.
2020-09-18 17:14:06,683 INFO     Job completed.
