2020-08-25 04:38:52,001 INFO     Job started for command "detect" with arguments:
2020-08-25 04:38:52,001 INFO         {
2020-08-25 04:38:52,002 INFO             "detectors": [
2020-08-25 04:38:52,004 INFO                 "Old Bird Tseep Detector Redux 1.1"
2020-08-25 04:38:52,004 INFO             ],
2020-08-25 04:38:52,005 INFO             "stations": [
2020-08-25 04:38:52,005 INFO                 "MSGR"
2020-08-25 04:38:52,006 INFO             ],
2020-08-25 04:38:52,008 INFO             "start_date": "2020-08-24",
2020-08-25 04:38:52,009 INFO             "end_date": "2020-12-30",
2020-08-25 04:38:52,010 INFO             "schedule": "",
2020-08-25 04:38:52,010 INFO             "defer_clip_creation": false
2020-08-25 04:38:52,013 INFO         }
2020-08-25 04:38:52,030 INFO     This command will process recordings for 1 station-night.
2020-08-25 04:38:52,032 INFO     Processing recordings for station-night 1 of 1 - "MSGR 2020-08-24"...
2020-08-25 04:38:52,036 INFO         Processing recording 1 of 1 - "MSGR / PC / start 2020-08-25 01:26:00+00:00 / duration 6.867 h"...
2020-08-25 04:38:52,040 INFO             Running detector on file "/Volumes/Erebus/msgr-vesper-archive/Recordings/MSGR_2020-08-25_01.26.00_Z.wav"...
2020-08-25 04:40:00,368 INFO             Created 790 clips from detector "Old Bird Tseep Detector Redux 1.1".
2020-08-25 04:40:00,368 INFO             Ran 1 detector on 24720 seconds of 1-channel audio in 68 seconds, 362 times faster than real time.
2020-08-25 04:40:00,414 INFO     Job completed.
