2020-08-15 16:18:39,125 INFO     Job started for command "export" with arguments:
2020-08-15 16:18:39,125 INFO         {
2020-08-15 16:18:39,126 INFO             "exporter": {
2020-08-15 16:18:39,126 INFO                 "name": "Clip Audio Files Exporter",
2020-08-15 16:18:39,127 INFO                 "arguments": {
2020-08-15 16:18:39,128 INFO                     "output_dir_path": "Clips",
2020-08-15 16:18:39,128 INFO                     "clip_file_name_formatter": {
2020-08-15 16:18:39,128 INFO                         "name": "Simple Clip File Name Formatter"
2020-08-15 16:18:39,130 INFO                     }
2020-08-15 16:18:39,130 INFO                 }
2020-08-15 16:18:39,131 INFO             },
2020-08-15 16:18:39,132 INFO             "detectors": [
2020-08-15 16:18:39,134 INFO                 "Old Bird Tseep Detector Redux 1.1"
2020-08-15 16:18:39,134 INFO             ],
2020-08-15 16:18:39,135 INFO             "station_mics": [
2020-08-15 16:18:39,135 INFO                 "MSGR / 21c"
2020-08-15 16:18:39,136 INFO             ],
2020-08-15 16:18:39,137 INFO             "classification": "Call.*",
2020-08-15 16:18:39,138 INFO             "start_date": "2020-08-14",
2020-08-15 16:18:39,138 INFO             "end_date": "2020-08-15"
2020-08-15 16:18:39,138 INFO         }
2020-08-15 16:18:39,161 INFO     Exporter will visit 1 clip for detector "Old Bird Tseep Detector Redux 1.1", station "MSGR", mic output "21c Output", and date 2020-08-14.
2020-08-15 16:18:39,231 INFO     Exported 1 of 1 visited clips.
2020-08-15 16:18:39,238 INFO     Exporter will visit 0 clips for detector "Old Bird Tseep Detector Redux 1.1", station "MSGR", mic output "21c Output", and date 2020-08-15.
2020-08-15 16:18:39,240 INFO     Exported 0 of 0 visited clips.
2020-08-15 16:18:39,251 INFO     Job completed.
