2020-09-29 11:04:34,999 INFO     Job started for command "classify" with arguments:
2020-09-29 11:04:35,000 INFO         {
2020-09-29 11:04:35,001 INFO             "classifier": "MPG Ranch NFC Coarse Classifier 3.0",
2020-09-29 11:04:35,002 INFO             "annotation_name": "Classification",
2020-09-29 11:04:35,002 INFO             "detectors": [
2020-09-29 11:04:35,003 INFO                 "Old Bird Tseep Detector Redux 1.1"
2020-09-29 11:04:35,003 INFO             ],
2020-09-29 11:04:35,006 INFO             "station_mics": [
2020-09-29 11:04:35,008 INFO                 "MSGR / 21c"
2020-09-29 11:04:35,010 INFO             ],
2020-09-29 11:04:35,010 INFO             "start_date": "2020-09-28",
2020-09-29 11:04:35,011 INFO             "end_date": "2020-09-30"
2020-09-29 11:04:35,012 INFO         }
2020-09-29 11:04:35,026 INFO     Creating TensorFlow estimator from saved model in directory "/Users/richard/miniconda3/envs/vesper-0.4.8/lib/python3.6/site-packages/vesper/mpg_ranch/nfc_coarse_classifier_3_0/Tseep Classifier/TensorFlow SavedModel"...
2020-09-29 11:04:35,027 WARNING  
The TensorFlow contrib module will not be included in TensorFlow 2.0.
For more information, please see:
  * https://github.com/tensorflow/community/blob/master/rfcs/20180907-contrib-sunset.md
  * https://github.com/tensorflow/addons
  * https://github.com/tensorflow/io (for I/O related ops)
If you depend on functionality not listed there, please file an issue.

2020-09-29 11:04:35,650 WARNING  Using temporary folder as model directory: /var/folders/2z/dlxt5tt50nzdlqlx1qvr1zdm0000gn/T/tmpqsmtmi_g
2020-09-29 11:04:35,654 WARNING  train mode not found in SavedModel.
2020-09-29 11:04:35,655 WARNING  eval mode not found in SavedModel.
2020-09-29 11:04:35,655 INFO     Loading classifier settings from "/Users/richard/miniconda3/envs/vesper-0.4.8/lib/python3.6/site-packages/vesper/mpg_ranch/nfc_coarse_classifier_3_0/Tseep Classifier/Settings.yaml"...
2020-09-29 11:04:35,669 INFO     Creating TensorFlow estimator from saved model in directory "/Users/richard/miniconda3/envs/vesper-0.4.8/lib/python3.6/site-packages/vesper/mpg_ranch/nfc_coarse_classifier_3_0/Thrush Classifier/TensorFlow SavedModel"...
2020-09-29 11:04:35,671 WARNING  Using temporary folder as model directory: /var/folders/2z/dlxt5tt50nzdlqlx1qvr1zdm0000gn/T/tmpseocm92o
2020-09-29 11:04:35,674 WARNING  train mode not found in SavedModel.
2020-09-29 11:04:35,675 WARNING  eval mode not found in SavedModel.
2020-09-29 11:04:35,675 INFO     Loading classifier settings from "/Users/richard/miniconda3/envs/vesper-0.4.8/lib/python3.6/site-packages/vesper/mpg_ranch/nfc_coarse_classifier_3_0/Thrush Classifier/Settings.yaml"...
2020-09-29 11:04:35,694 INFO     Classifier will visit 868 clips for detector "Old Bird Tseep Detector Redux 1.1", station "MSGR", mic output "21c Output", and date 2020-09-28.
2020-09-29 11:04:47,568 WARNING  From /Users/richard/miniconda3/envs/vesper-0.4.8/lib/python3.6/site-packages/tensorflow_core/python/autograph/converters/directives.py:119: The name tf.real is deprecated. Please use tf.math.real instead.

2020-09-29 11:04:47,568 WARNING  From /Users/richard/miniconda3/envs/vesper-0.4.8/lib/python3.6/site-packages/tensorflow_core/python/autograph/converters/directives.py:119: The name tf.conj is deprecated. Please use tf.math.conj instead.

2020-09-29 11:04:47,570 WARNING  From /Users/richard/miniconda3/envs/vesper-0.4.8/lib/python3.6/site-packages/tensorflow_core/python/autograph/converters/directives.py:119: The name tf.log is deprecated. Please use tf.math.log instead.

2020-09-29 11:04:47,921 WARNING  From /Users/richard/miniconda3/envs/vesper-0.4.8/lib/python3.6/site-packages/tensorflow_core/python/autograph/converters/directives.py:119: The name tf.Dimension is deprecated. Please use tf.compat.v1.Dimension instead.

2020-09-29 11:04:48,261 WARNING  From /Users/richard/miniconda3/envs/vesper-0.4.8/lib/python3.6/site-packages/tensorflow_core/python/ops/array_ops.py:1475: where (from tensorflow.python.ops.array_ops) is deprecated and will be removed in a future version.
Instructions for updating:
Use tf.where in 2.0, which has the same broadcast rule as np.where
2020-09-29 11:04:56,536 INFO     Classified 868 of 868 visited clips in 20.8 seconds, an average of 41.7 clips per second.
2020-09-29 11:04:56,542 INFO     Classifier will visit 0 clips for detector "Old Bird Tseep Detector Redux 1.1", station "MSGR", mic output "21c Output", and date 2020-09-29.
2020-09-29 11:04:56,544 INFO     Classified 0 of 0 visited clips in 0.0 seconds.
2020-09-29 11:04:56,545 INFO     Classifier will visit 0 clips for detector "Old Bird Tseep Detector Redux 1.1", station "MSGR", mic output "21c Output", and date 2020-09-30.
2020-09-29 11:04:56,547 INFO     Classified 0 of 0 visited clips in 0.0 seconds.
2020-09-29 11:04:56,555 INFO     Job completed.
