2020-05-26 07:34:44,652 INFO     Job started for command "classify" with arguments:
2020-05-26 07:34:44,652 INFO         {
2020-05-26 07:34:44,653 INFO             "classifier": "MPG Ranch NFC Coarse Classifier 3.0",
2020-05-26 07:34:44,653 INFO             "annotation_name": "Classification",
2020-05-26 07:34:44,654 INFO             "detectors": [
2020-05-26 07:34:44,655 INFO                 "Old Bird Thrush Detector Redux 1.1"
2020-05-26 07:34:44,656 INFO             ],
2020-05-26 07:34:44,656 INFO             "station_mics": [
2020-05-26 07:34:44,656 INFO                 "MSGR / 21c"
2020-05-26 07:34:44,656 INFO             ],
2020-05-26 07:34:44,656 INFO             "start_date": "2020-05-25",
2020-05-26 07:34:44,656 INFO             "end_date": "2020-05-30"
2020-05-26 07:34:44,656 INFO         }
2020-05-26 07:34:44,666 INFO     Creating TensorFlow estimator from saved model in directory "/Users/richard/miniconda3/envs/vesper-0.4.8/lib/python3.6/site-packages/vesper/mpg_ranch/nfc_coarse_classifier_3_0/Tseep Classifier/TensorFlow SavedModel"...
2020-05-26 07:34:44,666 WARNING  
The TensorFlow contrib module will not be included in TensorFlow 2.0.
For more information, please see:
  * https://github.com/tensorflow/community/blob/master/rfcs/20180907-contrib-sunset.md
  * https://github.com/tensorflow/addons
  * https://github.com/tensorflow/io (for I/O related ops)
If you depend on functionality not listed there, please file an issue.

2020-05-26 07:34:45,617 WARNING  Using temporary folder as model directory: /var/folders/2z/dlxt5tt50nzdlqlx1qvr1zdm0000gn/T/tmp7e3oir46
2020-05-26 07:34:45,622 WARNING  train mode not found in SavedModel.
2020-05-26 07:34:45,622 WARNING  eval mode not found in SavedModel.
2020-05-26 07:34:45,622 INFO     Loading classifier settings from "/Users/richard/miniconda3/envs/vesper-0.4.8/lib/python3.6/site-packages/vesper/mpg_ranch/nfc_coarse_classifier_3_0/Tseep Classifier/Settings.yaml"...
2020-05-26 07:34:45,636 INFO     Creating TensorFlow estimator from saved model in directory "/Users/richard/miniconda3/envs/vesper-0.4.8/lib/python3.6/site-packages/vesper/mpg_ranch/nfc_coarse_classifier_3_0/Thrush Classifier/TensorFlow SavedModel"...
2020-05-26 07:34:45,639 WARNING  Using temporary folder as model directory: /var/folders/2z/dlxt5tt50nzdlqlx1qvr1zdm0000gn/T/tmp8_6e96i6
2020-05-26 07:34:45,643 WARNING  train mode not found in SavedModel.
2020-05-26 07:34:45,643 WARNING  eval mode not found in SavedModel.
2020-05-26 07:34:45,643 INFO     Loading classifier settings from "/Users/richard/miniconda3/envs/vesper-0.4.8/lib/python3.6/site-packages/vesper/mpg_ranch/nfc_coarse_classifier_3_0/Thrush Classifier/Settings.yaml"...
2020-05-26 07:34:45,663 INFO     Classifier will visit 958 clips for detector "Old Bird Thrush Detector Redux 1.1", station "MSGR", mic output "21c Output", and date 2020-05-25.
2020-05-26 07:34:56,396 WARNING  From /Users/richard/miniconda3/envs/vesper-0.4.8/lib/python3.6/site-packages/tensorflow_core/python/autograph/converters/directives.py:119: The name tf.real is deprecated. Please use tf.math.real instead.

2020-05-26 07:34:56,396 WARNING  From /Users/richard/miniconda3/envs/vesper-0.4.8/lib/python3.6/site-packages/tensorflow_core/python/autograph/converters/directives.py:119: The name tf.conj is deprecated. Please use tf.math.conj instead.

2020-05-26 07:34:56,397 WARNING  From /Users/richard/miniconda3/envs/vesper-0.4.8/lib/python3.6/site-packages/tensorflow_core/python/autograph/converters/directives.py:119: The name tf.log is deprecated. Please use tf.math.log instead.

2020-05-26 07:34:56,619 WARNING  From /Users/richard/miniconda3/envs/vesper-0.4.8/lib/python3.6/site-packages/tensorflow_core/python/autograph/converters/directives.py:119: The name tf.Dimension is deprecated. Please use tf.compat.v1.Dimension instead.

2020-05-26 07:34:56,939 WARNING  From /Users/richard/miniconda3/envs/vesper-0.4.8/lib/python3.6/site-packages/tensorflow_core/python/ops/array_ops.py:1475: where (from tensorflow.python.ops.array_ops) is deprecated and will be removed in a future version.
Instructions for updating:
Use tf.where in 2.0, which has the same broadcast rule as np.where
2020-05-26 07:35:03,477 INFO     Classified 958 of 958 visited clips in 17.8 seconds, an average of 53.8 clips per second.
2020-05-26 07:35:03,482 INFO     Classifier will visit 0 clips for detector "Old Bird Thrush Detector Redux 1.1", station "MSGR", mic output "21c Output", and date 2020-05-26.
2020-05-26 07:35:03,484 INFO     Classified 0 of 0 visited clips in 0.0 seconds.
2020-05-26 07:35:03,485 INFO     Classifier will visit 0 clips for detector "Old Bird Thrush Detector Redux 1.1", station "MSGR", mic output "21c Output", and date 2020-05-27.
2020-05-26 07:35:03,487 INFO     Classified 0 of 0 visited clips in 0.0 seconds.
2020-05-26 07:35:03,489 INFO     Classifier will visit 0 clips for detector "Old Bird Thrush Detector Redux 1.1", station "MSGR", mic output "21c Output", and date 2020-05-28.
2020-05-26 07:35:03,490 INFO     Classified 0 of 0 visited clips in 0.0 seconds.
2020-05-26 07:35:03,492 INFO     Classifier will visit 0 clips for detector "Old Bird Thrush Detector Redux 1.1", station "MSGR", mic output "21c Output", and date 2020-05-29.
2020-05-26 07:35:03,494 INFO     Classified 0 of 0 visited clips in 0.0 seconds.
2020-05-26 07:35:03,496 INFO     Classifier will visit 0 clips for detector "Old Bird Thrush Detector Redux 1.1", station "MSGR", mic output "21c Output", and date 2020-05-30.
2020-05-26 07:35:03,497 INFO     Classified 0 of 0 visited clips in 0.0 seconds.
2020-05-26 07:35:03,502 INFO     Job completed.
