2020-09-28 13:05:47,464 INFO     Job started for command "classify" with arguments:
2020-09-28 13:05:47,464 INFO         {
2020-09-28 13:05:47,465 INFO             "classifier": "MPG Ranch NFC Coarse Classifier 3.0",
2020-09-28 13:05:47,466 INFO             "annotation_name": "Classification",
2020-09-28 13:05:47,466 INFO             "detectors": [
2020-09-28 13:05:47,466 INFO                 "Old Bird Thrush Detector Redux 1.1"
2020-09-28 13:05:47,467 INFO             ],
2020-09-28 13:05:47,468 INFO             "station_mics": [
2020-09-28 13:05:47,469 INFO                 "MSGR / 21c"
2020-09-28 13:05:47,470 INFO             ],
2020-09-28 13:05:47,470 INFO             "start_date": "2020-09-25",
2020-09-28 13:05:47,471 INFO             "end_date": "2020-09-30"
2020-09-28 13:05:47,472 INFO         }
2020-09-28 13:05:47,479 INFO     Creating TensorFlow estimator from saved model in directory "/Users/richard/miniconda3/envs/vesper-0.4.8/lib/python3.6/site-packages/vesper/mpg_ranch/nfc_coarse_classifier_3_0/Tseep Classifier/TensorFlow SavedModel"...
2020-09-28 13:05:47,479 WARNING  
The TensorFlow contrib module will not be included in TensorFlow 2.0.
For more information, please see:
  * https://github.com/tensorflow/community/blob/master/rfcs/20180907-contrib-sunset.md
  * https://github.com/tensorflow/addons
  * https://github.com/tensorflow/io (for I/O related ops)
If you depend on functionality not listed there, please file an issue.

2020-09-28 13:05:48,157 WARNING  Using temporary folder as model directory: /var/folders/2z/dlxt5tt50nzdlqlx1qvr1zdm0000gn/T/tmp8kmrjdbx
2020-09-28 13:05:48,161 WARNING  train mode not found in SavedModel.
2020-09-28 13:05:48,161 WARNING  eval mode not found in SavedModel.
2020-09-28 13:05:48,161 INFO     Loading classifier settings from "/Users/richard/miniconda3/envs/vesper-0.4.8/lib/python3.6/site-packages/vesper/mpg_ranch/nfc_coarse_classifier_3_0/Tseep Classifier/Settings.yaml"...
2020-09-28 13:05:48,174 INFO     Creating TensorFlow estimator from saved model in directory "/Users/richard/miniconda3/envs/vesper-0.4.8/lib/python3.6/site-packages/vesper/mpg_ranch/nfc_coarse_classifier_3_0/Thrush Classifier/TensorFlow SavedModel"...
2020-09-28 13:05:48,176 WARNING  Using temporary folder as model directory: /var/folders/2z/dlxt5tt50nzdlqlx1qvr1zdm0000gn/T/tmpkft0mgoz
2020-09-28 13:05:48,179 WARNING  train mode not found in SavedModel.
2020-09-28 13:05:48,179 WARNING  eval mode not found in SavedModel.
2020-09-28 13:05:48,179 INFO     Loading classifier settings from "/Users/richard/miniconda3/envs/vesper-0.4.8/lib/python3.6/site-packages/vesper/mpg_ranch/nfc_coarse_classifier_3_0/Thrush Classifier/Settings.yaml"...
2020-09-28 13:05:48,198 INFO     Classifier will visit 258 clips for detector "Old Bird Thrush Detector Redux 1.1", station "MSGR", mic output "21c Output", and date 2020-09-25.
2020-09-28 13:05:52,212 WARNING  From /Users/richard/miniconda3/envs/vesper-0.4.8/lib/python3.6/site-packages/tensorflow_core/python/autograph/converters/directives.py:119: The name tf.real is deprecated. Please use tf.math.real instead.

2020-09-28 13:05:52,212 WARNING  From /Users/richard/miniconda3/envs/vesper-0.4.8/lib/python3.6/site-packages/tensorflow_core/python/autograph/converters/directives.py:119: The name tf.conj is deprecated. Please use tf.math.conj instead.

2020-09-28 13:05:52,213 WARNING  From /Users/richard/miniconda3/envs/vesper-0.4.8/lib/python3.6/site-packages/tensorflow_core/python/autograph/converters/directives.py:119: The name tf.log is deprecated. Please use tf.math.log instead.

2020-09-28 13:05:52,477 WARNING  From /Users/richard/miniconda3/envs/vesper-0.4.8/lib/python3.6/site-packages/tensorflow_core/python/autograph/converters/directives.py:119: The name tf.Dimension is deprecated. Please use tf.compat.v1.Dimension instead.

2020-09-28 13:05:52,869 WARNING  From /Users/richard/miniconda3/envs/vesper-0.4.8/lib/python3.6/site-packages/tensorflow_core/python/ops/array_ops.py:1475: where (from tensorflow.python.ops.array_ops) is deprecated and will be removed in a future version.
Instructions for updating:
Use tf.where in 2.0, which has the same broadcast rule as np.where
2020-09-28 13:05:57,136 INFO     Classified 258 of 258 visited clips in 8.9 seconds, an average of 29.0 clips per second.
2020-09-28 13:05:57,141 INFO     Classifier will visit 93 clips for detector "Old Bird Thrush Detector Redux 1.1", station "MSGR", mic output "21c Output", and date 2020-09-26.
2020-09-28 13:05:59,811 INFO     Classified 93 of 93 visited clips in 2.7 seconds, an average of 34.4 clips per second.
2020-09-28 13:05:59,813 INFO     Classifier will visit 115 clips for detector "Old Bird Thrush Detector Redux 1.1", station "MSGR", mic output "21c Output", and date 2020-09-27.
2020-09-28 13:06:02,747 INFO     Classified 115 of 115 visited clips in 2.9 seconds, an average of 39.7 clips per second.
2020-09-28 13:06:02,750 INFO     Classifier will visit 0 clips for detector "Old Bird Thrush Detector Redux 1.1", station "MSGR", mic output "21c Output", and date 2020-09-28.
2020-09-28 13:06:02,752 INFO     Classified 0 of 0 visited clips in 0.0 seconds.
2020-09-28 13:06:02,753 INFO     Classifier will visit 0 clips for detector "Old Bird Thrush Detector Redux 1.1", station "MSGR", mic output "21c Output", and date 2020-09-29.
2020-09-28 13:06:02,754 INFO     Classified 0 of 0 visited clips in 0.0 seconds.
2020-09-28 13:06:02,757 INFO     Classifier will visit 0 clips for detector "Old Bird Thrush Detector Redux 1.1", station "MSGR", mic output "21c Output", and date 2020-09-30.
2020-09-28 13:06:02,759 INFO     Classified 0 of 0 visited clips in 0.0 seconds.
2020-09-28 13:06:02,767 INFO     Job completed.
