2020-03-30 11:19:32,955 INFO     Job started for command "detect" with arguments:
2020-03-30 11:19:32,956 INFO         {
2020-03-30 11:19:32,959 INFO             "detectors": [
2020-03-30 11:19:32,959 INFO                 "Old Bird Tseep Detector Redux 1.1"
2020-03-30 11:19:32,960 INFO             ],
2020-03-30 11:19:32,960 INFO             "stations": [
2020-03-30 11:19:32,961 INFO                 "MSGR"
2020-03-30 11:19:32,962 INFO             ],
2020-03-30 11:19:32,963 INFO             "start_date": "2020-03-29",
2020-03-30 11:19:32,964 INFO             "end_date": "2020-03-30",
2020-03-30 11:19:32,965 INFO             "schedule": "",
2020-03-30 11:19:32,966 INFO             "defer_clip_creation": false
2020-03-30 11:19:32,967 INFO         }
2020-03-30 11:19:32,980 INFO     This command will process recordings for 1 station-night.
2020-03-30 11:19:32,980 INFO     Processing recordings for station-night 1 of 1 - "MSGR 2020-03-29"...
2020-03-30 11:19:32,983 INFO         Processing recording 1 of 1 - "MSGR / PC / start 2020-03-30 00:30:01+00:00 / duration 9.000 h"...
2020-03-30 11:19:32,988 INFO             Running detector on file "/Volumes/Erebus/msgr-vesper-archive/Recordings/MSGR_2020-03-30_00.30.01_Z.wav"...
2020-03-30 11:21:11,156 INFO             Created 5204 clips from detector "Old Bird Tseep Detector Redux 1.1".
2020-03-30 11:21:11,156 INFO             Ran 1 detector on 32399 seconds of 1-channel audio in 98 seconds, 330 times faster than real time.
2020-03-30 11:21:11,215 INFO     Job completed.
