2020-09-08 07:48:37,861 INFO     Job started for command "detect" with arguments:
2020-09-08 07:48:37,862 INFO         {
2020-09-08 07:48:37,864 INFO             "detectors": [
2020-09-08 07:48:37,864 INFO                 "Old Bird Tseep Detector Redux 1.1"
2020-09-08 07:48:37,864 INFO             ],
2020-09-08 07:48:37,866 INFO             "stations": [
2020-09-08 07:48:37,868 INFO                 "MSGR"
2020-09-08 07:48:37,869 INFO             ],
2020-09-08 07:48:37,870 INFO             "start_date": "2020-09-07",
2020-09-08 07:48:37,871 INFO             "end_date": "2020-09-08",
2020-09-08 07:48:37,873 INFO             "schedule": "",
2020-09-08 07:48:37,874 INFO             "defer_clip_creation": false
2020-09-08 07:48:37,875 INFO         }
2020-09-08 07:48:37,886 INFO     This command will process recordings for 1 station-night.
2020-09-08 07:48:37,887 INFO     Processing recordings for station-night 1 of 1 - "MSGR 2020-09-07"...
2020-09-08 07:48:37,890 INFO         Processing recording 1 of 1 - "MSGR / PC / start 2020-09-08 01:05:20+00:00 / duration 7.611 h"...
2020-09-08 07:48:37,896 INFO             Running detector on file "/Volumes/Erebus/msgr-vesper-archive/Recordings/MSGR_2020-09-08_01.05.20_Z.wav"...
2020-09-08 07:49:45,654 INFO             Created 588 clips from detector "Old Bird Tseep Detector Redux 1.1".
2020-09-08 07:49:45,654 INFO             Ran 1 detector on 27399 seconds of 1-channel audio in 68 seconds, 404 times faster than real time.
2020-09-08 07:49:45,697 INFO     Job completed.
