2020-09-25 10:52:54,999 INFO     Job started for command "detect" with arguments:
2020-09-25 10:52:55,000 INFO         {
2020-09-25 10:52:55,001 INFO             "detectors": [
2020-09-25 10:52:55,003 INFO                 "Old Bird Tseep Detector Redux 1.1"
2020-09-25 10:52:55,004 INFO             ],
2020-09-25 10:52:55,005 INFO             "stations": [
2020-09-25 10:52:55,006 INFO                 "MSGR"
2020-09-25 10:52:55,006 INFO             ],
2020-09-25 10:52:55,006 INFO             "start_date": "2020-09-22",
2020-09-25 10:52:55,007 INFO             "end_date": "2020-10-01",
2020-09-25 10:52:55,008 INFO             "schedule": "",
2020-09-25 10:52:55,008 INFO             "defer_clip_creation": false
2020-09-25 10:52:55,008 INFO         }
2020-09-25 10:52:55,027 INFO     This command will process recordings for 2 station-nights.
2020-09-25 10:52:55,027 INFO     Processing recordings for station-night 1 of 2 - "MSGR 2020-09-22"...
2020-09-25 10:52:55,031 INFO         Processing recording 1 of 1 - "MSGR / PC / start 2020-09-23 00:24:00+00:00 / duration 8.617 h"...
2020-09-25 10:52:55,039 INFO             Running detector on file "/Volumes/Erebus/msgr-vesper-archive/Recordings/MSGR_2020-09-23_00.24.00_Z.wav"...
2020-09-25 10:54:09,628 INFO             Created 1014 clips from detector "Old Bird Tseep Detector Redux 1.1".
2020-09-25 10:54:09,628 INFO             Ran 1 detector on 31020 seconds of 1-channel audio in 75 seconds, 416 times faster than real time.
2020-09-25 10:54:09,667 INFO     Processing recordings for station-night 2 of 2 - "MSGR 2020-09-24"...
2020-09-25 10:54:09,669 INFO         Processing recording 1 of 1 - "MSGR / PC / start 2020-09-25 00:20:00+00:00 / duration 8.733 h"...
2020-09-25 10:54:09,672 INFO             Running detector on file "/Volumes/Erebus/msgr-vesper-archive/Recordings/MSGR_2020-09-25_00.20.00_Z.wav"...
2020-09-25 10:55:27,219 INFO             Created 2053 clips from detector "Old Bird Tseep Detector Redux 1.1".
2020-09-25 10:55:27,219 INFO             Ran 1 detector on 31440 seconds of 1-channel audio in 78 seconds, 405 times faster than real time.
2020-09-25 10:55:27,269 INFO     Job completed.
