2020-08-15 14:03:46,548 INFO     Job started for command "detect" with arguments:
2020-08-15 14:03:46,548 INFO         {
2020-08-15 14:03:46,551 INFO             "detectors": [
2020-08-15 14:03:46,552 INFO                 "Old Bird Thrush Detector Redux 1.1"
2020-08-15 14:03:46,552 INFO             ],
2020-08-15 14:03:46,552 INFO             "stations": [
2020-08-15 14:03:46,552 INFO                 "MSGR"
2020-08-15 14:03:46,553 INFO             ],
2020-08-15 14:03:46,553 INFO             "start_date": "2020-08-14",
2020-08-15 14:03:46,553 INFO             "end_date": "2020-08-15",
2020-08-15 14:03:46,553 INFO             "schedule": "",
2020-08-15 14:03:46,553 INFO             "defer_clip_creation": false
2020-08-15 14:03:46,553 INFO         }
2020-08-15 14:03:46,565 INFO     This command will process recordings for 1 station-night.
2020-08-15 14:03:46,566 INFO     Processing recordings for station-night 1 of 1 - "MSGR 2020-08-14"...
2020-08-15 14:03:46,568 INFO         Processing recording 1 of 1 - "MSGR / PC / start 2020-08-15 01:49:00+00:00 / duration 6.200 h"...
2020-08-15 14:03:46,579 INFO             Running detector on file "/Volumes/Erebus/msgr-vesper-archive/Recordings/MSGR_2020-08-15_01.49.00_Z.wav"...
2020-08-15 14:04:48,951 INFO             Created 83 clips from detector "Old Bird Thrush Detector Redux 1.1".
2020-08-15 14:04:48,951 INFO             Ran 1 detector on 22320 seconds of 1-channel audio in 62 seconds, 358 times faster than real time.
2020-08-15 14:04:48,986 INFO     Job completed.
