2020-09-30 14:09:25,165 INFO     Job started for command "detect" with arguments:
2020-09-30 14:09:25,166 INFO         {
2020-09-30 14:09:25,167 INFO             "detectors": [
2020-09-30 14:09:25,167 INFO                 "Old Bird Tseep Detector Redux 1.1"
2020-09-30 14:09:25,170 INFO             ],
2020-09-30 14:09:25,170 INFO             "stations": [
2020-09-30 14:09:25,171 INFO                 "MSGR"
2020-09-30 14:09:25,173 INFO             ],
2020-09-30 14:09:25,174 INFO             "start_date": "2020-09-29",
2020-09-30 14:09:25,175 INFO             "end_date": "2020-10-02",
2020-09-30 14:09:25,176 INFO             "schedule": "",
2020-09-30 14:09:25,178 INFO             "defer_clip_creation": false
2020-09-30 14:09:25,179 INFO         }
2020-09-30 14:09:25,191 INFO     This command will process recordings for 1 station-night.
2020-09-30 14:09:25,191 INFO     Processing recordings for station-night 1 of 1 - "MSGR 2020-09-29"...
2020-09-30 14:09:25,196 INFO         Processing recording 1 of 1 - "MSGR / PC / start 2020-09-30 00:10:00+00:00 / duration 9.000 h"...
2020-09-30 14:09:25,202 INFO             Running detector on file "/Volumes/Erebus/msgr-vesper-archive/Recordings/MSGR_2020-09-30_00.10.00_Z.wav"...
2020-09-30 14:10:52,814 INFO             Created 3827 clips from detector "Old Bird Tseep Detector Redux 1.1".
2020-09-30 14:10:52,815 INFO             Ran 1 detector on 32400 seconds of 1-channel audio in 88 seconds, 370 times faster than real time.
2020-09-30 14:10:52,870 INFO     Job completed.
