2020-04-05 20:47:58,453 INFO     Job started for command "detect" with arguments:
2020-04-05 20:47:58,455 INFO         {
2020-04-05 20:47:58,461 INFO             "detectors": [
2020-04-05 20:47:58,462 INFO                 "Old Bird Thrush Detector Redux 1.1"
2020-04-05 20:47:58,464 INFO             ],
2020-04-05 20:47:58,464 INFO             "stations": [
2020-04-05 20:47:58,466 INFO                 "MSGR"
2020-04-05 20:47:58,477 INFO             ],
2020-04-05 20:47:58,478 INFO             "start_date": "2020-04-02",
2020-04-05 20:47:58,479 INFO             "end_date": "2020-04-30",
2020-04-05 20:47:58,479 INFO             "schedule": "",
2020-04-05 20:47:58,479 INFO             "defer_clip_creation": false
2020-04-05 20:47:58,479 INFO         }
2020-04-05 20:47:58,509 INFO     This command will process recordings for 3 station-nights.
2020-04-05 20:47:58,515 INFO     Processing recordings for station-night 1 of 3 - "MSGR 2020-04-02"...
2020-04-05 20:47:58,520 INFO         Processing recording 1 of 1 - "MSGR / PC / start 2020-04-03 00:30:00+00:00 / duration 9.000 h"...
2020-04-05 20:47:58,547 INFO             Running detector on file "/Volumes/Erebus/msgr-vesper-archive/Recordings/MSGR_2020-04-03_00.30.00_Z.wav"...
2020-04-05 20:49:48,411 INFO             Created 3401 clips from detector "Old Bird Thrush Detector Redux 1.1".
2020-04-05 20:49:48,411 INFO             Ran 1 detector on 32400 seconds of 1-channel audio in 110 seconds, 295 times faster than real time.
2020-04-05 20:49:48,491 INFO     Processing recordings for station-night 2 of 3 - "MSGR 2020-04-03"...
2020-04-05 20:49:48,493 INFO         Processing recording 1 of 1 - "MSGR / PC / start 2020-04-04 00:30:00+00:00 / duration 9.000 h"...
2020-04-05 20:49:48,496 INFO             Running detector on file "/Volumes/Erebus/msgr-vesper-archive/Recordings/MSGR_2020-04-04_00.30.00_Z.wav"...
2020-04-05 20:51:38,129 INFO             Created 1349 clips from detector "Old Bird Thrush Detector Redux 1.1".
2020-04-05 20:51:38,129 INFO             Ran 1 detector on 32400 seconds of 1-channel audio in 110 seconds, 296 times faster than real time.
2020-04-05 20:51:38,191 INFO     Processing recordings for station-night 3 of 3 - "MSGR 2020-04-04"...
2020-04-05 20:51:38,194 INFO         Processing recording 1 of 1 - "MSGR / PC / start 2020-04-05 00:30:00+00:00 / duration 9.000 h"...
2020-04-05 20:51:38,197 INFO             Running detector on file "/Volumes/Erebus/msgr-vesper-archive/Recordings/MSGR_2020-04-05_00.30.00_Z.wav"...
2020-04-05 20:53:26,481 INFO             Created 1793 clips from detector "Old Bird Thrush Detector Redux 1.1".
2020-04-05 20:53:26,482 INFO             Ran 1 detector on 32400 seconds of 1-channel audio in 108 seconds, 299 times faster than real time.
2020-04-05 20:53:26,548 INFO     Job completed.
