2020-03-27 16:16:43,331 INFO     Job started for command "detect" with arguments:
2020-03-27 16:16:43,332 INFO         {
2020-03-27 16:16:43,332 INFO             "detectors": [
2020-03-27 16:16:43,333 INFO                 "Old Bird Thrush Detector Redux 1.1"
2020-03-27 16:16:43,333 INFO             ],
2020-03-27 16:16:43,334 INFO             "stations": [
2020-03-27 16:16:43,334 INFO                 "MSGR"
2020-03-27 16:16:43,334 INFO             ],
2020-03-27 16:16:43,334 INFO             "start_date": "2020-03-26",
2020-03-27 16:16:43,334 INFO             "end_date": "2020-03-30",
2020-03-27 16:16:43,334 INFO             "schedule": "",
2020-03-27 16:16:43,337 INFO             "defer_clip_creation": false
2020-03-27 16:16:43,339 INFO         }
2020-03-27 16:16:43,346 INFO     This command will process recordings for 1 station-night.
2020-03-27 16:16:43,348 INFO     Processing recordings for station-night 1 of 1 - "MSGR 2020-03-26"...
2020-03-27 16:16:43,350 INFO         Processing recording 1 of 1 - "MSGR / PC / start 2020-03-27 00:30:00+00:00 / duration 8.999 h"...
2020-03-27 16:16:43,353 INFO             Running detector on file "/Volumes/Erebus/msgr-vesper-archive/Recordings/MSGR_2020-03-27_00.30.00_Z.wav"...
2020-03-27 16:18:29,556 INFO             Created 2557 clips from detector "Old Bird Thrush Detector Redux 1.1".
2020-03-27 16:18:29,556 INFO             Ran 1 detector on 32396 seconds of 1-channel audio in 106 seconds, 305 times faster than real time.
2020-03-27 16:18:29,625 INFO     Job completed.
