2020-03-30 11:24:35,154 INFO     Job started for command "classify" with arguments:
2020-03-30 11:24:35,154 INFO         {
2020-03-30 11:24:35,155 INFO             "classifier": "MPG Ranch NFC Coarse Classifier 3.0",
2020-03-30 11:24:35,156 INFO             "annotation_name": "Classification",
2020-03-30 11:24:35,156 INFO             "detectors": [
2020-03-30 11:24:35,156 INFO                 "Old Bird Tseep Detector Redux 1.1"
2020-03-30 11:24:35,156 INFO             ],
2020-03-30 11:24:35,157 INFO             "station_mics": [
2020-03-30 11:24:35,157 INFO                 "MSGR / 21c"
2020-03-30 11:24:35,157 INFO             ],
2020-03-30 11:24:35,157 INFO             "start_date": "2020-03-29",
2020-03-30 11:24:35,158 INFO             "end_date": "2020-03-30"
2020-03-30 11:24:35,158 INFO         }
2020-03-30 11:24:35,169 INFO     Creating TensorFlow estimator from saved model in directory "//anaconda3/envs/vesper-0.4.8/lib/python3.6/site-packages/vesper/mpg_ranch/nfc_coarse_classifier_3_0/Tseep Classifier/TensorFlow SavedModel"...
2020-03-30 11:24:35,169 WARNING  
The TensorFlow contrib module will not be included in TensorFlow 2.0.
For more information, please see:
  * https://github.com/tensorflow/community/blob/master/rfcs/20180907-contrib-sunset.md
  * https://github.com/tensorflow/addons
  * https://github.com/tensorflow/io (for I/O related ops)
If you depend on functionality not listed there, please file an issue.

2020-03-30 11:24:35,723 WARNING  Using temporary folder as model directory: /var/folders/2z/dlxt5tt50nzdlqlx1qvr1zdm0000gn/T/tmp8ri3zw82
2020-03-30 11:24:35,727 WARNING  train mode not found in SavedModel.
2020-03-30 11:24:35,727 WARNING  eval mode not found in SavedModel.
2020-03-30 11:24:35,727 INFO     Loading classifier settings from "//anaconda3/envs/vesper-0.4.8/lib/python3.6/site-packages/vesper/mpg_ranch/nfc_coarse_classifier_3_0/Tseep Classifier/Settings.yaml"...
2020-03-30 11:24:35,741 INFO     Creating TensorFlow estimator from saved model in directory "//anaconda3/envs/vesper-0.4.8/lib/python3.6/site-packages/vesper/mpg_ranch/nfc_coarse_classifier_3_0/Thrush Classifier/TensorFlow SavedModel"...
2020-03-30 11:24:35,743 WARNING  Using temporary folder as model directory: /var/folders/2z/dlxt5tt50nzdlqlx1qvr1zdm0000gn/T/tmplxbi0oa5
2020-03-30 11:24:35,746 WARNING  train mode not found in SavedModel.
2020-03-30 11:24:35,746 WARNING  eval mode not found in SavedModel.
2020-03-30 11:24:35,747 INFO     Loading classifier settings from "//anaconda3/envs/vesper-0.4.8/lib/python3.6/site-packages/vesper/mpg_ranch/nfc_coarse_classifier_3_0/Thrush Classifier/Settings.yaml"...
2020-03-30 11:24:35,766 INFO     Classifier will visit 5204 clips for detector "Old Bird Tseep Detector Redux 1.1", station "MSGR", mic output "21c Output", and date 2020-03-29.
2020-03-30 11:25:47,522 WARNING  From //anaconda3/envs/vesper-0.4.8/lib/python3.6/site-packages/tensorflow_core/python/autograph/converters/directives.py:119: The name tf.real is deprecated. Please use tf.math.real instead.

2020-03-30 11:25:47,523 WARNING  From //anaconda3/envs/vesper-0.4.8/lib/python3.6/site-packages/tensorflow_core/python/autograph/converters/directives.py:119: The name tf.conj is deprecated. Please use tf.math.conj instead.

2020-03-30 11:25:47,523 WARNING  From //anaconda3/envs/vesper-0.4.8/lib/python3.6/site-packages/tensorflow_core/python/autograph/converters/directives.py:119: The name tf.log is deprecated. Please use tf.math.log instead.

2020-03-30 11:25:47,737 WARNING  From //anaconda3/envs/vesper-0.4.8/lib/python3.6/site-packages/tensorflow_core/python/autograph/converters/directives.py:119: The name tf.Dimension is deprecated. Please use tf.compat.v1.Dimension instead.

2020-03-30 11:25:48,046 WARNING  From //anaconda3/envs/vesper-0.4.8/lib/python3.6/site-packages/tensorflow_core/python/ops/array_ops.py:1475: where (from tensorflow.python.ops.array_ops) is deprecated and will be removed in a future version.
Instructions for updating:
Use tf.where in 2.0, which has the same broadcast rule as np.where
2020-03-30 11:26:49,005 INFO     Classified 5204 of 5204 visited clips in 133.2 seconds, an average of 39.1 clips per second.
2020-03-30 11:26:49,035 INFO     Classifier will visit 0 clips for detector "Old Bird Tseep Detector Redux 1.1", station "MSGR", mic output "21c Output", and date 2020-03-30.
2020-03-30 11:26:49,038 INFO     Classified 0 of 0 visited clips in 0.0 seconds.
2020-03-30 11:26:49,048 INFO     Job completed.
