2020-09-01 08:53:28,661 INFO     Job started for command "classify" with arguments:
2020-09-01 08:53:28,661 INFO         {
2020-09-01 08:53:28,662 INFO             "classifier": "MPG Ranch NFC Coarse Classifier 3.0",
2020-09-01 08:53:28,662 INFO             "annotation_name": "Classification",
2020-09-01 08:53:28,662 INFO             "detectors": [
2020-09-01 08:53:28,662 INFO                 "Old Bird Thrush Detector Redux 1.1"
2020-09-01 08:53:28,662 INFO             ],
2020-09-01 08:53:28,663 INFO             "station_mics": [
2020-09-01 08:53:28,664 INFO                 "MSGR / 21c"
2020-09-01 08:53:28,665 INFO             ],
2020-09-01 08:53:28,665 INFO             "start_date": "2020-09-01",
2020-09-01 08:53:28,665 INFO             "end_date": "2020-09-02"
2020-09-01 08:53:28,666 INFO         }
2020-09-01 08:53:28,675 INFO     Creating TensorFlow estimator from saved model in directory "/Users/richard/miniconda3/envs/vesper-0.4.8/lib/python3.6/site-packages/vesper/mpg_ranch/nfc_coarse_classifier_3_0/Tseep Classifier/TensorFlow SavedModel"...
2020-09-01 08:53:28,675 WARNING  
The TensorFlow contrib module will not be included in TensorFlow 2.0.
For more information, please see:
  * https://github.com/tensorflow/community/blob/master/rfcs/20180907-contrib-sunset.md
  * https://github.com/tensorflow/addons
  * https://github.com/tensorflow/io (for I/O related ops)
If you depend on functionality not listed there, please file an issue.

2020-09-01 08:53:29,823 WARNING  Using temporary folder as model directory: /var/folders/2z/dlxt5tt50nzdlqlx1qvr1zdm0000gn/T/tmp9chblbgr
2020-09-01 08:53:29,829 WARNING  train mode not found in SavedModel.
2020-09-01 08:53:29,829 WARNING  eval mode not found in SavedModel.
2020-09-01 08:53:29,830 INFO     Loading classifier settings from "/Users/richard/miniconda3/envs/vesper-0.4.8/lib/python3.6/site-packages/vesper/mpg_ranch/nfc_coarse_classifier_3_0/Tseep Classifier/Settings.yaml"...
2020-09-01 08:53:29,846 INFO     Creating TensorFlow estimator from saved model in directory "/Users/richard/miniconda3/envs/vesper-0.4.8/lib/python3.6/site-packages/vesper/mpg_ranch/nfc_coarse_classifier_3_0/Thrush Classifier/TensorFlow SavedModel"...
2020-09-01 08:53:29,848 WARNING  Using temporary folder as model directory: /var/folders/2z/dlxt5tt50nzdlqlx1qvr1zdm0000gn/T/tmpp6abcdvb
2020-09-01 08:53:29,852 WARNING  train mode not found in SavedModel.
2020-09-01 08:53:29,852 WARNING  eval mode not found in SavedModel.
2020-09-01 08:53:29,852 INFO     Loading classifier settings from "/Users/richard/miniconda3/envs/vesper-0.4.8/lib/python3.6/site-packages/vesper/mpg_ranch/nfc_coarse_classifier_3_0/Thrush Classifier/Settings.yaml"...
2020-09-01 08:53:29,876 INFO     Classifier will visit 0 clips for detector "Old Bird Thrush Detector Redux 1.1", station "MSGR", mic output "21c Output", and date 2020-09-01.
2020-09-01 08:53:29,878 INFO     Classified 0 of 0 visited clips in 0.0 seconds.
2020-09-01 08:53:29,879 INFO     Classifier will visit 0 clips for detector "Old Bird Thrush Detector Redux 1.1", station "MSGR", mic output "21c Output", and date 2020-09-02.
2020-09-01 08:53:29,881 INFO     Classified 0 of 0 visited clips in 0.0 seconds.
2020-09-01 08:53:29,887 INFO     Job completed.
