2020-10-02 16:06:51,605 INFO     Job started for command "detect" with arguments:
2020-10-02 16:06:51,606 INFO         {
2020-10-02 16:06:51,607 INFO             "detectors": [
2020-10-02 16:06:51,608 INFO                 "Old Bird Thrush Detector Redux 1.1"
2020-10-02 16:06:51,609 INFO             ],
2020-10-02 16:06:51,610 INFO             "stations": [
2020-10-02 16:06:51,610 INFO                 "MSGR"
2020-10-02 16:06:51,610 INFO             ],
2020-10-02 16:06:51,610 INFO             "start_date": "2020-10-01",
2020-10-02 16:06:51,610 INFO             "end_date": "2020-10-03",
2020-10-02 16:06:51,610 INFO             "schedule": "",
2020-10-02 16:06:51,610 INFO             "defer_clip_creation": false
2020-10-02 16:06:51,610 INFO         }
2020-10-02 16:06:51,629 INFO     This command will process recordings for 1 station-night.
2020-10-02 16:06:51,629 INFO     Processing recordings for station-night 1 of 1 - "MSGR 2020-10-01"...
2020-10-02 16:06:51,630 INFO         Processing recording 1 of 1 - "MSGR / PC / start 2020-10-02 00:06:00+00:00 / duration 9.117 h"...
2020-10-02 16:06:51,637 INFO             Running detector on file "/Volumes/Erebus/msgr-vesper-archive/Recordings/MSGR_2020-10-02_00.06.00_Z.wav"...
2020-10-02 16:08:14,311 INFO             Created 660 clips from detector "Old Bird Thrush Detector Redux 1.1".
2020-10-02 16:08:14,312 INFO             Ran 1 detector on 32820 seconds of 1-channel audio in 83 seconds, 397 times faster than real time.
2020-10-02 16:08:14,363 INFO     Job completed.
