2020-09-17 20:51:46,469 INFO     Job started for command "export" with arguments:
2020-09-17 20:51:46,469 INFO         {
2020-09-17 20:51:46,470 INFO             "exporter": {
2020-09-17 20:51:46,471 INFO                 "name": "Clip Metadata CSV File Exporter",
2020-09-17 20:51:46,472 INFO                 "arguments": {
2020-09-17 20:51:46,473 INFO                     "output_file_path": "2020-09-15-2020-09-16tseep.csv"
2020-09-17 20:51:46,474 INFO                 }
2020-09-17 20:51:46,475 INFO             },
2020-09-17 20:51:46,476 INFO             "detectors": [
2020-09-17 20:51:46,476 INFO                 "Old Bird Tseep Detector Redux 1.1"
2020-09-17 20:51:46,476 INFO             ],
2020-09-17 20:51:46,476 INFO             "station_mics": [
2020-09-17 20:51:46,476 INFO                 "MSGR / 21c"
2020-09-17 20:51:46,476 INFO             ],
2020-09-17 20:51:46,476 INFO             "classification": "Call*",
2020-09-17 20:51:46,476 INFO             "start_date": "2020-09-15",
2020-09-17 20:51:46,495 INFO             "end_date": "2020-09-17"
2020-09-17 20:51:46,500 INFO         }
2020-09-17 20:51:46,536 INFO     Exporter will visit 997 clips for detector "Old Bird Tseep Detector Redux 1.1", station "MSGR", mic output "21c Output", and date 2020-09-15.
2020-09-17 20:51:50,506 INFO     Visited 500 clips...
2020-09-17 20:51:54,129 INFO     Exported 997 of 997 visited clips.
2020-09-17 20:51:54,139 INFO     Exporter will visit 716 clips for detector "Old Bird Tseep Detector Redux 1.1", station "MSGR", mic output "21c Output", and date 2020-09-16.
2020-09-17 20:51:57,766 INFO     Visited 500 clips...
2020-09-17 20:51:59,281 INFO     Exported 716 of 716 visited clips.
2020-09-17 20:51:59,290 INFO     Exporter will visit 0 clips for detector "Old Bird Tseep Detector Redux 1.1", station "MSGR", mic output "21c Output", and date 2020-09-17.
2020-09-17 20:51:59,291 INFO     Exported 0 of 0 visited clips.
2020-09-17 20:51:59,306 INFO     Job completed.
