2020-03-22 04:42:31,410 INFO     Job started for command "classify" with arguments:
2020-03-22 04:42:31,421 INFO         {
2020-03-22 04:42:31,422 INFO             "classifier": "MPG Ranch NFC Coarse Classifier 3.0",
2020-03-22 04:42:31,422 INFO             "annotation_name": "Classification",
2020-03-22 04:42:31,422 INFO             "detectors": [
2020-03-22 04:42:31,422 INFO                 "Old Bird Tseep Detector Redux 1.1"
2020-03-22 04:42:31,422 INFO             ],
2020-03-22 04:42:31,422 INFO             "station_mics": [
2020-03-22 04:42:31,423 INFO                 "MSGR / 21c"
2020-03-22 04:42:31,423 INFO             ],
2020-03-22 04:42:31,423 INFO             "start_date": "2020-03-20",
2020-03-22 04:42:31,423 INFO             "end_date": "2020-03-30"
2020-03-22 04:42:31,423 INFO         }
2020-03-22 04:42:31,441 INFO     Creating TensorFlow estimator from saved model in directory "//anaconda3/envs/vesper-0.4.7/lib/python3.6/site-packages/vesper/mpg_ranch/nfc_coarse_classifier_3_0/Tseep Classifier/TensorFlow SavedModel"...
2020-03-22 04:42:36,445 WARNING  Using temporary folder as model directory: /var/folders/2z/dlxt5tt50nzdlqlx1qvr1zdm0000gn/T/tmp6i8uz4zq
2020-03-22 04:42:36,449 WARNING  train mode not found in SavedModel.
2020-03-22 04:42:36,449 WARNING  eval mode not found in SavedModel.
2020-03-22 04:42:36,449 INFO     Loading classifier settings from "//anaconda3/envs/vesper-0.4.7/lib/python3.6/site-packages/vesper/mpg_ranch/nfc_coarse_classifier_3_0/Tseep Classifier/Settings.yaml"...
2020-03-22 04:42:36,458 INFO     Creating TensorFlow estimator from saved model in directory "//anaconda3/envs/vesper-0.4.7/lib/python3.6/site-packages/vesper/mpg_ranch/nfc_coarse_classifier_3_0/Thrush Classifier/TensorFlow SavedModel"...
2020-03-22 04:42:36,459 WARNING  Using temporary folder as model directory: /var/folders/2z/dlxt5tt50nzdlqlx1qvr1zdm0000gn/T/tmpustej6ja
2020-03-22 04:42:36,462 WARNING  train mode not found in SavedModel.
2020-03-22 04:42:36,462 WARNING  eval mode not found in SavedModel.
2020-03-22 04:42:36,462 INFO     Loading classifier settings from "//anaconda3/envs/vesper-0.4.7/lib/python3.6/site-packages/vesper/mpg_ranch/nfc_coarse_classifier_3_0/Thrush Classifier/Settings.yaml"...
2020-03-22 04:42:36,481 INFO     Classifier will visit 9336 clips for detector "Old Bird Tseep Detector Redux 1.1", station "MSGR", mic output "21c Output", and date 2020-03-20.
2020-03-22 04:45:22,547 INFO     Classified 9336 of 9336 visited clips in 166.1 seconds, an average of 56.2 clips per second.
2020-03-22 04:45:22,604 INFO     Classifier will visit 0 clips for detector "Old Bird Tseep Detector Redux 1.1", station "MSGR", mic output "21c Output", and date 2020-03-21.
2020-03-22 04:45:22,606 INFO     Classified 0 of 0 visited clips in 0.0 seconds.
2020-03-22 04:45:22,608 INFO     Classifier will visit 0 clips for detector "Old Bird Tseep Detector Redux 1.1", station "MSGR", mic output "21c Output", and date 2020-03-22.
2020-03-22 04:45:22,609 INFO     Classified 0 of 0 visited clips in 0.0 seconds.
2020-03-22 04:45:22,611 INFO     Classifier will visit 0 clips for detector "Old Bird Tseep Detector Redux 1.1", station "MSGR", mic output "21c Output", and date 2020-03-23.
2020-03-22 04:45:22,613 INFO     Classified 0 of 0 visited clips in 0.0 seconds.
2020-03-22 04:45:22,616 INFO     Classifier will visit 0 clips for detector "Old Bird Tseep Detector Redux 1.1", station "MSGR", mic output "21c Output", and date 2020-03-24.
2020-03-22 04:45:22,617 INFO     Classified 0 of 0 visited clips in 0.0 seconds.
2020-03-22 04:45:22,618 INFO     Classifier will visit 0 clips for detector "Old Bird Tseep Detector Redux 1.1", station "MSGR", mic output "21c Output", and date 2020-03-25.
2020-03-22 04:45:22,620 INFO     Classified 0 of 0 visited clips in 0.0 seconds.
2020-03-22 04:45:22,622 INFO     Classifier will visit 0 clips for detector "Old Bird Tseep Detector Redux 1.1", station "MSGR", mic output "21c Output", and date 2020-03-26.
2020-03-22 04:45:22,623 INFO     Classified 0 of 0 visited clips in 0.0 seconds.
2020-03-22 04:45:22,625 INFO     Classifier will visit 0 clips for detector "Old Bird Tseep Detector Redux 1.1", station "MSGR", mic output "21c Output", and date 2020-03-27.
2020-03-22 04:45:22,630 INFO     Classified 0 of 0 visited clips in 0.0 seconds.
2020-03-22 04:45:22,632 INFO     Classifier will visit 0 clips for detector "Old Bird Tseep Detector Redux 1.1", station "MSGR", mic output "21c Output", and date 2020-03-28.
2020-03-22 04:45:22,634 INFO     Classified 0 of 0 visited clips in 0.0 seconds.
2020-03-22 04:45:22,635 INFO     Classifier will visit 0 clips for detector "Old Bird Tseep Detector Redux 1.1", station "MSGR", mic output "21c Output", and date 2020-03-29.
2020-03-22 04:45:22,637 INFO     Classified 0 of 0 visited clips in 0.0 seconds.
2020-03-22 04:45:22,638 INFO     Classifier will visit 0 clips for detector "Old Bird Tseep Detector Redux 1.1", station "MSGR", mic output "21c Output", and date 2020-03-30.
2020-03-22 04:45:22,639 INFO     Classified 0 of 0 visited clips in 0.0 seconds.
2020-03-22 04:45:22,652 INFO     Job complete.
