2020-10-22 09:59:24,160 INFO     Job started for command "classify" with arguments:
2020-10-22 09:59:24,162 INFO         {
2020-10-22 09:59:24,163 INFO             "classifier": "MPG Ranch NFC Coarse Classifier 3.0",
2020-10-22 09:59:24,164 INFO             "annotation_name": "Classification",
2020-10-22 09:59:24,165 INFO             "detectors": [
2020-10-22 09:59:24,166 INFO                 "Old Bird Tseep Detector Redux 1.1"
2020-10-22 09:59:24,168 INFO             ],
2020-10-22 09:59:24,168 INFO             "station_mics": [
2020-10-22 09:59:24,169 INFO                 "MSGR / 21c"
2020-10-22 09:59:24,170 INFO             ],
2020-10-22 09:59:24,170 INFO             "start_date": "2020-10-21",
2020-10-22 09:59:24,172 INFO             "end_date": "2020-10-22"
2020-10-22 09:59:24,173 INFO         }
2020-10-22 09:59:24,183 INFO     Creating TensorFlow estimator from saved model in directory "/Users/richard/miniconda3/envs/vesper-0.4.8/lib/python3.6/site-packages/vesper/mpg_ranch/nfc_coarse_classifier_3_0/Tseep Classifier/TensorFlow SavedModel"...
2020-10-22 09:59:24,183 WARNING  
The TensorFlow contrib module will not be included in TensorFlow 2.0.
For more information, please see:
  * https://github.com/tensorflow/community/blob/master/rfcs/20180907-contrib-sunset.md
  * https://github.com/tensorflow/addons
  * https://github.com/tensorflow/io (for I/O related ops)
If you depend on functionality not listed there, please file an issue.

2020-10-22 09:59:24,945 WARNING  Using temporary folder as model directory: /var/folders/2z/dlxt5tt50nzdlqlx1qvr1zdm0000gn/T/tmp9jrgbob1
2020-10-22 09:59:24,948 WARNING  train mode not found in SavedModel.
2020-10-22 09:59:24,948 WARNING  eval mode not found in SavedModel.
2020-10-22 09:59:24,949 INFO     Loading classifier settings from "/Users/richard/miniconda3/envs/vesper-0.4.8/lib/python3.6/site-packages/vesper/mpg_ranch/nfc_coarse_classifier_3_0/Tseep Classifier/Settings.yaml"...
2020-10-22 09:59:24,962 INFO     Creating TensorFlow estimator from saved model in directory "/Users/richard/miniconda3/envs/vesper-0.4.8/lib/python3.6/site-packages/vesper/mpg_ranch/nfc_coarse_classifier_3_0/Thrush Classifier/TensorFlow SavedModel"...
2020-10-22 09:59:24,964 WARNING  Using temporary folder as model directory: /var/folders/2z/dlxt5tt50nzdlqlx1qvr1zdm0000gn/T/tmpimauktpt
2020-10-22 09:59:24,968 WARNING  train mode not found in SavedModel.
2020-10-22 09:59:24,968 WARNING  eval mode not found in SavedModel.
2020-10-22 09:59:24,968 INFO     Loading classifier settings from "/Users/richard/miniconda3/envs/vesper-0.4.8/lib/python3.6/site-packages/vesper/mpg_ranch/nfc_coarse_classifier_3_0/Thrush Classifier/Settings.yaml"...
2020-10-22 09:59:24,986 INFO     Classifier will visit 1939 clips for detector "Old Bird Tseep Detector Redux 1.1", station "MSGR", mic output "21c Output", and date 2020-10-21.
2020-10-22 09:59:44,318 WARNING  From /Users/richard/miniconda3/envs/vesper-0.4.8/lib/python3.6/site-packages/tensorflow_core/python/autograph/converters/directives.py:119: The name tf.real is deprecated. Please use tf.math.real instead.

2020-10-22 09:59:44,318 WARNING  From /Users/richard/miniconda3/envs/vesper-0.4.8/lib/python3.6/site-packages/tensorflow_core/python/autograph/converters/directives.py:119: The name tf.conj is deprecated. Please use tf.math.conj instead.

2020-10-22 09:59:44,318 WARNING  From /Users/richard/miniconda3/envs/vesper-0.4.8/lib/python3.6/site-packages/tensorflow_core/python/autograph/converters/directives.py:119: The name tf.log is deprecated. Please use tf.math.log instead.

2020-10-22 09:59:44,537 WARNING  From /Users/richard/miniconda3/envs/vesper-0.4.8/lib/python3.6/site-packages/tensorflow_core/python/autograph/converters/directives.py:119: The name tf.Dimension is deprecated. Please use tf.compat.v1.Dimension instead.

2020-10-22 09:59:44,903 WARNING  From /Users/richard/miniconda3/envs/vesper-0.4.8/lib/python3.6/site-packages/tensorflow_core/python/ops/array_ops.py:1475: where (from tensorflow.python.ops.array_ops) is deprecated and will be removed in a future version.
Instructions for updating:
Use tf.where in 2.0, which has the same broadcast rule as np.where
2020-10-22 10:00:02,832 INFO     Classified 1939 of 1939 visited clips in 37.8 seconds, an average of 51.3 clips per second.
2020-10-22 10:00:02,843 INFO     Classifier will visit 0 clips for detector "Old Bird Tseep Detector Redux 1.1", station "MSGR", mic output "21c Output", and date 2020-10-22.
2020-10-22 10:00:02,844 INFO     Classified 0 of 0 visited clips in 0.0 seconds.
2020-10-22 10:00:02,854 INFO     Job completed.
