2020-09-14 09:09:23,181 INFO     Job started for command "classify" with arguments:
2020-09-14 09:09:23,182 INFO         {
2020-09-14 09:09:23,184 INFO             "classifier": "MPG Ranch NFC Coarse Classifier 3.0",
2020-09-14 09:09:23,184 INFO             "annotation_name": "Classification",
2020-09-14 09:09:23,185 INFO             "detectors": [
2020-09-14 09:09:23,186 INFO                 "Old Bird Tseep Detector Redux 1.1"
2020-09-14 09:09:23,187 INFO             ],
2020-09-14 09:09:23,189 INFO             "station_mics": [
2020-09-14 09:09:23,192 INFO                 "MSGR / 21c"
2020-09-14 09:09:23,194 INFO             ],
2020-09-14 09:09:23,199 INFO             "start_date": "2020-09-13",
2020-09-14 09:09:23,200 INFO             "end_date": "2020-09-14"
2020-09-14 09:09:23,201 INFO         }
2020-09-14 09:09:23,211 INFO     Creating TensorFlow estimator from saved model in directory "/Users/richard/miniconda3/envs/vesper-0.4.8/lib/python3.6/site-packages/vesper/mpg_ranch/nfc_coarse_classifier_3_0/Tseep Classifier/TensorFlow SavedModel"...
2020-09-14 09:09:23,214 WARNING  
The TensorFlow contrib module will not be included in TensorFlow 2.0.
For more information, please see:
  * https://github.com/tensorflow/community/blob/master/rfcs/20180907-contrib-sunset.md
  * https://github.com/tensorflow/addons
  * https://github.com/tensorflow/io (for I/O related ops)
If you depend on functionality not listed there, please file an issue.

2020-09-14 09:09:24,520 WARNING  Using temporary folder as model directory: /var/folders/2z/dlxt5tt50nzdlqlx1qvr1zdm0000gn/T/tmpbtz90eav
2020-09-14 09:09:24,533 WARNING  train mode not found in SavedModel.
2020-09-14 09:09:24,534 WARNING  eval mode not found in SavedModel.
2020-09-14 09:09:24,535 INFO     Loading classifier settings from "/Users/richard/miniconda3/envs/vesper-0.4.8/lib/python3.6/site-packages/vesper/mpg_ranch/nfc_coarse_classifier_3_0/Tseep Classifier/Settings.yaml"...
2020-09-14 09:09:24,568 INFO     Creating TensorFlow estimator from saved model in directory "/Users/richard/miniconda3/envs/vesper-0.4.8/lib/python3.6/site-packages/vesper/mpg_ranch/nfc_coarse_classifier_3_0/Thrush Classifier/TensorFlow SavedModel"...
2020-09-14 09:09:24,571 WARNING  Using temporary folder as model directory: /var/folders/2z/dlxt5tt50nzdlqlx1qvr1zdm0000gn/T/tmp1nuzwe9_
2020-09-14 09:09:24,577 WARNING  train mode not found in SavedModel.
2020-09-14 09:09:24,577 WARNING  eval mode not found in SavedModel.
2020-09-14 09:09:24,578 INFO     Loading classifier settings from "/Users/richard/miniconda3/envs/vesper-0.4.8/lib/python3.6/site-packages/vesper/mpg_ranch/nfc_coarse_classifier_3_0/Thrush Classifier/Settings.yaml"...
2020-09-14 09:09:24,600 INFO     Classifier will visit 1213 clips for detector "Old Bird Tseep Detector Redux 1.1", station "MSGR", mic output "21c Output", and date 2020-09-13.
2020-09-14 09:09:40,020 WARNING  From /Users/richard/miniconda3/envs/vesper-0.4.8/lib/python3.6/site-packages/tensorflow_core/python/autograph/converters/directives.py:119: The name tf.real is deprecated. Please use tf.math.real instead.

2020-09-14 09:09:40,021 WARNING  From /Users/richard/miniconda3/envs/vesper-0.4.8/lib/python3.6/site-packages/tensorflow_core/python/autograph/converters/directives.py:119: The name tf.conj is deprecated. Please use tf.math.conj instead.

2020-09-14 09:09:40,022 WARNING  From /Users/richard/miniconda3/envs/vesper-0.4.8/lib/python3.6/site-packages/tensorflow_core/python/autograph/converters/directives.py:119: The name tf.log is deprecated. Please use tf.math.log instead.

2020-09-14 09:09:40,335 WARNING  From /Users/richard/miniconda3/envs/vesper-0.4.8/lib/python3.6/site-packages/tensorflow_core/python/autograph/converters/directives.py:119: The name tf.Dimension is deprecated. Please use tf.compat.v1.Dimension instead.

2020-09-14 09:09:40,761 WARNING  From /Users/richard/miniconda3/envs/vesper-0.4.8/lib/python3.6/site-packages/tensorflow_core/python/ops/array_ops.py:1475: where (from tensorflow.python.ops.array_ops) is deprecated and will be removed in a future version.
Instructions for updating:
Use tf.where in 2.0, which has the same broadcast rule as np.where
2020-09-14 09:09:58,622 INFO     Classified 1213 of 1213 visited clips in 34.0 seconds, an average of 35.7 clips per second.
2020-09-14 09:09:58,627 INFO     Classifier will visit 0 clips for detector "Old Bird Tseep Detector Redux 1.1", station "MSGR", mic output "21c Output", and date 2020-09-14.
2020-09-14 09:09:58,631 INFO     Classified 0 of 0 visited clips in 0.0 seconds.
2020-09-14 09:09:58,640 INFO     Job completed.
