2020-03-09 09:35:29,130 INFO     Job started for command "detect" with arguments:
2020-03-09 09:35:29,131 INFO         {
2020-03-09 09:35:29,132 INFO             "detectors": [
2020-03-09 09:35:29,132 INFO                 "Old Bird Tseep Detector Redux 1.1"
2020-03-09 09:35:29,133 INFO             ],
2020-03-09 09:35:29,133 INFO             "stations": [
2020-03-09 09:35:29,133 INFO                 "MSGR"
2020-03-09 09:35:29,133 INFO             ],
2020-03-09 09:35:29,134 INFO             "start_date": "2020-01-01",
2020-03-09 09:35:29,134 INFO             "end_date": "2021-01-01",
2020-03-09 09:35:29,134 INFO             "schedule": "",
2020-03-09 09:35:29,134 INFO             "defer_clip_creation": false
2020-03-09 09:35:29,134 INFO         }
2020-03-09 09:35:29,149 INFO     This command will process recordings for 2 station-nights.
2020-03-09 09:35:29,149 INFO     Processing recordings for station-night 1 of 2 - "MSGR 2020-03-04"...
2020-03-09 09:35:29,151 INFO         Processing recording 1 of 1 - "MSGR / PC / start 2020-03-04 21:36:23+00:00 / duration 6.874 h"...
2020-03-09 09:35:29,153 INFO             Running detector on file "/Users/richard/src/msgr-vesper-archive/Recordings/MSGR_2020-03-04_21.36.23_Z.wav"...
2020-03-09 09:35:56,383 INFO             Archived 799 clips from detector "Old Bird Tseep Detector Redux 1.1".
2020-03-09 09:35:56,383 INFO             Ran 1 detector on 24746 seconds of 1-channel audio in 27 seconds, 909 times faster than real time.
2020-03-09 09:35:56,385 INFO     Processing recordings for station-night 2 of 2 - "MSGR 2020-03-08"...
2020-03-09 09:35:56,387 INFO         Processing recording 1 of 1 - "MSGR / PC / start 2020-03-08 20:30:00+00:00 / duration 8.999 h"...
2020-03-09 09:35:56,403 INFO             Running detector on file "/Users/richard/src/msgr-vesper-archive/Recordings/MSGR_2020-03-08_20.30.00_Z.wav"...
2020-03-09 09:36:38,522 INFO             Archived 670 clips from detector "Old Bird Tseep Detector Redux 1.1".
2020-03-09 09:36:38,522 INFO             Ran 1 detector on 32397 seconds of 1-channel audio in 42 seconds, 769 times faster than real time.
2020-03-09 09:36:38,526 INFO     Job complete.
