2020-03-23 09:47:46,556 INFO     Job started for command "classify" with arguments:
2020-03-23 09:47:46,557 INFO         {
2020-03-23 09:47:46,557 INFO             "classifier": "MPG Ranch NFC Coarse Classifier 3.0",
2020-03-23 09:47:46,558 INFO             "annotation_name": "Classification",
2020-03-23 09:47:46,558 INFO             "detectors": [
2020-03-23 09:47:46,559 INFO                 "Old Bird Thrush Detector Redux 1.1"
2020-03-23 09:47:46,559 INFO             ],
2020-03-23 09:47:46,560 INFO             "station_mics": [
2020-03-23 09:47:46,561 INFO                 "MSGR / 21c"
2020-03-23 09:47:46,561 INFO             ],
2020-03-23 09:47:46,562 INFO             "start_date": "2020-03-20",
2020-03-23 09:47:46,563 INFO             "end_date": "2020-03-30"
2020-03-23 09:47:46,564 INFO         }
2020-03-23 09:47:46,575 INFO     Creating TensorFlow estimator from saved model in directory "//anaconda3/envs/vesper-0.4.8/lib/python3.6/site-packages/vesper/mpg_ranch/nfc_coarse_classifier_3_0/Tseep Classifier/TensorFlow SavedModel"...
2020-03-23 09:47:46,575 WARNING  
The TensorFlow contrib module will not be included in TensorFlow 2.0.
For more information, please see:
  * https://github.com/tensorflow/community/blob/master/rfcs/20180907-contrib-sunset.md
  * https://github.com/tensorflow/addons
  * https://github.com/tensorflow/io (for I/O related ops)
If you depend on functionality not listed there, please file an issue.

2020-03-23 09:47:47,470 WARNING  Using temporary folder as model directory: /var/folders/2z/dlxt5tt50nzdlqlx1qvr1zdm0000gn/T/tmpbkxiuiu4
2020-03-23 09:47:47,476 WARNING  train mode not found in SavedModel.
2020-03-23 09:47:47,476 WARNING  eval mode not found in SavedModel.
2020-03-23 09:47:47,477 INFO     Loading classifier settings from "//anaconda3/envs/vesper-0.4.8/lib/python3.6/site-packages/vesper/mpg_ranch/nfc_coarse_classifier_3_0/Tseep Classifier/Settings.yaml"...
2020-03-23 09:47:47,491 INFO     Creating TensorFlow estimator from saved model in directory "//anaconda3/envs/vesper-0.4.8/lib/python3.6/site-packages/vesper/mpg_ranch/nfc_coarse_classifier_3_0/Thrush Classifier/TensorFlow SavedModel"...
2020-03-23 09:47:47,493 WARNING  Using temporary folder as model directory: /var/folders/2z/dlxt5tt50nzdlqlx1qvr1zdm0000gn/T/tmpabsbr_g7
2020-03-23 09:47:47,496 WARNING  train mode not found in SavedModel.
2020-03-23 09:47:47,496 WARNING  eval mode not found in SavedModel.
2020-03-23 09:47:47,497 INFO     Loading classifier settings from "//anaconda3/envs/vesper-0.4.8/lib/python3.6/site-packages/vesper/mpg_ranch/nfc_coarse_classifier_3_0/Thrush Classifier/Settings.yaml"...
2020-03-23 09:47:47,518 INFO     Classifier will visit 6840 clips for detector "Old Bird Thrush Detector Redux 1.1", station "MSGR", mic output "21c Output", and date 2020-03-20.
2020-03-23 09:49:03,483 WARNING  From //anaconda3/envs/vesper-0.4.8/lib/python3.6/site-packages/tensorflow_core/python/autograph/converters/directives.py:119: The name tf.real is deprecated. Please use tf.math.real instead.

2020-03-23 09:49:03,483 WARNING  From //anaconda3/envs/vesper-0.4.8/lib/python3.6/site-packages/tensorflow_core/python/autograph/converters/directives.py:119: The name tf.conj is deprecated. Please use tf.math.conj instead.

2020-03-23 09:49:03,484 WARNING  From //anaconda3/envs/vesper-0.4.8/lib/python3.6/site-packages/tensorflow_core/python/autograph/converters/directives.py:119: The name tf.log is deprecated. Please use tf.math.log instead.

2020-03-23 09:49:03,719 WARNING  From //anaconda3/envs/vesper-0.4.8/lib/python3.6/site-packages/tensorflow_core/python/autograph/converters/directives.py:119: The name tf.Dimension is deprecated. Please use tf.compat.v1.Dimension instead.

2020-03-23 09:49:04,109 WARNING  From //anaconda3/envs/vesper-0.4.8/lib/python3.6/site-packages/tensorflow_core/python/ops/array_ops.py:1475: where (from tensorflow.python.ops.array_ops) is deprecated and will be removed in a future version.
Instructions for updating:
Use tf.where in 2.0, which has the same broadcast rule as np.where
2020-03-23 09:49:43,094 INFO     Classified 6840 of 6840 visited clips in 115.6 seconds, an average of 59.2 clips per second.
2020-03-23 09:49:43,147 INFO     Classifier will visit 913 clips for detector "Old Bird Thrush Detector Redux 1.1", station "MSGR", mic output "21c Output", and date 2020-03-21.
2020-03-23 09:49:58,890 INFO     Classified 913 of 913 visited clips in 15.7 seconds, an average of 58.2 clips per second.
2020-03-23 09:49:58,896 INFO     Classifier will visit 1458 clips for detector "Old Bird Thrush Detector Redux 1.1", station "MSGR", mic output "21c Output", and date 2020-03-22.
2020-03-23 09:50:23,435 INFO     Classified 1458 of 1458 visited clips in 24.5 seconds, an average of 59.5 clips per second.
2020-03-23 09:50:23,442 INFO     Classifier will visit 0 clips for detector "Old Bird Thrush Detector Redux 1.1", station "MSGR", mic output "21c Output", and date 2020-03-23.
2020-03-23 09:50:23,444 INFO     Classified 0 of 0 visited clips in 0.0 seconds.
2020-03-23 09:50:23,446 INFO     Classifier will visit 0 clips for detector "Old Bird Thrush Detector Redux 1.1", station "MSGR", mic output "21c Output", and date 2020-03-24.
2020-03-23 09:50:23,447 INFO     Classified 0 of 0 visited clips in 0.0 seconds.
2020-03-23 09:50:23,449 INFO     Classifier will visit 0 clips for detector "Old Bird Thrush Detector Redux 1.1", station "MSGR", mic output "21c Output", and date 2020-03-25.
2020-03-23 09:50:23,450 INFO     Classified 0 of 0 visited clips in 0.0 seconds.
2020-03-23 09:50:23,452 INFO     Classifier will visit 0 clips for detector "Old Bird Thrush Detector Redux 1.1", station "MSGR", mic output "21c Output", and date 2020-03-26.
2020-03-23 09:50:23,453 INFO     Classified 0 of 0 visited clips in 0.0 seconds.
2020-03-23 09:50:23,455 INFO     Classifier will visit 0 clips for detector "Old Bird Thrush Detector Redux 1.1", station "MSGR", mic output "21c Output", and date 2020-03-27.
2020-03-23 09:50:23,456 INFO     Classified 0 of 0 visited clips in 0.0 seconds.
2020-03-23 09:50:23,458 INFO     Classifier will visit 0 clips for detector "Old Bird Thrush Detector Redux 1.1", station "MSGR", mic output "21c Output", and date 2020-03-28.
2020-03-23 09:50:23,460 INFO     Classified 0 of 0 visited clips in 0.0 seconds.
2020-03-23 09:50:23,462 INFO     Classifier will visit 0 clips for detector "Old Bird Thrush Detector Redux 1.1", station "MSGR", mic output "21c Output", and date 2020-03-29.
2020-03-23 09:50:23,463 INFO     Classified 0 of 0 visited clips in 0.0 seconds.
2020-03-23 09:50:23,478 INFO     Classifier will visit 0 clips for detector "Old Bird Thrush Detector Redux 1.1", station "MSGR", mic output "21c Output", and date 2020-03-30.
2020-03-23 09:50:23,479 INFO     Classified 0 of 0 visited clips in 0.0 seconds.
2020-03-23 09:50:23,485 INFO     Job completed.
