2020-09-04 21:23:04,678 INFO     Job started for command "classify" with arguments:
2020-09-04 21:23:04,683 INFO         {
2020-09-04 21:23:04,685 INFO             "classifier": "MPG Ranch NFC Coarse Classifier 3.0",
2020-09-04 21:23:04,686 INFO             "annotation_name": "Classification",
2020-09-04 21:23:04,686 INFO             "detectors": [
2020-09-04 21:23:04,687 INFO                 "Old Bird Thrush Detector Redux 1.1"
2020-09-04 21:23:04,688 INFO             ],
2020-09-04 21:23:04,689 INFO             "station_mics": [
2020-09-04 21:23:04,690 INFO                 "MSGR / 21c"
2020-09-04 21:23:04,691 INFO             ],
2020-09-04 21:23:04,692 INFO             "start_date": "2020-09-02",
2020-09-04 21:23:04,693 INFO             "end_date": "2020-09-05"
2020-09-04 21:23:04,693 INFO         }
2020-09-04 21:23:04,706 INFO     Creating TensorFlow estimator from saved model in directory "/Users/richard/miniconda3/envs/vesper-0.4.8/lib/python3.6/site-packages/vesper/mpg_ranch/nfc_coarse_classifier_3_0/Tseep Classifier/TensorFlow SavedModel"...
2020-09-04 21:23:04,707 WARNING  
The TensorFlow contrib module will not be included in TensorFlow 2.0.
For more information, please see:
  * https://github.com/tensorflow/community/blob/master/rfcs/20180907-contrib-sunset.md
  * https://github.com/tensorflow/addons
  * https://github.com/tensorflow/io (for I/O related ops)
If you depend on functionality not listed there, please file an issue.

2020-09-04 21:23:05,734 WARNING  Using temporary folder as model directory: /var/folders/2z/dlxt5tt50nzdlqlx1qvr1zdm0000gn/T/tmp5x954nn5
2020-09-04 21:23:05,741 WARNING  train mode not found in SavedModel.
2020-09-04 21:23:05,741 WARNING  eval mode not found in SavedModel.
2020-09-04 21:23:05,742 INFO     Loading classifier settings from "/Users/richard/miniconda3/envs/vesper-0.4.8/lib/python3.6/site-packages/vesper/mpg_ranch/nfc_coarse_classifier_3_0/Tseep Classifier/Settings.yaml"...
2020-09-04 21:23:05,759 INFO     Creating TensorFlow estimator from saved model in directory "/Users/richard/miniconda3/envs/vesper-0.4.8/lib/python3.6/site-packages/vesper/mpg_ranch/nfc_coarse_classifier_3_0/Thrush Classifier/TensorFlow SavedModel"...
2020-09-04 21:23:05,761 WARNING  Using temporary folder as model directory: /var/folders/2z/dlxt5tt50nzdlqlx1qvr1zdm0000gn/T/tmpr2ipg7ua
2020-09-04 21:23:05,765 WARNING  train mode not found in SavedModel.
2020-09-04 21:23:05,765 WARNING  eval mode not found in SavedModel.
2020-09-04 21:23:05,766 INFO     Loading classifier settings from "/Users/richard/miniconda3/envs/vesper-0.4.8/lib/python3.6/site-packages/vesper/mpg_ranch/nfc_coarse_classifier_3_0/Thrush Classifier/Settings.yaml"...
2020-09-04 21:23:05,788 INFO     Classifier will visit 3461 clips for detector "Old Bird Thrush Detector Redux 1.1", station "MSGR", mic output "21c Output", and date 2020-09-02.
2020-09-04 21:24:07,925 WARNING  From /Users/richard/miniconda3/envs/vesper-0.4.8/lib/python3.6/site-packages/tensorflow_core/python/autograph/converters/directives.py:119: The name tf.real is deprecated. Please use tf.math.real instead.

2020-09-04 21:24:07,925 WARNING  From /Users/richard/miniconda3/envs/vesper-0.4.8/lib/python3.6/site-packages/tensorflow_core/python/autograph/converters/directives.py:119: The name tf.conj is deprecated. Please use tf.math.conj instead.

2020-09-04 21:24:07,926 WARNING  From /Users/richard/miniconda3/envs/vesper-0.4.8/lib/python3.6/site-packages/tensorflow_core/python/autograph/converters/directives.py:119: The name tf.log is deprecated. Please use tf.math.log instead.

2020-09-04 21:24:08,290 WARNING  From /Users/richard/miniconda3/envs/vesper-0.4.8/lib/python3.6/site-packages/tensorflow_core/python/autograph/converters/directives.py:119: The name tf.Dimension is deprecated. Please use tf.compat.v1.Dimension instead.

2020-09-04 21:24:08,626 WARNING  From /Users/richard/miniconda3/envs/vesper-0.4.8/lib/python3.6/site-packages/tensorflow_core/python/ops/array_ops.py:1475: where (from tensorflow.python.ops.array_ops) is deprecated and will be removed in a future version.
Instructions for updating:
Use tf.where in 2.0, which has the same broadcast rule as np.where
2020-09-04 21:24:41,400 INFO     Classified 3461 of 3461 visited clips in 95.6 seconds, an average of 36.2 clips per second.
2020-09-04 21:24:41,441 INFO     Classifier will visit 68 clips for detector "Old Bird Thrush Detector Redux 1.1", station "MSGR", mic output "21c Output", and date 2020-09-03.
2020-09-04 21:24:48,808 INFO     Classified 68 of 68 visited clips in 7.4 seconds, an average of 9.2 clips per second.
2020-09-04 21:24:48,811 INFO     Classifier will visit 0 clips for detector "Old Bird Thrush Detector Redux 1.1", station "MSGR", mic output "21c Output", and date 2020-09-04.
2020-09-04 21:24:48,814 INFO     Classified 0 of 0 visited clips in 0.0 seconds.
2020-09-04 21:24:48,816 INFO     Classifier will visit 0 clips for detector "Old Bird Thrush Detector Redux 1.1", station "MSGR", mic output "21c Output", and date 2020-09-05.
2020-09-04 21:24:48,818 INFO     Classified 0 of 0 visited clips in 0.0 seconds.
2020-09-04 21:24:48,823 INFO     Job completed.
