2020-10-05 19:17:12,154 INFO     Job started for command "detect" with arguments:
2020-10-05 19:17:12,154 INFO         {
2020-10-05 19:17:12,156 INFO             "detectors": [
2020-10-05 19:17:12,157 INFO                 "Old Bird Tseep Detector Redux 1.1"
2020-10-05 19:17:12,158 INFO             ],
2020-10-05 19:17:12,158 INFO             "stations": [
2020-10-05 19:17:12,159 INFO                 "MSGR"
2020-10-05 19:17:12,159 INFO             ],
2020-10-05 19:17:12,161 INFO             "start_date": "2020-10-04",
2020-10-05 19:17:12,163 INFO             "end_date": "2020-10-05",
2020-10-05 19:17:12,164 INFO             "schedule": "",
2020-10-05 19:17:12,164 INFO             "defer_clip_creation": false
2020-10-05 19:17:12,166 INFO         }
2020-10-05 19:17:12,176 INFO     This command will process recordings for 1 station-night.
2020-10-05 19:17:12,176 INFO     Processing recordings for station-night 1 of 1 - "MSGR 2020-10-04"...
2020-10-05 19:17:12,178 INFO         Processing recording 1 of 1 - "MSGR / PC / start 2020-10-05 00:00:00+00:00 / duration 9.283 h"...
2020-10-05 19:17:12,189 INFO             Running detector on file "/Volumes/Erebus/msgr-vesper-archive/Recordings/MSGR_2020-10-05_00.00.00_Z.wav"...
2020-10-05 19:18:34,101 INFO             Created 993 clips from detector "Old Bird Tseep Detector Redux 1.1".
2020-10-05 19:18:34,101 INFO             Ran 1 detector on 33420 seconds of 1-channel audio in 82 seconds, 408 times faster than real time.
2020-10-05 19:18:34,154 INFO     Job completed.
