2020-09-15 22:28:28,988 INFO     Job started for command "classify" with arguments:
2020-09-15 22:28:28,989 INFO         {
2020-09-15 22:28:28,992 INFO             "classifier": "MPG Ranch NFC Coarse Classifier 3.0",
2020-09-15 22:28:28,994 INFO             "annotation_name": "Classification",
2020-09-15 22:28:28,997 INFO             "detectors": [
2020-09-15 22:28:28,998 INFO                 "Old Bird Thrush Detector Redux 1.1"
2020-09-15 22:28:29,001 INFO             ],
2020-09-15 22:28:29,002 INFO             "station_mics": [
2020-09-15 22:28:29,003 INFO                 "MSGR / 21c"
2020-09-15 22:28:29,004 INFO             ],
2020-09-15 22:28:29,006 INFO             "start_date": "2020-09-14",
2020-09-15 22:28:29,007 INFO             "end_date": "2020-09-15"
2020-09-15 22:28:29,008 INFO         }
2020-09-15 22:28:29,021 INFO     Creating TensorFlow estimator from saved model in directory "/Users/richard/miniconda3/envs/vesper-0.4.8/lib/python3.6/site-packages/vesper/mpg_ranch/nfc_coarse_classifier_3_0/Tseep Classifier/TensorFlow SavedModel"...
2020-09-15 22:28:29,021 WARNING  
The TensorFlow contrib module will not be included in TensorFlow 2.0.
For more information, please see:
  * https://github.com/tensorflow/community/blob/master/rfcs/20180907-contrib-sunset.md
  * https://github.com/tensorflow/addons
  * https://github.com/tensorflow/io (for I/O related ops)
If you depend on functionality not listed there, please file an issue.

2020-09-15 22:28:30,045 WARNING  Using temporary folder as model directory: /var/folders/2z/dlxt5tt50nzdlqlx1qvr1zdm0000gn/T/tmpdkqowuuw
2020-09-15 22:28:30,052 WARNING  train mode not found in SavedModel.
2020-09-15 22:28:30,052 WARNING  eval mode not found in SavedModel.
2020-09-15 22:28:30,053 INFO     Loading classifier settings from "/Users/richard/miniconda3/envs/vesper-0.4.8/lib/python3.6/site-packages/vesper/mpg_ranch/nfc_coarse_classifier_3_0/Tseep Classifier/Settings.yaml"...
2020-09-15 22:28:30,068 INFO     Creating TensorFlow estimator from saved model in directory "/Users/richard/miniconda3/envs/vesper-0.4.8/lib/python3.6/site-packages/vesper/mpg_ranch/nfc_coarse_classifier_3_0/Thrush Classifier/TensorFlow SavedModel"...
2020-09-15 22:28:30,071 WARNING  Using temporary folder as model directory: /var/folders/2z/dlxt5tt50nzdlqlx1qvr1zdm0000gn/T/tmpjezhucf2
2020-09-15 22:28:30,074 WARNING  train mode not found in SavedModel.
2020-09-15 22:28:30,075 WARNING  eval mode not found in SavedModel.
2020-09-15 22:28:30,075 INFO     Loading classifier settings from "/Users/richard/miniconda3/envs/vesper-0.4.8/lib/python3.6/site-packages/vesper/mpg_ranch/nfc_coarse_classifier_3_0/Thrush Classifier/Settings.yaml"...
2020-09-15 22:28:30,094 INFO     Classifier will visit 1601 clips for detector "Old Bird Thrush Detector Redux 1.1", station "MSGR", mic output "21c Output", and date 2020-09-14.
2020-09-15 22:28:58,540 WARNING  From /Users/richard/miniconda3/envs/vesper-0.4.8/lib/python3.6/site-packages/tensorflow_core/python/autograph/converters/directives.py:119: The name tf.real is deprecated. Please use tf.math.real instead.

2020-09-15 22:28:58,541 WARNING  From /Users/richard/miniconda3/envs/vesper-0.4.8/lib/python3.6/site-packages/tensorflow_core/python/autograph/converters/directives.py:119: The name tf.conj is deprecated. Please use tf.math.conj instead.

2020-09-15 22:28:58,542 WARNING  From /Users/richard/miniconda3/envs/vesper-0.4.8/lib/python3.6/site-packages/tensorflow_core/python/autograph/converters/directives.py:119: The name tf.log is deprecated. Please use tf.math.log instead.

2020-09-15 22:28:58,896 WARNING  From /Users/richard/miniconda3/envs/vesper-0.4.8/lib/python3.6/site-packages/tensorflow_core/python/autograph/converters/directives.py:119: The name tf.Dimension is deprecated. Please use tf.compat.v1.Dimension instead.

2020-09-15 22:28:59,253 WARNING  From /Users/richard/miniconda3/envs/vesper-0.4.8/lib/python3.6/site-packages/tensorflow_core/python/ops/array_ops.py:1475: where (from tensorflow.python.ops.array_ops) is deprecated and will be removed in a future version.
Instructions for updating:
Use tf.where in 2.0, which has the same broadcast rule as np.where
2020-09-15 22:29:12,067 INFO     Classified 1601 of 1601 visited clips in 42.0 seconds, an average of 38.1 clips per second.
2020-09-15 22:29:12,075 INFO     Classifier will visit 0 clips for detector "Old Bird Thrush Detector Redux 1.1", station "MSGR", mic output "21c Output", and date 2020-09-15.
2020-09-15 22:29:12,077 INFO     Classified 0 of 0 visited clips in 0.0 seconds.
2020-09-15 22:29:12,085 INFO     Job completed.
