2020-09-08 08:46:43,241 INFO     Job started for command "export" with arguments:
2020-09-08 08:46:43,242 INFO         {
2020-09-08 08:46:43,243 INFO             "exporter": {
2020-09-08 08:46:43,244 INFO                 "name": "Clip Metadata CSV File Exporter",
2020-09-08 08:46:43,245 INFO                 "arguments": {
2020-09-08 08:46:43,246 INFO                     "output_file_path": "2020-09-08.csv"
2020-09-08 08:46:43,247 INFO                 }
2020-09-08 08:46:43,247 INFO             },
2020-09-08 08:46:43,248 INFO             "detectors": [
2020-09-08 08:46:43,249 INFO                 "Old Bird Tseep Detector Redux 1.1"
2020-09-08 08:46:43,251 INFO             ],
2020-09-08 08:46:43,251 INFO             "station_mics": [
2020-09-08 08:46:43,252 INFO                 "MSGR / 21c"
2020-09-08 08:46:43,253 INFO             ],
2020-09-08 08:46:43,253 INFO             "classification": "Call*",
2020-09-08 08:46:43,255 INFO             "start_date": "2020-09-07",
2020-09-08 08:46:43,255 INFO             "end_date": "2020-09-08"
2020-09-08 08:46:43,256 INFO         }
2020-09-08 08:46:43,282 INFO     Exporter will visit 379 clips for detector "Old Bird Tseep Detector Redux 1.1", station "MSGR", mic output "21c Output", and date 2020-09-07.
2020-09-08 08:46:46,564 INFO     Exported 379 of 379 visited clips.
2020-09-08 08:46:46,569 INFO     Exporter will visit 0 clips for detector "Old Bird Tseep Detector Redux 1.1", station "MSGR", mic output "21c Output", and date 2020-09-08.
2020-09-08 08:46:46,571 INFO     Exported 0 of 0 visited clips.
2020-09-08 08:46:46,584 INFO     Job completed.
