2020-11-11 13:56:52,951 INFO     Job started for command "detect" with arguments:
2020-11-11 13:56:52,952 INFO         {
2020-11-11 13:56:52,952 INFO             "detectors": [
2020-11-11 13:56:52,953 INFO                 "Old Bird Tseep Detector Redux 1.1"
2020-11-11 13:56:52,953 INFO             ],
2020-11-11 13:56:52,953 INFO             "stations": [
2020-11-11 13:56:52,953 INFO                 "MSGR"
2020-11-11 13:56:52,953 INFO             ],
2020-11-11 13:56:52,954 INFO             "start_date": "2020-11-10",
2020-11-11 13:56:52,954 INFO             "end_date": "2020-11-12",
2020-11-11 13:56:52,955 INFO             "schedule": "",
2020-11-11 13:56:52,956 INFO             "defer_clip_creation": false
2020-11-11 13:56:52,957 INFO         }
2020-11-11 13:56:52,970 INFO     This command will process recordings for 1 station-night.
2020-11-11 13:56:52,970 INFO     Processing recordings for station-night 1 of 1 - "MSGR 2020-11-10"...
2020-11-11 13:56:52,974 INFO         Processing recording 1 of 1 - "MSGR / PC / start 2020-11-10 23:07:00+00:00 / duration 10.900 h"...
2020-11-11 13:56:52,979 INFO             Running detector on file "/Volumes/Erebus/msgr-vesper-archive/Recordings/MSGR_2020-11-10_23.07.00_Z.wav"...
2020-11-11 13:58:26,264 INFO             Created 1143 clips from detector "Old Bird Tseep Detector Redux 1.1".
2020-11-11 13:58:26,265 INFO             Ran 1 detector on 39240 seconds of 1-channel audio in 93 seconds, 421 times faster than real time.
2020-11-11 13:58:26,327 INFO     Job completed.
