2020-03-26 12:49:28,906 INFO     Job started for command "classify" with arguments:
2020-03-26 12:49:28,907 INFO         {
2020-03-26 12:49:28,907 INFO             "classifier": "MPG Ranch NFC Coarse Classifier 3.0",
2020-03-26 12:49:28,908 INFO             "annotation_name": "Classification",
2020-03-26 12:49:28,909 INFO             "detectors": [
2020-03-26 12:49:28,909 INFO                 "Old Bird Tseep Detector Redux 1.1"
2020-03-26 12:49:28,909 INFO             ],
2020-03-26 12:49:28,909 INFO             "station_mics": [
2020-03-26 12:49:28,910 INFO                 "MSGR / 21c"
2020-03-26 12:49:28,910 INFO             ],
2020-03-26 12:49:28,910 INFO             "start_date": "2020-03-25",
2020-03-26 12:49:28,910 INFO             "end_date": "2020-03-30"
2020-03-26 12:49:28,910 INFO         }
2020-03-26 12:49:28,922 INFO     Creating TensorFlow estimator from saved model in directory "//anaconda3/envs/vesper-0.4.8/lib/python3.6/site-packages/vesper/mpg_ranch/nfc_coarse_classifier_3_0/Tseep Classifier/TensorFlow SavedModel"...
2020-03-26 12:49:28,923 WARNING  
The TensorFlow contrib module will not be included in TensorFlow 2.0.
For more information, please see:
  * https://github.com/tensorflow/community/blob/master/rfcs/20180907-contrib-sunset.md
  * https://github.com/tensorflow/addons
  * https://github.com/tensorflow/io (for I/O related ops)
If you depend on functionality not listed there, please file an issue.

2020-03-26 12:49:29,464 WARNING  Using temporary folder as model directory: /var/folders/2z/dlxt5tt50nzdlqlx1qvr1zdm0000gn/T/tmpc6mwn29d
2020-03-26 12:49:29,468 WARNING  train mode not found in SavedModel.
2020-03-26 12:49:29,468 WARNING  eval mode not found in SavedModel.
2020-03-26 12:49:29,469 INFO     Loading classifier settings from "//anaconda3/envs/vesper-0.4.8/lib/python3.6/site-packages/vesper/mpg_ranch/nfc_coarse_classifier_3_0/Tseep Classifier/Settings.yaml"...
2020-03-26 12:49:29,485 INFO     Creating TensorFlow estimator from saved model in directory "//anaconda3/envs/vesper-0.4.8/lib/python3.6/site-packages/vesper/mpg_ranch/nfc_coarse_classifier_3_0/Thrush Classifier/TensorFlow SavedModel"...
2020-03-26 12:49:29,486 WARNING  Using temporary folder as model directory: /var/folders/2z/dlxt5tt50nzdlqlx1qvr1zdm0000gn/T/tmpqng834ka
2020-03-26 12:49:29,489 WARNING  train mode not found in SavedModel.
2020-03-26 12:49:29,490 WARNING  eval mode not found in SavedModel.
2020-03-26 12:49:29,490 INFO     Loading classifier settings from "//anaconda3/envs/vesper-0.4.8/lib/python3.6/site-packages/vesper/mpg_ranch/nfc_coarse_classifier_3_0/Thrush Classifier/Settings.yaml"...
2020-03-26 12:49:29,510 INFO     Classifier will visit 2317 clips for detector "Old Bird Tseep Detector Redux 1.1", station "MSGR", mic output "21c Output", and date 2020-03-25.
2020-03-26 12:49:54,473 WARNING  From //anaconda3/envs/vesper-0.4.8/lib/python3.6/site-packages/tensorflow_core/python/autograph/converters/directives.py:119: The name tf.real is deprecated. Please use tf.math.real instead.

2020-03-26 12:49:54,473 WARNING  From //anaconda3/envs/vesper-0.4.8/lib/python3.6/site-packages/tensorflow_core/python/autograph/converters/directives.py:119: The name tf.conj is deprecated. Please use tf.math.conj instead.

2020-03-26 12:49:54,474 WARNING  From //anaconda3/envs/vesper-0.4.8/lib/python3.6/site-packages/tensorflow_core/python/autograph/converters/directives.py:119: The name tf.log is deprecated. Please use tf.math.log instead.

2020-03-26 12:49:54,729 WARNING  From //anaconda3/envs/vesper-0.4.8/lib/python3.6/site-packages/tensorflow_core/python/autograph/converters/directives.py:119: The name tf.Dimension is deprecated. Please use tf.compat.v1.Dimension instead.

2020-03-26 12:49:55,107 WARNING  From //anaconda3/envs/vesper-0.4.8/lib/python3.6/site-packages/tensorflow_core/python/ops/array_ops.py:1475: where (from tensorflow.python.ops.array_ops) is deprecated and will be removed in a future version.
Instructions for updating:
Use tf.where in 2.0, which has the same broadcast rule as np.where
2020-03-26 12:50:24,322 INFO     Classified 2317 of 2317 visited clips in 54.8 seconds, an average of 42.3 clips per second.
2020-03-26 12:50:24,334 INFO     Classifier will visit 0 clips for detector "Old Bird Tseep Detector Redux 1.1", station "MSGR", mic output "21c Output", and date 2020-03-26.
2020-03-26 12:50:24,335 INFO     Classified 0 of 0 visited clips in 0.0 seconds.
2020-03-26 12:50:24,341 INFO     Classifier will visit 0 clips for detector "Old Bird Tseep Detector Redux 1.1", station "MSGR", mic output "21c Output", and date 2020-03-27.
2020-03-26 12:50:24,346 INFO     Classified 0 of 0 visited clips in 0.0 seconds.
2020-03-26 12:50:24,350 INFO     Classifier will visit 0 clips for detector "Old Bird Tseep Detector Redux 1.1", station "MSGR", mic output "21c Output", and date 2020-03-28.
2020-03-26 12:50:24,354 INFO     Classified 0 of 0 visited clips in 0.0 seconds.
2020-03-26 12:50:24,356 INFO     Classifier will visit 0 clips for detector "Old Bird Tseep Detector Redux 1.1", station "MSGR", mic output "21c Output", and date 2020-03-29.
2020-03-26 12:50:24,361 INFO     Classified 0 of 0 visited clips in 0.0 seconds.
2020-03-26 12:50:24,364 INFO     Classifier will visit 0 clips for detector "Old Bird Tseep Detector Redux 1.1", station "MSGR", mic output "21c Output", and date 2020-03-30.
2020-03-26 12:50:24,365 INFO     Classified 0 of 0 visited clips in 0.0 seconds.
2020-03-26 12:50:24,371 INFO     Job completed.
