2020-09-09 12:11:38,861 INFO     Job started for command "export" with arguments:
2020-09-09 12:11:38,865 INFO         {
2020-09-09 12:11:38,867 INFO             "exporter": {
2020-09-09 12:11:38,869 INFO                 "name": "Clip Metadata CSV File Exporter",
2020-09-09 12:11:38,872 INFO                 "arguments": {
2020-09-09 12:11:38,873 INFO                     "output_file_path": "2020-09-08 thrushes.csv"
2020-09-09 12:11:38,874 INFO                 }
2020-09-09 12:11:38,876 INFO             },
2020-09-09 12:11:38,879 INFO             "detectors": [
2020-09-09 12:11:38,880 INFO                 "Old Bird Thrush Detector Redux 1.1"
2020-09-09 12:11:38,880 INFO             ],
2020-09-09 12:11:38,881 INFO             "station_mics": [
2020-09-09 12:11:38,882 INFO                 "MSGR / 21c"
2020-09-09 12:11:38,885 INFO             ],
2020-09-09 12:11:38,886 INFO             "classification": "Call*",
2020-09-09 12:11:38,888 INFO             "start_date": "2020-09-08",
2020-09-09 12:11:38,888 INFO             "end_date": "2020-09-10"
2020-09-09 12:11:38,891 INFO         }
2020-09-09 12:11:38,938 INFO     Exporter will visit 87 clips for detector "Old Bird Thrush Detector Redux 1.1", station "MSGR", mic output "21c Output", and date 2020-09-08.
2020-09-09 12:11:39,735 INFO     Exported 87 of 87 visited clips.
2020-09-09 12:11:39,740 INFO     Exporter will visit 0 clips for detector "Old Bird Thrush Detector Redux 1.1", station "MSGR", mic output "21c Output", and date 2020-09-09.
2020-09-09 12:11:39,742 INFO     Exported 0 of 0 visited clips.
2020-09-09 12:11:39,745 INFO     Exporter will visit 0 clips for detector "Old Bird Thrush Detector Redux 1.1", station "MSGR", mic output "21c Output", and date 2020-09-10.
2020-09-09 12:11:39,747 INFO     Exported 0 of 0 visited clips.
2020-09-09 12:11:39,762 INFO     Job completed.
