2020-11-09 20:50:51,140 INFO     Job started for command "export" with arguments:
2020-11-09 20:50:51,140 INFO         {
2020-11-09 20:50:51,141 INFO             "exporter": {
2020-11-09 20:50:51,142 INFO                 "name": "Clip Metadata CSV File Exporter",
2020-11-09 20:50:51,142 INFO                 "arguments": {
2020-11-09 20:50:51,142 INFO                     "output_file_path": "2020-11-02 thrush.csv"
2020-11-09 20:50:51,142 INFO                 }
2020-11-09 20:50:51,142 INFO             },
2020-11-09 20:50:51,142 INFO             "detectors": [
2020-11-09 20:50:51,142 INFO                 "Old Bird Thrush Detector Redux 1.1"
2020-11-09 20:50:51,143 INFO             ],
2020-11-09 20:50:51,143 INFO             "station_mics": [
2020-11-09 20:50:51,143 INFO                 "MSGR / 21c"
2020-11-09 20:50:51,143 INFO             ],
2020-11-09 20:50:51,144 INFO             "classification": "Call*",
2020-11-09 20:50:51,144 INFO             "start_date": "2020-11-02",
2020-11-09 20:50:51,144 INFO             "end_date": "2020-11-20"
2020-11-09 20:50:51,144 INFO         }
2020-11-09 20:50:51,184 INFO     Exporter will visit 1 clip for detector "Old Bird Thrush Detector Redux 1.1", station "MSGR", mic output "21c Output", and date 2020-11-02.
2020-11-09 20:50:51,221 INFO     Exported 1 of 1 visited clips.
2020-11-09 20:50:51,233 INFO     Exporter will visit 0 clips for detector "Old Bird Thrush Detector Redux 1.1", station "MSGR", mic output "21c Output", and date 2020-11-03.
2020-11-09 20:50:51,238 INFO     Exported 0 of 0 visited clips.
2020-11-09 20:50:51,246 INFO     Exporter will visit 0 clips for detector "Old Bird Thrush Detector Redux 1.1", station "MSGR", mic output "21c Output", and date 2020-11-04.
2020-11-09 20:50:51,249 INFO     Exported 0 of 0 visited clips.
2020-11-09 20:50:51,256 INFO     Exporter will visit 0 clips for detector "Old Bird Thrush Detector Redux 1.1", station "MSGR", mic output "21c Output", and date 2020-11-05.
2020-11-09 20:50:51,261 INFO     Exported 0 of 0 visited clips.
2020-11-09 20:50:51,269 INFO     Exporter will visit 3 clips for detector "Old Bird Thrush Detector Redux 1.1", station "MSGR", mic output "21c Output", and date 2020-11-06.
2020-11-09 20:50:51,320 INFO     Exported 3 of 3 visited clips.
2020-11-09 20:50:51,342 INFO     Exporter will visit 3 clips for detector "Old Bird Thrush Detector Redux 1.1", station "MSGR", mic output "21c Output", and date 2020-11-07.
2020-11-09 20:50:51,408 INFO     Exported 3 of 3 visited clips.
2020-11-09 20:50:51,418 INFO     Exporter will visit 3 clips for detector "Old Bird Thrush Detector Redux 1.1", station "MSGR", mic output "21c Output", and date 2020-11-08.
2020-11-09 20:50:51,456 INFO     Exported 3 of 3 visited clips.
2020-11-09 20:50:51,460 INFO     Exporter will visit 0 clips for detector "Old Bird Thrush Detector Redux 1.1", station "MSGR", mic output "21c Output", and date 2020-11-09.
2020-11-09 20:50:51,462 INFO     Exported 0 of 0 visited clips.
2020-11-09 20:50:51,466 INFO     Exporter will visit 0 clips for detector "Old Bird Thrush Detector Redux 1.1", station "MSGR", mic output "21c Output", and date 2020-11-10.
2020-11-09 20:50:51,467 INFO     Exported 0 of 0 visited clips.
2020-11-09 20:50:51,470 INFO     Exporter will visit 0 clips for detector "Old Bird Thrush Detector Redux 1.1", station "MSGR", mic output "21c Output", and date 2020-11-11.
2020-11-09 20:50:51,472 INFO     Exported 0 of 0 visited clips.
2020-11-09 20:50:51,477 INFO     Exporter will visit 0 clips for detector "Old Bird Thrush Detector Redux 1.1", station "MSGR", mic output "21c Output", and date 2020-11-12.
2020-11-09 20:50:51,479 INFO     Exported 0 of 0 visited clips.
2020-11-09 20:50:51,482 INFO     Exporter will visit 0 clips for detector "Old Bird Thrush Detector Redux 1.1", station "MSGR", mic output "21c Output", and date 2020-11-13.
2020-11-09 20:50:51,483 INFO     Exported 0 of 0 visited clips.
2020-11-09 20:50:51,486 INFO     Exporter will visit 0 clips for detector "Old Bird Thrush Detector Redux 1.1", station "MSGR", mic output "21c Output", and date 2020-11-14.
2020-11-09 20:50:51,487 INFO     Exported 0 of 0 visited clips.
2020-11-09 20:50:51,491 INFO     Exporter will visit 0 clips for detector "Old Bird Thrush Detector Redux 1.1", station "MSGR", mic output "21c Output", and date 2020-11-15.
2020-11-09 20:50:51,493 INFO     Exported 0 of 0 visited clips.
2020-11-09 20:50:51,496 INFO     Exporter will visit 0 clips for detector "Old Bird Thrush Detector Redux 1.1", station "MSGR", mic output "21c Output", and date 2020-11-16.
2020-11-09 20:50:51,498 INFO     Exported 0 of 0 visited clips.
2020-11-09 20:50:51,501 INFO     Exporter will visit 0 clips for detector "Old Bird Thrush Detector Redux 1.1", station "MSGR", mic output "21c Output", and date 2020-11-17.
2020-11-09 20:50:51,502 INFO     Exported 0 of 0 visited clips.
2020-11-09 20:50:51,506 INFO     Exporter will visit 0 clips for detector "Old Bird Thrush Detector Redux 1.1", station "MSGR", mic output "21c Output", and date 2020-11-18.
2020-11-09 20:50:51,507 INFO     Exported 0 of 0 visited clips.
2020-11-09 20:50:51,511 INFO     Exporter will visit 0 clips for detector "Old Bird Thrush Detector Redux 1.1", station "MSGR", mic output "21c Output", and date 2020-11-19.
2020-11-09 20:50:51,512 INFO     Exported 0 of 0 visited clips.
2020-11-09 20:50:51,516 INFO     Exporter will visit 0 clips for detector "Old Bird Thrush Detector Redux 1.1", station "MSGR", mic output "21c Output", and date 2020-11-20.
2020-11-09 20:50:51,517 INFO     Exported 0 of 0 visited clips.
2020-11-09 20:50:51,534 INFO     Job completed.
