2020-11-09 20:04:00,808 INFO     Job started for command "detect" with arguments:
2020-11-09 20:04:00,809 INFO         {
2020-11-09 20:04:00,809 INFO             "detectors": [
2020-11-09 20:04:00,809 INFO                 "Old Bird Thrush Detector Redux 1.1"
2020-11-09 20:04:00,809 INFO             ],
2020-11-09 20:04:00,809 INFO             "stations": [
2020-11-09 20:04:00,809 INFO                 "MSGR"
2020-11-09 20:04:00,809 INFO             ],
2020-11-09 20:04:00,810 INFO             "start_date": "2020-11-02",
2020-11-09 20:04:00,810 INFO             "end_date": "2020-11-30",
2020-11-09 20:04:00,811 INFO             "schedule": "",
2020-11-09 20:04:00,811 INFO             "defer_clip_creation": false
2020-11-09 20:04:00,811 INFO         }
2020-11-09 20:04:00,828 INFO     This command will process recordings for 7 station-nights.
2020-11-09 20:04:00,828 INFO     Processing recordings for station-night 1 of 7 - "MSGR 2020-11-02"...
2020-11-09 20:04:00,830 INFO         Processing recording 1 of 1 - "MSGR / PC / start 2020-11-02 23:16:00+00:00 / duration 10.600 h"...
2020-11-09 20:04:00,835 INFO             Running detector on file "/Volumes/Erebus/msgr-vesper-archive/Recordings/MSGR_2020-11-02_23.16.00_Z.wav"...
2020-11-09 20:05:35,122 INFO             Created 2650 clips from detector "Old Bird Thrush Detector Redux 1.1".
2020-11-09 20:05:35,122 INFO             Ran 1 detector on 38160 seconds of 1-channel audio in 94 seconds, 405 times faster than real time.
2020-11-09 20:05:35,169 INFO     Processing recordings for station-night 2 of 7 - "MSGR 2020-11-03"...
2020-11-09 20:05:35,171 INFO         Processing recording 1 of 1 - "MSGR / PC / start 2020-11-03 23:16:00+00:00 / duration 10.600 h"...
2020-11-09 20:05:35,173 INFO             Running detector on file "/Volumes/Erebus/msgr-vesper-archive/Recordings/MSGR_2020-11-03_23.16.00_Z.wav"...
2020-11-09 20:07:06,579 INFO             Created 2340 clips from detector "Old Bird Thrush Detector Redux 1.1".
2020-11-09 20:07:06,580 INFO             Ran 1 detector on 38160 seconds of 1-channel audio in 91 seconds, 417 times faster than real time.
2020-11-09 20:07:06,648 INFO     Processing recordings for station-night 3 of 7 - "MSGR 2020-11-04"...
2020-11-09 20:07:06,649 INFO         Processing recording 1 of 1 - "MSGR / PC / start 2020-11-04 23:16:00+00:00 / duration 10.600 h"...
2020-11-09 20:07:06,652 INFO             Running detector on file "/Volumes/Erebus/msgr-vesper-archive/Recordings/MSGR_2020-11-04_23.16.00_Z.wav"...
2020-11-09 20:08:40,086 INFO             Created 798 clips from detector "Old Bird Thrush Detector Redux 1.1".
2020-11-09 20:08:40,086 INFO             Ran 1 detector on 38160 seconds of 1-channel audio in 93 seconds, 408 times faster than real time.
2020-11-09 20:08:40,140 INFO     Processing recordings for station-night 4 of 7 - "MSGR 2020-11-05"...
2020-11-09 20:08:40,142 INFO         Processing recording 1 of 1 - "MSGR / PC / start 2020-11-05 23:16:00+00:00 / duration 10.600 h"...
2020-11-09 20:08:40,145 INFO             Running detector on file "/Volumes/Erebus/msgr-vesper-archive/Recordings/MSGR_2020-11-05_23.16.00_Z.wav"...
2020-11-09 20:10:13,402 INFO             Created 2698 clips from detector "Old Bird Thrush Detector Redux 1.1".
2020-11-09 20:10:13,402 INFO             Ran 1 detector on 38160 seconds of 1-channel audio in 93 seconds, 409 times faster than real time.
2020-11-09 20:10:13,450 INFO     Processing recordings for station-night 5 of 7 - "MSGR 2020-11-06"...
2020-11-09 20:10:13,452 INFO         Processing recording 1 of 1 - "MSGR / PC / start 2020-11-06 23:16:00+00:00 / duration 10.600 h"...
2020-11-09 20:10:13,455 INFO             Running detector on file "/Volumes/Erebus/msgr-vesper-archive/Recordings/MSGR_2020-11-06_23.16.00_Z.wav"...
2020-11-09 20:11:45,934 INFO             Created 1826 clips from detector "Old Bird Thrush Detector Redux 1.1".
2020-11-09 20:11:45,934 INFO             Ran 1 detector on 38160 seconds of 1-channel audio in 92 seconds, 413 times faster than real time.
2020-11-09 20:11:45,992 INFO     Processing recordings for station-night 6 of 7 - "MSGR 2020-11-07"...
2020-11-09 20:11:45,994 INFO         Processing recording 1 of 1 - "MSGR / PC / start 2020-11-07 23:16:00+00:00 / duration 10.600 h"...
2020-11-09 20:11:45,996 INFO             Running detector on file "/Volumes/Erebus/msgr-vesper-archive/Recordings/MSGR_2020-11-07_23.16.00_Z.wav"...
2020-11-09 20:13:21,634 INFO             Created 1816 clips from detector "Old Bird Thrush Detector Redux 1.1".
2020-11-09 20:13:21,634 INFO             Ran 1 detector on 38160 seconds of 1-channel audio in 96 seconds, 399 times faster than real time.
2020-11-09 20:13:21,702 INFO     Processing recordings for station-night 7 of 7 - "MSGR 2020-11-08"...
2020-11-09 20:13:21,703 INFO         Processing recording 1 of 1 - "MSGR / PC / start 2020-11-08 23:14:17+00:00 / duration 10.745 h"...
2020-11-09 20:13:21,707 INFO             Running detector on file "/Volumes/Erebus/msgr-vesper-archive/Recordings/MSGR_2020-11-08_23.14.17_Z.wav"...
2020-11-09 20:14:59,972 INFO             Created 2326 clips from detector "Old Bird Thrush Detector Redux 1.1".
2020-11-09 20:14:59,973 INFO             Ran 1 detector on 38683 seconds of 1-channel audio in 98 seconds, 394 times faster than real time.
2020-11-09 20:15:00,033 INFO     Job completed.
