2020-03-25 12:30:52,283 INFO     Job started for command "detect" with arguments:
2020-03-25 12:30:52,284 INFO         {
2020-03-25 12:30:52,284 INFO             "detectors": [
2020-03-25 12:30:52,285 INFO                 "Old Bird Tseep Detector Redux 1.1"
2020-03-25 12:30:52,285 INFO             ],
2020-03-25 12:30:52,286 INFO             "stations": [
2020-03-25 12:30:52,286 INFO                 "MSGR"
2020-03-25 12:30:52,286 INFO             ],
2020-03-25 12:30:52,286 INFO             "start_date": "2020-03-24",
2020-03-25 12:30:52,287 INFO             "end_date": "2020-03-30",
2020-03-25 12:30:52,287 INFO             "schedule": "",
2020-03-25 12:30:52,288 INFO             "defer_clip_creation": false
2020-03-25 12:30:52,289 INFO         }
2020-03-25 12:30:52,302 INFO     This command will process recordings for 1 station-night.
2020-03-25 12:30:52,302 INFO     Processing recordings for station-night 1 of 1 - "MSGR 2020-03-24"...
2020-03-25 12:30:52,306 INFO         Processing recording 1 of 1 - "MSGR / PC / start 2020-03-25 00:49:30+00:00 / duration 8.675 h"...
2020-03-25 12:30:52,313 INFO             Running detector on file "/Volumes/Erebus/msgr-vesper-archive/Recordings/MSGR_2020-03-25_00.49.30_Z.wav"...
2020-03-25 12:32:12,151 INFO             Created 9841 clips from detector "Old Bird Tseep Detector Redux 1.1".
2020-03-25 12:32:12,151 INFO             Ran 1 detector on 31229 seconds of 1-channel audio in 80 seconds, 391 times faster than real time.
2020-03-25 12:32:12,245 INFO     Job completed.
