2020-06-11 11:28:25,942 INFO     Job started for command "detect" with arguments:
2020-06-11 11:28:25,943 INFO         {
2020-06-11 11:28:25,943 INFO             "detectors": [
2020-06-11 11:28:25,944 INFO                 "Old Bird Thrush Detector Redux 1.1"
2020-06-11 11:28:25,945 INFO             ],
2020-06-11 11:28:25,945 INFO             "stations": [
2020-06-11 11:28:25,946 INFO                 "MSGR"
2020-06-11 11:28:25,946 INFO             ],
2020-06-11 11:28:25,946 INFO             "start_date": "2020-06-08",
2020-06-11 11:28:25,946 INFO             "end_date": "2020-12-30",
2020-06-11 11:28:25,946 INFO             "schedule": "",
2020-06-11 11:28:25,946 INFO             "defer_clip_creation": false
2020-06-11 11:28:25,946 INFO         }
2020-06-11 11:28:25,963 INFO     This command will process recordings for 3 station-nights.
2020-06-11 11:28:25,963 INFO     Processing recordings for station-night 1 of 3 - "MSGR 2020-06-08"...
2020-06-11 11:28:25,966 INFO         Processing recording 1 of 1 - "MSGR / PC / start 2020-06-09 00:30:00+00:00 / duration 9.000 h"...
2020-06-11 11:28:25,969 INFO             Running detector on file "/Volumes/Erebus/msgr-vesper-archive/Recordings/MSGR_2020-06-09_00.30.00_Z.wav"...
2020-06-11 11:29:54,250 INFO             Created 1545 clips from detector "Old Bird Thrush Detector Redux 1.1".
2020-06-11 11:29:54,251 INFO             Ran 1 detector on 32400 seconds of 1-channel audio in 88 seconds, 367 times faster than real time.
2020-06-11 11:29:54,290 INFO     Processing recordings for station-night 2 of 3 - "MSGR 2020-06-09"...
2020-06-11 11:29:54,291 INFO         Processing recording 1 of 1 - "MSGR / PC / start 2020-06-10 01:09:11+00:00 / duration 8.347 h"...
2020-06-11 11:29:54,294 INFO             Running detector on file "/Volumes/Erebus/msgr-vesper-archive/Recordings/MSGR_2020-06-10_01.09.11_Z.wav"...
2020-06-11 11:31:13,602 INFO             Created 951 clips from detector "Old Bird Thrush Detector Redux 1.1".
2020-06-11 11:31:13,602 INFO             Ran 1 detector on 30050 seconds of 1-channel audio in 79 seconds, 379 times faster than real time.
2020-06-11 11:31:13,653 INFO     Processing recordings for station-night 3 of 3 - "MSGR 2020-06-10"...
2020-06-11 11:31:13,655 INFO         Processing recording 1 of 1 - "MSGR / PC / start 2020-06-11 00:30:00+00:00 / duration 9.000 h"...
2020-06-11 11:31:13,660 INFO             Running detector on file "/Volumes/Erebus/msgr-vesper-archive/Recordings/MSGR_2020-06-11_00.30.00_Z.wav"...
2020-06-11 11:32:47,151 INFO             Created 1334 clips from detector "Old Bird Thrush Detector Redux 1.1".
2020-06-11 11:32:47,151 INFO             Ran 1 detector on 32400 seconds of 1-channel audio in 93 seconds, 347 times faster than real time.
2020-06-11 11:32:47,197 INFO     Job completed.
