2020-05-20 08:22:21,718 INFO     Job started for command "classify" with arguments:
2020-05-20 08:22:21,719 INFO         {
2020-05-20 08:22:21,719 INFO             "classifier": "MPG Ranch NFC Coarse Classifier 3.0",
2020-05-20 08:22:21,720 INFO             "annotation_name": "Classification",
2020-05-20 08:22:21,720 INFO             "detectors": [
2020-05-20 08:22:21,720 INFO                 "Old Bird Thrush Detector Redux 1.1"
2020-05-20 08:22:21,720 INFO             ],
2020-05-20 08:22:21,721 INFO             "station_mics": [
2020-05-20 08:22:21,721 INFO                 "MSGR / 21c"
2020-05-20 08:22:21,721 INFO             ],
2020-05-20 08:22:21,721 INFO             "start_date": "2020-05-19",
2020-05-20 08:22:21,721 INFO             "end_date": "2020-05-30"
2020-05-20 08:22:21,721 INFO         }
2020-05-20 08:22:21,732 INFO     Creating TensorFlow estimator from saved model in directory "/Users/richard/miniconda3/envs/vesper-0.4.8/lib/python3.6/site-packages/vesper/mpg_ranch/nfc_coarse_classifier_3_0/Tseep Classifier/TensorFlow SavedModel"...
2020-05-20 08:22:21,734 WARNING  
The TensorFlow contrib module will not be included in TensorFlow 2.0.
For more information, please see:
  * https://github.com/tensorflow/community/blob/master/rfcs/20180907-contrib-sunset.md
  * https://github.com/tensorflow/addons
  * https://github.com/tensorflow/io (for I/O related ops)
If you depend on functionality not listed there, please file an issue.

2020-05-20 08:22:22,353 WARNING  Using temporary folder as model directory: /var/folders/2z/dlxt5tt50nzdlqlx1qvr1zdm0000gn/T/tmpzy5s0ulg
2020-05-20 08:22:22,357 WARNING  train mode not found in SavedModel.
2020-05-20 08:22:22,357 WARNING  eval mode not found in SavedModel.
2020-05-20 08:22:22,358 INFO     Loading classifier settings from "/Users/richard/miniconda3/envs/vesper-0.4.8/lib/python3.6/site-packages/vesper/mpg_ranch/nfc_coarse_classifier_3_0/Tseep Classifier/Settings.yaml"...
2020-05-20 08:22:22,371 INFO     Creating TensorFlow estimator from saved model in directory "/Users/richard/miniconda3/envs/vesper-0.4.8/lib/python3.6/site-packages/vesper/mpg_ranch/nfc_coarse_classifier_3_0/Thrush Classifier/TensorFlow SavedModel"...
2020-05-20 08:22:22,373 WARNING  Using temporary folder as model directory: /var/folders/2z/dlxt5tt50nzdlqlx1qvr1zdm0000gn/T/tmpjy52_otn
2020-05-20 08:22:22,377 WARNING  train mode not found in SavedModel.
2020-05-20 08:22:22,377 WARNING  eval mode not found in SavedModel.
2020-05-20 08:22:22,378 INFO     Loading classifier settings from "/Users/richard/miniconda3/envs/vesper-0.4.8/lib/python3.6/site-packages/vesper/mpg_ranch/nfc_coarse_classifier_3_0/Thrush Classifier/Settings.yaml"...
2020-05-20 08:22:22,400 INFO     Classifier will visit 1350 clips for detector "Old Bird Thrush Detector Redux 1.1", station "MSGR", mic output "21c Output", and date 2020-05-19.
2020-05-20 08:22:38,277 WARNING  From /Users/richard/miniconda3/envs/vesper-0.4.8/lib/python3.6/site-packages/tensorflow_core/python/autograph/converters/directives.py:119: The name tf.real is deprecated. Please use tf.math.real instead.

2020-05-20 08:22:38,278 WARNING  From /Users/richard/miniconda3/envs/vesper-0.4.8/lib/python3.6/site-packages/tensorflow_core/python/autograph/converters/directives.py:119: The name tf.conj is deprecated. Please use tf.math.conj instead.

2020-05-20 08:22:38,279 WARNING  From /Users/richard/miniconda3/envs/vesper-0.4.8/lib/python3.6/site-packages/tensorflow_core/python/autograph/converters/directives.py:119: The name tf.log is deprecated. Please use tf.math.log instead.

2020-05-20 08:22:38,527 WARNING  From /Users/richard/miniconda3/envs/vesper-0.4.8/lib/python3.6/site-packages/tensorflow_core/python/autograph/converters/directives.py:119: The name tf.Dimension is deprecated. Please use tf.compat.v1.Dimension instead.

2020-05-20 08:22:38,976 WARNING  From /Users/richard/miniconda3/envs/vesper-0.4.8/lib/python3.6/site-packages/tensorflow_core/python/ops/array_ops.py:1475: where (from tensorflow.python.ops.array_ops) is deprecated and will be removed in a future version.
Instructions for updating:
Use tf.where in 2.0, which has the same broadcast rule as np.where
2020-05-20 08:23:02,665 INFO     Classified 1350 of 1350 visited clips in 40.3 seconds, an average of 33.5 clips per second.
2020-05-20 08:23:02,678 INFO     Classifier will visit 0 clips for detector "Old Bird Thrush Detector Redux 1.1", station "MSGR", mic output "21c Output", and date 2020-05-20.
2020-05-20 08:23:02,680 INFO     Classified 0 of 0 visited clips in 0.0 seconds.
2020-05-20 08:23:02,686 INFO     Classifier will visit 0 clips for detector "Old Bird Thrush Detector Redux 1.1", station "MSGR", mic output "21c Output", and date 2020-05-21.
2020-05-20 08:23:02,688 INFO     Classified 0 of 0 visited clips in 0.0 seconds.
2020-05-20 08:23:02,693 INFO     Classifier will visit 0 clips for detector "Old Bird Thrush Detector Redux 1.1", station "MSGR", mic output "21c Output", and date 2020-05-22.
2020-05-20 08:23:02,696 INFO     Classified 0 of 0 visited clips in 0.0 seconds.
2020-05-20 08:23:02,702 INFO     Classifier will visit 0 clips for detector "Old Bird Thrush Detector Redux 1.1", station "MSGR", mic output "21c Output", and date 2020-05-23.
2020-05-20 08:23:02,705 INFO     Classified 0 of 0 visited clips in 0.0 seconds.
2020-05-20 08:23:02,726 INFO     Classifier will visit 0 clips for detector "Old Bird Thrush Detector Redux 1.1", station "MSGR", mic output "21c Output", and date 2020-05-24.
2020-05-20 08:23:02,747 INFO     Classified 0 of 0 visited clips in 0.0 seconds.
2020-05-20 08:23:02,750 INFO     Classifier will visit 0 clips for detector "Old Bird Thrush Detector Redux 1.1", station "MSGR", mic output "21c Output", and date 2020-05-25.
2020-05-20 08:23:02,754 INFO     Classified 0 of 0 visited clips in 0.0 seconds.
2020-05-20 08:23:02,757 INFO     Classifier will visit 0 clips for detector "Old Bird Thrush Detector Redux 1.1", station "MSGR", mic output "21c Output", and date 2020-05-26.
2020-05-20 08:23:02,761 INFO     Classified 0 of 0 visited clips in 0.0 seconds.
2020-05-20 08:23:02,764 INFO     Classifier will visit 0 clips for detector "Old Bird Thrush Detector Redux 1.1", station "MSGR", mic output "21c Output", and date 2020-05-27.
2020-05-20 08:23:02,769 INFO     Classified 0 of 0 visited clips in 0.0 seconds.
2020-05-20 08:23:02,772 INFO     Classifier will visit 0 clips for detector "Old Bird Thrush Detector Redux 1.1", station "MSGR", mic output "21c Output", and date 2020-05-28.
2020-05-20 08:23:02,792 INFO     Classified 0 of 0 visited clips in 0.0 seconds.
2020-05-20 08:23:02,799 INFO     Classifier will visit 0 clips for detector "Old Bird Thrush Detector Redux 1.1", station "MSGR", mic output "21c Output", and date 2020-05-29.
2020-05-20 08:23:02,800 INFO     Classified 0 of 0 visited clips in 0.0 seconds.
2020-05-20 08:23:02,803 INFO     Classifier will visit 0 clips for detector "Old Bird Thrush Detector Redux 1.1", station "MSGR", mic output "21c Output", and date 2020-05-30.
2020-05-20 08:23:02,814 INFO     Classified 0 of 0 visited clips in 0.0 seconds.
2020-05-20 08:23:02,822 INFO     Job completed.
