2020-09-14 09:05:24,459 INFO     Job started for command "detect" with arguments:
2020-09-14 09:05:24,460 INFO         {
2020-09-14 09:05:24,461 INFO             "detectors": [
2020-09-14 09:05:24,462 INFO                 "Old Bird Thrush Detector Redux 1.1"
2020-09-14 09:05:24,463 INFO             ],
2020-09-14 09:05:24,469 INFO             "stations": [
2020-09-14 09:05:24,470 INFO                 "MSGR"
2020-09-14 09:05:24,471 INFO             ],
2020-09-14 09:05:24,472 INFO             "start_date": "2020-09-13",
2020-09-14 09:05:24,474 INFO             "end_date": "2020-09-14",
2020-09-14 09:05:24,476 INFO             "schedule": "",
2020-09-14 09:05:24,476 INFO             "defer_clip_creation": false
2020-09-14 09:05:24,478 INFO         }
2020-09-14 09:05:24,501 INFO     This command will process recordings for 1 station-night.
2020-09-14 09:05:24,501 INFO     Processing recordings for station-night 1 of 1 - "MSGR 2020-09-13"...
2020-09-14 09:05:24,517 INFO         Processing recording 1 of 1 - "MSGR / PC / start 2020-09-14 00:42:00+00:00 / duration 8.083 h"...
2020-09-14 09:05:24,525 INFO             Running detector on file "/Volumes/Erebus/msgr-vesper-archive/Recordings/MSGR_2020-09-14_00.42.00_Z.wav"...
2020-09-14 09:06:46,934 INFO             Created 708 clips from detector "Old Bird Thrush Detector Redux 1.1".
2020-09-14 09:06:46,934 INFO             Ran 1 detector on 29100 seconds of 1-channel audio in 82 seconds, 353 times faster than real time.
2020-09-14 09:06:46,986 INFO     Job completed.
