2020-03-23 10:03:27,904 INFO     Job started for command "classify" with arguments:
2020-03-23 10:03:27,905 INFO         {
2020-03-23 10:03:27,905 INFO             "classifier": "MPG Ranch NFC Coarse Classifier 3.0",
2020-03-23 10:03:27,906 INFO             "annotation_name": "Classification",
2020-03-23 10:03:27,907 INFO             "detectors": [
2020-03-23 10:03:27,907 INFO                 "Old Bird Tseep Detector Redux 1.1"
2020-03-23 10:03:27,908 INFO             ],
2020-03-23 10:03:27,909 INFO             "station_mics": [
2020-03-23 10:03:27,909 INFO                 "MSGR / 21c"
2020-03-23 10:03:27,909 INFO             ],
2020-03-23 10:03:27,909 INFO             "start_date": "2020-03-20",
2020-03-23 10:03:27,909 INFO             "end_date": "2020-03-30"
2020-03-23 10:03:27,909 INFO         }
2020-03-23 10:03:27,917 INFO     Creating TensorFlow estimator from saved model in directory "//anaconda3/envs/vesper-0.4.8/lib/python3.6/site-packages/vesper/mpg_ranch/nfc_coarse_classifier_3_0/Tseep Classifier/TensorFlow SavedModel"...
2020-03-23 10:03:27,918 WARNING  
The TensorFlow contrib module will not be included in TensorFlow 2.0.
For more information, please see:
  * https://github.com/tensorflow/community/blob/master/rfcs/20180907-contrib-sunset.md
  * https://github.com/tensorflow/addons
  * https://github.com/tensorflow/io (for I/O related ops)
If you depend on functionality not listed there, please file an issue.

2020-03-23 10:03:28,458 WARNING  Using temporary folder as model directory: /var/folders/2z/dlxt5tt50nzdlqlx1qvr1zdm0000gn/T/tmpcznc07ti
2020-03-23 10:03:28,463 WARNING  train mode not found in SavedModel.
2020-03-23 10:03:28,463 WARNING  eval mode not found in SavedModel.
2020-03-23 10:03:28,464 INFO     Loading classifier settings from "//anaconda3/envs/vesper-0.4.8/lib/python3.6/site-packages/vesper/mpg_ranch/nfc_coarse_classifier_3_0/Tseep Classifier/Settings.yaml"...
2020-03-23 10:03:28,479 INFO     Creating TensorFlow estimator from saved model in directory "//anaconda3/envs/vesper-0.4.8/lib/python3.6/site-packages/vesper/mpg_ranch/nfc_coarse_classifier_3_0/Thrush Classifier/TensorFlow SavedModel"...
2020-03-23 10:03:28,481 WARNING  Using temporary folder as model directory: /var/folders/2z/dlxt5tt50nzdlqlx1qvr1zdm0000gn/T/tmpab3q9qnx
2020-03-23 10:03:28,484 WARNING  train mode not found in SavedModel.
2020-03-23 10:03:28,484 WARNING  eval mode not found in SavedModel.
2020-03-23 10:03:28,486 INFO     Loading classifier settings from "//anaconda3/envs/vesper-0.4.8/lib/python3.6/site-packages/vesper/mpg_ranch/nfc_coarse_classifier_3_0/Thrush Classifier/Settings.yaml"...
2020-03-23 10:03:28,504 INFO     Classifier will visit 0 clips for detector "Old Bird Tseep Detector Redux 1.1", station "MSGR", mic output "21c Output", and date 2020-03-20.
2020-03-23 10:03:28,506 INFO     Classified 0 of 0 visited clips in 0.0 seconds.
2020-03-23 10:03:28,507 INFO     Classifier will visit 0 clips for detector "Old Bird Tseep Detector Redux 1.1", station "MSGR", mic output "21c Output", and date 2020-03-21.
2020-03-23 10:03:28,509 INFO     Classified 0 of 0 visited clips in 0.0 seconds.
2020-03-23 10:03:28,511 INFO     Classifier will visit 0 clips for detector "Old Bird Tseep Detector Redux 1.1", station "MSGR", mic output "21c Output", and date 2020-03-22.
2020-03-23 10:03:28,513 INFO     Classified 0 of 0 visited clips in 0.0 seconds.
2020-03-23 10:03:28,516 INFO     Classifier will visit 0 clips for detector "Old Bird Tseep Detector Redux 1.1", station "MSGR", mic output "21c Output", and date 2020-03-23.
2020-03-23 10:03:28,517 INFO     Classified 0 of 0 visited clips in 0.0 seconds.
2020-03-23 10:03:28,519 INFO     Classifier will visit 0 clips for detector "Old Bird Tseep Detector Redux 1.1", station "MSGR", mic output "21c Output", and date 2020-03-24.
2020-03-23 10:03:28,521 INFO     Classified 0 of 0 visited clips in 0.0 seconds.
2020-03-23 10:03:28,523 INFO     Classifier will visit 0 clips for detector "Old Bird Tseep Detector Redux 1.1", station "MSGR", mic output "21c Output", and date 2020-03-25.
2020-03-23 10:03:28,525 INFO     Classified 0 of 0 visited clips in 0.0 seconds.
2020-03-23 10:03:28,528 INFO     Classifier will visit 0 clips for detector "Old Bird Tseep Detector Redux 1.1", station "MSGR", mic output "21c Output", and date 2020-03-26.
2020-03-23 10:03:28,529 INFO     Classified 0 of 0 visited clips in 0.0 seconds.
2020-03-23 10:03:28,532 INFO     Classifier will visit 0 clips for detector "Old Bird Tseep Detector Redux 1.1", station "MSGR", mic output "21c Output", and date 2020-03-27.
2020-03-23 10:03:28,534 INFO     Classified 0 of 0 visited clips in 0.0 seconds.
2020-03-23 10:03:28,536 INFO     Classifier will visit 0 clips for detector "Old Bird Tseep Detector Redux 1.1", station "MSGR", mic output "21c Output", and date 2020-03-28.
2020-03-23 10:03:28,537 INFO     Classified 0 of 0 visited clips in 0.0 seconds.
2020-03-23 10:03:28,539 INFO     Classifier will visit 0 clips for detector "Old Bird Tseep Detector Redux 1.1", station "MSGR", mic output "21c Output", and date 2020-03-29.
2020-03-23 10:03:28,540 INFO     Classified 0 of 0 visited clips in 0.0 seconds.
2020-03-23 10:03:28,543 INFO     Classifier will visit 0 clips for detector "Old Bird Tseep Detector Redux 1.1", station "MSGR", mic output "21c Output", and date 2020-03-30.
2020-03-23 10:03:28,544 INFO     Classified 0 of 0 visited clips in 0.0 seconds.
2020-03-23 10:03:28,551 INFO     Job completed.
