2020-03-22 11:26:15,248 INFO     Job started for command "detect" with arguments:
2020-03-22 11:26:15,249 INFO         {
2020-03-22 11:26:15,250 INFO             "detectors": [
2020-03-22 11:26:15,251 INFO                 "Old Bird Thrush Detector Redux 1.1"
2020-03-22 11:26:15,251 INFO             ],
2020-03-22 11:26:15,252 INFO             "stations": [
2020-03-22 11:26:15,252 INFO                 "MSGR"
2020-03-22 11:26:15,253 INFO             ],
2020-03-22 11:26:15,254 INFO             "start_date": "2020-03-21",
2020-03-22 11:26:15,255 INFO             "end_date": "2020-03-30",
2020-03-22 11:26:15,255 INFO             "schedule": "",
2020-03-22 11:26:15,255 INFO             "defer_clip_creation": false
2020-03-22 11:26:15,255 INFO         }
2020-03-22 11:26:15,270 INFO     This command will process recordings for 1 station-night.
2020-03-22 11:26:15,270 INFO     Processing recordings for station-night 1 of 1 - "MSGR 2020-03-21"...
2020-03-22 11:26:15,272 INFO         Processing recording 1 of 2 - "MSGR / PC / start 2020-03-22 01:00:28+00:00 / duration 14.293 h"...
2020-03-22 11:26:15,274 INFO             Running detector on file "/Volumes/Erebus/msgr-vesper-archive/Recordings/MSGR_2020-03-22_01.00.28_Z.wav"...
2020-03-22 11:27:56,243 INFO             Archived 6840 clips from detector "Old Bird Thrush Detector Redux 1.1".
2020-03-22 11:27:56,243 INFO             Ran 1 detector on 51455 seconds of 1-channel audio in 101 seconds, 510 times faster than real time.
2020-03-22 11:27:56,377 INFO         Processing recording 2 of 2 - "MSGR / PC / start 2020-03-22 03:50:33+00:00 / duration 5.656 h"...
2020-03-22 11:27:56,380 INFO             Running detector on file "/Volumes/Erebus/msgr-vesper-archive/Recordings/MSGR_2020-03-22_03.50.33_Z.wav"...
2020-03-22 11:28:38,962 INFO             Archived 665 clips from detector "Old Bird Thrush Detector Redux 1.1".
2020-03-22 11:28:38,962 INFO             Ran 1 detector on 20363 seconds of 1-channel audio in 43 seconds, 478 times faster than real time.
2020-03-22 11:28:39,016 INFO     Job complete.
