2020-10-21 14:51:20,893 INFO     Job started for command "detect" with arguments:
2020-10-21 14:51:20,894 INFO         {
2020-10-21 14:51:20,895 INFO             "detectors": [
2020-10-21 14:51:20,896 INFO                 "Old Bird Thrush Detector Redux 1.1"
2020-10-21 14:51:20,897 INFO             ],
2020-10-21 14:51:20,897 INFO             "stations": [
2020-10-21 14:51:20,897 INFO                 "MSGR"
2020-10-21 14:51:20,898 INFO             ],
2020-10-21 14:51:20,898 INFO             "start_date": "2020-10-20",
2020-10-21 14:51:20,899 INFO             "end_date": "2020-10-30",
2020-10-21 14:51:20,899 INFO             "schedule": "",
2020-10-21 14:51:20,900 INFO             "defer_clip_creation": false
2020-10-21 14:51:20,901 INFO         }
2020-10-21 14:51:20,909 INFO     This command will process recordings for 1 station-night.
2020-10-21 14:51:20,909 INFO     Processing recordings for station-night 1 of 1 - "MSGR 2020-10-20"...
2020-10-21 14:51:20,910 INFO         Processing recording 1 of 1 - "MSGR / PC / start 2020-10-20 23:33:00+00:00 / duration 10.050 h"...
2020-10-21 14:51:20,914 INFO             Running detector on file "/Volumes/Erebus/msgr-vesper-archive/Recordings/MSGR_2020-10-20_23.33.00_Z.wav"...
2020-10-21 14:53:17,010 INFO             Created 4768 clips from detector "Old Bird Thrush Detector Redux 1.1".
2020-10-21 14:53:17,010 INFO             Ran 1 detector on 36180 seconds of 1-channel audio in 116 seconds, 312 times faster than real time.
2020-10-21 14:53:17,068 INFO     Job completed.
