2020-10-21 20:04:33,470 INFO     Job started for command "export" with arguments:
2020-10-21 20:04:33,471 INFO         {
2020-10-21 20:04:33,471 INFO             "exporter": {
2020-10-21 20:04:33,472 INFO                 "name": "Clip Metadata CSV File Exporter",
2020-10-21 20:04:33,472 INFO                 "arguments": {
2020-10-21 20:04:33,473 INFO                     "output_file_path": "2020-10-20 thrush.csv"
2020-10-21 20:04:33,474 INFO                 }
2020-10-21 20:04:33,475 INFO             },
2020-10-21 20:04:33,476 INFO             "detectors": [
2020-10-21 20:04:33,476 INFO                 "Old Bird Thrush Detector Redux 1.1"
2020-10-21 20:04:33,478 INFO             ],
2020-10-21 20:04:33,479 INFO             "station_mics": [
2020-10-21 20:04:33,481 INFO                 "MSGR / 21c"
2020-10-21 20:04:33,482 INFO             ],
2020-10-21 20:04:33,484 INFO             "classification": "Call*",
2020-10-21 20:04:33,484 INFO             "start_date": "2020-10-20",
2020-10-21 20:04:33,485 INFO             "end_date": "2020-10-21"
2020-10-21 20:04:33,486 INFO         }
2020-10-21 20:04:33,508 INFO     Exporter will visit 8 clips for detector "Old Bird Thrush Detector Redux 1.1", station "MSGR", mic output "21c Output", and date 2020-10-20.
2020-10-21 20:04:33,625 INFO     Exported 8 of 8 visited clips.
2020-10-21 20:04:33,631 INFO     Exporter will visit 0 clips for detector "Old Bird Thrush Detector Redux 1.1", station "MSGR", mic output "21c Output", and date 2020-10-21.
2020-10-21 20:04:33,636 INFO     Exported 0 of 0 visited clips.
2020-10-21 20:04:33,656 INFO     Job completed.
