2020-10-30 09:47:09,530 INFO     Job started for command "classify" with arguments:
2020-10-30 09:47:09,531 INFO         {
2020-10-30 09:47:09,532 INFO             "classifier": "MPG Ranch NFC Coarse Classifier 3.0",
2020-10-30 09:47:09,533 INFO             "annotation_name": "Classification",
2020-10-30 09:47:09,533 INFO             "detectors": [
2020-10-30 09:47:09,535 INFO                 "Old Bird Thrush Detector Redux 1.1"
2020-10-30 09:47:09,535 INFO             ],
2020-10-30 09:47:09,536 INFO             "station_mics": [
2020-10-30 09:47:09,537 INFO                 "MSGR / 21c"
2020-10-30 09:47:09,539 INFO             ],
2020-10-30 09:47:09,540 INFO             "start_date": "2020-10-29",
2020-10-30 09:47:09,540 INFO             "end_date": "2020-10-30"
2020-10-30 09:47:09,541 INFO         }
2020-10-30 09:47:09,552 INFO     Creating TensorFlow estimator from saved model in directory "/Users/richard/miniconda3/envs/vesper-0.4.8/lib/python3.6/site-packages/vesper/mpg_ranch/nfc_coarse_classifier_3_0/Tseep Classifier/TensorFlow SavedModel"...
2020-10-30 09:47:09,554 WARNING  
The TensorFlow contrib module will not be included in TensorFlow 2.0.
For more information, please see:
  * https://github.com/tensorflow/community/blob/master/rfcs/20180907-contrib-sunset.md
  * https://github.com/tensorflow/addons
  * https://github.com/tensorflow/io (for I/O related ops)
If you depend on functionality not listed there, please file an issue.

2020-10-30 09:47:10,363 WARNING  Using temporary folder as model directory: /var/folders/2z/dlxt5tt50nzdlqlx1qvr1zdm0000gn/T/tmpp4iqup7c
2020-10-30 09:47:10,367 WARNING  train mode not found in SavedModel.
2020-10-30 09:47:10,367 WARNING  eval mode not found in SavedModel.
2020-10-30 09:47:10,368 INFO     Loading classifier settings from "/Users/richard/miniconda3/envs/vesper-0.4.8/lib/python3.6/site-packages/vesper/mpg_ranch/nfc_coarse_classifier_3_0/Tseep Classifier/Settings.yaml"...
2020-10-30 09:47:10,381 INFO     Creating TensorFlow estimator from saved model in directory "/Users/richard/miniconda3/envs/vesper-0.4.8/lib/python3.6/site-packages/vesper/mpg_ranch/nfc_coarse_classifier_3_0/Thrush Classifier/TensorFlow SavedModel"...
2020-10-30 09:47:10,383 WARNING  Using temporary folder as model directory: /var/folders/2z/dlxt5tt50nzdlqlx1qvr1zdm0000gn/T/tmpc5pc82se
2020-10-30 09:47:10,386 WARNING  train mode not found in SavedModel.
2020-10-30 09:47:10,386 WARNING  eval mode not found in SavedModel.
2020-10-30 09:47:10,387 INFO     Loading classifier settings from "/Users/richard/miniconda3/envs/vesper-0.4.8/lib/python3.6/site-packages/vesper/mpg_ranch/nfc_coarse_classifier_3_0/Thrush Classifier/Settings.yaml"...
2020-10-30 09:47:10,406 INFO     Classifier will visit 4479 clips for detector "Old Bird Thrush Detector Redux 1.1", station "MSGR", mic output "21c Output", and date 2020-10-29.
2020-10-30 09:48:33,295 WARNING  From /Users/richard/miniconda3/envs/vesper-0.4.8/lib/python3.6/site-packages/tensorflow_core/python/autograph/converters/directives.py:119: The name tf.real is deprecated. Please use tf.math.real instead.

2020-10-30 09:48:33,295 WARNING  From /Users/richard/miniconda3/envs/vesper-0.4.8/lib/python3.6/site-packages/tensorflow_core/python/autograph/converters/directives.py:119: The name tf.conj is deprecated. Please use tf.math.conj instead.

2020-10-30 09:48:33,297 WARNING  From /Users/richard/miniconda3/envs/vesper-0.4.8/lib/python3.6/site-packages/tensorflow_core/python/autograph/converters/directives.py:119: The name tf.log is deprecated. Please use tf.math.log instead.

2020-10-30 09:48:33,536 WARNING  From /Users/richard/miniconda3/envs/vesper-0.4.8/lib/python3.6/site-packages/tensorflow_core/python/autograph/converters/directives.py:119: The name tf.Dimension is deprecated. Please use tf.compat.v1.Dimension instead.

2020-10-30 09:48:33,881 WARNING  From /Users/richard/miniconda3/envs/vesper-0.4.8/lib/python3.6/site-packages/tensorflow_core/python/ops/array_ops.py:1475: where (from tensorflow.python.ops.array_ops) is deprecated and will be removed in a future version.
Instructions for updating:
Use tf.where in 2.0, which has the same broadcast rule as np.where
2020-10-30 09:49:13,472 INFO     Classified 4479 of 4479 visited clips in 123.1 seconds, an average of 36.4 clips per second.
2020-10-30 09:49:13,506 INFO     Classifier will visit 0 clips for detector "Old Bird Thrush Detector Redux 1.1", station "MSGR", mic output "21c Output", and date 2020-10-30.
2020-10-30 09:49:13,508 INFO     Classified 0 of 0 visited clips in 0.0 seconds.
2020-10-30 09:49:13,520 INFO     Job completed.
