2020-08-15 16:16:00,414 INFO     Job started for command "export" with arguments:
2020-08-15 16:16:00,415 INFO         {
2020-08-15 16:16:00,416 INFO             "exporter": {
2020-08-15 16:16:00,416 INFO                 "name": "Clip Audio Files Exporter",
2020-08-15 16:16:00,416 INFO                 "arguments": {
2020-08-15 16:16:00,417 INFO                     "output_dir_path": "clips",
2020-08-15 16:16:00,418 INFO                     "clip_file_name_formatter": {
2020-08-15 16:16:00,418 INFO                         "name": "Simple Clip File Name Formatter"
2020-08-15 16:16:00,419 INFO                     }
2020-08-15 16:16:00,419 INFO                 }
2020-08-15 16:16:00,419 INFO             },
2020-08-15 16:16:00,419 INFO             "detectors": [
2020-08-15 16:16:00,419 INFO                 "Old Bird Tseep Detector Redux 1.1"
2020-08-15 16:16:00,419 INFO             ],
2020-08-15 16:16:00,419 INFO             "station_mics": [
2020-08-15 16:16:00,420 INFO                 "MSGR / 21c"
2020-08-15 16:16:00,420 INFO             ],
2020-08-15 16:16:00,422 INFO             "classification": "Unclassified",
2020-08-15 16:16:00,422 INFO             "start_date": "2020-08-14",
2020-08-15 16:16:00,423 INFO             "end_date": "2020-08-15"
2020-08-15 16:16:00,423 INFO         }
2020-08-15 16:16:00,705 INFO     Exporter will visit 0 clips for detector "Old Bird Tseep Detector Redux 1.1", station "MSGR", mic output "21c Output", and date 2020-08-14.
2020-08-15 16:16:00,931 INFO     Exported 0 of 0 visited clips.
2020-08-15 16:16:00,937 INFO     Exporter will visit 0 clips for detector "Old Bird Tseep Detector Redux 1.1", station "MSGR", mic output "21c Output", and date 2020-08-15.
2020-08-15 16:16:00,939 INFO     Exported 0 of 0 visited clips.
2020-08-15 16:16:00,950 INFO     Job completed.
