2021-05-19 04:39:28,365 WARNING  From /Users/richard/miniconda3/envs/vesper-0.4.8/lib/python3.6/site-packages/vesper/mpg_ranch/nfc_coarse_classifier_3_0/dataset_utils.py:25: The name tf.FixedLenFeature is deprecated. Please use tf.io.FixedLenFeature instead.

2021-05-19 04:39:29,033 ERROR    Preset manager could not read preset file "/Volumes/ABAIA/msgr-vesper-archive-2021/Presets/Clip Album Commands/._Calls.yaml".
2021-05-19 04:39:29,040 ERROR    Preset manager could not read preset file "/Volumes/ABAIA/msgr-vesper-archive-2021/Presets/Clip Album Commands/._Coarse.yaml".
2021-05-19 04:39:29,048 ERROR    Preset manager could not read preset file "/Volumes/ABAIA/msgr-vesper-archive-2021/Presets/Clip Album Settings/._Resizing Clips, Labels Below.yaml".
2021-05-19 04:39:29,050 ERROR    Preset manager could not read preset file "/Volumes/ABAIA/msgr-vesper-archive-2021/Presets/Detection Schedule/._Ithaca 2019.yaml".
2021-05-19 04:39:29,051 ERROR    Preset manager could not read preset file "/Volumes/ABAIA/msgr-vesper-archive-2021/Presets/Station Name Aliases/._Station Name Aliases.yaml".
2021-05-19 04:39:29,052 INFO     Job started for command "import" with arguments:
2021-05-19 04:39:29,052 INFO         {
2021-05-19 04:39:29,052 INFO             "importer": {
2021-05-19 04:39:29,052 INFO                 "name": "Recording Importer",
2021-05-19 04:39:29,052 INFO                 "arguments": {
2021-05-19 04:39:29,052 INFO                     "paths": [
2021-05-19 04:39:29,052 INFO                         "/Volumes/ABAIA/msgr-vesper-archive-2021/Recordings"
2021-05-19 04:39:29,052 INFO                     ],
2021-05-19 04:39:29,052 INFO                     "recursive": false,
2021-05-19 04:39:29,052 INFO                     "recording_file_parser": {
2021-05-19 04:39:29,052 INFO                         "name": "MPG Ranch Recording File Parser",
2021-05-19 04:39:29,052 INFO                         "arguments": {
2021-05-19 04:39:29,052 INFO                             "station_name_aliases_preset": "Station Name Aliases"
2021-05-19 04:39:29,052 INFO                         }
2021-05-19 04:39:29,053 INFO                     }
2021-05-19 04:39:29,053 INFO                 }
2021-05-19 04:39:29,053 INFO             }
2021-05-19 04:39:29,053 INFO         }
2021-05-19 04:39:29,071 ERROR    Recording import failed with an exception.
The exception message was:
    Could not find recorder for recording file "/Volumes/ABAIA/msgr-vesper-archive-2021/Recordings/MSGR_2021-03-31_00.53.00_Z.wav".
The archive was not modified.
See below for exception traceback.
2021-05-19 04:39:29,073 ERROR    Job failed with an exception. See traceback below.
Traceback (most recent call last):
  File "/Users/richard/miniconda3/envs/vesper-0.4.8/lib/python3.6/site-packages/vesper/command/job_runner.py", line 145, in run_job
    complete = command.execute(info)
  File "/Users/richard/miniconda3/envs/vesper-0.4.8/lib/python3.6/site-packages/vesper/command/import_command.py", line 22, in execute
    return self._importer.execute(context)
  File "/Users/richard/miniconda3/envs/vesper-0.4.8/lib/python3.6/site-packages/vesper/command/recording_importer.py", line 57, in execute
    recordings = self._get_recordings()
  File "/Users/richard/miniconda3/envs/vesper-0.4.8/lib/python3.6/site-packages/vesper/command/recording_importer.py", line 84, in _get_recordings
    self._get_path_recording_files(path) for path in self.paths))
  File "/Users/richard/miniconda3/envs/vesper-0.4.8/lib/python3.6/site-packages/vesper/command/recording_importer.py", line 84, in <genexpr>
    self._get_path_recording_files(path) for path in self.paths))
  File "/Users/richard/miniconda3/envs/vesper-0.4.8/lib/python3.6/site-packages/vesper/command/recording_importer.py", line 91, in _get_path_recording_files
    return self._get_dir_recording_files(path)
  File "/Users/richard/miniconda3/envs/vesper-0.4.8/lib/python3.6/site-packages/vesper/command/recording_importer.py", line 106, in _get_dir_recording_files
    file = self._get_recording_file(Path(file_path))
  File "/Users/richard/miniconda3/envs/vesper-0.4.8/lib/python3.6/site-packages/vesper/command/recording_importer.py", line 125, in _get_recording_file
    file = self._parse_recording_file(abs_path)
  File "/Users/richard/miniconda3/envs/vesper-0.4.8/lib/python3.6/site-packages/vesper/command/recording_importer.py", line 200, in _parse_recording_file
    file.recorder = _get_recorder(file)
  File "/Users/richard/miniconda3/envs/vesper-0.4.8/lib/python3.6/site-packages/vesper/command/recording_importer.py", line 342, in _get_recorder
    file.path))
vesper.command.command.CommandExecutionError: Could not find recorder for recording file "/Volumes/ABAIA/msgr-vesper-archive-2021/Recordings/MSGR_2021-03-31_00.53.00_Z.wav".

