2020-10-14 13:00:52,690 INFO     Job started for command "classify" with arguments:
2020-10-14 13:00:52,690 INFO         {
2020-10-14 13:00:52,692 INFO             "classifier": "MPG Ranch NFC Coarse Classifier 3.0",
2020-10-14 13:00:52,693 INFO             "annotation_name": "Classification",
2020-10-14 13:00:52,694 INFO             "detectors": [
2020-10-14 13:00:52,695 INFO                 "Old Bird Tseep Detector Redux 1.1"
2020-10-14 13:00:52,695 INFO             ],
2020-10-14 13:00:52,695 INFO             "station_mics": [
2020-10-14 13:00:52,696 INFO                 "MSGR / 21c"
2020-10-14 13:00:52,696 INFO             ],
2020-10-14 13:00:52,696 INFO             "start_date": "2020-10-08",
2020-10-14 13:00:52,696 INFO             "end_date": "2020-10-15"
2020-10-14 13:00:52,696 INFO         }
2020-10-14 13:00:52,706 INFO     Creating TensorFlow estimator from saved model in directory "/Users/richard/miniconda3/envs/vesper-0.4.8/lib/python3.6/site-packages/vesper/mpg_ranch/nfc_coarse_classifier_3_0/Tseep Classifier/TensorFlow SavedModel"...
2020-10-14 13:00:52,706 WARNING  
The TensorFlow contrib module will not be included in TensorFlow 2.0.
For more information, please see:
  * https://github.com/tensorflow/community/blob/master/rfcs/20180907-contrib-sunset.md
  * https://github.com/tensorflow/addons
  * https://github.com/tensorflow/io (for I/O related ops)
If you depend on functionality not listed there, please file an issue.

2020-10-14 13:00:53,570 WARNING  Using temporary folder as model directory: /var/folders/2z/dlxt5tt50nzdlqlx1qvr1zdm0000gn/T/tmp0xynsjdb
2020-10-14 13:00:53,574 WARNING  train mode not found in SavedModel.
2020-10-14 13:00:53,574 WARNING  eval mode not found in SavedModel.
2020-10-14 13:00:53,574 INFO     Loading classifier settings from "/Users/richard/miniconda3/envs/vesper-0.4.8/lib/python3.6/site-packages/vesper/mpg_ranch/nfc_coarse_classifier_3_0/Tseep Classifier/Settings.yaml"...
2020-10-14 13:00:53,589 INFO     Creating TensorFlow estimator from saved model in directory "/Users/richard/miniconda3/envs/vesper-0.4.8/lib/python3.6/site-packages/vesper/mpg_ranch/nfc_coarse_classifier_3_0/Thrush Classifier/TensorFlow SavedModel"...
2020-10-14 13:00:53,591 WARNING  Using temporary folder as model directory: /var/folders/2z/dlxt5tt50nzdlqlx1qvr1zdm0000gn/T/tmpg34grp3r
2020-10-14 13:00:53,594 WARNING  train mode not found in SavedModel.
2020-10-14 13:00:53,594 WARNING  eval mode not found in SavedModel.
2020-10-14 13:00:53,594 INFO     Loading classifier settings from "/Users/richard/miniconda3/envs/vesper-0.4.8/lib/python3.6/site-packages/vesper/mpg_ranch/nfc_coarse_classifier_3_0/Thrush Classifier/Settings.yaml"...
2020-10-14 13:00:53,614 INFO     Classifier will visit 1580 clips for detector "Old Bird Tseep Detector Redux 1.1", station "MSGR", mic output "21c Output", and date 2020-10-08.
2020-10-14 13:01:10,211 WARNING  From /Users/richard/miniconda3/envs/vesper-0.4.8/lib/python3.6/site-packages/tensorflow_core/python/autograph/converters/directives.py:119: The name tf.real is deprecated. Please use tf.math.real instead.

2020-10-14 13:01:10,211 WARNING  From /Users/richard/miniconda3/envs/vesper-0.4.8/lib/python3.6/site-packages/tensorflow_core/python/autograph/converters/directives.py:119: The name tf.conj is deprecated. Please use tf.math.conj instead.

2020-10-14 13:01:10,213 WARNING  From /Users/richard/miniconda3/envs/vesper-0.4.8/lib/python3.6/site-packages/tensorflow_core/python/autograph/converters/directives.py:119: The name tf.log is deprecated. Please use tf.math.log instead.

2020-10-14 13:01:10,433 WARNING  From /Users/richard/miniconda3/envs/vesper-0.4.8/lib/python3.6/site-packages/tensorflow_core/python/autograph/converters/directives.py:119: The name tf.Dimension is deprecated. Please use tf.compat.v1.Dimension instead.

2020-10-14 13:01:10,790 WARNING  From /Users/richard/miniconda3/envs/vesper-0.4.8/lib/python3.6/site-packages/tensorflow_core/python/ops/array_ops.py:1475: where (from tensorflow.python.ops.array_ops) is deprecated and will be removed in a future version.
Instructions for updating:
Use tf.where in 2.0, which has the same broadcast rule as np.where
2020-10-14 13:01:35,681 INFO     Classified 1580 of 1580 visited clips in 42.1 seconds, an average of 37.5 clips per second.
2020-10-14 13:01:35,691 INFO     Classifier will visit 861 clips for detector "Old Bird Tseep Detector Redux 1.1", station "MSGR", mic output "21c Output", and date 2020-10-09.
2020-10-14 13:01:55,031 INFO     Classified 861 of 861 visited clips in 19.3 seconds, an average of 44.6 clips per second.
2020-10-14 13:01:55,037 INFO     Classifier will visit 3243 clips for detector "Old Bird Tseep Detector Redux 1.1", station "MSGR", mic output "21c Output", and date 2020-10-10.
2020-10-14 13:03:24,170 INFO     Classified 3243 of 3243 visited clips in 89.1 seconds, an average of 36.4 clips per second.
2020-10-14 13:03:24,203 INFO     Classifier will visit 1507 clips for detector "Old Bird Tseep Detector Redux 1.1", station "MSGR", mic output "21c Output", and date 2020-10-11.
2020-10-14 13:03:55,473 INFO     Classified 1507 of 1507 visited clips in 31.3 seconds, an average of 48.1 clips per second.
2020-10-14 13:03:55,481 INFO     Classifier will visit 1199 clips for detector "Old Bird Tseep Detector Redux 1.1", station "MSGR", mic output "21c Output", and date 2020-10-12.
2020-10-14 13:04:36,131 INFO     Classified 1199 of 1199 visited clips in 40.7 seconds, an average of 29.5 clips per second.
2020-10-14 13:04:36,138 INFO     Classifier will visit 8923 clips for detector "Old Bird Tseep Detector Redux 1.1", station "MSGR", mic output "21c Output", and date 2020-10-13.
2020-10-14 13:08:29,640 INFO     Classified 8923 of 8923 visited clips in 233.5 seconds, an average of 38.2 clips per second.
2020-10-14 13:08:29,679 INFO     Classifier will visit 0 clips for detector "Old Bird Tseep Detector Redux 1.1", station "MSGR", mic output "21c Output", and date 2020-10-14.
2020-10-14 13:08:29,681 INFO     Classified 0 of 0 visited clips in 0.0 seconds.
2020-10-14 13:08:29,682 INFO     Classifier will visit 0 clips for detector "Old Bird Tseep Detector Redux 1.1", station "MSGR", mic output "21c Output", and date 2020-10-15.
2020-10-14 13:08:29,685 INFO     Classified 0 of 0 visited clips in 0.0 seconds.
2020-10-14 13:08:29,701 INFO     Job completed.
