2020-06-08 10:19:34,438 INFO     Job started for command "detect" with arguments:
2020-06-08 10:19:34,439 INFO         {
2020-06-08 10:19:34,441 INFO             "detectors": [
2020-06-08 10:19:34,441 INFO                 "Old Bird Thrush Detector Redux 1.1"
2020-06-08 10:19:34,441 INFO             ],
2020-06-08 10:19:34,441 INFO             "stations": [
2020-06-08 10:19:34,442 INFO                 "MSGR"
2020-06-08 10:19:34,443 INFO             ],
2020-06-08 10:19:34,443 INFO             "start_date": "2020-06-04",
2020-06-08 10:19:34,444 INFO             "end_date": "2020-06-05",
2020-06-08 10:19:34,444 INFO             "schedule": "",
2020-06-08 10:19:34,444 INFO             "defer_clip_creation": false
2020-06-08 10:19:34,444 INFO         }
2020-06-08 10:19:34,467 INFO     This command will process recordings for 1 station-night.
2020-06-08 10:19:34,467 INFO     Processing recordings for station-night 1 of 1 - "MSGR 2020-06-04"...
2020-06-08 10:19:34,471 INFO         Processing recording 1 of 1 - "MSGR / PC / start 2020-06-05 00:30:00+00:00 / duration 9.000 h"...
2020-06-08 10:19:34,478 INFO             Running detector on file "/Volumes/Erebus/msgr-vesper-archive/Recordings/MSGR_2020-06-05_00.30.00_Z.wav"...
2020-06-08 10:21:18,459 INFO             Created 956 clips from detector "Old Bird Thrush Detector Redux 1.1".
2020-06-08 10:21:18,459 INFO             Ran 1 detector on 32399 seconds of 1-channel audio in 104 seconds, 312 times faster than real time.
2020-06-08 10:21:18,528 INFO     Job completed.
