2020-10-05 19:19:27,099 INFO     Job started for command "classify" with arguments:
2020-10-05 19:19:27,100 INFO         {
2020-10-05 19:19:27,101 INFO             "classifier": "MPG Ranch NFC Coarse Classifier 3.0",
2020-10-05 19:19:27,102 INFO             "annotation_name": "Classification",
2020-10-05 19:19:27,102 INFO             "detectors": [
2020-10-05 19:19:27,103 INFO                 "Old Bird Tseep Detector Redux 1.1"
2020-10-05 19:19:27,104 INFO             ],
2020-10-05 19:19:27,105 INFO             "station_mics": [
2020-10-05 19:19:27,105 INFO                 "MSGR / 21c"
2020-10-05 19:19:27,105 INFO             ],
2020-10-05 19:19:27,105 INFO             "start_date": "2020-10-04",
2020-10-05 19:19:27,107 INFO             "end_date": "2020-10-05"
2020-10-05 19:19:27,107 INFO         }
2020-10-05 19:19:27,116 INFO     Creating TensorFlow estimator from saved model in directory "/Users/richard/miniconda3/envs/vesper-0.4.8/lib/python3.6/site-packages/vesper/mpg_ranch/nfc_coarse_classifier_3_0/Tseep Classifier/TensorFlow SavedModel"...
2020-10-05 19:19:27,117 WARNING  
The TensorFlow contrib module will not be included in TensorFlow 2.0.
For more information, please see:
  * https://github.com/tensorflow/community/blob/master/rfcs/20180907-contrib-sunset.md
  * https://github.com/tensorflow/addons
  * https://github.com/tensorflow/io (for I/O related ops)
If you depend on functionality not listed there, please file an issue.

2020-10-05 19:19:27,725 WARNING  Using temporary folder as model directory: /var/folders/2z/dlxt5tt50nzdlqlx1qvr1zdm0000gn/T/tmpg5bsipu9
2020-10-05 19:19:27,729 WARNING  train mode not found in SavedModel.
2020-10-05 19:19:27,729 WARNING  eval mode not found in SavedModel.
2020-10-05 19:19:27,729 INFO     Loading classifier settings from "/Users/richard/miniconda3/envs/vesper-0.4.8/lib/python3.6/site-packages/vesper/mpg_ranch/nfc_coarse_classifier_3_0/Tseep Classifier/Settings.yaml"...
2020-10-05 19:19:27,744 INFO     Creating TensorFlow estimator from saved model in directory "/Users/richard/miniconda3/envs/vesper-0.4.8/lib/python3.6/site-packages/vesper/mpg_ranch/nfc_coarse_classifier_3_0/Thrush Classifier/TensorFlow SavedModel"...
2020-10-05 19:19:27,746 WARNING  Using temporary folder as model directory: /var/folders/2z/dlxt5tt50nzdlqlx1qvr1zdm0000gn/T/tmpz_qdgh2g
2020-10-05 19:19:27,749 WARNING  train mode not found in SavedModel.
2020-10-05 19:19:27,750 WARNING  eval mode not found in SavedModel.
2020-10-05 19:19:27,750 INFO     Loading classifier settings from "/Users/richard/miniconda3/envs/vesper-0.4.8/lib/python3.6/site-packages/vesper/mpg_ranch/nfc_coarse_classifier_3_0/Thrush Classifier/Settings.yaml"...
2020-10-05 19:19:27,772 INFO     Classifier will visit 993 clips for detector "Old Bird Tseep Detector Redux 1.1", station "MSGR", mic output "21c Output", and date 2020-10-04.
2020-10-05 19:19:38,804 WARNING  From /Users/richard/miniconda3/envs/vesper-0.4.8/lib/python3.6/site-packages/tensorflow_core/python/autograph/converters/directives.py:119: The name tf.real is deprecated. Please use tf.math.real instead.

2020-10-05 19:19:38,804 WARNING  From /Users/richard/miniconda3/envs/vesper-0.4.8/lib/python3.6/site-packages/tensorflow_core/python/autograph/converters/directives.py:119: The name tf.conj is deprecated. Please use tf.math.conj instead.

2020-10-05 19:19:38,805 WARNING  From /Users/richard/miniconda3/envs/vesper-0.4.8/lib/python3.6/site-packages/tensorflow_core/python/autograph/converters/directives.py:119: The name tf.log is deprecated. Please use tf.math.log instead.

2020-10-05 19:19:39,045 WARNING  From /Users/richard/miniconda3/envs/vesper-0.4.8/lib/python3.6/site-packages/tensorflow_core/python/autograph/converters/directives.py:119: The name tf.Dimension is deprecated. Please use tf.compat.v1.Dimension instead.

2020-10-05 19:19:39,475 WARNING  From /Users/richard/miniconda3/envs/vesper-0.4.8/lib/python3.6/site-packages/tensorflow_core/python/ops/array_ops.py:1475: where (from tensorflow.python.ops.array_ops) is deprecated and will be removed in a future version.
Instructions for updating:
Use tf.where in 2.0, which has the same broadcast rule as np.where
2020-10-05 19:20:04,645 INFO     Classified 993 of 993 visited clips in 36.9 seconds, an average of 26.9 clips per second.
2020-10-05 19:20:04,659 INFO     Classifier will visit 0 clips for detector "Old Bird Tseep Detector Redux 1.1", station "MSGR", mic output "21c Output", and date 2020-10-05.
2020-10-05 19:20:04,669 INFO     Classified 0 of 0 visited clips in 0.0 seconds.
2020-10-05 19:20:04,690 INFO     Job completed.
