2020-09-06 04:51:50,616 INFO     Job started for command "detect" with arguments:
2020-09-06 04:51:50,617 INFO         {
2020-09-06 04:51:50,619 INFO             "detectors": [
2020-09-06 04:51:50,619 INFO                 "Old Bird Tseep Detector Redux 1.1"
2020-09-06 04:51:50,620 INFO             ],
2020-09-06 04:51:50,621 INFO             "stations": [
2020-09-06 04:51:50,621 INFO                 "MSGR"
2020-09-06 04:51:50,622 INFO             ],
2020-09-06 04:51:50,622 INFO             "start_date": "2020-09-04",
2020-09-06 04:51:50,624 INFO             "end_date": "2020-09-04",
2020-09-06 04:51:50,624 INFO             "schedule": "",
2020-09-06 04:51:50,626 INFO             "defer_clip_creation": false
2020-09-06 04:51:50,626 INFO         }
2020-09-06 04:51:50,635 INFO     This command will process recordings for 1 station-night.
2020-09-06 04:51:50,635 INFO     Processing recordings for station-night 1 of 1 - "MSGR 2020-09-04"...
2020-09-06 04:51:50,639 INFO         Processing recording 1 of 1 - "MSGR / PC / start 2020-09-05 01:02:00+00:00 / duration 7.567 h"...
2020-09-06 04:51:50,648 INFO             Running detector on file "/Volumes/Erebus/msgr-vesper-archive/Recordings/MSGR_2020-09-05_01.02.00_Z.wav"...
2020-09-06 04:52:55,576 INFO             Created 1426 clips from detector "Old Bird Tseep Detector Redux 1.1".
2020-09-06 04:52:55,576 INFO             Ran 1 detector on 27240 seconds of 1-channel audio in 65 seconds, 420 times faster than real time.
2020-09-06 04:52:55,618 INFO     Job completed.
