2020-10-08 13:39:20,046 INFO     Job started for command "classify" with arguments:
2020-10-08 13:39:20,046 INFO         {
2020-10-08 13:39:20,047 INFO             "classifier": "MPG Ranch NFC Coarse Classifier 3.0",
2020-10-08 13:39:20,048 INFO             "annotation_name": "Classification",
2020-10-08 13:39:20,049 INFO             "detectors": [
2020-10-08 13:39:20,049 INFO                 "Old Bird Thrush Detector Redux 1.1"
2020-10-08 13:39:20,050 INFO             ],
2020-10-08 13:39:20,051 INFO             "station_mics": [
2020-10-08 13:39:20,052 INFO                 "MSGR / 21c"
2020-10-08 13:39:20,053 INFO             ],
2020-10-08 13:39:20,053 INFO             "start_date": "2020-10-05",
2020-10-08 13:39:20,055 INFO             "end_date": "2020-10-10"
2020-10-08 13:39:20,057 INFO         }
2020-10-08 13:39:20,076 INFO     Creating TensorFlow estimator from saved model in directory "/Users/richard/miniconda3/envs/vesper-0.4.8/lib/python3.6/site-packages/vesper/mpg_ranch/nfc_coarse_classifier_3_0/Tseep Classifier/TensorFlow SavedModel"...
2020-10-08 13:39:20,077 WARNING  
The TensorFlow contrib module will not be included in TensorFlow 2.0.
For more information, please see:
  * https://github.com/tensorflow/community/blob/master/rfcs/20180907-contrib-sunset.md
  * https://github.com/tensorflow/addons
  * https://github.com/tensorflow/io (for I/O related ops)
If you depend on functionality not listed there, please file an issue.

2020-10-08 13:39:21,468 WARNING  Using temporary folder as model directory: /var/folders/2z/dlxt5tt50nzdlqlx1qvr1zdm0000gn/T/tmpihd0b6t5
2020-10-08 13:39:21,475 WARNING  train mode not found in SavedModel.
2020-10-08 13:39:21,475 WARNING  eval mode not found in SavedModel.
2020-10-08 13:39:21,476 INFO     Loading classifier settings from "/Users/richard/miniconda3/envs/vesper-0.4.8/lib/python3.6/site-packages/vesper/mpg_ranch/nfc_coarse_classifier_3_0/Tseep Classifier/Settings.yaml"...
2020-10-08 13:39:21,494 INFO     Creating TensorFlow estimator from saved model in directory "/Users/richard/miniconda3/envs/vesper-0.4.8/lib/python3.6/site-packages/vesper/mpg_ranch/nfc_coarse_classifier_3_0/Thrush Classifier/TensorFlow SavedModel"...
2020-10-08 13:39:21,497 WARNING  Using temporary folder as model directory: /var/folders/2z/dlxt5tt50nzdlqlx1qvr1zdm0000gn/T/tmpdkfqbfza
2020-10-08 13:39:21,502 WARNING  train mode not found in SavedModel.
2020-10-08 13:39:21,502 WARNING  eval mode not found in SavedModel.
2020-10-08 13:39:21,502 INFO     Loading classifier settings from "/Users/richard/miniconda3/envs/vesper-0.4.8/lib/python3.6/site-packages/vesper/mpg_ranch/nfc_coarse_classifier_3_0/Thrush Classifier/Settings.yaml"...
2020-10-08 13:39:21,528 INFO     Classifier will visit 1384 clips for detector "Old Bird Thrush Detector Redux 1.1", station "MSGR", mic output "21c Output", and date 2020-10-05.
2020-10-08 13:39:40,461 WARNING  From /Users/richard/miniconda3/envs/vesper-0.4.8/lib/python3.6/site-packages/tensorflow_core/python/autograph/converters/directives.py:119: The name tf.real is deprecated. Please use tf.math.real instead.

2020-10-08 13:39:40,461 WARNING  From /Users/richard/miniconda3/envs/vesper-0.4.8/lib/python3.6/site-packages/tensorflow_core/python/autograph/converters/directives.py:119: The name tf.conj is deprecated. Please use tf.math.conj instead.

2020-10-08 13:39:40,462 WARNING  From /Users/richard/miniconda3/envs/vesper-0.4.8/lib/python3.6/site-packages/tensorflow_core/python/autograph/converters/directives.py:119: The name tf.log is deprecated. Please use tf.math.log instead.

2020-10-08 13:39:40,743 WARNING  From /Users/richard/miniconda3/envs/vesper-0.4.8/lib/python3.6/site-packages/tensorflow_core/python/autograph/converters/directives.py:119: The name tf.Dimension is deprecated. Please use tf.compat.v1.Dimension instead.

2020-10-08 13:39:41,296 WARNING  From /Users/richard/miniconda3/envs/vesper-0.4.8/lib/python3.6/site-packages/tensorflow_core/python/ops/array_ops.py:1475: where (from tensorflow.python.ops.array_ops) is deprecated and will be removed in a future version.
Instructions for updating:
Use tf.where in 2.0, which has the same broadcast rule as np.where
2020-10-08 13:39:52,587 INFO     Classified 1384 of 1384 visited clips in 31.1 seconds, an average of 44.5 clips per second.
2020-10-08 13:39:52,596 INFO     Classifier will visit 981 clips for detector "Old Bird Thrush Detector Redux 1.1", station "MSGR", mic output "21c Output", and date 2020-10-06.
2020-10-08 13:40:25,771 INFO     Classified 981 of 981 visited clips in 33.2 seconds, an average of 29.5 clips per second.
2020-10-08 13:40:25,781 INFO     Classifier will visit 3259 clips for detector "Old Bird Thrush Detector Redux 1.1", station "MSGR", mic output "21c Output", and date 2020-10-07.
2020-10-08 13:41:33,463 INFO     Classified 3259 of 3259 visited clips in 67.7 seconds, an average of 48.1 clips per second.
2020-10-08 13:41:33,478 INFO     Classifier will visit 0 clips for detector "Old Bird Thrush Detector Redux 1.1", station "MSGR", mic output "21c Output", and date 2020-10-08.
2020-10-08 13:41:33,479 INFO     Classified 0 of 0 visited clips in 0.0 seconds.
2020-10-08 13:41:33,481 INFO     Classifier will visit 0 clips for detector "Old Bird Thrush Detector Redux 1.1", station "MSGR", mic output "21c Output", and date 2020-10-09.
2020-10-08 13:41:33,482 INFO     Classified 0 of 0 visited clips in 0.0 seconds.
2020-10-08 13:41:33,485 INFO     Classifier will visit 0 clips for detector "Old Bird Thrush Detector Redux 1.1", station "MSGR", mic output "21c Output", and date 2020-10-10.
2020-10-08 13:41:33,487 INFO     Classified 0 of 0 visited clips in 0.0 seconds.
2020-10-08 13:41:33,498 INFO     Job completed.
