2020-09-30 14:17:32,603 INFO     Job started for command "classify" with arguments:
2020-09-30 14:17:32,604 INFO         {
2020-09-30 14:17:32,604 INFO             "classifier": "MPG Ranch NFC Coarse Classifier 3.0",
2020-09-30 14:17:32,605 INFO             "annotation_name": "Classification",
2020-09-30 14:17:32,605 INFO             "detectors": [
2020-09-30 14:17:32,605 INFO                 "Old Bird Thrush Detector Redux 1.1"
2020-09-30 14:17:32,605 INFO             ],
2020-09-30 14:17:32,605 INFO             "station_mics": [
2020-09-30 14:17:32,605 INFO                 "MSGR / 21c"
2020-09-30 14:17:32,605 INFO             ],
2020-09-30 14:17:32,605 INFO             "start_date": "2020-09-29",
2020-09-30 14:17:32,605 INFO             "end_date": "2020-10-01"
2020-09-30 14:17:32,606 INFO         }
2020-09-30 14:17:32,618 INFO     Creating TensorFlow estimator from saved model in directory "/Users/richard/miniconda3/envs/vesper-0.4.8/lib/python3.6/site-packages/vesper/mpg_ranch/nfc_coarse_classifier_3_0/Tseep Classifier/TensorFlow SavedModel"...
2020-09-30 14:17:32,618 WARNING  
The TensorFlow contrib module will not be included in TensorFlow 2.0.
For more information, please see:
  * https://github.com/tensorflow/community/blob/master/rfcs/20180907-contrib-sunset.md
  * https://github.com/tensorflow/addons
  * https://github.com/tensorflow/io (for I/O related ops)
If you depend on functionality not listed there, please file an issue.

2020-09-30 14:17:33,497 WARNING  Using temporary folder as model directory: /var/folders/2z/dlxt5tt50nzdlqlx1qvr1zdm0000gn/T/tmp0fhqh4ab
2020-09-30 14:17:33,502 WARNING  train mode not found in SavedModel.
2020-09-30 14:17:33,502 WARNING  eval mode not found in SavedModel.
2020-09-30 14:17:33,503 INFO     Loading classifier settings from "/Users/richard/miniconda3/envs/vesper-0.4.8/lib/python3.6/site-packages/vesper/mpg_ranch/nfc_coarse_classifier_3_0/Tseep Classifier/Settings.yaml"...
2020-09-30 14:17:33,518 INFO     Creating TensorFlow estimator from saved model in directory "/Users/richard/miniconda3/envs/vesper-0.4.8/lib/python3.6/site-packages/vesper/mpg_ranch/nfc_coarse_classifier_3_0/Thrush Classifier/TensorFlow SavedModel"...
2020-09-30 14:17:33,520 WARNING  Using temporary folder as model directory: /var/folders/2z/dlxt5tt50nzdlqlx1qvr1zdm0000gn/T/tmpze7wv9xd
2020-09-30 14:17:33,523 WARNING  train mode not found in SavedModel.
2020-09-30 14:17:33,523 WARNING  eval mode not found in SavedModel.
2020-09-30 14:17:33,524 INFO     Loading classifier settings from "/Users/richard/miniconda3/envs/vesper-0.4.8/lib/python3.6/site-packages/vesper/mpg_ranch/nfc_coarse_classifier_3_0/Thrush Classifier/Settings.yaml"...
2020-09-30 14:17:33,550 INFO     Classifier will visit 5185 clips for detector "Old Bird Thrush Detector Redux 1.1", station "MSGR", mic output "21c Output", and date 2020-09-29.
2020-09-30 14:19:00,363 WARNING  From /Users/richard/miniconda3/envs/vesper-0.4.8/lib/python3.6/site-packages/tensorflow_core/python/autograph/converters/directives.py:119: The name tf.real is deprecated. Please use tf.math.real instead.

2020-09-30 14:19:00,363 WARNING  From /Users/richard/miniconda3/envs/vesper-0.4.8/lib/python3.6/site-packages/tensorflow_core/python/autograph/converters/directives.py:119: The name tf.conj is deprecated. Please use tf.math.conj instead.

2020-09-30 14:19:00,364 WARNING  From /Users/richard/miniconda3/envs/vesper-0.4.8/lib/python3.6/site-packages/tensorflow_core/python/autograph/converters/directives.py:119: The name tf.log is deprecated. Please use tf.math.log instead.

2020-09-30 14:19:00,597 WARNING  From /Users/richard/miniconda3/envs/vesper-0.4.8/lib/python3.6/site-packages/tensorflow_core/python/autograph/converters/directives.py:119: The name tf.Dimension is deprecated. Please use tf.compat.v1.Dimension instead.

2020-09-30 14:19:00,914 WARNING  From /Users/richard/miniconda3/envs/vesper-0.4.8/lib/python3.6/site-packages/tensorflow_core/python/ops/array_ops.py:1475: where (from tensorflow.python.ops.array_ops) is deprecated and will be removed in a future version.
Instructions for updating:
Use tf.where in 2.0, which has the same broadcast rule as np.where
2020-09-30 14:19:56,827 INFO     Classified 5185 of 5185 visited clips in 143.3 seconds, an average of 36.2 clips per second.
2020-09-30 14:19:56,869 INFO     Classifier will visit 0 clips for detector "Old Bird Thrush Detector Redux 1.1", station "MSGR", mic output "21c Output", and date 2020-09-30.
2020-09-30 14:19:56,871 INFO     Classified 0 of 0 visited clips in 0.0 seconds.
2020-09-30 14:19:56,873 INFO     Classifier will visit 0 clips for detector "Old Bird Thrush Detector Redux 1.1", station "MSGR", mic output "21c Output", and date 2020-10-01.
2020-09-30 14:19:56,874 INFO     Classified 0 of 0 visited clips in 0.0 seconds.
2020-09-30 14:19:56,888 INFO     Job completed.
