2020-08-14 08:15:57,644 INFO     Job started for command "detect" with arguments:
2020-08-14 08:15:57,645 INFO         {
2020-08-14 08:15:57,646 INFO             "detectors": [
2020-08-14 08:15:57,646 INFO                 "Old Bird Thrush Detector Redux 1.1"
2020-08-14 08:15:57,646 INFO             ],
2020-08-14 08:15:57,646 INFO             "stations": [
2020-08-14 08:15:57,647 INFO                 "MSGR"
2020-08-14 08:15:57,648 INFO             ],
2020-08-14 08:15:57,648 INFO             "start_date": "2020-08-13",
2020-08-14 08:15:57,649 INFO             "end_date": "2020-08-14",
2020-08-14 08:15:57,649 INFO             "schedule": "",
2020-08-14 08:15:57,650 INFO             "defer_clip_creation": false
2020-08-14 08:15:57,650 INFO         }
2020-08-14 08:15:57,664 INFO     This command will process recordings for 1 station-night.
2020-08-14 08:15:57,665 INFO     Processing recordings for station-night 1 of 1 - "MSGR 2020-08-13"...
2020-08-14 08:15:57,667 INFO         Processing recording 1 of 1 - "MSGR / PC / start 2020-08-14 01:49:00+00:00 / duration 6.200 h"...
2020-08-14 08:15:57,672 INFO             Running detector on file "/Volumes/Erebus/msgr-vesper-archive/Recordings/MSGR_2020-08-14_01.49.00_Z.wav"...
2020-08-14 08:16:57,065 INFO             Created 449 clips from detector "Old Bird Thrush Detector Redux 1.1".
2020-08-14 08:16:57,066 INFO             Ran 1 detector on 22320 seconds of 1-channel audio in 59 seconds, 376 times faster than real time.
2020-08-14 08:16:57,104 INFO     Job completed.
