2020-10-29 09:10:03,512 INFO     Job started for command "detect" with arguments:
2020-10-29 09:10:03,512 INFO         {
2020-10-29 09:10:03,513 INFO             "detectors": [
2020-10-29 09:10:03,514 INFO                 "Old Bird Thrush Detector Redux 1.1"
2020-10-29 09:10:03,514 INFO             ],
2020-10-29 09:10:03,515 INFO             "stations": [
2020-10-29 09:10:03,516 INFO                 "MSGR"
2020-10-29 09:10:03,516 INFO             ],
2020-10-29 09:10:03,516 INFO             "start_date": "2020-10-28",
2020-10-29 09:10:03,517 INFO             "end_date": "2020-10-30",
2020-10-29 09:10:03,518 INFO             "schedule": "",
2020-10-29 09:10:03,519 INFO             "defer_clip_creation": false
2020-10-29 09:10:03,519 INFO         }
2020-10-29 09:10:03,528 INFO     This command will process recordings for 1 station-night.
2020-10-29 09:10:03,528 INFO     Processing recordings for station-night 1 of 1 - "MSGR 2020-10-28"...
2020-10-29 09:10:03,531 INFO         Processing recording 1 of 1 - "MSGR / PC / start 2020-10-28 23:22:00+00:00 / duration 10.400 h"...
2020-10-29 09:10:03,534 INFO             Running detector on file "/Volumes/Erebus/msgr-vesper-archive/Recordings/MSGR_2020-10-28_23.22.00_Z.wav"...
2020-10-29 09:11:48,205 INFO             Created 1911 clips from detector "Old Bird Thrush Detector Redux 1.1".
2020-10-29 09:11:48,206 INFO             Ran 1 detector on 37440 seconds of 1-channel audio in 105 seconds, 358 times faster than real time.
2020-10-29 09:11:48,255 INFO     Job completed.
