2020-11-19 14:24:37,365 INFO     Job started for command "detect" with arguments:
2020-11-19 14:24:37,366 INFO         {
2020-11-19 14:24:37,367 INFO             "detectors": [
2020-11-19 14:24:37,367 INFO                 "Old Bird Thrush Detector Redux 1.1"
2020-11-19 14:24:37,368 INFO             ],
2020-11-19 14:24:37,368 INFO             "stations": [
2020-11-19 14:24:37,369 INFO                 "MSGR"
2020-11-19 14:24:37,369 INFO             ],
2020-11-19 14:24:37,371 INFO             "start_date": "2020-11-14",
2020-11-19 14:24:37,372 INFO             "end_date": "2020-11-19",
2020-11-19 14:24:37,373 INFO             "schedule": "",
2020-11-19 14:24:37,374 INFO             "defer_clip_creation": false
2020-11-19 14:24:37,375 INFO         }
2020-11-19 14:24:37,399 INFO     This command will process recordings for 5 station-nights.
2020-11-19 14:24:37,399 INFO     Processing recordings for station-night 1 of 5 - "MSGR 2020-11-14"...
2020-11-19 14:24:37,403 INFO         Processing recording 1 of 1 - "MSGR / PC / start 2020-11-14 23:04:00+00:00 / duration 11.017 h"...
2020-11-19 14:24:37,408 INFO             Running detector on file "/Volumes/Erebus/msgr-vesper-archive/Recordings/MSGR_2020-11-14_23.04.00_Z.wav"...
2020-11-19 14:27:23,472 INFO             Created 2256 clips from detector "Old Bird Thrush Detector Redux 1.1".
2020-11-19 14:27:23,473 INFO             Ran 1 detector on 39660 seconds of 1-channel audio in 166 seconds, 239 times faster than real time.
2020-11-19 14:27:23,563 INFO     Processing recordings for station-night 2 of 5 - "MSGR 2020-11-15"...
2020-11-19 14:27:23,568 INFO         Processing recording 1 of 1 - "MSGR / PC / start 2020-11-15 23:04:00+00:00 / duration 11.017 h"...
2020-11-19 14:27:23,590 INFO             Running detector on file "/Volumes/Erebus/msgr-vesper-archive/Recordings/MSGR_2020-11-15_23.04.00_Z.wav"...
2020-11-19 14:31:08,307 INFO             Created 3135 clips from detector "Old Bird Thrush Detector Redux 1.1".
2020-11-19 14:31:08,308 INFO             Ran 1 detector on 39660 seconds of 1-channel audio in 225 seconds, 176 times faster than real time.
2020-11-19 14:31:08,411 INFO     Processing recordings for station-night 3 of 5 - "MSGR 2020-11-16"...
2020-11-19 14:31:08,415 INFO         Processing recording 1 of 1 - "MSGR / PC / start 2020-11-16 23:04:00+00:00 / duration 11.017 h"...
2020-11-19 14:31:08,444 INFO             Running detector on file "/Volumes/Erebus/msgr-vesper-archive/Recordings/MSGR_2020-11-16_23.04.00_Z.wav"...
2020-11-19 14:33:46,928 INFO             Created 42 clips from detector "Old Bird Thrush Detector Redux 1.1".
2020-11-19 14:33:46,929 INFO             Ran 1 detector on 39660 seconds of 1-channel audio in 158 seconds, 250 times faster than real time.
2020-11-19 14:33:47,015 INFO     Processing recordings for station-night 4 of 5 - "MSGR 2020-11-17"...
2020-11-19 14:33:47,018 INFO         Processing recording 1 of 1 - "MSGR / PC / start 2020-11-17 23:04:00+00:00 / duration 11.017 h"...
2020-11-19 14:33:47,030 INFO             Running detector on file "/Volumes/Erebus/msgr-vesper-archive/Recordings/MSGR_2020-11-17_23.04.00_Z.wav"...
2020-11-19 14:36:25,081 INFO             Created 2819 clips from detector "Old Bird Thrush Detector Redux 1.1".
2020-11-19 14:36:25,081 INFO             Ran 1 detector on 39660 seconds of 1-channel audio in 158 seconds, 251 times faster than real time.
2020-11-19 14:36:25,167 INFO     Processing recordings for station-night 5 of 5 - "MSGR 2020-11-18"...
2020-11-19 14:36:25,170 INFO         Processing recording 1 of 1 - "MSGR / PC / start 2020-11-18 23:04:00+00:00 / duration 11.017 h"...
2020-11-19 14:36:25,173 INFO             Running detector on file "/Volumes/Erebus/msgr-vesper-archive/Recordings/MSGR_2020-11-18_23.04.00_Z.wav"...
2020-11-19 14:38:40,945 INFO             Created 106 clips from detector "Old Bird Thrush Detector Redux 1.1".
2020-11-19 14:38:40,945 INFO             Ran 1 detector on 39660 seconds of 1-channel audio in 136 seconds, 292 times faster than real time.
2020-11-19 14:38:41,012 INFO     Job completed.
