2020-05-12 08:07:28,070 INFO     Job started for command "detect" with arguments:
2020-05-12 08:07:28,071 INFO         {
2020-05-12 08:07:28,071 INFO             "detectors": [
2020-05-12 08:07:28,071 INFO                 "Old Bird Thrush Detector Redux 1.1"
2020-05-12 08:07:28,071 INFO             ],
2020-05-12 08:07:28,071 INFO             "stations": [
2020-05-12 08:07:28,071 INFO                 "MSGR"
2020-05-12 08:07:28,071 INFO             ],
2020-05-12 08:07:28,072 INFO             "start_date": "2020-04-20",
2020-05-12 08:07:28,072 INFO             "end_date": "2020-05-30",
2020-05-12 08:07:28,073 INFO             "schedule": "",
2020-05-12 08:07:28,073 INFO             "defer_clip_creation": false
2020-05-12 08:07:28,073 INFO         }
2020-05-12 08:07:28,101 INFO     This command will process recordings for 21 station-nights.
2020-05-12 08:07:28,102 INFO     Processing recordings for station-night 1 of 21 - "MSGR 2020-04-20"...
2020-05-12 08:07:28,104 INFO         Processing recording 1 of 1 - "MSGR / PC / start 2020-04-21 00:30:00+00:00 / duration 9.000 h"...
2020-05-12 08:07:28,107 INFO             Running detector on file "/Volumes/Erebus/msgr-vesper-archive/Recordings/MSGR_2020-04-21_00.30.00_Z.wav"...
2020-05-12 08:09:05,694 INFO             Created 1282 clips from detector "Old Bird Thrush Detector Redux 1.1".
2020-05-12 08:09:05,694 INFO             Ran 1 detector on 32400 seconds of 1-channel audio in 98 seconds, 332 times faster than real time.
2020-05-12 08:09:05,737 INFO     Processing recordings for station-night 2 of 21 - "MSGR 2020-04-21"...
2020-05-12 08:09:05,740 INFO         Processing recording 1 of 1 - "MSGR / PC / start 2020-04-22 00:30:00+00:00 / duration 9.000 h"...
2020-05-12 08:09:05,743 INFO             Running detector on file "/Volumes/Erebus/msgr-vesper-archive/Recordings/MSGR_2020-04-22_00.30.00_Z.wav"...
2020-05-12 08:10:27,592 INFO             Created 2314 clips from detector "Old Bird Thrush Detector Redux 1.1".
2020-05-12 08:10:27,592 INFO             Ran 1 detector on 32400 seconds of 1-channel audio in 82 seconds, 396 times faster than real time.
2020-05-12 08:10:27,652 INFO     Processing recordings for station-night 3 of 21 - "MSGR 2020-04-22"...
2020-05-12 08:10:27,654 INFO         Processing recording 1 of 1 - "MSGR / PC / start 2020-04-23 00:30:00+00:00 / duration 9.000 h"...
2020-05-12 08:10:27,656 INFO             Running detector on file "/Volumes/Erebus/msgr-vesper-archive/Recordings/MSGR_2020-04-23_00.30.00_Z.wav"...
2020-05-12 08:11:47,044 INFO             Created 2110 clips from detector "Old Bird Thrush Detector Redux 1.1".
2020-05-12 08:11:47,044 INFO             Ran 1 detector on 32399 seconds of 1-channel audio in 79 seconds, 408 times faster than real time.
2020-05-12 08:11:47,087 INFO     Processing recordings for station-night 4 of 21 - "MSGR 2020-04-23"...
2020-05-12 08:11:47,088 INFO         Processing recording 1 of 1 - "MSGR / PC / start 2020-04-24 00:30:00+00:00 / duration 9.000 h"...
2020-05-12 08:11:47,091 INFO             Running detector on file "/Volumes/Erebus/msgr-vesper-archive/Recordings/MSGR_2020-04-24_00.30.00_Z.wav"...
2020-05-12 08:13:06,148 INFO             Created 1510 clips from detector "Old Bird Thrush Detector Redux 1.1".
2020-05-12 08:13:06,148 INFO             Ran 1 detector on 32400 seconds of 1-channel audio in 79 seconds, 410 times faster than real time.
2020-05-12 08:13:06,191 INFO     Processing recordings for station-night 5 of 21 - "MSGR 2020-04-24"...
2020-05-12 08:13:06,192 INFO         Processing recording 1 of 1 - "MSGR / PC / start 2020-04-25 00:30:00+00:00 / duration 9.000 h"...
2020-05-12 08:13:06,195 INFO             Running detector on file "/Volumes/Erebus/msgr-vesper-archive/Recordings/MSGR_2020-04-25_00.30.00_Z.wav"...
2020-05-12 08:14:27,601 INFO             Created 1707 clips from detector "Old Bird Thrush Detector Redux 1.1".
2020-05-12 08:14:27,601 INFO             Ran 1 detector on 32400 seconds of 1-channel audio in 81 seconds, 398 times faster than real time.
2020-05-12 08:14:27,644 INFO     Processing recordings for station-night 6 of 21 - "MSGR 2020-04-25"...
2020-05-12 08:14:27,645 INFO         Processing recording 1 of 1 - "MSGR / PC / start 2020-04-26 00:30:00+00:00 / duration 9.000 h"...
2020-05-12 08:14:27,648 INFO             Running detector on file "/Volumes/Erebus/msgr-vesper-archive/Recordings/MSGR_2020-04-26_00.30.00_Z.wav"...
2020-05-12 08:15:48,316 INFO             Created 1556 clips from detector "Old Bird Thrush Detector Redux 1.1".
2020-05-12 08:15:48,316 INFO             Ran 1 detector on 32400 seconds of 1-channel audio in 81 seconds, 402 times faster than real time.
2020-05-12 08:15:48,362 INFO     Processing recordings for station-night 7 of 21 - "MSGR 2020-04-27"...
2020-05-12 08:15:48,364 INFO         Processing recording 1 of 1 - "MSGR / PC / start 2020-04-28 00:30:00+00:00 / duration 9.000 h"...
2020-05-12 08:15:48,367 INFO             Running detector on file "/Volumes/Erebus/msgr-vesper-archive/Recordings/MSGR_2020-04-28_00.30.00_Z.wav"...
2020-05-12 08:17:10,290 INFO             Created 2966 clips from detector "Old Bird Thrush Detector Redux 1.1".
2020-05-12 08:17:10,290 INFO             Ran 1 detector on 32400 seconds of 1-channel audio in 82 seconds, 395 times faster than real time.
2020-05-12 08:17:10,335 INFO     Processing recordings for station-night 8 of 21 - "MSGR 2020-04-28"...
2020-05-12 08:17:10,337 INFO         Processing recording 1 of 1 - "MSGR / PC / start 2020-04-29 00:30:00+00:00 / duration 9.000 h"...
2020-05-12 08:17:10,340 INFO             Running detector on file "/Volumes/Erebus/msgr-vesper-archive/Recordings/MSGR_2020-04-29_00.30.00_Z.wav"...
2020-05-12 08:18:29,334 INFO             Created 1292 clips from detector "Old Bird Thrush Detector Redux 1.1".
2020-05-12 08:18:29,334 INFO             Ran 1 detector on 32400 seconds of 1-channel audio in 79 seconds, 410 times faster than real time.
2020-05-12 08:18:29,386 INFO     Processing recordings for station-night 9 of 21 - "MSGR 2020-04-29"...
2020-05-12 08:18:29,387 INFO         Processing recording 1 of 1 - "MSGR / PC / start 2020-04-30 00:30:00+00:00 / duration 9.000 h"...
2020-05-12 08:18:29,390 INFO             Running detector on file "/Volumes/Erebus/msgr-vesper-archive/Recordings/MSGR_2020-04-30_00.30.00_Z.wav"...
2020-05-12 08:19:53,813 INFO             Created 3640 clips from detector "Old Bird Thrush Detector Redux 1.1".
2020-05-12 08:19:53,813 INFO             Ran 1 detector on 32400 seconds of 1-channel audio in 84 seconds, 384 times faster than real time.
2020-05-12 08:19:53,875 INFO     Processing recordings for station-night 10 of 21 - "MSGR 2020-04-30"...
2020-05-12 08:19:53,877 INFO         Processing recording 1 of 1 - "MSGR / PC / start 2020-05-01 00:30:00+00:00 / duration 9.000 h"...
2020-05-12 08:19:53,881 INFO             Running detector on file "/Volumes/Erebus/msgr-vesper-archive/Recordings/MSGR_2020-05-01_00.30.00_Z.wav"...
2020-05-12 08:21:19,602 INFO             Created 1732 clips from detector "Old Bird Thrush Detector Redux 1.1".
2020-05-12 08:21:19,602 INFO             Ran 1 detector on 32399 seconds of 1-channel audio in 86 seconds, 378 times faster than real time.
2020-05-12 08:21:19,653 INFO     Processing recordings for station-night 11 of 21 - "MSGR 2020-05-01"...
2020-05-12 08:21:19,655 INFO         Processing recording 1 of 1 - "MSGR / PC / start 2020-05-02 00:30:00+00:00 / duration 9.000 h"...
2020-05-12 08:21:19,658 INFO             Running detector on file "/Volumes/Erebus/msgr-vesper-archive/Recordings/MSGR_2020-05-02_00.30.00_Z.wav"...
2020-05-12 08:22:39,056 INFO             Created 1019 clips from detector "Old Bird Thrush Detector Redux 1.1".
2020-05-12 08:22:39,056 INFO             Ran 1 detector on 32399 seconds of 1-channel audio in 79 seconds, 408 times faster than real time.
2020-05-12 08:22:39,113 INFO     Processing recordings for station-night 12 of 21 - "MSGR 2020-05-02"...
2020-05-12 08:22:39,115 INFO         Processing recording 1 of 1 - "MSGR / PC / start 2020-05-03 00:30:00+00:00 / duration 9.000 h"...
2020-05-12 08:22:39,118 INFO             Running detector on file "/Volumes/Erebus/msgr-vesper-archive/Recordings/MSGR_2020-05-03_00.30.00_Z.wav"...
2020-05-12 08:23:59,200 INFO             Created 2154 clips from detector "Old Bird Thrush Detector Redux 1.1".
2020-05-12 08:23:59,201 INFO             Ran 1 detector on 32400 seconds of 1-channel audio in 80 seconds, 405 times faster than real time.
2020-05-12 08:23:59,249 INFO     Processing recordings for station-night 13 of 21 - "MSGR 2020-05-03"...
2020-05-12 08:23:59,250 INFO         Processing recording 1 of 1 - "MSGR / PC / start 2020-05-04 01:22:16+00:00 / duration 8.129 h"...
2020-05-12 08:23:59,254 INFO             Running detector on file "/Volumes/Erebus/msgr-vesper-archive/Recordings/MSGR_2020-05-04_01.22.16_Z.wav"...
2020-05-12 08:25:11,044 INFO             Created 1455 clips from detector "Old Bird Thrush Detector Redux 1.1".
2020-05-12 08:25:11,045 INFO             Ran 1 detector on 29264 seconds of 1-channel audio in 72 seconds, 408 times faster than real time.
2020-05-12 08:25:11,094 INFO     Processing recordings for station-night 14 of 21 - "MSGR 2020-05-04"...
2020-05-12 08:25:11,096 INFO         Processing recording 1 of 1 - "MSGR / PC / start 2020-05-05 00:30:00+00:00 / duration 9.000 h"...
2020-05-12 08:25:11,099 INFO             Running detector on file "/Volumes/Erebus/msgr-vesper-archive/Recordings/MSGR_2020-05-05_00.30.00_Z.wav"...
2020-05-12 08:26:31,942 INFO             Created 3234 clips from detector "Old Bird Thrush Detector Redux 1.1".
2020-05-12 08:26:31,942 INFO             Ran 1 detector on 32400 seconds of 1-channel audio in 81 seconds, 401 times faster than real time.
2020-05-12 08:26:31,987 INFO     Processing recordings for station-night 15 of 21 - "MSGR 2020-05-05"...
2020-05-12 08:26:31,989 INFO         Processing recording 1 of 1 - "MSGR / PC / start 2020-05-06 00:30:00+00:00 / duration 9.000 h"...
2020-05-12 08:26:31,992 INFO             Running detector on file "/Volumes/Erebus/msgr-vesper-archive/Recordings/MSGR_2020-05-06_00.30.00_Z.wav"...
2020-05-12 08:27:50,534 INFO             Created 1069 clips from detector "Old Bird Thrush Detector Redux 1.1".
2020-05-12 08:27:50,534 INFO             Ran 1 detector on 32399 seconds of 1-channel audio in 79 seconds, 413 times faster than real time.
2020-05-12 08:27:50,582 INFO     Processing recordings for station-night 16 of 21 - "MSGR 2020-05-06"...
2020-05-12 08:27:50,583 INFO         Processing recording 1 of 1 - "MSGR / PC / start 2020-05-07 03:59:44+00:00 / duration 5.504 h"...
2020-05-12 08:27:50,586 INFO             Running detector on file "/Volumes/Erebus/msgr-vesper-archive/Recordings/MSGR_2020-05-07_03.59.44_Z.wav"...
2020-05-12 08:28:39,151 INFO             Created 737 clips from detector "Old Bird Thrush Detector Redux 1.1".
2020-05-12 08:28:39,151 INFO             Ran 1 detector on 19815 seconds of 1-channel audio in 49 seconds, 408 times faster than real time.
2020-05-12 08:28:39,191 INFO     Processing recordings for station-night 17 of 21 - "MSGR 2020-05-07"...
2020-05-12 08:28:39,193 INFO         Processing recording 1 of 1 - "MSGR / PC / start 2020-05-08 00:30:00+00:00 / duration 9.000 h"...
2020-05-12 08:28:39,195 INFO             Running detector on file "/Volumes/Erebus/msgr-vesper-archive/Recordings/MSGR_2020-05-08_00.30.00_Z.wav"...
2020-05-12 08:30:01,859 INFO             Created 1947 clips from detector "Old Bird Thrush Detector Redux 1.1".
2020-05-12 08:30:01,859 INFO             Ran 1 detector on 32399 seconds of 1-channel audio in 83 seconds, 392 times faster than real time.
2020-05-12 08:30:01,905 INFO     Processing recordings for station-night 18 of 21 - "MSGR 2020-05-08"...
2020-05-12 08:30:01,907 INFO         Processing recording 1 of 1 - "MSGR / PC / start 2020-05-09 00:30:00+00:00 / duration 9.000 h"...
2020-05-12 08:30:01,909 INFO             Running detector on file "/Volumes/Erebus/msgr-vesper-archive/Recordings/MSGR_2020-05-09_00.30.00_Z.wav"...
2020-05-12 08:31:22,125 INFO             Created 372 clips from detector "Old Bird Thrush Detector Redux 1.1".
2020-05-12 08:31:22,125 INFO             Ran 1 detector on 32400 seconds of 1-channel audio in 80 seconds, 404 times faster than real time.
2020-05-12 08:31:22,187 INFO     Processing recordings for station-night 19 of 21 - "MSGR 2020-05-09"...
2020-05-12 08:31:22,188 INFO         Processing recording 1 of 1 - "MSGR / PC / start 2020-05-10 00:30:00+00:00 / duration 9.000 h"...
2020-05-12 08:31:22,192 INFO             Running detector on file "/Volumes/Erebus/msgr-vesper-archive/Recordings/MSGR_2020-05-10_00.30.00_Z.wav"...
2020-05-12 08:32:43,563 INFO             Created 504 clips from detector "Old Bird Thrush Detector Redux 1.1".
2020-05-12 08:32:43,563 INFO             Ran 1 detector on 32400 seconds of 1-channel audio in 81 seconds, 398 times faster than real time.
2020-05-12 08:32:43,606 INFO     Processing recordings for station-night 20 of 21 - "MSGR 2020-05-10"...
2020-05-12 08:32:43,608 INFO         Processing recording 1 of 1 - "MSGR / PC / start 2020-05-11 00:30:00+00:00 / duration 9.000 h"...
2020-05-12 08:32:43,611 INFO             Running detector on file "/Volumes/Erebus/msgr-vesper-archive/Recordings/MSGR_2020-05-11_00.30.00_Z.wav"...
2020-05-12 08:34:04,951 INFO             Created 602 clips from detector "Old Bird Thrush Detector Redux 1.1".
2020-05-12 08:34:04,951 INFO             Ran 1 detector on 32400 seconds of 1-channel audio in 81 seconds, 398 times faster than real time.
2020-05-12 08:34:05,008 INFO     Processing recordings for station-night 21 of 21 - "MSGR 2020-05-11"...
2020-05-12 08:34:05,010 INFO         Processing recording 1 of 1 - "MSGR / PC / start 2020-05-12 00:30:00+00:00 / duration 9.000 h"...
2020-05-12 08:34:05,013 INFO             Running detector on file "/Volumes/Erebus/msgr-vesper-archive/Recordings/MSGR_2020-05-12_00.30.00_Z.wav"...
2020-05-12 08:35:23,356 INFO             Created 355 clips from detector "Old Bird Thrush Detector Redux 1.1".
2020-05-12 08:35:23,356 INFO             Ran 1 detector on 32400 seconds of 1-channel audio in 78 seconds, 414 times faster than real time.
2020-05-12 08:35:23,408 INFO     Job completed.
