2020-03-29 09:49:44,720 INFO     Job started for command "detect" with arguments:
2020-03-29 09:49:44,720 INFO         {
2020-03-29 09:49:44,721 INFO             "detectors": [
2020-03-29 09:49:44,721 INFO                 "Old Bird Thrush Detector Redux 1.1"
2020-03-29 09:49:44,721 INFO             ],
2020-03-29 09:49:44,722 INFO             "stations": [
2020-03-29 09:49:44,722 INFO                 "MSGR"
2020-03-29 09:49:44,722 INFO             ],
2020-03-29 09:49:44,722 INFO             "start_date": "2020-03-27",
2020-03-29 09:49:44,724 INFO             "end_date": "2020-03-30",
2020-03-29 09:49:44,726 INFO             "schedule": "",
2020-03-29 09:49:44,727 INFO             "defer_clip_creation": false
2020-03-29 09:49:44,729 INFO         }
2020-03-29 09:49:44,741 INFO     This command will process recordings for 2 station-nights.
2020-03-29 09:49:44,741 INFO     Processing recordings for station-night 1 of 2 - "MSGR 2020-03-27"...
2020-03-29 09:49:44,745 INFO         Processing recording 1 of 1 - "MSGR / PC / start 2020-03-28 00:30:00+00:00 / duration 9.000 h"...
2020-03-29 09:49:44,750 INFO             Running detector on file "/Volumes/Erebus/msgr-vesper-archive/Recordings/MSGR_2020-03-28_00.30.00_Z.wav"...
2020-03-29 09:51:06,876 INFO             Created 1622 clips from detector "Old Bird Thrush Detector Redux 1.1".
2020-03-29 09:51:06,876 INFO             Ran 1 detector on 32400 seconds of 1-channel audio in 82 seconds, 395 times faster than real time.
2020-03-29 09:51:06,923 INFO     Processing recordings for station-night 2 of 2 - "MSGR 2020-03-28"...
2020-03-29 09:51:06,924 INFO         Processing recording 1 of 1 - "MSGR / PC / start 2020-03-29 00:30:00+00:00 / duration 9.000 h"...
2020-03-29 09:51:06,927 INFO             Running detector on file "/Volumes/Erebus/msgr-vesper-archive/Recordings/MSGR_2020-03-29_00.30.00_Z.wav"...
2020-03-29 09:52:27,068 INFO             Created 1298 clips from detector "Old Bird Thrush Detector Redux 1.1".
2020-03-29 09:52:27,068 INFO             Ran 1 detector on 32400 seconds of 1-channel audio in 80 seconds, 404 times faster than real time.
2020-03-29 09:52:27,121 INFO     Job completed.
