2020-03-10 11:32:24,221 INFO     Job started for command "detect" with arguments:
2020-03-10 11:32:24,221 INFO         {
2020-03-10 11:32:24,222 INFO             "detectors": [
2020-03-10 11:32:24,222 INFO                 "Old Bird Thrush Detector Redux 1.1"
2020-03-10 11:32:24,223 INFO             ],
2020-03-10 11:32:24,224 INFO             "stations": [
2020-03-10 11:32:24,225 INFO                 "MSGR"
2020-03-10 11:32:24,226 INFO             ],
2020-03-10 11:32:24,227 INFO             "start_date": "2020-01-01",
2020-03-10 11:32:24,227 INFO             "end_date": "2020-03-30",
2020-03-10 11:32:24,228 INFO             "schedule": "",
2020-03-10 11:32:24,228 INFO             "defer_clip_creation": false
2020-03-10 11:32:24,228 INFO         }
2020-03-10 11:32:24,237 INFO     This command will process recordings for 3 station-nights.
2020-03-10 11:32:24,237 INFO     Processing recordings for station-night 1 of 3 - "MSGR 2020-03-06"...
2020-03-10 11:32:24,239 INFO         Processing recording 1 of 1 - "MSGR / PC / start 2020-03-07 16:36:23+00:00 / duration 6.874 h"...
2020-03-10 11:32:24,244 INFO             Running detector on file "/Users/richard/src/msgr-vesper-archive/Recordings/MSGR_2020-03-07_16.36.23_Z.wav"...
2020-03-10 11:32:54,679 INFO             Archived 1181 clips from detector "Old Bird Thrush Detector Redux 1.1".
2020-03-10 11:32:54,680 INFO             Ran 1 detector on 24746 seconds of 1-channel audio in 30 seconds, 813 times faster than real time.
2020-03-10 11:32:54,680 INFO     Processing recordings for station-night 2 of 3 - "MSGR 2020-03-08"...
2020-03-10 11:32:54,681 INFO         Processing recording 1 of 1 - "MSGR / PC / start 2020-03-08 16:30:00+00:00 / duration 8.999 h"...
2020-03-10 11:32:54,685 INFO             Running detector on file "/Users/richard/src/msgr-vesper-archive/Recordings/MSGR_2020-03-08_16.30.00_Z.wav"...
2020-03-10 11:33:41,869 INFO             Archived 955 clips from detector "Old Bird Thrush Detector Redux 1.1".
2020-03-10 11:33:41,869 INFO             Ran 1 detector on 32397 seconds of 1-channel audio in 47 seconds, 687 times faster than real time.
2020-03-10 11:33:41,870 INFO     Processing recordings for station-night 3 of 3 - "MSGR 2020-03-09"...
2020-03-10 11:33:41,872 INFO         Processing recording 1 of 1 - "MSGR / PC / start 2020-03-09 16:30:00+00:00 / duration 9.000 h"...
2020-03-10 11:33:41,876 INFO             Running detector on file "/Users/richard/src/msgr-vesper-archive/Recordings/MSGR_2020-03-09_16.30.00_Z.wav"...
2020-03-10 11:34:30,959 INFO             Archived 1707 clips from detector "Old Bird Thrush Detector Redux 1.1".
2020-03-10 11:34:30,959 INFO             Ran 1 detector on 32400 seconds of 1-channel audio in 49 seconds, 660 times faster than real time.
2020-03-10 11:34:30,963 INFO     Job complete.
