2020-09-28 16:02:21,483 INFO     Job started for command "export" with arguments:
2020-09-28 16:02:21,484 INFO         {
2020-09-28 16:02:21,485 INFO             "exporter": {
2020-09-28 16:02:21,485 INFO                 "name": "Clip Metadata CSV File Exporter",
2020-09-28 16:02:21,485 INFO                 "arguments": {
2020-09-28 16:02:21,485 INFO                     "output_file_path": "2020-09-25-on-thrush.csv"
2020-09-28 16:02:21,485 INFO                 }
2020-09-28 16:02:21,485 INFO             },
2020-09-28 16:02:21,486 INFO             "detectors": [
2020-09-28 16:02:21,486 INFO                 "Old Bird Thrush Detector Redux 1.1"
2020-09-28 16:02:21,486 INFO             ],
2020-09-28 16:02:21,486 INFO             "station_mics": [
2020-09-28 16:02:21,488 INFO                 "MSGR / 21c"
2020-09-28 16:02:21,490 INFO             ],
2020-09-28 16:02:21,490 INFO             "classification": "Call*",
2020-09-28 16:02:21,492 INFO             "start_date": "2020-09-25",
2020-09-28 16:02:21,494 INFO             "end_date": "2020-09-30"
2020-09-28 16:02:21,495 INFO         }
2020-09-28 16:02:21,530 INFO     Exporter will visit 26 clips for detector "Old Bird Thrush Detector Redux 1.1", station "MSGR", mic output "21c Output", and date 2020-09-25.
2020-09-28 16:02:21,915 INFO     Exported 26 of 26 visited clips.
2020-09-28 16:02:21,921 INFO     Exporter will visit 7 clips for detector "Old Bird Thrush Detector Redux 1.1", station "MSGR", mic output "21c Output", and date 2020-09-26.
2020-09-28 16:02:21,975 INFO     Exported 7 of 7 visited clips.
2020-09-28 16:02:21,984 INFO     Exporter will visit 5 clips for detector "Old Bird Thrush Detector Redux 1.1", station "MSGR", mic output "21c Output", and date 2020-09-27.
2020-09-28 16:02:22,028 INFO     Exported 5 of 5 visited clips.
2020-09-28 16:02:22,031 INFO     Exporter will visit 0 clips for detector "Old Bird Thrush Detector Redux 1.1", station "MSGR", mic output "21c Output", and date 2020-09-28.
2020-09-28 16:02:22,032 INFO     Exported 0 of 0 visited clips.
2020-09-28 16:02:22,036 INFO     Exporter will visit 0 clips for detector "Old Bird Thrush Detector Redux 1.1", station "MSGR", mic output "21c Output", and date 2020-09-29.
2020-09-28 16:02:22,038 INFO     Exported 0 of 0 visited clips.
2020-09-28 16:02:22,041 INFO     Exporter will visit 0 clips for detector "Old Bird Thrush Detector Redux 1.1", station "MSGR", mic output "21c Output", and date 2020-09-30.
2020-09-28 16:02:22,043 INFO     Exported 0 of 0 visited clips.
2020-09-28 16:02:22,060 INFO     Job completed.
