2020-03-18 10:32:42,520 INFO     Job started for command "import" with arguments:
2020-03-18 10:32:42,520 INFO         {
2020-03-18 10:32:42,522 INFO             "importer": {
2020-03-18 10:32:42,522 INFO                 "name": "Recording Importer",
2020-03-18 10:32:42,522 INFO                 "arguments": {
2020-03-18 10:32:42,522 INFO                     "paths": [
2020-03-18 10:32:42,522 INFO                         "/Volumes/Abaia/vesper/msgr-vesper-archive/Recordings"
2020-03-18 10:32:42,522 INFO                     ],
2020-03-18 10:32:42,522 INFO                     "recursive": false,
2020-03-18 10:32:42,522 INFO                     "recording_file_parser": {
2020-03-18 10:32:42,522 INFO                         "name": "MPG Ranch Recording File Parser",
2020-03-18 10:32:42,522 INFO                         "arguments": {
2020-03-18 10:32:42,522 INFO                             "station_name_aliases_preset": "Station Name Aliases"
2020-03-18 10:32:42,522 INFO                         }
2020-03-18 10:32:42,522 INFO                     }
2020-03-18 10:32:42,522 INFO                 }
2020-03-18 10:32:42,522 INFO             }
2020-03-18 10:32:42,523 INFO         }
2020-03-18 10:32:42,613 INFO     Found 1 new recording and 10 old recordings at the specified paths.
2020-03-18 10:32:42,613 INFO     The new recordings will be imported.
2020-03-18 10:32:42,618 INFO     Imported recording MSGR / PC / start 2020-03-18 00:30:00+00:00 / duration 8.986 h with files:
2020-03-18 10:32:42,618 INFO         MSGR_2020-03-18_00.30.00_Z.wav
2020-03-18 10:32:42,621 INFO     Job complete.
