2020-04-20 09:18:59,911 INFO     Job started for command "detect" with arguments:
2020-04-20 09:18:59,911 INFO         {
2020-04-20 09:18:59,912 INFO             "detectors": [
2020-04-20 09:18:59,913 INFO                 "Old Bird Thrush Detector Redux 1.1"
2020-04-20 09:18:59,913 INFO             ],
2020-04-20 09:18:59,913 INFO             "stations": [
2020-04-20 09:18:59,913 INFO                 "MSGR"
2020-04-20 09:18:59,913 INFO             ],
2020-04-20 09:18:59,913 INFO             "start_date": "2020-04-09",
2020-04-20 09:18:59,914 INFO             "end_date": "2020-04-30",
2020-04-20 09:18:59,914 INFO             "schedule": "",
2020-04-20 09:18:59,914 INFO             "defer_clip_creation": false
2020-04-20 09:18:59,914 INFO         }
2020-04-20 09:18:59,932 INFO     This command will process recordings for 11 station-nights.
2020-04-20 09:18:59,933 INFO     Processing recordings for station-night 1 of 11 - "MSGR 2020-04-09"...
2020-04-20 09:18:59,935 INFO         Processing recording 1 of 1 - "MSGR / PC / start 2020-04-10 00:30:00+00:00 / duration 9.000 h"...
2020-04-20 09:18:59,940 INFO             Running detector on file "/Volumes/Erebus/msgr-vesper-archive/Recordings/MSGR_2020-04-10_00.30.00_Z.wav"...
2020-04-20 09:20:22,879 INFO             Created 2272 clips from detector "Old Bird Thrush Detector Redux 1.1".
2020-04-20 09:20:22,880 INFO             Ran 1 detector on 32400 seconds of 1-channel audio in 83 seconds, 391 times faster than real time.
2020-04-20 09:20:22,923 INFO     Processing recordings for station-night 2 of 11 - "MSGR 2020-04-10"...
2020-04-20 09:20:22,924 INFO         Processing recording 1 of 1 - "MSGR / PC / start 2020-04-11 00:30:00+00:00 / duration 9.000 h"...
2020-04-20 09:20:22,927 INFO             Running detector on file "/Volumes/Erebus/msgr-vesper-archive/Recordings/MSGR_2020-04-11_00.30.00_Z.wav"...
2020-04-20 09:21:41,204 INFO             Created 2092 clips from detector "Old Bird Thrush Detector Redux 1.1".
2020-04-20 09:21:41,204 INFO             Ran 1 detector on 32400 seconds of 1-channel audio in 78 seconds, 414 times faster than real time.
2020-04-20 09:21:41,250 INFO     Processing recordings for station-night 3 of 11 - "MSGR 2020-04-11"...
2020-04-20 09:21:41,251 INFO         Processing recording 1 of 1 - "MSGR / PC / start 2020-04-12 00:30:00+00:00 / duration 9.000 h"...
2020-04-20 09:21:41,253 INFO             Running detector on file "/Volumes/Erebus/msgr-vesper-archive/Recordings/MSGR_2020-04-12_00.30.00_Z.wav"...
2020-04-20 09:22:58,884 INFO             Created 1283 clips from detector "Old Bird Thrush Detector Redux 1.1".
2020-04-20 09:22:58,884 INFO             Ran 1 detector on 32400 seconds of 1-channel audio in 78 seconds, 417 times faster than real time.
2020-04-20 09:22:58,933 INFO     Processing recordings for station-night 4 of 11 - "MSGR 2020-04-12"...
2020-04-20 09:22:58,934 INFO         Processing recording 1 of 1 - "MSGR / PC / start 2020-04-13 00:30:00+00:00 / duration 9.000 h"...
2020-04-20 09:22:58,936 INFO             Running detector on file "/Volumes/Erebus/msgr-vesper-archive/Recordings/MSGR_2020-04-13_00.30.00_Z.wav"...
2020-04-20 09:24:19,763 INFO             Created 1145 clips from detector "Old Bird Thrush Detector Redux 1.1".
2020-04-20 09:24:19,764 INFO             Ran 1 detector on 32400 seconds of 1-channel audio in 81 seconds, 401 times faster than real time.
2020-04-20 09:24:19,810 INFO     Processing recordings for station-night 5 of 11 - "MSGR 2020-04-13"...
2020-04-20 09:24:19,812 INFO         Processing recording 1 of 1 - "MSGR / PC / start 2020-04-14 00:30:00+00:00 / duration 9.000 h"...
2020-04-20 09:24:19,815 INFO             Running detector on file "/Volumes/Erebus/msgr-vesper-archive/Recordings/MSGR_2020-04-14_00.30.00_Z.wav"...
2020-04-20 09:25:43,898 INFO             Created 1430 clips from detector "Old Bird Thrush Detector Redux 1.1".
2020-04-20 09:25:43,898 INFO             Ran 1 detector on 32400 seconds of 1-channel audio in 84 seconds, 385 times faster than real time.
2020-04-20 09:25:43,943 INFO     Processing recordings for station-night 6 of 11 - "MSGR 2020-04-14"...
2020-04-20 09:25:43,945 INFO         Processing recording 1 of 1 - "MSGR / PC / start 2020-04-15 02:04:15+00:00 / duration 7.428 h"...
2020-04-20 09:25:43,947 INFO             Running detector on file "/Volumes/Erebus/msgr-vesper-archive/Recordings/MSGR_2020-04-15_02.04.15_Z.wav"...
2020-04-20 09:27:00,959 INFO             Created 282 clips from detector "Old Bird Thrush Detector Redux 1.1".
2020-04-20 09:27:00,959 INFO             Ran 1 detector on 26742 seconds of 1-channel audio in 77 seconds, 347 times faster than real time.
2020-04-20 09:27:01,018 INFO     Processing recordings for station-night 7 of 11 - "MSGR 2020-04-15"...
2020-04-20 09:27:01,022 INFO         Processing recording 1 of 1 - "MSGR / PC / start 2020-04-16 00:30:00+00:00 / duration 9.000 h"...
2020-04-20 09:27:01,027 INFO             Running detector on file "/Volumes/Erebus/msgr-vesper-archive/Recordings/MSGR_2020-04-16_00.30.00_Z.wav"...
2020-04-20 09:28:41,662 INFO             Created 1465 clips from detector "Old Bird Thrush Detector Redux 1.1".
2020-04-20 09:28:41,662 INFO             Ran 1 detector on 32400 seconds of 1-channel audio in 101 seconds, 322 times faster than real time.
2020-04-20 09:28:41,712 INFO     Processing recordings for station-night 8 of 11 - "MSGR 2020-04-16"...
2020-04-20 09:28:41,714 INFO         Processing recording 1 of 1 - "MSGR / PC / start 2020-04-17 00:30:00+00:00 / duration 9.000 h"...
2020-04-20 09:28:41,718 INFO             Running detector on file "/Volumes/Erebus/msgr-vesper-archive/Recordings/MSGR_2020-04-17_00.30.00_Z.wav"...
2020-04-20 09:30:14,622 INFO             Created 1425 clips from detector "Old Bird Thrush Detector Redux 1.1".
2020-04-20 09:30:14,622 INFO             Ran 1 detector on 32400 seconds of 1-channel audio in 93 seconds, 349 times faster than real time.
2020-04-20 09:30:14,675 INFO     Processing recordings for station-night 9 of 11 - "MSGR 2020-04-17"...
2020-04-20 09:30:14,676 INFO         Processing recording 1 of 1 - "MSGR / PC / start 2020-04-18 00:30:00+00:00 / duration 9.000 h"...
2020-04-20 09:30:14,679 INFO             Running detector on file "/Volumes/Erebus/msgr-vesper-archive/Recordings/MSGR_2020-04-18_00.30.00_Z.wav"...
2020-04-20 09:31:38,312 INFO             Created 891 clips from detector "Old Bird Thrush Detector Redux 1.1".
2020-04-20 09:31:38,312 INFO             Ran 1 detector on 32399 seconds of 1-channel audio in 84 seconds, 387 times faster than real time.
2020-04-20 09:31:38,360 INFO     Processing recordings for station-night 10 of 11 - "MSGR 2020-04-18"...
2020-04-20 09:31:38,362 INFO         Processing recording 1 of 1 - "MSGR / PC / start 2020-04-19 00:30:00+00:00 / duration 9.000 h"...
2020-04-20 09:31:38,365 INFO             Running detector on file "/Volumes/Erebus/msgr-vesper-archive/Recordings/MSGR_2020-04-19_00.30.00_Z.wav"...
2020-04-20 09:32:59,947 INFO             Created 1184 clips from detector "Old Bird Thrush Detector Redux 1.1".
2020-04-20 09:32:59,947 INFO             Ran 1 detector on 32400 seconds of 1-channel audio in 82 seconds, 397 times faster than real time.
2020-04-20 09:33:00,003 INFO     Processing recordings for station-night 11 of 11 - "MSGR 2020-04-19"...
2020-04-20 09:33:00,004 INFO         Processing recording 1 of 1 - "MSGR / PC / start 2020-04-20 00:30:00+00:00 / duration 9.000 h"...
2020-04-20 09:33:00,007 INFO             Running detector on file "/Volumes/Erebus/msgr-vesper-archive/Recordings/MSGR_2020-04-20_00.30.00_Z.wav"...
2020-04-20 09:34:20,308 INFO             Created 2749 clips from detector "Old Bird Thrush Detector Redux 1.1".
2020-04-20 09:34:20,309 INFO             Ran 1 detector on 32400 seconds of 1-channel audio in 80 seconds, 403 times faster than real time.
2020-04-20 09:34:20,360 INFO     Job completed.
