2020-08-14 08:19:36,090 INFO     Job started for command "classify" with arguments:
2020-08-14 08:19:36,091 INFO         {
2020-08-14 08:19:36,093 INFO             "classifier": "MPG Ranch NFC Coarse Classifier 3.0",
2020-08-14 08:19:36,093 INFO             "annotation_name": "Classification",
2020-08-14 08:19:36,094 INFO             "detectors": [
2020-08-14 08:19:36,094 INFO                 "Old Bird Tseep Detector Redux 1.1"
2020-08-14 08:19:36,094 INFO             ],
2020-08-14 08:19:36,094 INFO             "station_mics": [
2020-08-14 08:19:36,094 INFO                 "MSGR / 21c"
2020-08-14 08:19:36,094 INFO             ],
2020-08-14 08:19:36,094 INFO             "start_date": "2020-08-13",
2020-08-14 08:19:36,094 INFO             "end_date": "2020-08-14"
2020-08-14 08:19:36,094 INFO         }
2020-08-14 08:19:36,107 INFO     Creating TensorFlow estimator from saved model in directory "/Users/richard/miniconda3/envs/vesper-0.4.8/lib/python3.6/site-packages/vesper/mpg_ranch/nfc_coarse_classifier_3_0/Tseep Classifier/TensorFlow SavedModel"...
2020-08-14 08:19:36,108 WARNING  
The TensorFlow contrib module will not be included in TensorFlow 2.0.
For more information, please see:
  * https://github.com/tensorflow/community/blob/master/rfcs/20180907-contrib-sunset.md
  * https://github.com/tensorflow/addons
  * https://github.com/tensorflow/io (for I/O related ops)
If you depend on functionality not listed there, please file an issue.

2020-08-14 08:19:36,744 WARNING  Using temporary folder as model directory: /var/folders/2z/dlxt5tt50nzdlqlx1qvr1zdm0000gn/T/tmpc289ccm4
2020-08-14 08:19:36,748 WARNING  train mode not found in SavedModel.
2020-08-14 08:19:36,748 WARNING  eval mode not found in SavedModel.
2020-08-14 08:19:36,748 INFO     Loading classifier settings from "/Users/richard/miniconda3/envs/vesper-0.4.8/lib/python3.6/site-packages/vesper/mpg_ranch/nfc_coarse_classifier_3_0/Tseep Classifier/Settings.yaml"...
2020-08-14 08:19:36,763 INFO     Creating TensorFlow estimator from saved model in directory "/Users/richard/miniconda3/envs/vesper-0.4.8/lib/python3.6/site-packages/vesper/mpg_ranch/nfc_coarse_classifier_3_0/Thrush Classifier/TensorFlow SavedModel"...
2020-08-14 08:19:36,765 WARNING  Using temporary folder as model directory: /var/folders/2z/dlxt5tt50nzdlqlx1qvr1zdm0000gn/T/tmpaocsn9s8
2020-08-14 08:19:36,768 WARNING  train mode not found in SavedModel.
2020-08-14 08:19:36,768 WARNING  eval mode not found in SavedModel.
2020-08-14 08:19:36,768 INFO     Loading classifier settings from "/Users/richard/miniconda3/envs/vesper-0.4.8/lib/python3.6/site-packages/vesper/mpg_ranch/nfc_coarse_classifier_3_0/Thrush Classifier/Settings.yaml"...
2020-08-14 08:19:36,789 INFO     Classifier will visit 345 clips for detector "Old Bird Tseep Detector Redux 1.1", station "MSGR", mic output "21c Output", and date 2020-08-13.
2020-08-14 08:19:40,862 WARNING  From /Users/richard/miniconda3/envs/vesper-0.4.8/lib/python3.6/site-packages/tensorflow_core/python/autograph/converters/directives.py:119: The name tf.real is deprecated. Please use tf.math.real instead.

2020-08-14 08:19:40,862 WARNING  From /Users/richard/miniconda3/envs/vesper-0.4.8/lib/python3.6/site-packages/tensorflow_core/python/autograph/converters/directives.py:119: The name tf.conj is deprecated. Please use tf.math.conj instead.

2020-08-14 08:19:40,863 WARNING  From /Users/richard/miniconda3/envs/vesper-0.4.8/lib/python3.6/site-packages/tensorflow_core/python/autograph/converters/directives.py:119: The name tf.log is deprecated. Please use tf.math.log instead.

2020-08-14 08:19:41,111 WARNING  From /Users/richard/miniconda3/envs/vesper-0.4.8/lib/python3.6/site-packages/tensorflow_core/python/autograph/converters/directives.py:119: The name tf.Dimension is deprecated. Please use tf.compat.v1.Dimension instead.

2020-08-14 08:19:41,440 WARNING  From /Users/richard/miniconda3/envs/vesper-0.4.8/lib/python3.6/site-packages/tensorflow_core/python/ops/array_ops.py:1475: where (from tensorflow.python.ops.array_ops) is deprecated and will be removed in a future version.
Instructions for updating:
Use tf.where in 2.0, which has the same broadcast rule as np.where
2020-08-14 08:19:48,570 INFO     Classified 345 of 345 visited clips in 11.8 seconds, an average of 29.2 clips per second.
2020-08-14 08:19:48,574 INFO     Classifier will visit 0 clips for detector "Old Bird Tseep Detector Redux 1.1", station "MSGR", mic output "21c Output", and date 2020-08-14.
2020-08-14 08:19:48,585 INFO     Classified 0 of 0 visited clips in 0.0 seconds.
2020-08-14 08:19:48,598 INFO     Job completed.
