2020-05-25 11:52:26,804 INFO     Job started for command "detect" with arguments:
2020-05-25 11:52:26,814 INFO         {
2020-05-25 11:52:26,815 INFO             "detectors": [
2020-05-25 11:52:26,815 INFO                 "Old Bird Tseep Detector Redux 1.1"
2020-05-25 11:52:26,815 INFO             ],
2020-05-25 11:52:26,815 INFO             "stations": [
2020-05-25 11:52:26,815 INFO                 "MSGR"
2020-05-25 11:52:26,815 INFO             ],
2020-05-25 11:52:26,815 INFO             "start_date": "2020-05-20",
2020-05-25 11:52:26,815 INFO             "end_date": "2020-05-30",
2020-05-25 11:52:26,815 INFO             "schedule": "",
2020-05-25 11:52:26,815 INFO             "defer_clip_creation": false
2020-05-25 11:52:26,816 INFO         }
2020-05-25 11:52:26,874 INFO     This command will process recordings for 5 station-nights.
2020-05-25 11:52:26,874 INFO     Processing recordings for station-night 1 of 5 - "MSGR 2020-05-20"...
2020-05-25 11:52:26,879 INFO         Processing recording 1 of 1 - "MSGR / PC / start 2020-05-21 00:30:00+00:00 / duration 9.000 h"...
2020-05-25 11:52:26,889 INFO             Running detector on file "/Volumes/Erebus/msgr-vesper-archive/Recordings/MSGR_2020-05-21_00.30.00_Z.wav"...
2020-05-25 11:54:11,521 INFO             Created 1922 clips from detector "Old Bird Tseep Detector Redux 1.1".
2020-05-25 11:54:11,521 INFO             Ran 1 detector on 32400 seconds of 1-channel audio in 105 seconds, 310 times faster than real time.
2020-05-25 11:54:11,562 INFO     Processing recordings for station-night 2 of 5 - "MSGR 2020-05-21"...
2020-05-25 11:54:11,564 INFO         Processing recording 1 of 1 - "MSGR / PC / start 2020-05-22 00:30:00+00:00 / duration 9.000 h"...
2020-05-25 11:54:11,566 INFO             Running detector on file "/Volumes/Erebus/msgr-vesper-archive/Recordings/MSGR_2020-05-22_00.30.00_Z.wav"...
2020-05-25 11:55:34,098 INFO             Created 2252 clips from detector "Old Bird Tseep Detector Redux 1.1".
2020-05-25 11:55:34,098 INFO             Ran 1 detector on 32400 seconds of 1-channel audio in 83 seconds, 393 times faster than real time.
2020-05-25 11:55:34,143 INFO     Processing recordings for station-night 3 of 5 - "MSGR 2020-05-22"...
2020-05-25 11:55:34,144 INFO         Processing recording 1 of 1 - "MSGR / PC / start 2020-05-23 00:30:00+00:00 / duration 9.000 h"...
2020-05-25 11:55:34,148 INFO             Running detector on file "/Volumes/Erebus/msgr-vesper-archive/Recordings/MSGR_2020-05-23_00.30.00_Z.wav"...
2020-05-25 11:56:50,294 INFO             Created 1611 clips from detector "Old Bird Tseep Detector Redux 1.1".
2020-05-25 11:56:50,294 INFO             Ran 1 detector on 32400 seconds of 1-channel audio in 76 seconds, 425 times faster than real time.
2020-05-25 11:56:50,344 INFO     Processing recordings for station-night 4 of 5 - "MSGR 2020-05-23"...
2020-05-25 11:56:50,346 INFO         Processing recording 1 of 1 - "MSGR / PC / start 2020-05-24 00:30:00+00:00 / duration 9.000 h"...
2020-05-25 11:56:50,349 INFO             Running detector on file "/Volumes/Erebus/msgr-vesper-archive/Recordings/MSGR_2020-05-24_00.30.00_Z.wav"...
2020-05-25 11:58:16,582 INFO             Created 1703 clips from detector "Old Bird Tseep Detector Redux 1.1".
2020-05-25 11:58:16,583 INFO             Ran 1 detector on 32400 seconds of 1-channel audio in 86 seconds, 376 times faster than real time.
2020-05-25 11:58:16,626 INFO     Processing recordings for station-night 5 of 5 - "MSGR 2020-05-24"...
2020-05-25 11:58:16,628 INFO         Processing recording 1 of 1 - "MSGR / PC / start 2020-05-25 00:30:00+00:00 / duration 9.000 h"...
2020-05-25 11:58:16,631 INFO             Running detector on file "/Volumes/Erebus/msgr-vesper-archive/Recordings/MSGR_2020-05-25_00.30.00_Z.wav"...
2020-05-25 11:59:27,305 INFO             Created 1818 clips from detector "Old Bird Tseep Detector Redux 1.1".
2020-05-25 11:59:27,305 INFO             Ran 1 detector on 32400 seconds of 1-channel audio in 71 seconds, 458 times faster than real time.
2020-05-25 11:59:27,354 INFO     Job completed.
