2020-05-12 08:07:38,738 INFO     Job started for command "detect" with arguments:
2020-05-12 08:07:38,739 INFO         {
2020-05-12 08:07:38,740 INFO             "detectors": [
2020-05-12 08:07:38,740 INFO                 "Old Bird Tseep Detector Redux 1.1"
2020-05-12 08:07:38,741 INFO             ],
2020-05-12 08:07:38,741 INFO             "stations": [
2020-05-12 08:07:38,741 INFO                 "MSGR"
2020-05-12 08:07:38,741 INFO             ],
2020-05-12 08:07:38,741 INFO             "start_date": "2020-04-20",
2020-05-12 08:07:38,741 INFO             "end_date": "2020-05-30",
2020-05-12 08:07:38,742 INFO             "schedule": "",
2020-05-12 08:07:38,742 INFO             "defer_clip_creation": false
2020-05-12 08:07:38,743 INFO         }
2020-05-12 08:07:38,787 INFO     This command will process recordings for 21 station-nights.
2020-05-12 08:07:38,787 INFO     Processing recordings for station-night 1 of 21 - "MSGR 2020-04-20"...
2020-05-12 08:07:38,790 INFO         Processing recording 1 of 1 - "MSGR / PC / start 2020-04-21 00:30:00+00:00 / duration 9.000 h"...
2020-05-12 08:07:38,797 INFO             Running detector on file "/Volumes/Erebus/msgr-vesper-archive/Recordings/MSGR_2020-04-21_00.30.00_Z.wav"...
2020-05-12 08:09:08,803 INFO             Created 996 clips from detector "Old Bird Tseep Detector Redux 1.1".
2020-05-12 08:09:08,804 INFO             Ran 1 detector on 32400 seconds of 1-channel audio in 90 seconds, 360 times faster than real time.
2020-05-12 08:09:08,849 INFO     Processing recordings for station-night 2 of 21 - "MSGR 2020-04-21"...
2020-05-12 08:09:08,852 INFO         Processing recording 1 of 1 - "MSGR / PC / start 2020-04-22 00:30:00+00:00 / duration 9.000 h"...
2020-05-12 08:09:08,856 INFO             Running detector on file "/Volumes/Erebus/msgr-vesper-archive/Recordings/MSGR_2020-04-22_00.30.00_Z.wav"...
2020-05-12 08:10:26,926 INFO             Created 3064 clips from detector "Old Bird Tseep Detector Redux 1.1".
2020-05-12 08:10:26,927 INFO             Ran 1 detector on 32400 seconds of 1-channel audio in 78 seconds, 415 times faster than real time.
2020-05-12 08:10:26,970 INFO     Processing recordings for station-night 3 of 21 - "MSGR 2020-04-22"...
2020-05-12 08:10:26,971 INFO         Processing recording 1 of 1 - "MSGR / PC / start 2020-04-23 00:30:00+00:00 / duration 9.000 h"...
2020-05-12 08:10:26,975 INFO             Running detector on file "/Volumes/Erebus/msgr-vesper-archive/Recordings/MSGR_2020-04-23_00.30.00_Z.wav"...
2020-05-12 08:11:43,581 INFO             Created 1676 clips from detector "Old Bird Tseep Detector Redux 1.1".
2020-05-12 08:11:43,581 INFO             Ran 1 detector on 32399 seconds of 1-channel audio in 77 seconds, 423 times faster than real time.
2020-05-12 08:11:43,624 INFO     Processing recordings for station-night 4 of 21 - "MSGR 2020-04-23"...
2020-05-12 08:11:43,626 INFO         Processing recording 1 of 1 - "MSGR / PC / start 2020-04-24 00:30:00+00:00 / duration 9.000 h"...
2020-05-12 08:11:43,629 INFO             Running detector on file "/Volumes/Erebus/msgr-vesper-archive/Recordings/MSGR_2020-04-24_00.30.00_Z.wav"...
2020-05-12 08:12:59,891 INFO             Created 1092 clips from detector "Old Bird Tseep Detector Redux 1.1".
2020-05-12 08:12:59,891 INFO             Ran 1 detector on 32400 seconds of 1-channel audio in 76 seconds, 425 times faster than real time.
2020-05-12 08:12:59,935 INFO     Processing recordings for station-night 5 of 21 - "MSGR 2020-04-24"...
2020-05-12 08:12:59,936 INFO         Processing recording 1 of 1 - "MSGR / PC / start 2020-04-25 00:30:00+00:00 / duration 9.000 h"...
2020-05-12 08:12:59,939 INFO             Running detector on file "/Volumes/Erebus/msgr-vesper-archive/Recordings/MSGR_2020-04-25_00.30.00_Z.wav"...
2020-05-12 08:14:18,184 INFO             Created 1323 clips from detector "Old Bird Tseep Detector Redux 1.1".
2020-05-12 08:14:18,184 INFO             Ran 1 detector on 32400 seconds of 1-channel audio in 78 seconds, 414 times faster than real time.
2020-05-12 08:14:18,248 INFO     Processing recordings for station-night 6 of 21 - "MSGR 2020-04-25"...
2020-05-12 08:14:18,249 INFO         Processing recording 1 of 1 - "MSGR / PC / start 2020-04-26 00:30:00+00:00 / duration 9.000 h"...
2020-05-12 08:14:18,253 INFO             Running detector on file "/Volumes/Erebus/msgr-vesper-archive/Recordings/MSGR_2020-04-26_00.30.00_Z.wav"...
2020-05-12 08:15:36,924 INFO             Created 1564 clips from detector "Old Bird Tseep Detector Redux 1.1".
2020-05-12 08:15:36,924 INFO             Ran 1 detector on 32400 seconds of 1-channel audio in 79 seconds, 412 times faster than real time.
2020-05-12 08:15:36,981 INFO     Processing recordings for station-night 7 of 21 - "MSGR 2020-04-27"...
2020-05-12 08:15:36,984 INFO         Processing recording 1 of 1 - "MSGR / PC / start 2020-04-28 00:30:00+00:00 / duration 9.000 h"...
2020-05-12 08:15:36,987 INFO             Running detector on file "/Volumes/Erebus/msgr-vesper-archive/Recordings/MSGR_2020-04-28_00.30.00_Z.wav"...
2020-05-12 08:16:55,511 INFO             Created 3034 clips from detector "Old Bird Tseep Detector Redux 1.1".
2020-05-12 08:16:55,511 INFO             Ran 1 detector on 32400 seconds of 1-channel audio in 79 seconds, 413 times faster than real time.
2020-05-12 08:16:55,556 INFO     Processing recordings for station-night 8 of 21 - "MSGR 2020-04-28"...
2020-05-12 08:16:55,557 INFO         Processing recording 1 of 1 - "MSGR / PC / start 2020-04-29 00:30:00+00:00 / duration 9.000 h"...
2020-05-12 08:16:55,560 INFO             Running detector on file "/Volumes/Erebus/msgr-vesper-archive/Recordings/MSGR_2020-04-29_00.30.00_Z.wav"...
2020-05-12 08:18:13,728 INFO             Created 1388 clips from detector "Old Bird Tseep Detector Redux 1.1".
2020-05-12 08:18:13,728 INFO             Ran 1 detector on 32400 seconds of 1-channel audio in 78 seconds, 414 times faster than real time.
2020-05-12 08:18:13,772 INFO     Processing recordings for station-night 9 of 21 - "MSGR 2020-04-29"...
2020-05-12 08:18:13,774 INFO         Processing recording 1 of 1 - "MSGR / PC / start 2020-04-30 00:30:00+00:00 / duration 9.000 h"...
2020-05-12 08:18:13,776 INFO             Running detector on file "/Volumes/Erebus/msgr-vesper-archive/Recordings/MSGR_2020-04-30_00.30.00_Z.wav"...
2020-05-12 08:19:35,023 INFO             Created 4842 clips from detector "Old Bird Tseep Detector Redux 1.1".
2020-05-12 08:19:35,023 INFO             Ran 1 detector on 32400 seconds of 1-channel audio in 81 seconds, 399 times faster than real time.
2020-05-12 08:19:35,069 INFO     Processing recordings for station-night 10 of 21 - "MSGR 2020-04-30"...
2020-05-12 08:19:35,070 INFO         Processing recording 1 of 1 - "MSGR / PC / start 2020-05-01 00:30:00+00:00 / duration 9.000 h"...
2020-05-12 08:19:35,073 INFO             Running detector on file "/Volumes/Erebus/msgr-vesper-archive/Recordings/MSGR_2020-05-01_00.30.00_Z.wav"...
2020-05-12 08:20:59,152 INFO             Created 933 clips from detector "Old Bird Tseep Detector Redux 1.1".
2020-05-12 08:20:59,152 INFO             Ran 1 detector on 32399 seconds of 1-channel audio in 84 seconds, 385 times faster than real time.
2020-05-12 08:20:59,196 INFO     Processing recordings for station-night 11 of 21 - "MSGR 2020-05-01"...
2020-05-12 08:20:59,197 INFO         Processing recording 1 of 1 - "MSGR / PC / start 2020-05-02 00:30:00+00:00 / duration 9.000 h"...
2020-05-12 08:20:59,200 INFO             Running detector on file "/Volumes/Erebus/msgr-vesper-archive/Recordings/MSGR_2020-05-02_00.30.00_Z.wav"...
2020-05-12 08:22:15,805 INFO             Created 474 clips from detector "Old Bird Tseep Detector Redux 1.1".
2020-05-12 08:22:15,805 INFO             Ran 1 detector on 32399 seconds of 1-channel audio in 77 seconds, 423 times faster than real time.
2020-05-12 08:22:15,847 INFO     Processing recordings for station-night 12 of 21 - "MSGR 2020-05-02"...
2020-05-12 08:22:15,849 INFO         Processing recording 1 of 1 - "MSGR / PC / start 2020-05-03 00:30:00+00:00 / duration 9.000 h"...
2020-05-12 08:22:15,852 INFO             Running detector on file "/Volumes/Erebus/msgr-vesper-archive/Recordings/MSGR_2020-05-03_00.30.00_Z.wav"...
2020-05-12 08:23:35,130 INFO             Created 3425 clips from detector "Old Bird Tseep Detector Redux 1.1".
2020-05-12 08:23:35,130 INFO             Ran 1 detector on 32400 seconds of 1-channel audio in 79 seconds, 409 times faster than real time.
2020-05-12 08:23:35,176 INFO     Processing recordings for station-night 13 of 21 - "MSGR 2020-05-03"...
2020-05-12 08:23:35,177 INFO         Processing recording 1 of 1 - "MSGR / PC / start 2020-05-04 01:22:16+00:00 / duration 8.129 h"...
2020-05-12 08:23:35,180 INFO             Running detector on file "/Volumes/Erebus/msgr-vesper-archive/Recordings/MSGR_2020-05-04_01.22.16_Z.wav"...
2020-05-12 08:24:45,966 INFO             Created 2371 clips from detector "Old Bird Tseep Detector Redux 1.1".
2020-05-12 08:24:45,966 INFO             Ran 1 detector on 29264 seconds of 1-channel audio in 71 seconds, 413 times faster than real time.
2020-05-12 08:24:46,006 INFO     Processing recordings for station-night 14 of 21 - "MSGR 2020-05-04"...
2020-05-12 08:24:46,008 INFO         Processing recording 1 of 1 - "MSGR / PC / start 2020-05-05 00:30:00+00:00 / duration 9.000 h"...
2020-05-12 08:24:46,012 INFO             Running detector on file "/Volumes/Erebus/msgr-vesper-archive/Recordings/MSGR_2020-05-05_00.30.00_Z.wav"...
2020-05-12 08:26:06,255 INFO             Created 4840 clips from detector "Old Bird Tseep Detector Redux 1.1".
2020-05-12 08:26:06,255 INFO             Ran 1 detector on 32400 seconds of 1-channel audio in 80 seconds, 404 times faster than real time.
2020-05-12 08:26:06,300 INFO     Processing recordings for station-night 15 of 21 - "MSGR 2020-05-05"...
2020-05-12 08:26:06,301 INFO         Processing recording 1 of 1 - "MSGR / PC / start 2020-05-06 00:30:00+00:00 / duration 9.000 h"...
2020-05-12 08:26:06,304 INFO             Running detector on file "/Volumes/Erebus/msgr-vesper-archive/Recordings/MSGR_2020-05-06_00.30.00_Z.wav"...
2020-05-12 08:27:22,980 INFO             Created 1130 clips from detector "Old Bird Tseep Detector Redux 1.1".
2020-05-12 08:27:22,980 INFO             Ran 1 detector on 32399 seconds of 1-channel audio in 77 seconds, 423 times faster than real time.
2020-05-12 08:27:23,025 INFO     Processing recordings for station-night 16 of 21 - "MSGR 2020-05-06"...
2020-05-12 08:27:23,026 INFO         Processing recording 1 of 1 - "MSGR / PC / start 2020-05-07 03:59:44+00:00 / duration 5.504 h"...
2020-05-12 08:27:23,029 INFO             Running detector on file "/Volumes/Erebus/msgr-vesper-archive/Recordings/MSGR_2020-05-07_03.59.44_Z.wav"...
2020-05-12 08:28:09,789 INFO             Created 694 clips from detector "Old Bird Tseep Detector Redux 1.1".
2020-05-12 08:28:09,789 INFO             Ran 1 detector on 19815 seconds of 1-channel audio in 47 seconds, 424 times faster than real time.
2020-05-12 08:28:09,817 INFO     Processing recordings for station-night 17 of 21 - "MSGR 2020-05-07"...
2020-05-12 08:28:09,819 INFO         Processing recording 1 of 1 - "MSGR / PC / start 2020-05-08 00:30:00+00:00 / duration 9.000 h"...
2020-05-12 08:28:09,822 INFO             Running detector on file "/Volumes/Erebus/msgr-vesper-archive/Recordings/MSGR_2020-05-08_00.30.00_Z.wav"...
2020-05-12 08:29:28,356 INFO             Created 1251 clips from detector "Old Bird Tseep Detector Redux 1.1".
2020-05-12 08:29:28,356 INFO             Ran 1 detector on 32399 seconds of 1-channel audio in 79 seconds, 413 times faster than real time.
2020-05-12 08:29:28,401 INFO     Processing recordings for station-night 18 of 21 - "MSGR 2020-05-08"...
2020-05-12 08:29:28,402 INFO         Processing recording 1 of 1 - "MSGR / PC / start 2020-05-09 00:30:00+00:00 / duration 9.000 h"...
2020-05-12 08:29:28,406 INFO             Running detector on file "/Volumes/Erebus/msgr-vesper-archive/Recordings/MSGR_2020-05-09_00.30.00_Z.wav"...
2020-05-12 08:30:46,469 INFO             Created 177 clips from detector "Old Bird Tseep Detector Redux 1.1".
2020-05-12 08:30:46,470 INFO             Ran 1 detector on 32400 seconds of 1-channel audio in 78 seconds, 415 times faster than real time.
2020-05-12 08:30:46,514 INFO     Processing recordings for station-night 19 of 21 - "MSGR 2020-05-09"...
2020-05-12 08:30:46,515 INFO         Processing recording 1 of 1 - "MSGR / PC / start 2020-05-10 00:30:00+00:00 / duration 9.000 h"...
2020-05-12 08:30:46,519 INFO             Running detector on file "/Volumes/Erebus/msgr-vesper-archive/Recordings/MSGR_2020-05-10_00.30.00_Z.wav"...
2020-05-12 08:32:05,252 INFO             Created 768 clips from detector "Old Bird Tseep Detector Redux 1.1".
2020-05-12 08:32:05,252 INFO             Ran 1 detector on 32400 seconds of 1-channel audio in 79 seconds, 412 times faster than real time.
2020-05-12 08:32:05,296 INFO     Processing recordings for station-night 20 of 21 - "MSGR 2020-05-10"...
2020-05-12 08:32:05,298 INFO         Processing recording 1 of 1 - "MSGR / PC / start 2020-05-11 00:30:00+00:00 / duration 9.000 h"...
2020-05-12 08:32:05,301 INFO             Running detector on file "/Volumes/Erebus/msgr-vesper-archive/Recordings/MSGR_2020-05-11_00.30.00_Z.wav"...
2020-05-12 08:33:25,361 INFO             Created 589 clips from detector "Old Bird Tseep Detector Redux 1.1".
2020-05-12 08:33:25,361 INFO             Ran 1 detector on 32400 seconds of 1-channel audio in 80 seconds, 405 times faster than real time.
2020-05-12 08:33:25,405 INFO     Processing recordings for station-night 21 of 21 - "MSGR 2020-05-11"...
2020-05-12 08:33:25,407 INFO         Processing recording 1 of 1 - "MSGR / PC / start 2020-05-12 00:30:00+00:00 / duration 9.000 h"...
2020-05-12 08:33:25,410 INFO             Running detector on file "/Volumes/Erebus/msgr-vesper-archive/Recordings/MSGR_2020-05-12_00.30.00_Z.wav"...
2020-05-12 08:34:44,553 INFO             Created 376 clips from detector "Old Bird Tseep Detector Redux 1.1".
2020-05-12 08:34:44,553 INFO             Ran 1 detector on 32400 seconds of 1-channel audio in 79 seconds, 409 times faster than real time.
2020-05-12 08:34:44,612 INFO     Job completed.
