2020-03-26 12:49:25,903 INFO     Job started for command "classify" with arguments:
2020-03-26 12:49:25,904 INFO         {
2020-03-26 12:49:25,905 INFO             "classifier": "MPG Ranch NFC Coarse Classifier 3.0",
2020-03-26 12:49:25,905 INFO             "annotation_name": "Classification",
2020-03-26 12:49:25,906 INFO             "detectors": [
2020-03-26 12:49:25,906 INFO                 "Old Bird Thrush Detector Redux 1.1"
2020-03-26 12:49:25,906 INFO             ],
2020-03-26 12:49:25,906 INFO             "station_mics": [
2020-03-26 12:49:25,906 INFO                 "MSGR / 21c"
2020-03-26 12:49:25,906 INFO             ],
2020-03-26 12:49:25,906 INFO             "start_date": "2020-03-25",
2020-03-26 12:49:25,906 INFO             "end_date": "2020-03-30"
2020-03-26 12:49:25,906 INFO         }
2020-03-26 12:49:25,919 INFO     Creating TensorFlow estimator from saved model in directory "//anaconda3/envs/vesper-0.4.8/lib/python3.6/site-packages/vesper/mpg_ranch/nfc_coarse_classifier_3_0/Tseep Classifier/TensorFlow SavedModel"...
2020-03-26 12:49:25,919 WARNING  
The TensorFlow contrib module will not be included in TensorFlow 2.0.
For more information, please see:
  * https://github.com/tensorflow/community/blob/master/rfcs/20180907-contrib-sunset.md
  * https://github.com/tensorflow/addons
  * https://github.com/tensorflow/io (for I/O related ops)
If you depend on functionality not listed there, please file an issue.

2020-03-26 12:49:26,763 WARNING  Using temporary folder as model directory: /var/folders/2z/dlxt5tt50nzdlqlx1qvr1zdm0000gn/T/tmp5wq627mr
2020-03-26 12:49:26,770 WARNING  train mode not found in SavedModel.
2020-03-26 12:49:26,770 WARNING  eval mode not found in SavedModel.
2020-03-26 12:49:26,771 INFO     Loading classifier settings from "//anaconda3/envs/vesper-0.4.8/lib/python3.6/site-packages/vesper/mpg_ranch/nfc_coarse_classifier_3_0/Tseep Classifier/Settings.yaml"...
2020-03-26 12:49:26,788 INFO     Creating TensorFlow estimator from saved model in directory "//anaconda3/envs/vesper-0.4.8/lib/python3.6/site-packages/vesper/mpg_ranch/nfc_coarse_classifier_3_0/Thrush Classifier/TensorFlow SavedModel"...
2020-03-26 12:49:26,790 WARNING  Using temporary folder as model directory: /var/folders/2z/dlxt5tt50nzdlqlx1qvr1zdm0000gn/T/tmpz5r7o8pp
2020-03-26 12:49:26,794 WARNING  train mode not found in SavedModel.
2020-03-26 12:49:26,794 WARNING  eval mode not found in SavedModel.
2020-03-26 12:49:26,794 INFO     Loading classifier settings from "//anaconda3/envs/vesper-0.4.8/lib/python3.6/site-packages/vesper/mpg_ranch/nfc_coarse_classifier_3_0/Thrush Classifier/Settings.yaml"...
2020-03-26 12:49:26,819 INFO     Classifier will visit 2347 clips for detector "Old Bird Thrush Detector Redux 1.1", station "MSGR", mic output "21c Output", and date 2020-03-25.
2020-03-26 12:49:55,783 WARNING  From //anaconda3/envs/vesper-0.4.8/lib/python3.6/site-packages/tensorflow_core/python/autograph/converters/directives.py:119: The name tf.real is deprecated. Please use tf.math.real instead.

2020-03-26 12:49:55,784 WARNING  From //anaconda3/envs/vesper-0.4.8/lib/python3.6/site-packages/tensorflow_core/python/autograph/converters/directives.py:119: The name tf.conj is deprecated. Please use tf.math.conj instead.

2020-03-26 12:49:55,785 WARNING  From //anaconda3/envs/vesper-0.4.8/lib/python3.6/site-packages/tensorflow_core/python/autograph/converters/directives.py:119: The name tf.log is deprecated. Please use tf.math.log instead.

2020-03-26 12:49:56,073 WARNING  From //anaconda3/envs/vesper-0.4.8/lib/python3.6/site-packages/tensorflow_core/python/autograph/converters/directives.py:119: The name tf.Dimension is deprecated. Please use tf.compat.v1.Dimension instead.

2020-03-26 12:49:56,908 WARNING  From //anaconda3/envs/vesper-0.4.8/lib/python3.6/site-packages/tensorflow_core/python/ops/array_ops.py:1475: where (from tensorflow.python.ops.array_ops) is deprecated and will be removed in a future version.
Instructions for updating:
Use tf.where in 2.0, which has the same broadcast rule as np.where
2020-03-26 12:50:25,669 INFO     Classified 2347 of 2347 visited clips in 58.9 seconds, an average of 39.8 clips per second.
2020-03-26 12:50:25,681 INFO     Classifier will visit 0 clips for detector "Old Bird Thrush Detector Redux 1.1", station "MSGR", mic output "21c Output", and date 2020-03-26.
2020-03-26 12:50:25,683 INFO     Classified 0 of 0 visited clips in 0.0 seconds.
2020-03-26 12:50:25,685 INFO     Classifier will visit 0 clips for detector "Old Bird Thrush Detector Redux 1.1", station "MSGR", mic output "21c Output", and date 2020-03-27.
2020-03-26 12:50:25,686 INFO     Classified 0 of 0 visited clips in 0.0 seconds.
2020-03-26 12:50:25,688 INFO     Classifier will visit 0 clips for detector "Old Bird Thrush Detector Redux 1.1", station "MSGR", mic output "21c Output", and date 2020-03-28.
2020-03-26 12:50:25,690 INFO     Classified 0 of 0 visited clips in 0.0 seconds.
2020-03-26 12:50:25,692 INFO     Classifier will visit 0 clips for detector "Old Bird Thrush Detector Redux 1.1", station "MSGR", mic output "21c Output", and date 2020-03-29.
2020-03-26 12:50:25,693 INFO     Classified 0 of 0 visited clips in 0.0 seconds.
2020-03-26 12:50:25,696 INFO     Classifier will visit 0 clips for detector "Old Bird Thrush Detector Redux 1.1", station "MSGR", mic output "21c Output", and date 2020-03-30.
2020-03-26 12:50:25,697 INFO     Classified 0 of 0 visited clips in 0.0 seconds.
2020-03-26 12:50:25,705 INFO     Job completed.
