2020-09-02 11:03:32,348 INFO     Job started for command "detect" with arguments:
2020-09-02 11:03:32,349 INFO         {
2020-09-02 11:03:32,350 INFO             "detectors": [
2020-09-02 11:03:32,353 INFO                 "Old Bird Thrush Detector Redux 1.1"
2020-09-02 11:03:32,356 INFO             ],
2020-09-02 11:03:32,357 INFO             "stations": [
2020-09-02 11:03:32,357 INFO                 "MSGR"
2020-09-02 11:03:32,359 INFO             ],
2020-09-02 11:03:32,360 INFO             "start_date": "2020-09-01",
2020-09-02 11:03:32,360 INFO             "end_date": "2020-09-05",
2020-09-02 11:03:32,361 INFO             "schedule": "",
2020-09-02 11:03:32,363 INFO             "defer_clip_creation": false
2020-09-02 11:03:32,366 INFO         }
2020-09-02 11:03:32,377 INFO     This command will process recordings for 1 station-night.
2020-09-02 11:03:32,377 INFO     Processing recordings for station-night 1 of 1 - "MSGR 2020-09-01"...
2020-09-02 11:03:32,383 INFO         Processing recording 1 of 1 - "MSGR / PC / start 2020-09-02 01:09:32+00:00 / duration 7.358 h"...
2020-09-02 11:03:32,392 INFO             Running detector on file "/Volumes/Erebus/msgr-vesper-archive/Recordings/MSGR_2020-09-02_01.09.32_Z.wav"...
2020-09-02 11:04:47,116 INFO             Created 49 clips from detector "Old Bird Thrush Detector Redux 1.1".
2020-09-02 11:04:47,117 INFO             Ran 1 detector on 26487 seconds of 1-channel audio in 75 seconds, 354 times faster than real time.
2020-09-02 11:04:47,164 INFO     Job completed.
