2020-03-30 11:24:30,912 INFO     Job started for command "classify" with arguments:
2020-03-30 11:24:30,912 INFO         {
2020-03-30 11:24:30,913 INFO             "classifier": "MPG Ranch NFC Coarse Classifier 3.0",
2020-03-30 11:24:30,913 INFO             "annotation_name": "Classification",
2020-03-30 11:24:30,913 INFO             "detectors": [
2020-03-30 11:24:30,914 INFO                 "Old Bird Thrush Detector Redux 1.1"
2020-03-30 11:24:30,914 INFO             ],
2020-03-30 11:24:30,914 INFO             "station_mics": [
2020-03-30 11:24:30,914 INFO                 "MSGR / 21c"
2020-03-30 11:24:30,914 INFO             ],
2020-03-30 11:24:30,914 INFO             "start_date": "2020-03-29",
2020-03-30 11:24:30,915 INFO             "end_date": "2020-03-30"
2020-03-30 11:24:30,915 INFO         }
2020-03-30 11:24:30,927 INFO     Creating TensorFlow estimator from saved model in directory "//anaconda3/envs/vesper-0.4.8/lib/python3.6/site-packages/vesper/mpg_ranch/nfc_coarse_classifier_3_0/Tseep Classifier/TensorFlow SavedModel"...
2020-03-30 11:24:30,927 WARNING  
The TensorFlow contrib module will not be included in TensorFlow 2.0.
For more information, please see:
  * https://github.com/tensorflow/community/blob/master/rfcs/20180907-contrib-sunset.md
  * https://github.com/tensorflow/addons
  * https://github.com/tensorflow/io (for I/O related ops)
If you depend on functionality not listed there, please file an issue.

2020-03-30 11:24:31,821 WARNING  Using temporary folder as model directory: /var/folders/2z/dlxt5tt50nzdlqlx1qvr1zdm0000gn/T/tmpk0ujl4k0
2020-03-30 11:24:31,826 WARNING  train mode not found in SavedModel.
2020-03-30 11:24:31,827 WARNING  eval mode not found in SavedModel.
2020-03-30 11:24:31,827 INFO     Loading classifier settings from "//anaconda3/envs/vesper-0.4.8/lib/python3.6/site-packages/vesper/mpg_ranch/nfc_coarse_classifier_3_0/Tseep Classifier/Settings.yaml"...
2020-03-30 11:24:31,843 INFO     Creating TensorFlow estimator from saved model in directory "//anaconda3/envs/vesper-0.4.8/lib/python3.6/site-packages/vesper/mpg_ranch/nfc_coarse_classifier_3_0/Thrush Classifier/TensorFlow SavedModel"...
2020-03-30 11:24:31,845 WARNING  Using temporary folder as model directory: /var/folders/2z/dlxt5tt50nzdlqlx1qvr1zdm0000gn/T/tmpqjrbhc70
2020-03-30 11:24:31,848 WARNING  train mode not found in SavedModel.
2020-03-30 11:24:31,848 WARNING  eval mode not found in SavedModel.
2020-03-30 11:24:31,848 INFO     Loading classifier settings from "//anaconda3/envs/vesper-0.4.8/lib/python3.6/site-packages/vesper/mpg_ranch/nfc_coarse_classifier_3_0/Thrush Classifier/Settings.yaml"...
2020-03-30 11:24:31,867 INFO     Classifier will visit 2334 clips for detector "Old Bird Thrush Detector Redux 1.1", station "MSGR", mic output "21c Output", and date 2020-03-29.
2020-03-30 11:25:04,343 WARNING  From //anaconda3/envs/vesper-0.4.8/lib/python3.6/site-packages/tensorflow_core/python/autograph/converters/directives.py:119: The name tf.real is deprecated. Please use tf.math.real instead.

2020-03-30 11:25:04,343 WARNING  From //anaconda3/envs/vesper-0.4.8/lib/python3.6/site-packages/tensorflow_core/python/autograph/converters/directives.py:119: The name tf.conj is deprecated. Please use tf.math.conj instead.

2020-03-30 11:25:04,344 WARNING  From //anaconda3/envs/vesper-0.4.8/lib/python3.6/site-packages/tensorflow_core/python/autograph/converters/directives.py:119: The name tf.log is deprecated. Please use tf.math.log instead.

2020-03-30 11:25:04,587 WARNING  From //anaconda3/envs/vesper-0.4.8/lib/python3.6/site-packages/tensorflow_core/python/autograph/converters/directives.py:119: The name tf.Dimension is deprecated. Please use tf.compat.v1.Dimension instead.

2020-03-30 11:25:04,946 WARNING  From //anaconda3/envs/vesper-0.4.8/lib/python3.6/site-packages/tensorflow_core/python/ops/array_ops.py:1475: where (from tensorflow.python.ops.array_ops) is deprecated and will be removed in a future version.
Instructions for updating:
Use tf.where in 2.0, which has the same broadcast rule as np.where
2020-03-30 11:25:32,836 INFO     Classified 2334 of 2334 visited clips in 61.0 seconds, an average of 38.3 clips per second.
2020-03-30 11:25:32,847 INFO     Classifier will visit 0 clips for detector "Old Bird Thrush Detector Redux 1.1", station "MSGR", mic output "21c Output", and date 2020-03-30.
2020-03-30 11:25:32,849 INFO     Classified 0 of 0 visited clips in 0.0 seconds.
2020-03-30 11:25:32,856 INFO     Job completed.
