2020-03-19 15:04:08,664 INFO     Job started for command "import" with arguments:
2020-03-19 15:04:08,664 INFO         {
2020-03-19 15:04:08,665 INFO             "importer": {
2020-03-19 15:04:08,665 INFO                 "name": "Recording Importer",
2020-03-19 15:04:08,665 INFO                 "arguments": {
2020-03-19 15:04:08,665 INFO                     "paths": [
2020-03-19 15:04:08,665 INFO                         "/Volumes/Ultan/vesper/msgr-vesper-archive/Recordings"
2020-03-19 15:04:08,665 INFO                     ],
2020-03-19 15:04:08,665 INFO                     "recursive": false,
2020-03-19 15:04:08,665 INFO                     "recording_file_parser": {
2020-03-19 15:04:08,665 INFO                         "name": "MPG Ranch Recording File Parser",
2020-03-19 15:04:08,665 INFO                         "arguments": {
2020-03-19 15:04:08,665 INFO                             "station_name_aliases_preset": "Station Name Aliases"
2020-03-19 15:04:08,665 INFO                         }
2020-03-19 15:04:08,665 INFO                     }
2020-03-19 15:04:08,665 INFO                 }
2020-03-19 15:04:08,665 INFO             }
2020-03-19 15:04:08,665 INFO         }
2020-03-19 15:04:08,997 INFO     Found 0 new recordings and 12 old recordings at the specified paths.
2020-03-19 15:04:08,997 INFO     No recordings will be imported.
2020-03-19 15:04:09,000 INFO     Job completed.
