2020-03-31 10:49:00,651 INFO     Job started for command "classify" with arguments:
2020-03-31 10:49:00,652 INFO         {
2020-03-31 10:49:00,652 INFO             "classifier": "MPG Ranch NFC Coarse Classifier 3.0",
2020-03-31 10:49:00,653 INFO             "annotation_name": "Classification",
2020-03-31 10:49:00,653 INFO             "detectors": [
2020-03-31 10:49:00,653 INFO                 "Old Bird Thrush Detector Redux 1.1"
2020-03-31 10:49:00,653 INFO             ],
2020-03-31 10:49:00,653 INFO             "station_mics": [
2020-03-31 10:49:00,654 INFO                 "MSGR / 21c"
2020-03-31 10:49:00,654 INFO             ],
2020-03-31 10:49:00,654 INFO             "start_date": "2020-03-30",
2020-03-31 10:49:00,654 INFO             "end_date": "2020-04-01"
2020-03-31 10:49:00,655 INFO         }
2020-03-31 10:49:00,671 INFO     Creating TensorFlow estimator from saved model in directory "//anaconda3/envs/vesper-0.4.8/lib/python3.6/site-packages/vesper/mpg_ranch/nfc_coarse_classifier_3_0/Tseep Classifier/TensorFlow SavedModel"...
2020-03-31 10:49:00,672 WARNING  
The TensorFlow contrib module will not be included in TensorFlow 2.0.
For more information, please see:
  * https://github.com/tensorflow/community/blob/master/rfcs/20180907-contrib-sunset.md
  * https://github.com/tensorflow/addons
  * https://github.com/tensorflow/io (for I/O related ops)
If you depend on functionality not listed there, please file an issue.

2020-03-31 10:49:01,569 WARNING  Using temporary folder as model directory: /var/folders/2z/dlxt5tt50nzdlqlx1qvr1zdm0000gn/T/tmpo5_jm935
2020-03-31 10:49:01,575 WARNING  train mode not found in SavedModel.
2020-03-31 10:49:01,575 WARNING  eval mode not found in SavedModel.
2020-03-31 10:49:01,575 INFO     Loading classifier settings from "//anaconda3/envs/vesper-0.4.8/lib/python3.6/site-packages/vesper/mpg_ranch/nfc_coarse_classifier_3_0/Tseep Classifier/Settings.yaml"...
2020-03-31 10:49:01,593 INFO     Creating TensorFlow estimator from saved model in directory "//anaconda3/envs/vesper-0.4.8/lib/python3.6/site-packages/vesper/mpg_ranch/nfc_coarse_classifier_3_0/Thrush Classifier/TensorFlow SavedModel"...
2020-03-31 10:49:01,595 WARNING  Using temporary folder as model directory: /var/folders/2z/dlxt5tt50nzdlqlx1qvr1zdm0000gn/T/tmpxdcwyzq5
2020-03-31 10:49:01,601 WARNING  train mode not found in SavedModel.
2020-03-31 10:49:01,601 WARNING  eval mode not found in SavedModel.
2020-03-31 10:49:01,601 INFO     Loading classifier settings from "//anaconda3/envs/vesper-0.4.8/lib/python3.6/site-packages/vesper/mpg_ranch/nfc_coarse_classifier_3_0/Thrush Classifier/Settings.yaml"...
2020-03-31 10:49:01,624 INFO     Classifier will visit 856 clips for detector "Old Bird Thrush Detector Redux 1.1", station "MSGR", mic output "21c Output", and date 2020-03-30.
2020-03-31 10:49:11,791 WARNING  From //anaconda3/envs/vesper-0.4.8/lib/python3.6/site-packages/tensorflow_core/python/autograph/converters/directives.py:119: The name tf.real is deprecated. Please use tf.math.real instead.

2020-03-31 10:49:11,792 WARNING  From //anaconda3/envs/vesper-0.4.8/lib/python3.6/site-packages/tensorflow_core/python/autograph/converters/directives.py:119: The name tf.conj is deprecated. Please use tf.math.conj instead.

2020-03-31 10:49:11,792 WARNING  From //anaconda3/envs/vesper-0.4.8/lib/python3.6/site-packages/tensorflow_core/python/autograph/converters/directives.py:119: The name tf.log is deprecated. Please use tf.math.log instead.

2020-03-31 10:49:12,029 WARNING  From //anaconda3/envs/vesper-0.4.8/lib/python3.6/site-packages/tensorflow_core/python/autograph/converters/directives.py:119: The name tf.Dimension is deprecated. Please use tf.compat.v1.Dimension instead.

2020-03-31 10:49:12,532 WARNING  From //anaconda3/envs/vesper-0.4.8/lib/python3.6/site-packages/tensorflow_core/python/ops/array_ops.py:1475: where (from tensorflow.python.ops.array_ops) is deprecated and will be removed in a future version.
Instructions for updating:
Use tf.where in 2.0, which has the same broadcast rule as np.where
2020-03-31 10:49:20,770 INFO     Classified 856 of 856 visited clips in 19.1 seconds, an average of 44.8 clips per second.
2020-03-31 10:49:20,776 INFO     Classifier will visit 0 clips for detector "Old Bird Thrush Detector Redux 1.1", station "MSGR", mic output "21c Output", and date 2020-03-31.
2020-03-31 10:49:20,777 INFO     Classified 0 of 0 visited clips in 0.0 seconds.
2020-03-31 10:49:20,780 INFO     Classifier will visit 0 clips for detector "Old Bird Thrush Detector Redux 1.1", station "MSGR", mic output "21c Output", and date 2020-04-01.
2020-03-31 10:49:20,782 INFO     Classified 0 of 0 visited clips in 0.0 seconds.
2020-03-31 10:49:20,789 INFO     Job completed.
