2020-08-25 04:56:15,214 INFO     Job started for command "classify" with arguments:
2020-08-25 04:56:15,215 INFO         {
2020-08-25 04:56:15,215 INFO             "classifier": "MPG Ranch NFC Coarse Classifier 3.0",
2020-08-25 04:56:15,215 INFO             "annotation_name": "Classification",
2020-08-25 04:56:15,216 INFO             "detectors": [
2020-08-25 04:56:15,216 INFO                 "Old Bird Tseep Detector Redux 1.1"
2020-08-25 04:56:15,216 INFO             ],
2020-08-25 04:56:15,216 INFO             "station_mics": [
2020-08-25 04:56:15,216 INFO                 "MSGR / 21c"
2020-08-25 04:56:15,216 INFO             ],
2020-08-25 04:56:15,216 INFO             "start_date": "2020-08-24",
2020-08-25 04:56:15,216 INFO             "end_date": "2020-08-30"
2020-08-25 04:56:15,216 INFO         }
2020-08-25 04:56:15,232 INFO     Creating TensorFlow estimator from saved model in directory "/Users/richard/miniconda3/envs/vesper-0.4.8/lib/python3.6/site-packages/vesper/mpg_ranch/nfc_coarse_classifier_3_0/Tseep Classifier/TensorFlow SavedModel"...
2020-08-25 04:56:15,233 WARNING  
The TensorFlow contrib module will not be included in TensorFlow 2.0.
For more information, please see:
  * https://github.com/tensorflow/community/blob/master/rfcs/20180907-contrib-sunset.md
  * https://github.com/tensorflow/addons
  * https://github.com/tensorflow/io (for I/O related ops)
If you depend on functionality not listed there, please file an issue.

2020-08-25 04:56:16,122 WARNING  Using temporary folder as model directory: /var/folders/2z/dlxt5tt50nzdlqlx1qvr1zdm0000gn/T/tmp3whb110j
2020-08-25 04:56:16,126 WARNING  train mode not found in SavedModel.
2020-08-25 04:56:16,126 WARNING  eval mode not found in SavedModel.
2020-08-25 04:56:16,127 INFO     Loading classifier settings from "/Users/richard/miniconda3/envs/vesper-0.4.8/lib/python3.6/site-packages/vesper/mpg_ranch/nfc_coarse_classifier_3_0/Tseep Classifier/Settings.yaml"...
2020-08-25 04:56:16,142 INFO     Creating TensorFlow estimator from saved model in directory "/Users/richard/miniconda3/envs/vesper-0.4.8/lib/python3.6/site-packages/vesper/mpg_ranch/nfc_coarse_classifier_3_0/Thrush Classifier/TensorFlow SavedModel"...
2020-08-25 04:56:16,144 WARNING  Using temporary folder as model directory: /var/folders/2z/dlxt5tt50nzdlqlx1qvr1zdm0000gn/T/tmp8dby7sn5
2020-08-25 04:56:16,147 WARNING  train mode not found in SavedModel.
2020-08-25 04:56:16,147 WARNING  eval mode not found in SavedModel.
2020-08-25 04:56:16,147 INFO     Loading classifier settings from "/Users/richard/miniconda3/envs/vesper-0.4.8/lib/python3.6/site-packages/vesper/mpg_ranch/nfc_coarse_classifier_3_0/Thrush Classifier/Settings.yaml"...
2020-08-25 04:56:16,166 INFO     Classifier will visit 790 clips for detector "Old Bird Tseep Detector Redux 1.1", station "MSGR", mic output "21c Output", and date 2020-08-24.
2020-08-25 04:56:24,993 WARNING  From /Users/richard/miniconda3/envs/vesper-0.4.8/lib/python3.6/site-packages/tensorflow_core/python/autograph/converters/directives.py:119: The name tf.real is deprecated. Please use tf.math.real instead.

2020-08-25 04:56:24,993 WARNING  From /Users/richard/miniconda3/envs/vesper-0.4.8/lib/python3.6/site-packages/tensorflow_core/python/autograph/converters/directives.py:119: The name tf.conj is deprecated. Please use tf.math.conj instead.

2020-08-25 04:56:24,994 WARNING  From /Users/richard/miniconda3/envs/vesper-0.4.8/lib/python3.6/site-packages/tensorflow_core/python/autograph/converters/directives.py:119: The name tf.log is deprecated. Please use tf.math.log instead.

2020-08-25 04:56:25,220 WARNING  From /Users/richard/miniconda3/envs/vesper-0.4.8/lib/python3.6/site-packages/tensorflow_core/python/autograph/converters/directives.py:119: The name tf.Dimension is deprecated. Please use tf.compat.v1.Dimension instead.

2020-08-25 04:56:25,587 WARNING  From /Users/richard/miniconda3/envs/vesper-0.4.8/lib/python3.6/site-packages/tensorflow_core/python/ops/array_ops.py:1475: where (from tensorflow.python.ops.array_ops) is deprecated and will be removed in a future version.
Instructions for updating:
Use tf.where in 2.0, which has the same broadcast rule as np.where
2020-08-25 04:56:32,164 INFO     Classified 790 of 790 visited clips in 16.0 seconds, an average of 49.4 clips per second.
2020-08-25 04:56:32,169 INFO     Classifier will visit 0 clips for detector "Old Bird Tseep Detector Redux 1.1", station "MSGR", mic output "21c Output", and date 2020-08-25.
2020-08-25 04:56:32,171 INFO     Classified 0 of 0 visited clips in 0.0 seconds.
2020-08-25 04:56:32,173 INFO     Classifier will visit 0 clips for detector "Old Bird Tseep Detector Redux 1.1", station "MSGR", mic output "21c Output", and date 2020-08-26.
2020-08-25 04:56:32,175 INFO     Classified 0 of 0 visited clips in 0.0 seconds.
2020-08-25 04:56:32,176 INFO     Classifier will visit 0 clips for detector "Old Bird Tseep Detector Redux 1.1", station "MSGR", mic output "21c Output", and date 2020-08-27.
2020-08-25 04:56:32,178 INFO     Classified 0 of 0 visited clips in 0.0 seconds.
2020-08-25 04:56:32,180 INFO     Classifier will visit 0 clips for detector "Old Bird Tseep Detector Redux 1.1", station "MSGR", mic output "21c Output", and date 2020-08-28.
2020-08-25 04:56:32,181 INFO     Classified 0 of 0 visited clips in 0.0 seconds.
2020-08-25 04:56:32,183 INFO     Classifier will visit 0 clips for detector "Old Bird Tseep Detector Redux 1.1", station "MSGR", mic output "21c Output", and date 2020-08-29.
2020-08-25 04:56:32,185 INFO     Classified 0 of 0 visited clips in 0.0 seconds.
2020-08-25 04:56:32,187 INFO     Classifier will visit 0 clips for detector "Old Bird Tseep Detector Redux 1.1", station "MSGR", mic output "21c Output", and date 2020-08-30.
2020-08-25 04:56:32,188 INFO     Classified 0 of 0 visited clips in 0.0 seconds.
2020-08-25 04:56:32,195 INFO     Job completed.
