2020-09-29 20:05:46,118 INFO     Job started for command "export" with arguments:
2020-09-29 20:05:46,119 INFO         {
2020-09-29 20:05:46,120 INFO             "exporter": {
2020-09-29 20:05:46,120 INFO                 "name": "Clip Metadata CSV File Exporter",
2020-09-29 20:05:46,121 INFO                 "arguments": {
2020-09-29 20:05:46,121 INFO                     "output_file_path": "2020-09-28 tseep.csv"
2020-09-29 20:05:46,122 INFO                 }
2020-09-29 20:05:46,123 INFO             },
2020-09-29 20:05:46,124 INFO             "detectors": [
2020-09-29 20:05:46,125 INFO                 "Old Bird Tseep Detector Redux 1.1"
2020-09-29 20:05:46,126 INFO             ],
2020-09-29 20:05:46,127 INFO             "station_mics": [
2020-09-29 20:05:46,128 INFO                 "MSGR / 21c"
2020-09-29 20:05:46,128 INFO             ],
2020-09-29 20:05:46,129 INFO             "classification": "Call*",
2020-09-29 20:05:46,129 INFO             "start_date": "2020-09-28",
2020-09-29 20:05:46,129 INFO             "end_date": "2020-09-30"
2020-09-29 20:05:46,130 INFO         }
2020-09-29 20:05:46,156 INFO     Exporter will visit 402 clips for detector "Old Bird Tseep Detector Redux 1.1", station "MSGR", mic output "21c Output", and date 2020-09-28.
2020-09-29 20:05:49,402 INFO     Exported 402 of 402 visited clips.
2020-09-29 20:05:49,414 INFO     Exporter will visit 0 clips for detector "Old Bird Tseep Detector Redux 1.1", station "MSGR", mic output "21c Output", and date 2020-09-29.
2020-09-29 20:05:49,420 INFO     Exported 0 of 0 visited clips.
2020-09-29 20:05:49,432 INFO     Exporter will visit 0 clips for detector "Old Bird Tseep Detector Redux 1.1", station "MSGR", mic output "21c Output", and date 2020-09-30.
2020-09-29 20:05:49,436 INFO     Exported 0 of 0 visited clips.
2020-09-29 20:05:49,477 INFO     Job completed.
