2020-10-26 09:32:13,637 INFO     Job started for command "detect" with arguments:
2020-10-26 09:32:13,638 INFO         {
2020-10-26 09:32:13,639 INFO             "detectors": [
2020-10-26 09:32:13,640 INFO                 "Old Bird Tseep Detector Redux 1.1"
2020-10-26 09:32:13,642 INFO             ],
2020-10-26 09:32:13,643 INFO             "stations": [
2020-10-26 09:32:13,643 INFO                 "MSGR"
2020-10-26 09:32:13,643 INFO             ],
2020-10-26 09:32:13,644 INFO             "start_date": "2020-10-22",
2020-10-26 09:32:13,645 INFO             "end_date": "2020-10-30",
2020-10-26 09:32:13,647 INFO             "schedule": "",
2020-10-26 09:32:13,648 INFO             "defer_clip_creation": false
2020-10-26 09:32:13,649 INFO         }
2020-10-26 09:32:13,686 INFO     This command will process recordings for 4 station-nights.
2020-10-26 09:32:13,686 INFO     Processing recordings for station-night 1 of 4 - "MSGR 2020-10-22"...
2020-10-26 09:32:13,689 INFO         Processing recording 1 of 1 - "MSGR / PC / start 2020-10-22 23:30:00+00:00 / duration 10.150 h"...
2020-10-26 09:32:13,695 INFO             Running detector on file "/Volumes/Erebus/msgr-vesper-archive/Recordings/MSGR_2020-10-22_23.30.00_Z.wav"...
2020-10-26 09:33:40,734 INFO             Created 1291 clips from detector "Old Bird Tseep Detector Redux 1.1".
2020-10-26 09:33:40,735 INFO             Ran 1 detector on 36540 seconds of 1-channel audio in 87 seconds, 420 times faster than real time.
2020-10-26 09:33:40,780 INFO     Processing recordings for station-night 2 of 4 - "MSGR 2020-10-23"...
2020-10-26 09:33:40,781 INFO         Processing recording 1 of 1 - "MSGR / PC / start 2020-10-23 23:30:00+00:00 / duration 10.150 h"...
2020-10-26 09:33:40,784 INFO             Running detector on file "/Volumes/Erebus/msgr-vesper-archive/Recordings/MSGR_2020-10-23_23.30.00_Z.wav"...
2020-10-26 09:35:04,214 INFO             Created 1358 clips from detector "Old Bird Tseep Detector Redux 1.1".
2020-10-26 09:35:04,214 INFO             Ran 1 detector on 36540 seconds of 1-channel audio in 83 seconds, 438 times faster than real time.
2020-10-26 09:35:04,258 INFO     Processing recordings for station-night 3 of 4 - "MSGR 2020-10-24"...
2020-10-26 09:35:04,259 INFO         Processing recording 1 of 1 - "MSGR / PC / start 2020-10-24 23:30:00+00:00 / duration 10.150 h"...
2020-10-26 09:35:04,262 INFO             Running detector on file "/Volumes/Erebus/msgr-vesper-archive/Recordings/MSGR_2020-10-24_23.30.00_Z.wav"...
2020-10-26 09:36:35,613 INFO             Created 4031 clips from detector "Old Bird Tseep Detector Redux 1.1".
2020-10-26 09:36:35,613 INFO             Ran 1 detector on 36540 seconds of 1-channel audio in 91 seconds, 400 times faster than real time.
2020-10-26 09:36:35,662 INFO     Processing recordings for station-night 4 of 4 - "MSGR 2020-10-25"...
2020-10-26 09:36:35,663 INFO         Processing recording 1 of 1 - "MSGR / PC / start 2020-10-25 23:30:00+00:00 / duration 10.150 h"...
2020-10-26 09:36:35,666 INFO             Running detector on file "/Volumes/Erebus/msgr-vesper-archive/Recordings/MSGR_2020-10-25_23.30.00_Z.wav"...
2020-10-26 09:38:00,723 INFO             Created 2104 clips from detector "Old Bird Tseep Detector Redux 1.1".
2020-10-26 09:38:00,723 INFO             Ran 1 detector on 36540 seconds of 1-channel audio in 85 seconds, 430 times faster than real time.
2020-10-26 09:38:00,773 INFO     Job completed.
