2020-03-12 09:08:09,002 INFO     Job started for command "detect" with arguments:
2020-03-12 09:08:09,002 INFO         {
2020-03-12 09:08:09,003 INFO             "detectors": [
2020-03-12 09:08:09,004 INFO                 "Old Bird Tseep Detector Redux 1.1"
2020-03-12 09:08:09,004 INFO             ],
2020-03-12 09:08:09,005 INFO             "stations": [
2020-03-12 09:08:09,006 INFO                 "MSGR"
2020-03-12 09:08:09,006 INFO             ],
2020-03-12 09:08:09,007 INFO             "start_date": "2020-03-11",
2020-03-12 09:08:09,007 INFO             "end_date": "2020-03-30",
2020-03-12 09:08:09,008 INFO             "schedule": "",
2020-03-12 09:08:09,009 INFO             "defer_clip_creation": false
2020-03-12 09:08:09,009 INFO         }
2020-03-12 09:08:09,015 INFO     This command will process recordings for 1 station-night.
2020-03-12 09:08:09,015 INFO     Processing recordings for station-night 1 of 1 - "MSGR 2020-03-11"...
2020-03-12 09:08:09,017 INFO         Processing recording 1 of 1 - "MSGR / PC / start 2020-03-12 00:30:00+00:00 / duration 9.000 h"...
2020-03-12 09:08:09,020 INFO             Running detector on file "/Users/richard/src/vesper/msgr-vesper-archive/Recordings/MSGR_2020-03-12_00.30.00_Z.wav"...
2020-03-12 09:09:00,990 INFO             Archived 935 clips from detector "Old Bird Tseep Detector Redux 1.1".
2020-03-12 09:09:00,991 INFO             Ran 1 detector on 32400 seconds of 1-channel audio in 52 seconds, 623 times faster than real time.
2020-03-12 09:09:00,996 INFO     Job complete.
