2020-04-09 14:43:24,161 INFO     Job started for command "detect" with arguments:
2020-04-09 14:43:24,162 INFO         {
2020-04-09 14:43:24,163 INFO             "detectors": [
2020-04-09 14:43:24,163 INFO                 "Old Bird Thrush Detector Redux 1.1"
2020-04-09 14:43:24,164 INFO             ],
2020-04-09 14:43:24,164 INFO             "stations": [
2020-04-09 14:43:24,164 INFO                 "MSGR"
2020-04-09 14:43:24,164 INFO             ],
2020-04-09 14:43:24,165 INFO             "start_date": "2020-04-07",
2020-04-09 14:43:24,165 INFO             "end_date": "2020-04-30",
2020-04-09 14:43:24,166 INFO             "schedule": "",
2020-04-09 14:43:24,166 INFO             "defer_clip_creation": false
2020-04-09 14:43:24,167 INFO         }
2020-04-09 14:43:24,203 INFO     This command will process recordings for 2 station-nights.
2020-04-09 14:43:24,203 INFO     Processing recordings for station-night 1 of 2 - "MSGR 2020-04-07"...
2020-04-09 14:43:24,206 INFO         Processing recording 1 of 1 - "MSGR / PC / start 2020-04-08 00:30:00+00:00 / duration 9.000 h"...
2020-04-09 14:43:24,221 INFO             Running detector on file "/Volumes/Erebus/msgr-vesper-archive/Recordings/MSGR_2020-04-08_00.30.00_Z.wav"...
2020-04-09 14:45:16,921 INFO             Created 1930 clips from detector "Old Bird Thrush Detector Redux 1.1".
2020-04-09 14:45:16,921 INFO             Ran 1 detector on 32400 seconds of 1-channel audio in 113 seconds, 287 times faster than real time.
2020-04-09 14:45:17,016 INFO     Processing recordings for station-night 2 of 2 - "MSGR 2020-04-08"...
2020-04-09 14:45:17,017 INFO         Processing recording 1 of 1 - "MSGR / PC / start 2020-04-09 00:30:00+00:00 / duration 8.999 h"...
2020-04-09 14:45:17,020 INFO             Running detector on file "/Volumes/Erebus/msgr-vesper-archive/Recordings/MSGR_2020-04-09_00.30.00_Z.wav"...
2020-04-09 14:47:01,988 INFO             Created 1697 clips from detector "Old Bird Thrush Detector Redux 1.1".
2020-04-09 14:47:01,988 INFO             Ran 1 detector on 32398 seconds of 1-channel audio in 105 seconds, 309 times faster than real time.
2020-04-09 14:47:02,063 INFO     Job completed.
