2020-10-18 11:45:57,541 INFO     Job started for command "classify" with arguments:
2020-10-18 11:45:57,542 INFO         {
2020-10-18 11:45:57,543 INFO             "classifier": "MPG Ranch NFC Coarse Classifier 3.0",
2020-10-18 11:45:57,543 INFO             "annotation_name": "Classification",
2020-10-18 11:45:57,543 INFO             "detectors": [
2020-10-18 11:45:57,544 INFO                 "Old Bird Thrush Detector Redux 1.1"
2020-10-18 11:45:57,544 INFO             ],
2020-10-18 11:45:57,544 INFO             "station_mics": [
2020-10-18 11:45:57,544 INFO                 "MSGR / 21c"
2020-10-18 11:45:57,546 INFO             ],
2020-10-18 11:45:57,546 INFO             "start_date": "2020-10-17",
2020-10-18 11:45:57,548 INFO             "end_date": "2020-10-18"
2020-10-18 11:45:57,548 INFO         }
2020-10-18 11:45:57,561 INFO     Creating TensorFlow estimator from saved model in directory "/Users/richard/miniconda3/envs/vesper-0.4.8/lib/python3.6/site-packages/vesper/mpg_ranch/nfc_coarse_classifier_3_0/Tseep Classifier/TensorFlow SavedModel"...
2020-10-18 11:45:57,562 WARNING  
The TensorFlow contrib module will not be included in TensorFlow 2.0.
For more information, please see:
  * https://github.com/tensorflow/community/blob/master/rfcs/20180907-contrib-sunset.md
  * https://github.com/tensorflow/addons
  * https://github.com/tensorflow/io (for I/O related ops)
If you depend on functionality not listed there, please file an issue.

2020-10-18 11:45:58,534 WARNING  Using temporary folder as model directory: /var/folders/2z/dlxt5tt50nzdlqlx1qvr1zdm0000gn/T/tmpndpz3fi_
2020-10-18 11:45:58,541 WARNING  train mode not found in SavedModel.
2020-10-18 11:45:58,541 WARNING  eval mode not found in SavedModel.
2020-10-18 11:45:58,542 INFO     Loading classifier settings from "/Users/richard/miniconda3/envs/vesper-0.4.8/lib/python3.6/site-packages/vesper/mpg_ranch/nfc_coarse_classifier_3_0/Tseep Classifier/Settings.yaml"...
2020-10-18 11:45:58,557 INFO     Creating TensorFlow estimator from saved model in directory "/Users/richard/miniconda3/envs/vesper-0.4.8/lib/python3.6/site-packages/vesper/mpg_ranch/nfc_coarse_classifier_3_0/Thrush Classifier/TensorFlow SavedModel"...
2020-10-18 11:45:58,560 WARNING  Using temporary folder as model directory: /var/folders/2z/dlxt5tt50nzdlqlx1qvr1zdm0000gn/T/tmp30jbz8_h
2020-10-18 11:45:58,563 WARNING  train mode not found in SavedModel.
2020-10-18 11:45:58,563 WARNING  eval mode not found in SavedModel.
2020-10-18 11:45:58,563 INFO     Loading classifier settings from "/Users/richard/miniconda3/envs/vesper-0.4.8/lib/python3.6/site-packages/vesper/mpg_ranch/nfc_coarse_classifier_3_0/Thrush Classifier/Settings.yaml"...
2020-10-18 11:45:58,592 INFO     Classifier will visit 1473 clips for detector "Old Bird Thrush Detector Redux 1.1", station "MSGR", mic output "21c Output", and date 2020-10-17.
2020-10-18 11:46:24,611 WARNING  From /Users/richard/miniconda3/envs/vesper-0.4.8/lib/python3.6/site-packages/tensorflow_core/python/autograph/converters/directives.py:119: The name tf.real is deprecated. Please use tf.math.real instead.

2020-10-18 11:46:24,612 WARNING  From /Users/richard/miniconda3/envs/vesper-0.4.8/lib/python3.6/site-packages/tensorflow_core/python/autograph/converters/directives.py:119: The name tf.conj is deprecated. Please use tf.math.conj instead.

2020-10-18 11:46:24,614 WARNING  From /Users/richard/miniconda3/envs/vesper-0.4.8/lib/python3.6/site-packages/tensorflow_core/python/autograph/converters/directives.py:119: The name tf.log is deprecated. Please use tf.math.log instead.

2020-10-18 11:46:24,936 WARNING  From /Users/richard/miniconda3/envs/vesper-0.4.8/lib/python3.6/site-packages/tensorflow_core/python/autograph/converters/directives.py:119: The name tf.Dimension is deprecated. Please use tf.compat.v1.Dimension instead.

2020-10-18 11:46:25,480 WARNING  From /Users/richard/miniconda3/envs/vesper-0.4.8/lib/python3.6/site-packages/tensorflow_core/python/ops/array_ops.py:1475: where (from tensorflow.python.ops.array_ops) is deprecated and will be removed in a future version.
Instructions for updating:
Use tf.where in 2.0, which has the same broadcast rule as np.where
2020-10-18 11:46:53,156 INFO     Classified 1473 of 1473 visited clips in 54.6 seconds, an average of 27.0 clips per second.
2020-10-18 11:46:53,176 INFO     Classifier will visit 0 clips for detector "Old Bird Thrush Detector Redux 1.1", station "MSGR", mic output "21c Output", and date 2020-10-18.
2020-10-18 11:46:53,179 INFO     Classified 0 of 0 visited clips in 0.0 seconds.
2020-10-18 11:46:53,197 INFO     Job completed.
