2020-09-01 08:53:32,301 INFO     Job started for command "classify" with arguments:
2020-09-01 08:53:32,302 INFO         {
2020-09-01 08:53:32,304 INFO             "classifier": "MPG Ranch NFC Coarse Classifier 3.0",
2020-09-01 08:53:32,307 INFO             "annotation_name": "Classification",
2020-09-01 08:53:32,307 INFO             "detectors": [
2020-09-01 08:53:32,307 INFO                 "Old Bird Tseep Detector Redux 1.1"
2020-09-01 08:53:32,307 INFO             ],
2020-09-01 08:53:32,307 INFO             "station_mics": [
2020-09-01 08:53:32,307 INFO                 "MSGR / 21c"
2020-09-01 08:53:32,308 INFO             ],
2020-09-01 08:53:32,308 INFO             "start_date": "2020-09-01",
2020-09-01 08:53:32,308 INFO             "end_date": "2020-09-02"
2020-09-01 08:53:32,308 INFO         }
2020-09-01 08:53:32,379 INFO     Creating TensorFlow estimator from saved model in directory "/Users/richard/miniconda3/envs/vesper-0.4.8/lib/python3.6/site-packages/vesper/mpg_ranch/nfc_coarse_classifier_3_0/Tseep Classifier/TensorFlow SavedModel"...
2020-09-01 08:53:32,381 WARNING  
The TensorFlow contrib module will not be included in TensorFlow 2.0.
For more information, please see:
  * https://github.com/tensorflow/community/blob/master/rfcs/20180907-contrib-sunset.md
  * https://github.com/tensorflow/addons
  * https://github.com/tensorflow/io (for I/O related ops)
If you depend on functionality not listed there, please file an issue.

2020-09-01 08:53:33,280 WARNING  Using temporary folder as model directory: /var/folders/2z/dlxt5tt50nzdlqlx1qvr1zdm0000gn/T/tmptzpqyty_
2020-09-01 08:53:33,284 WARNING  train mode not found in SavedModel.
2020-09-01 08:53:33,285 WARNING  eval mode not found in SavedModel.
2020-09-01 08:53:33,286 INFO     Loading classifier settings from "/Users/richard/miniconda3/envs/vesper-0.4.8/lib/python3.6/site-packages/vesper/mpg_ranch/nfc_coarse_classifier_3_0/Tseep Classifier/Settings.yaml"...
2020-09-01 08:53:33,304 INFO     Creating TensorFlow estimator from saved model in directory "/Users/richard/miniconda3/envs/vesper-0.4.8/lib/python3.6/site-packages/vesper/mpg_ranch/nfc_coarse_classifier_3_0/Thrush Classifier/TensorFlow SavedModel"...
2020-09-01 08:53:33,307 WARNING  Using temporary folder as model directory: /var/folders/2z/dlxt5tt50nzdlqlx1qvr1zdm0000gn/T/tmphu6mbyat
2020-09-01 08:53:33,312 WARNING  train mode not found in SavedModel.
2020-09-01 08:53:33,312 WARNING  eval mode not found in SavedModel.
2020-09-01 08:53:33,312 INFO     Loading classifier settings from "/Users/richard/miniconda3/envs/vesper-0.4.8/lib/python3.6/site-packages/vesper/mpg_ranch/nfc_coarse_classifier_3_0/Thrush Classifier/Settings.yaml"...
2020-09-01 08:53:33,337 INFO     Classifier will visit 0 clips for detector "Old Bird Tseep Detector Redux 1.1", station "MSGR", mic output "21c Output", and date 2020-09-01.
2020-09-01 08:53:33,338 INFO     Classified 0 of 0 visited clips in 0.0 seconds.
2020-09-01 08:53:33,341 INFO     Classifier will visit 0 clips for detector "Old Bird Tseep Detector Redux 1.1", station "MSGR", mic output "21c Output", and date 2020-09-02.
2020-09-01 08:53:33,342 INFO     Classified 0 of 0 visited clips in 0.0 seconds.
2020-09-01 08:53:33,353 INFO     Job completed.
