2020-10-17 12:27:35,968 INFO     Job started for command "detect" with arguments:
2020-10-17 12:27:35,968 INFO         {
2020-10-17 12:27:35,969 INFO             "detectors": [
2020-10-17 12:27:35,971 INFO                 "Old Bird Thrush Detector Redux 1.1"
2020-10-17 12:27:35,971 INFO             ],
2020-10-17 12:27:35,972 INFO             "stations": [
2020-10-17 12:27:35,973 INFO                 "MSGR"
2020-10-17 12:27:35,973 INFO             ],
2020-10-17 12:27:35,974 INFO             "start_date": "2020-10-14",
2020-10-17 12:27:35,975 INFO             "end_date": "2020-10-20",
2020-10-17 12:27:35,977 INFO             "schedule": "",
2020-10-17 12:27:35,977 INFO             "defer_clip_creation": false
2020-10-17 12:27:35,978 INFO         }
2020-10-17 12:27:35,991 INFO     This command will process recordings for 3 station-nights.
2020-10-17 12:27:35,991 INFO     Processing recordings for station-night 1 of 3 - "MSGR 2020-10-14"...
2020-10-17 12:27:35,993 INFO         Processing recording 1 of 1 - "MSGR / PC / start 2020-10-14 23:43:00+00:00 / duration 9.767 h"...
2020-10-17 12:27:35,999 INFO             Running detector on file "/Volumes/Erebus/msgr-vesper-archive/Recordings/MSGR_2020-10-14_23.43.00_Z.wav"...
2020-10-17 12:29:05,979 INFO             Created 1505 clips from detector "Old Bird Thrush Detector Redux 1.1".
2020-10-17 12:29:05,979 INFO             Ran 1 detector on 35160 seconds of 1-channel audio in 90 seconds, 391 times faster than real time.
2020-10-17 12:29:06,029 INFO     Processing recordings for station-night 2 of 3 - "MSGR 2020-10-15"...
2020-10-17 12:29:06,031 INFO         Processing recording 1 of 1 - "MSGR / PC / start 2020-10-15 23:43:00+00:00 / duration 9.767 h"...
2020-10-17 12:29:06,034 INFO             Running detector on file "/Volumes/Erebus/msgr-vesper-archive/Recordings/MSGR_2020-10-15_23.43.00_Z.wav"...
2020-10-17 12:30:36,013 INFO             Created 1550 clips from detector "Old Bird Thrush Detector Redux 1.1".
2020-10-17 12:30:36,013 INFO             Ran 1 detector on 35160 seconds of 1-channel audio in 90 seconds, 391 times faster than real time.
2020-10-17 12:30:36,083 INFO     Processing recordings for station-night 3 of 3 - "MSGR 2020-10-16"...
2020-10-17 12:30:36,087 INFO         Processing recording 1 of 1 - "MSGR / PC / start 2020-10-16 23:43:00+00:00 / duration 9.767 h"...
2020-10-17 12:30:36,090 INFO             Running detector on file "/Volumes/Erebus/msgr-vesper-archive/Recordings/MSGR_2020-10-16_23.43.00_Z.wav"...
2020-10-17 12:32:11,725 INFO             Created 5228 clips from detector "Old Bird Thrush Detector Redux 1.1".
2020-10-17 12:32:11,726 INFO             Ran 1 detector on 35160 seconds of 1-channel audio in 96 seconds, 368 times faster than real time.
2020-10-17 12:32:11,777 INFO     Job completed.
