2020-11-02 13:04:35,319 INFO     Job started for command "classify" with arguments:
2020-11-02 13:04:35,320 INFO         {
2020-11-02 13:04:35,321 INFO             "classifier": "MPG Ranch NFC Coarse Classifier 3.0",
2020-11-02 13:04:35,322 INFO             "annotation_name": "Classification",
2020-11-02 13:04:35,322 INFO             "detectors": [
2020-11-02 13:04:35,322 INFO                 "Old Bird Thrush Detector Redux 1.1"
2020-11-02 13:04:35,322 INFO             ],
2020-11-02 13:04:35,322 INFO             "station_mics": [
2020-11-02 13:04:35,323 INFO                 "MSGR / 21c"
2020-11-02 13:04:35,323 INFO             ],
2020-11-02 13:04:35,323 INFO             "start_date": "2020-10-30",
2020-11-02 13:04:35,323 INFO             "end_date": "2020-11-05"
2020-11-02 13:04:35,323 INFO         }
2020-11-02 13:04:35,356 INFO     Creating TensorFlow estimator from saved model in directory "/Users/richard/miniconda3/envs/vesper-0.4.8/lib/python3.6/site-packages/vesper/mpg_ranch/nfc_coarse_classifier_3_0/Tseep Classifier/TensorFlow SavedModel"...
2020-11-02 13:04:35,360 WARNING  
The TensorFlow contrib module will not be included in TensorFlow 2.0.
For more information, please see:
  * https://github.com/tensorflow/community/blob/master/rfcs/20180907-contrib-sunset.md
  * https://github.com/tensorflow/addons
  * https://github.com/tensorflow/io (for I/O related ops)
If you depend on functionality not listed there, please file an issue.

2020-11-02 13:04:37,029 WARNING  Using temporary folder as model directory: /var/folders/2z/dlxt5tt50nzdlqlx1qvr1zdm0000gn/T/tmp51jfdgqc
2020-11-02 13:04:37,035 WARNING  train mode not found in SavedModel.
2020-11-02 13:04:37,036 WARNING  eval mode not found in SavedModel.
2020-11-02 13:04:37,038 INFO     Loading classifier settings from "/Users/richard/miniconda3/envs/vesper-0.4.8/lib/python3.6/site-packages/vesper/mpg_ranch/nfc_coarse_classifier_3_0/Tseep Classifier/Settings.yaml"...
2020-11-02 13:04:37,055 INFO     Creating TensorFlow estimator from saved model in directory "/Users/richard/miniconda3/envs/vesper-0.4.8/lib/python3.6/site-packages/vesper/mpg_ranch/nfc_coarse_classifier_3_0/Thrush Classifier/TensorFlow SavedModel"...
2020-11-02 13:04:37,058 WARNING  Using temporary folder as model directory: /var/folders/2z/dlxt5tt50nzdlqlx1qvr1zdm0000gn/T/tmpz2jzrpi1
2020-11-02 13:04:37,062 WARNING  train mode not found in SavedModel.
2020-11-02 13:04:37,079 WARNING  eval mode not found in SavedModel.
2020-11-02 13:04:37,079 INFO     Loading classifier settings from "/Users/richard/miniconda3/envs/vesper-0.4.8/lib/python3.6/site-packages/vesper/mpg_ranch/nfc_coarse_classifier_3_0/Thrush Classifier/Settings.yaml"...
2020-11-02 13:04:37,099 INFO     Classifier will visit 3235 clips for detector "Old Bird Thrush Detector Redux 1.1", station "MSGR", mic output "21c Output", and date 2020-10-30.
2020-11-02 13:06:08,944 WARNING  From /Users/richard/miniconda3/envs/vesper-0.4.8/lib/python3.6/site-packages/tensorflow_core/python/autograph/converters/directives.py:119: The name tf.real is deprecated. Please use tf.math.real instead.

2020-11-02 13:06:08,944 WARNING  From /Users/richard/miniconda3/envs/vesper-0.4.8/lib/python3.6/site-packages/tensorflow_core/python/autograph/converters/directives.py:119: The name tf.conj is deprecated. Please use tf.math.conj instead.

2020-11-02 13:06:08,945 WARNING  From /Users/richard/miniconda3/envs/vesper-0.4.8/lib/python3.6/site-packages/tensorflow_core/python/autograph/converters/directives.py:119: The name tf.log is deprecated. Please use tf.math.log instead.

2020-11-02 13:06:09,326 WARNING  From /Users/richard/miniconda3/envs/vesper-0.4.8/lib/python3.6/site-packages/tensorflow_core/python/autograph/converters/directives.py:119: The name tf.Dimension is deprecated. Please use tf.compat.v1.Dimension instead.

2020-11-02 13:06:09,977 WARNING  From /Users/richard/miniconda3/envs/vesper-0.4.8/lib/python3.6/site-packages/tensorflow_core/python/ops/array_ops.py:1475: where (from tensorflow.python.ops.array_ops) is deprecated and will be removed in a future version.
Instructions for updating:
Use tf.where in 2.0, which has the same broadcast rule as np.where
2020-11-02 13:06:59,042 INFO     Classified 3235 of 3235 visited clips in 141.9 seconds, an average of 22.8 clips per second.
2020-11-02 13:06:59,065 INFO     Classifier will visit 2825 clips for detector "Old Bird Thrush Detector Redux 1.1", station "MSGR", mic output "21c Output", and date 2020-10-31.
2020-11-02 13:08:37,665 INFO     Classified 2825 of 2825 visited clips in 98.6 seconds, an average of 28.7 clips per second.
2020-11-02 13:08:37,677 INFO     Classifier will visit 3095 clips for detector "Old Bird Thrush Detector Redux 1.1", station "MSGR", mic output "21c Output", and date 2020-11-01.
2020-11-02 13:10:38,031 INFO     Classified 3095 of 3095 visited clips in 120.4 seconds, an average of 25.7 clips per second.
2020-11-02 13:10:38,049 INFO     Classifier will visit 0 clips for detector "Old Bird Thrush Detector Redux 1.1", station "MSGR", mic output "21c Output", and date 2020-11-02.
2020-11-02 13:10:38,051 INFO     Classified 0 of 0 visited clips in 0.0 seconds.
2020-11-02 13:10:38,053 INFO     Classifier will visit 0 clips for detector "Old Bird Thrush Detector Redux 1.1", station "MSGR", mic output "21c Output", and date 2020-11-03.
2020-11-02 13:10:38,088 INFO     Classified 0 of 0 visited clips in 0.0 seconds.
2020-11-02 13:10:38,224 INFO     Classifier will visit 0 clips for detector "Old Bird Thrush Detector Redux 1.1", station "MSGR", mic output "21c Output", and date 2020-11-04.
2020-11-02 13:10:38,262 INFO     Classified 0 of 0 visited clips in 0.0 seconds.
2020-11-02 13:10:38,265 INFO     Classifier will visit 0 clips for detector "Old Bird Thrush Detector Redux 1.1", station "MSGR", mic output "21c Output", and date 2020-11-05.
2020-11-02 13:10:38,402 INFO     Classified 0 of 0 visited clips in 0.1 seconds, an average of 0.0 clips per second.
2020-11-02 13:10:38,434 INFO     Job completed.
