2020-09-21 11:25:52,671 INFO     Job started for command "classify" with arguments:
2020-09-21 11:25:52,672 INFO         {
2020-09-21 11:25:52,672 INFO             "classifier": "MPG Ranch NFC Coarse Classifier 3.0",
2020-09-21 11:25:52,674 INFO             "annotation_name": "Classification",
2020-09-21 11:25:52,674 INFO             "detectors": [
2020-09-21 11:25:52,675 INFO                 "Old Bird Thrush Detector Redux 1.1"
2020-09-21 11:25:52,676 INFO             ],
2020-09-21 11:25:52,676 INFO             "station_mics": [
2020-09-21 11:25:52,676 INFO                 "MSGR / 21c"
2020-09-21 11:25:52,676 INFO             ],
2020-09-21 11:25:52,676 INFO             "start_date": "2020-09-20",
2020-09-21 11:25:52,676 INFO             "end_date": "2020-09-21"
2020-09-21 11:25:52,676 INFO         }
2020-09-21 11:25:52,685 INFO     Creating TensorFlow estimator from saved model in directory "/Users/richard/miniconda3/envs/vesper-0.4.8/lib/python3.6/site-packages/vesper/mpg_ranch/nfc_coarse_classifier_3_0/Tseep Classifier/TensorFlow SavedModel"...
2020-09-21 11:25:52,685 WARNING  
The TensorFlow contrib module will not be included in TensorFlow 2.0.
For more information, please see:
  * https://github.com/tensorflow/community/blob/master/rfcs/20180907-contrib-sunset.md
  * https://github.com/tensorflow/addons
  * https://github.com/tensorflow/io (for I/O related ops)
If you depend on functionality not listed there, please file an issue.

2020-09-21 11:25:53,746 WARNING  Using temporary folder as model directory: /var/folders/2z/dlxt5tt50nzdlqlx1qvr1zdm0000gn/T/tmp8b27cxm0
2020-09-21 11:25:53,752 WARNING  train mode not found in SavedModel.
2020-09-21 11:25:53,752 WARNING  eval mode not found in SavedModel.
2020-09-21 11:25:53,753 INFO     Loading classifier settings from "/Users/richard/miniconda3/envs/vesper-0.4.8/lib/python3.6/site-packages/vesper/mpg_ranch/nfc_coarse_classifier_3_0/Tseep Classifier/Settings.yaml"...
2020-09-21 11:25:53,769 INFO     Creating TensorFlow estimator from saved model in directory "/Users/richard/miniconda3/envs/vesper-0.4.8/lib/python3.6/site-packages/vesper/mpg_ranch/nfc_coarse_classifier_3_0/Thrush Classifier/TensorFlow SavedModel"...
2020-09-21 11:25:53,771 WARNING  Using temporary folder as model directory: /var/folders/2z/dlxt5tt50nzdlqlx1qvr1zdm0000gn/T/tmpxystriof
2020-09-21 11:25:53,775 WARNING  train mode not found in SavedModel.
2020-09-21 11:25:53,775 WARNING  eval mode not found in SavedModel.
2020-09-21 11:25:53,776 INFO     Loading classifier settings from "/Users/richard/miniconda3/envs/vesper-0.4.8/lib/python3.6/site-packages/vesper/mpg_ranch/nfc_coarse_classifier_3_0/Thrush Classifier/Settings.yaml"...
2020-09-21 11:25:53,797 INFO     Classifier will visit 1114 clips for detector "Old Bird Thrush Detector Redux 1.1", station "MSGR", mic output "21c Output", and date 2020-09-20.
2020-09-21 11:26:10,950 WARNING  From /Users/richard/miniconda3/envs/vesper-0.4.8/lib/python3.6/site-packages/tensorflow_core/python/autograph/converters/directives.py:119: The name tf.real is deprecated. Please use tf.math.real instead.

2020-09-21 11:26:10,950 WARNING  From /Users/richard/miniconda3/envs/vesper-0.4.8/lib/python3.6/site-packages/tensorflow_core/python/autograph/converters/directives.py:119: The name tf.conj is deprecated. Please use tf.math.conj instead.

2020-09-21 11:26:10,951 WARNING  From /Users/richard/miniconda3/envs/vesper-0.4.8/lib/python3.6/site-packages/tensorflow_core/python/autograph/converters/directives.py:119: The name tf.log is deprecated. Please use tf.math.log instead.

2020-09-21 11:26:11,168 WARNING  From /Users/richard/miniconda3/envs/vesper-0.4.8/lib/python3.6/site-packages/tensorflow_core/python/autograph/converters/directives.py:119: The name tf.Dimension is deprecated. Please use tf.compat.v1.Dimension instead.

2020-09-21 11:26:11,483 WARNING  From /Users/richard/miniconda3/envs/vesper-0.4.8/lib/python3.6/site-packages/tensorflow_core/python/ops/array_ops.py:1475: where (from tensorflow.python.ops.array_ops) is deprecated and will be removed in a future version.
Instructions for updating:
Use tf.where in 2.0, which has the same broadcast rule as np.where
2020-09-21 11:26:20,391 INFO     Classified 1114 of 1114 visited clips in 26.6 seconds, an average of 41.9 clips per second.
2020-09-21 11:26:20,396 INFO     Classifier will visit 0 clips for detector "Old Bird Thrush Detector Redux 1.1", station "MSGR", mic output "21c Output", and date 2020-09-21.
2020-09-21 11:26:20,399 INFO     Classified 0 of 0 visited clips in 0.0 seconds.
2020-09-21 11:26:20,407 INFO     Job completed.
