2020-10-26 09:44:05,454 INFO     Job started for command "classify" with arguments:
2020-10-26 09:44:05,455 INFO         {
2020-10-26 09:44:05,456 INFO             "classifier": "MPG Ranch NFC Coarse Classifier 3.0",
2020-10-26 09:44:05,457 INFO             "annotation_name": "Classification",
2020-10-26 09:44:05,457 INFO             "detectors": [
2020-10-26 09:44:05,457 INFO                 "Old Bird Thrush Detector Redux 1.1"
2020-10-26 09:44:05,457 INFO             ],
2020-10-26 09:44:05,458 INFO             "station_mics": [
2020-10-26 09:44:05,458 INFO                 "MSGR / 21c"
2020-10-26 09:44:05,458 INFO             ],
2020-10-26 09:44:05,458 INFO             "start_date": "2020-10-22",
2020-10-26 09:44:05,458 INFO             "end_date": "2020-10-30"
2020-10-26 09:44:05,458 INFO         }
2020-10-26 09:44:05,472 INFO     Creating TensorFlow estimator from saved model in directory "/Users/richard/miniconda3/envs/vesper-0.4.8/lib/python3.6/site-packages/vesper/mpg_ranch/nfc_coarse_classifier_3_0/Tseep Classifier/TensorFlow SavedModel"...
2020-10-26 09:44:05,472 WARNING  
The TensorFlow contrib module will not be included in TensorFlow 2.0.
For more information, please see:
  * https://github.com/tensorflow/community/blob/master/rfcs/20180907-contrib-sunset.md
  * https://github.com/tensorflow/addons
  * https://github.com/tensorflow/io (for I/O related ops)
If you depend on functionality not listed there, please file an issue.

2020-10-26 09:44:06,659 WARNING  Using temporary folder as model directory: /var/folders/2z/dlxt5tt50nzdlqlx1qvr1zdm0000gn/T/tmp_w9fv659
2020-10-26 09:44:06,666 WARNING  train mode not found in SavedModel.
2020-10-26 09:44:06,667 WARNING  eval mode not found in SavedModel.
2020-10-26 09:44:06,668 INFO     Loading classifier settings from "/Users/richard/miniconda3/envs/vesper-0.4.8/lib/python3.6/site-packages/vesper/mpg_ranch/nfc_coarse_classifier_3_0/Tseep Classifier/Settings.yaml"...
2020-10-26 09:44:06,683 INFO     Creating TensorFlow estimator from saved model in directory "/Users/richard/miniconda3/envs/vesper-0.4.8/lib/python3.6/site-packages/vesper/mpg_ranch/nfc_coarse_classifier_3_0/Thrush Classifier/TensorFlow SavedModel"...
2020-10-26 09:44:06,686 WARNING  Using temporary folder as model directory: /var/folders/2z/dlxt5tt50nzdlqlx1qvr1zdm0000gn/T/tmp4z9y0mtk
2020-10-26 09:44:06,690 WARNING  train mode not found in SavedModel.
2020-10-26 09:44:06,690 WARNING  eval mode not found in SavedModel.
2020-10-26 09:44:06,690 INFO     Loading classifier settings from "/Users/richard/miniconda3/envs/vesper-0.4.8/lib/python3.6/site-packages/vesper/mpg_ranch/nfc_coarse_classifier_3_0/Thrush Classifier/Settings.yaml"...
2020-10-26 09:44:06,710 INFO     Classifier will visit 1493 clips for detector "Old Bird Thrush Detector Redux 1.1", station "MSGR", mic output "21c Output", and date 2020-10-22.
2020-10-26 09:44:28,171 WARNING  From /Users/richard/miniconda3/envs/vesper-0.4.8/lib/python3.6/site-packages/tensorflow_core/python/autograph/converters/directives.py:119: The name tf.real is deprecated. Please use tf.math.real instead.

2020-10-26 09:44:28,172 WARNING  From /Users/richard/miniconda3/envs/vesper-0.4.8/lib/python3.6/site-packages/tensorflow_core/python/autograph/converters/directives.py:119: The name tf.conj is deprecated. Please use tf.math.conj instead.

2020-10-26 09:44:28,173 WARNING  From /Users/richard/miniconda3/envs/vesper-0.4.8/lib/python3.6/site-packages/tensorflow_core/python/autograph/converters/directives.py:119: The name tf.log is deprecated. Please use tf.math.log instead.

2020-10-26 09:44:28,477 WARNING  From /Users/richard/miniconda3/envs/vesper-0.4.8/lib/python3.6/site-packages/tensorflow_core/python/autograph/converters/directives.py:119: The name tf.Dimension is deprecated. Please use tf.compat.v1.Dimension instead.

2020-10-26 09:44:28,885 WARNING  From /Users/richard/miniconda3/envs/vesper-0.4.8/lib/python3.6/site-packages/tensorflow_core/python/ops/array_ops.py:1475: where (from tensorflow.python.ops.array_ops) is deprecated and will be removed in a future version.
Instructions for updating:
Use tf.where in 2.0, which has the same broadcast rule as np.where
2020-10-26 09:45:00,236 INFO     Classified 1493 of 1493 visited clips in 53.5 seconds, an average of 27.9 clips per second.
2020-10-26 09:45:00,244 INFO     Classifier will visit 1823 clips for detector "Old Bird Thrush Detector Redux 1.1", station "MSGR", mic output "21c Output", and date 2020-10-23.
2020-10-26 09:45:49,216 INFO     Classified 1823 of 1823 visited clips in 49.0 seconds, an average of 37.2 clips per second.
2020-10-26 09:45:49,225 INFO     Classifier will visit 3586 clips for detector "Old Bird Thrush Detector Redux 1.1", station "MSGR", mic output "21c Output", and date 2020-10-24.
2020-10-26 09:47:41,743 INFO     Classified 3586 of 3586 visited clips in 112.5 seconds, an average of 31.9 clips per second.
2020-10-26 09:47:42,092 INFO     Classifier will visit 1888 clips for detector "Old Bird Thrush Detector Redux 1.1", station "MSGR", mic output "21c Output", and date 2020-10-25.
2020-10-26 09:48:41,116 INFO     Classified 1888 of 1888 visited clips in 59.0 seconds, an average of 32.0 clips per second.
2020-10-26 09:48:41,127 INFO     Classifier will visit 0 clips for detector "Old Bird Thrush Detector Redux 1.1", station "MSGR", mic output "21c Output", and date 2020-10-26.
2020-10-26 09:48:41,128 INFO     Classified 0 of 0 visited clips in 0.0 seconds.
2020-10-26 09:48:41,210 INFO     Classifier will visit 0 clips for detector "Old Bird Thrush Detector Redux 1.1", station "MSGR", mic output "21c Output", and date 2020-10-27.
2020-10-26 09:48:41,212 INFO     Classified 0 of 0 visited clips in 0.0 seconds.
2020-10-26 09:48:41,250 INFO     Classifier will visit 0 clips for detector "Old Bird Thrush Detector Redux 1.1", station "MSGR", mic output "21c Output", and date 2020-10-28.
2020-10-26 09:48:41,260 INFO     Classified 0 of 0 visited clips in 0.0 seconds.
2020-10-26 09:48:41,270 INFO     Classifier will visit 0 clips for detector "Old Bird Thrush Detector Redux 1.1", station "MSGR", mic output "21c Output", and date 2020-10-29.
2020-10-26 09:48:41,291 INFO     Classified 0 of 0 visited clips in 0.0 seconds.
2020-10-26 09:48:41,294 INFO     Classifier will visit 0 clips for detector "Old Bird Thrush Detector Redux 1.1", station "MSGR", mic output "21c Output", and date 2020-10-30.
2020-10-26 09:48:41,304 INFO     Classified 0 of 0 visited clips in 0.0 seconds.
2020-10-26 09:48:41,316 INFO     Job completed.
