2020-09-13 08:25:03,240 INFO     Job started for command "classify" with arguments:
2020-09-13 08:25:03,241 INFO         {
2020-09-13 08:25:03,242 INFO             "classifier": "MPG Ranch NFC Coarse Classifier 3.0",
2020-09-13 08:25:03,244 INFO             "annotation_name": "Classification",
2020-09-13 08:25:03,244 INFO             "detectors": [
2020-09-13 08:25:03,245 INFO                 "Old Bird Thrush Detector Redux 1.1"
2020-09-13 08:25:03,245 INFO             ],
2020-09-13 08:25:03,246 INFO             "station_mics": [
2020-09-13 08:25:03,246 INFO                 "MSGR / 21c"
2020-09-13 08:25:03,247 INFO             ],
2020-09-13 08:25:03,248 INFO             "start_date": "2020-09-09",
2020-09-13 08:25:03,248 INFO             "end_date": "2020-10-01"
2020-09-13 08:25:03,249 INFO         }
2020-09-13 08:25:03,257 INFO     Creating TensorFlow estimator from saved model in directory "/Users/richard/miniconda3/envs/vesper-0.4.8/lib/python3.6/site-packages/vesper/mpg_ranch/nfc_coarse_classifier_3_0/Tseep Classifier/TensorFlow SavedModel"...
2020-09-13 08:25:03,257 WARNING  
The TensorFlow contrib module will not be included in TensorFlow 2.0.
For more information, please see:
  * https://github.com/tensorflow/community/blob/master/rfcs/20180907-contrib-sunset.md
  * https://github.com/tensorflow/addons
  * https://github.com/tensorflow/io (for I/O related ops)
If you depend on functionality not listed there, please file an issue.

2020-09-13 08:25:04,297 WARNING  Using temporary folder as model directory: /var/folders/2z/dlxt5tt50nzdlqlx1qvr1zdm0000gn/T/tmpe8prdc62
2020-09-13 08:25:04,304 WARNING  train mode not found in SavedModel.
2020-09-13 08:25:04,304 WARNING  eval mode not found in SavedModel.
2020-09-13 08:25:04,305 INFO     Loading classifier settings from "/Users/richard/miniconda3/envs/vesper-0.4.8/lib/python3.6/site-packages/vesper/mpg_ranch/nfc_coarse_classifier_3_0/Tseep Classifier/Settings.yaml"...
2020-09-13 08:25:04,321 INFO     Creating TensorFlow estimator from saved model in directory "/Users/richard/miniconda3/envs/vesper-0.4.8/lib/python3.6/site-packages/vesper/mpg_ranch/nfc_coarse_classifier_3_0/Thrush Classifier/TensorFlow SavedModel"...
2020-09-13 08:25:04,324 WARNING  Using temporary folder as model directory: /var/folders/2z/dlxt5tt50nzdlqlx1qvr1zdm0000gn/T/tmpsluz8nob
2020-09-13 08:25:04,327 WARNING  train mode not found in SavedModel.
2020-09-13 08:25:04,327 WARNING  eval mode not found in SavedModel.
2020-09-13 08:25:04,329 INFO     Loading classifier settings from "/Users/richard/miniconda3/envs/vesper-0.4.8/lib/python3.6/site-packages/vesper/mpg_ranch/nfc_coarse_classifier_3_0/Thrush Classifier/Settings.yaml"...
2020-09-13 08:25:04,350 INFO     Classifier will visit 363 clips for detector "Old Bird Thrush Detector Redux 1.1", station "MSGR", mic output "21c Output", and date 2020-09-09.
2020-09-13 08:25:10,114 WARNING  From /Users/richard/miniconda3/envs/vesper-0.4.8/lib/python3.6/site-packages/tensorflow_core/python/autograph/converters/directives.py:119: The name tf.real is deprecated. Please use tf.math.real instead.

2020-09-13 08:25:10,115 WARNING  From /Users/richard/miniconda3/envs/vesper-0.4.8/lib/python3.6/site-packages/tensorflow_core/python/autograph/converters/directives.py:119: The name tf.conj is deprecated. Please use tf.math.conj instead.

2020-09-13 08:25:10,116 WARNING  From /Users/richard/miniconda3/envs/vesper-0.4.8/lib/python3.6/site-packages/tensorflow_core/python/autograph/converters/directives.py:119: The name tf.log is deprecated. Please use tf.math.log instead.

2020-09-13 08:25:10,342 WARNING  From /Users/richard/miniconda3/envs/vesper-0.4.8/lib/python3.6/site-packages/tensorflow_core/python/autograph/converters/directives.py:119: The name tf.Dimension is deprecated. Please use tf.compat.v1.Dimension instead.

2020-09-13 08:25:10,699 WARNING  From /Users/richard/miniconda3/envs/vesper-0.4.8/lib/python3.6/site-packages/tensorflow_core/python/ops/array_ops.py:1475: where (from tensorflow.python.ops.array_ops) is deprecated and will be removed in a future version.
Instructions for updating:
Use tf.where in 2.0, which has the same broadcast rule as np.where
2020-09-13 08:25:13,910 INFO     Classified 363 of 363 visited clips in 9.6 seconds, an average of 37.8 clips per second.
2020-09-13 08:25:13,915 INFO     Classifier will visit 254 clips for detector "Old Bird Thrush Detector Redux 1.1", station "MSGR", mic output "21c Output", and date 2020-09-10.
2020-09-13 08:25:19,115 INFO     Classified 254 of 254 visited clips in 5.2 seconds, an average of 48.8 clips per second.
2020-09-13 08:25:19,119 INFO     Classifier will visit 476 clips for detector "Old Bird Thrush Detector Redux 1.1", station "MSGR", mic output "21c Output", and date 2020-09-11.
2020-09-13 08:25:28,371 INFO     Classified 476 of 476 visited clips in 9.3 seconds, an average of 51.2 clips per second.
2020-09-13 08:25:28,375 INFO     Classifier will visit 293 clips for detector "Old Bird Thrush Detector Redux 1.1", station "MSGR", mic output "21c Output", and date 2020-09-12.
2020-09-13 08:25:34,213 INFO     Classified 293 of 293 visited clips in 5.8 seconds, an average of 50.5 clips per second.
2020-09-13 08:25:34,218 INFO     Classifier will visit 0 clips for detector "Old Bird Thrush Detector Redux 1.1", station "MSGR", mic output "21c Output", and date 2020-09-13.
2020-09-13 08:25:34,220 INFO     Classified 0 of 0 visited clips in 0.0 seconds.
2020-09-13 08:25:34,224 INFO     Classifier will visit 0 clips for detector "Old Bird Thrush Detector Redux 1.1", station "MSGR", mic output "21c Output", and date 2020-09-14.
2020-09-13 08:25:34,226 INFO     Classified 0 of 0 visited clips in 0.0 seconds.
2020-09-13 08:25:34,229 INFO     Classifier will visit 0 clips for detector "Old Bird Thrush Detector Redux 1.1", station "MSGR", mic output "21c Output", and date 2020-09-15.
2020-09-13 08:25:34,231 INFO     Classified 0 of 0 visited clips in 0.0 seconds.
2020-09-13 08:25:34,232 INFO     Classifier will visit 0 clips for detector "Old Bird Thrush Detector Redux 1.1", station "MSGR", mic output "21c Output", and date 2020-09-16.
2020-09-13 08:25:34,234 INFO     Classified 0 of 0 visited clips in 0.0 seconds.
2020-09-13 08:25:34,236 INFO     Classifier will visit 0 clips for detector "Old Bird Thrush Detector Redux 1.1", station "MSGR", mic output "21c Output", and date 2020-09-17.
2020-09-13 08:25:34,238 INFO     Classified 0 of 0 visited clips in 0.0 seconds.
2020-09-13 08:25:34,240 INFO     Classifier will visit 0 clips for detector "Old Bird Thrush Detector Redux 1.1", station "MSGR", mic output "21c Output", and date 2020-09-18.
2020-09-13 08:25:34,242 INFO     Classified 0 of 0 visited clips in 0.0 seconds.
2020-09-13 08:25:34,246 INFO     Classifier will visit 0 clips for detector "Old Bird Thrush Detector Redux 1.1", station "MSGR", mic output "21c Output", and date 2020-09-19.
2020-09-13 08:25:34,249 INFO     Classified 0 of 0 visited clips in 0.0 seconds.
2020-09-13 08:25:34,252 INFO     Classifier will visit 0 clips for detector "Old Bird Thrush Detector Redux 1.1", station "MSGR", mic output "21c Output", and date 2020-09-20.
2020-09-13 08:25:34,253 INFO     Classified 0 of 0 visited clips in 0.0 seconds.
2020-09-13 08:25:34,256 INFO     Classifier will visit 0 clips for detector "Old Bird Thrush Detector Redux 1.1", station "MSGR", mic output "21c Output", and date 2020-09-21.
2020-09-13 08:25:34,257 INFO     Classified 0 of 0 visited clips in 0.0 seconds.
2020-09-13 08:25:34,260 INFO     Classifier will visit 0 clips for detector "Old Bird Thrush Detector Redux 1.1", station "MSGR", mic output "21c Output", and date 2020-09-22.
2020-09-13 08:25:34,262 INFO     Classified 0 of 0 visited clips in 0.0 seconds.
2020-09-13 08:25:34,264 INFO     Classifier will visit 0 clips for detector "Old Bird Thrush Detector Redux 1.1", station "MSGR", mic output "21c Output", and date 2020-09-23.
2020-09-13 08:25:34,266 INFO     Classified 0 of 0 visited clips in 0.0 seconds.
2020-09-13 08:25:34,269 INFO     Classifier will visit 0 clips for detector "Old Bird Thrush Detector Redux 1.1", station "MSGR", mic output "21c Output", and date 2020-09-24.
2020-09-13 08:25:34,271 INFO     Classified 0 of 0 visited clips in 0.0 seconds.
2020-09-13 08:25:34,273 INFO     Classifier will visit 0 clips for detector "Old Bird Thrush Detector Redux 1.1", station "MSGR", mic output "21c Output", and date 2020-09-25.
2020-09-13 08:25:34,274 INFO     Classified 0 of 0 visited clips in 0.0 seconds.
2020-09-13 08:25:34,278 INFO     Classifier will visit 0 clips for detector "Old Bird Thrush Detector Redux 1.1", station "MSGR", mic output "21c Output", and date 2020-09-26.
2020-09-13 08:25:34,279 INFO     Classified 0 of 0 visited clips in 0.0 seconds.
2020-09-13 08:25:34,281 INFO     Classifier will visit 0 clips for detector "Old Bird Thrush Detector Redux 1.1", station "MSGR", mic output "21c Output", and date 2020-09-27.
2020-09-13 08:25:34,283 INFO     Classified 0 of 0 visited clips in 0.0 seconds.
2020-09-13 08:25:34,285 INFO     Classifier will visit 0 clips for detector "Old Bird Thrush Detector Redux 1.1", station "MSGR", mic output "21c Output", and date 2020-09-28.
2020-09-13 08:25:34,286 INFO     Classified 0 of 0 visited clips in 0.0 seconds.
2020-09-13 08:25:34,288 INFO     Classifier will visit 0 clips for detector "Old Bird Thrush Detector Redux 1.1", station "MSGR", mic output "21c Output", and date 2020-09-29.
2020-09-13 08:25:34,290 INFO     Classified 0 of 0 visited clips in 0.0 seconds.
2020-09-13 08:25:34,292 INFO     Classifier will visit 0 clips for detector "Old Bird Thrush Detector Redux 1.1", station "MSGR", mic output "21c Output", and date 2020-09-30.
2020-09-13 08:25:34,294 INFO     Classified 0 of 0 visited clips in 0.0 seconds.
2020-09-13 08:25:34,295 INFO     Classifier will visit 0 clips for detector "Old Bird Thrush Detector Redux 1.1", station "MSGR", mic output "21c Output", and date 2020-10-01.
2020-09-13 08:25:34,297 INFO     Classified 0 of 0 visited clips in 0.0 seconds.
2020-09-13 08:25:34,307 INFO     Job completed.
