2020-11-19 14:48:17,052 INFO     Job started for command "classify" with arguments:
2020-11-19 14:48:17,054 INFO         {
2020-11-19 14:48:17,054 INFO             "classifier": "MPG Ranch NFC Coarse Classifier 3.0",
2020-11-19 14:48:17,054 INFO             "annotation_name": "Classification",
2020-11-19 14:48:17,058 INFO             "detectors": [
2020-11-19 14:48:17,058 INFO                 "Old Bird Thrush Detector Redux 1.1"
2020-11-19 14:48:17,058 INFO             ],
2020-11-19 14:48:17,059 INFO             "station_mics": [
2020-11-19 14:48:17,059 INFO                 "MSGR / 21c"
2020-11-19 14:48:17,059 INFO             ],
2020-11-19 14:48:17,059 INFO             "start_date": "2020-11-14",
2020-11-19 14:48:17,059 INFO             "end_date": "2020-11-20"
2020-11-19 14:48:17,059 INFO         }
2020-11-19 14:48:17,075 INFO     Creating TensorFlow estimator from saved model in directory "/Users/richard/miniconda3/envs/vesper-0.4.8/lib/python3.6/site-packages/vesper/mpg_ranch/nfc_coarse_classifier_3_0/Tseep Classifier/TensorFlow SavedModel"...
2020-11-19 14:48:17,076 WARNING  
The TensorFlow contrib module will not be included in TensorFlow 2.0.
For more information, please see:
  * https://github.com/tensorflow/community/blob/master/rfcs/20180907-contrib-sunset.md
  * https://github.com/tensorflow/addons
  * https://github.com/tensorflow/io (for I/O related ops)
If you depend on functionality not listed there, please file an issue.

2020-11-19 14:48:18,404 WARNING  Using temporary folder as model directory: /var/folders/2z/dlxt5tt50nzdlqlx1qvr1zdm0000gn/T/tmpl7kwd7pj
2020-11-19 14:48:18,410 WARNING  train mode not found in SavedModel.
2020-11-19 14:48:18,410 WARNING  eval mode not found in SavedModel.
2020-11-19 14:48:18,411 INFO     Loading classifier settings from "/Users/richard/miniconda3/envs/vesper-0.4.8/lib/python3.6/site-packages/vesper/mpg_ranch/nfc_coarse_classifier_3_0/Tseep Classifier/Settings.yaml"...
2020-11-19 14:48:18,431 INFO     Creating TensorFlow estimator from saved model in directory "/Users/richard/miniconda3/envs/vesper-0.4.8/lib/python3.6/site-packages/vesper/mpg_ranch/nfc_coarse_classifier_3_0/Thrush Classifier/TensorFlow SavedModel"...
2020-11-19 14:48:18,433 WARNING  Using temporary folder as model directory: /var/folders/2z/dlxt5tt50nzdlqlx1qvr1zdm0000gn/T/tmpzxvgmwas
2020-11-19 14:48:18,436 WARNING  train mode not found in SavedModel.
2020-11-19 14:48:18,437 WARNING  eval mode not found in SavedModel.
2020-11-19 14:48:18,437 INFO     Loading classifier settings from "/Users/richard/miniconda3/envs/vesper-0.4.8/lib/python3.6/site-packages/vesper/mpg_ranch/nfc_coarse_classifier_3_0/Thrush Classifier/Settings.yaml"...
2020-11-19 14:48:18,459 INFO     Classifier will visit 2256 clips for detector "Old Bird Thrush Detector Redux 1.1", station "MSGR", mic output "21c Output", and date 2020-11-14.
2020-11-19 14:48:47,981 WARNING  From /Users/richard/miniconda3/envs/vesper-0.4.8/lib/python3.6/site-packages/tensorflow_core/python/autograph/converters/directives.py:119: The name tf.real is deprecated. Please use tf.math.real instead.

2020-11-19 14:48:47,981 WARNING  From /Users/richard/miniconda3/envs/vesper-0.4.8/lib/python3.6/site-packages/tensorflow_core/python/autograph/converters/directives.py:119: The name tf.conj is deprecated. Please use tf.math.conj instead.

2020-11-19 14:48:47,983 WARNING  From /Users/richard/miniconda3/envs/vesper-0.4.8/lib/python3.6/site-packages/tensorflow_core/python/autograph/converters/directives.py:119: The name tf.log is deprecated. Please use tf.math.log instead.

2020-11-19 14:48:48,239 WARNING  From /Users/richard/miniconda3/envs/vesper-0.4.8/lib/python3.6/site-packages/tensorflow_core/python/autograph/converters/directives.py:119: The name tf.Dimension is deprecated. Please use tf.compat.v1.Dimension instead.

2020-11-19 14:48:48,632 WARNING  From /Users/richard/miniconda3/envs/vesper-0.4.8/lib/python3.6/site-packages/tensorflow_core/python/ops/array_ops.py:1475: where (from tensorflow.python.ops.array_ops) is deprecated and will be removed in a future version.
Instructions for updating:
Use tf.where in 2.0, which has the same broadcast rule as np.where
2020-11-19 14:49:21,335 INFO     Classified 2256 of 2256 visited clips in 62.9 seconds, an average of 35.9 clips per second.
2020-11-19 14:49:21,347 INFO     Classifier will visit 3135 clips for detector "Old Bird Thrush Detector Redux 1.1", station "MSGR", mic output "21c Output", and date 2020-11-15.
2020-11-19 14:50:40,160 INFO     Classified 3135 of 3135 visited clips in 78.8 seconds, an average of 39.8 clips per second.
2020-11-19 14:50:40,173 INFO     Classifier will visit 42 clips for detector "Old Bird Thrush Detector Redux 1.1", station "MSGR", mic output "21c Output", and date 2020-11-16.
2020-11-19 14:50:41,787 INFO     Classified 42 of 42 visited clips in 1.6 seconds, an average of 26.2 clips per second.
2020-11-19 14:50:41,790 INFO     Classifier will visit 2819 clips for detector "Old Bird Thrush Detector Redux 1.1", station "MSGR", mic output "21c Output", and date 2020-11-17.
2020-11-19 14:51:52,380 INFO     Classified 2819 of 2819 visited clips in 70.6 seconds, an average of 39.9 clips per second.
2020-11-19 14:51:52,394 INFO     Classifier will visit 106 clips for detector "Old Bird Thrush Detector Redux 1.1", station "MSGR", mic output "21c Output", and date 2020-11-18.
2020-11-19 14:51:55,630 INFO     Classified 106 of 106 visited clips in 3.2 seconds, an average of 33.1 clips per second.
2020-11-19 14:51:55,633 INFO     Classifier will visit 0 clips for detector "Old Bird Thrush Detector Redux 1.1", station "MSGR", mic output "21c Output", and date 2020-11-19.
2020-11-19 14:51:55,634 INFO     Classified 0 of 0 visited clips in 0.0 seconds.
2020-11-19 14:51:55,638 INFO     Classifier will visit 0 clips for detector "Old Bird Thrush Detector Redux 1.1", station "MSGR", mic output "21c Output", and date 2020-11-20.
2020-11-19 14:51:55,639 INFO     Classified 0 of 0 visited clips in 0.0 seconds.
2020-11-19 14:51:55,672 INFO     Job completed.
