2020-09-21 11:25:56,269 INFO     Job started for command "classify" with arguments:
2020-09-21 11:25:56,270 INFO         {
2020-09-21 11:25:56,270 INFO             "classifier": "MPG Ranch NFC Coarse Classifier 3.0",
2020-09-21 11:25:56,271 INFO             "annotation_name": "Classification",
2020-09-21 11:25:56,272 INFO             "detectors": [
2020-09-21 11:25:56,273 INFO                 "Old Bird Tseep Detector Redux 1.1"
2020-09-21 11:25:56,273 INFO             ],
2020-09-21 11:25:56,273 INFO             "station_mics": [
2020-09-21 11:25:56,273 INFO                 "MSGR / 21c"
2020-09-21 11:25:56,273 INFO             ],
2020-09-21 11:25:56,273 INFO             "start_date": "2020-09-20",
2020-09-21 11:25:56,273 INFO             "end_date": "2020-09-21"
2020-09-21 11:25:56,273 INFO         }
2020-09-21 11:25:56,298 INFO     Creating TensorFlow estimator from saved model in directory "/Users/richard/miniconda3/envs/vesper-0.4.8/lib/python3.6/site-packages/vesper/mpg_ranch/nfc_coarse_classifier_3_0/Tseep Classifier/TensorFlow SavedModel"...
2020-09-21 11:25:56,299 WARNING  
The TensorFlow contrib module will not be included in TensorFlow 2.0.
For more information, please see:
  * https://github.com/tensorflow/community/blob/master/rfcs/20180907-contrib-sunset.md
  * https://github.com/tensorflow/addons
  * https://github.com/tensorflow/io (for I/O related ops)
If you depend on functionality not listed there, please file an issue.

2020-09-21 11:25:57,004 WARNING  Using temporary folder as model directory: /var/folders/2z/dlxt5tt50nzdlqlx1qvr1zdm0000gn/T/tmp_fcuw2w2
2020-09-21 11:25:57,008 WARNING  train mode not found in SavedModel.
2020-09-21 11:25:57,009 WARNING  eval mode not found in SavedModel.
2020-09-21 11:25:57,009 INFO     Loading classifier settings from "/Users/richard/miniconda3/envs/vesper-0.4.8/lib/python3.6/site-packages/vesper/mpg_ranch/nfc_coarse_classifier_3_0/Tseep Classifier/Settings.yaml"...
2020-09-21 11:25:57,022 INFO     Creating TensorFlow estimator from saved model in directory "/Users/richard/miniconda3/envs/vesper-0.4.8/lib/python3.6/site-packages/vesper/mpg_ranch/nfc_coarse_classifier_3_0/Thrush Classifier/TensorFlow SavedModel"...
2020-09-21 11:25:57,025 WARNING  Using temporary folder as model directory: /var/folders/2z/dlxt5tt50nzdlqlx1qvr1zdm0000gn/T/tmp5z96yfo5
2020-09-21 11:25:57,028 WARNING  train mode not found in SavedModel.
2020-09-21 11:25:57,028 WARNING  eval mode not found in SavedModel.
2020-09-21 11:25:57,028 INFO     Loading classifier settings from "/Users/richard/miniconda3/envs/vesper-0.4.8/lib/python3.6/site-packages/vesper/mpg_ranch/nfc_coarse_classifier_3_0/Thrush Classifier/Settings.yaml"...
2020-09-21 11:25:57,047 INFO     Classifier will visit 618 clips for detector "Old Bird Tseep Detector Redux 1.1", station "MSGR", mic output "21c Output", and date 2020-09-20.
2020-09-21 11:26:03,560 WARNING  From /Users/richard/miniconda3/envs/vesper-0.4.8/lib/python3.6/site-packages/tensorflow_core/python/autograph/converters/directives.py:119: The name tf.real is deprecated. Please use tf.math.real instead.

2020-09-21 11:26:03,560 WARNING  From /Users/richard/miniconda3/envs/vesper-0.4.8/lib/python3.6/site-packages/tensorflow_core/python/autograph/converters/directives.py:119: The name tf.conj is deprecated. Please use tf.math.conj instead.

2020-09-21 11:26:03,561 WARNING  From /Users/richard/miniconda3/envs/vesper-0.4.8/lib/python3.6/site-packages/tensorflow_core/python/autograph/converters/directives.py:119: The name tf.log is deprecated. Please use tf.math.log instead.

2020-09-21 11:26:03,780 WARNING  From /Users/richard/miniconda3/envs/vesper-0.4.8/lib/python3.6/site-packages/tensorflow_core/python/autograph/converters/directives.py:119: The name tf.Dimension is deprecated. Please use tf.compat.v1.Dimension instead.

2020-09-21 11:26:04,130 WARNING  From /Users/richard/miniconda3/envs/vesper-0.4.8/lib/python3.6/site-packages/tensorflow_core/python/ops/array_ops.py:1475: where (from tensorflow.python.ops.array_ops) is deprecated and will be removed in a future version.
Instructions for updating:
Use tf.where in 2.0, which has the same broadcast rule as np.where
2020-09-21 11:26:09,569 INFO     Classified 618 of 618 visited clips in 12.5 seconds, an average of 49.4 clips per second.
2020-09-21 11:26:09,574 INFO     Classifier will visit 0 clips for detector "Old Bird Tseep Detector Redux 1.1", station "MSGR", mic output "21c Output", and date 2020-09-21.
2020-09-21 11:26:09,576 INFO     Classified 0 of 0 visited clips in 0.0 seconds.
2020-09-21 11:26:09,583 INFO     Job completed.
