2020-10-17 12:36:06,022 INFO     Job started for command "classify" with arguments:
2020-10-17 12:36:06,023 INFO         {
2020-10-17 12:36:06,024 INFO             "classifier": "MPG Ranch NFC Coarse Classifier 3.0",
2020-10-17 12:36:06,024 INFO             "annotation_name": "Classification",
2020-10-17 12:36:06,024 INFO             "detectors": [
2020-10-17 12:36:06,025 INFO                 "Old Bird Thrush Detector Redux 1.1"
2020-10-17 12:36:06,025 INFO             ],
2020-10-17 12:36:06,025 INFO             "station_mics": [
2020-10-17 12:36:06,025 INFO                 "MSGR / 21c"
2020-10-17 12:36:06,025 INFO             ],
2020-10-17 12:36:06,025 INFO             "start_date": "2020-10-14",
2020-10-17 12:36:06,025 INFO             "end_date": "2020-10-20"
2020-10-17 12:36:06,025 INFO         }
2020-10-17 12:36:06,043 INFO     Creating TensorFlow estimator from saved model in directory "/Users/richard/miniconda3/envs/vesper-0.4.8/lib/python3.6/site-packages/vesper/mpg_ranch/nfc_coarse_classifier_3_0/Tseep Classifier/TensorFlow SavedModel"...
2020-10-17 12:36:06,045 WARNING  
The TensorFlow contrib module will not be included in TensorFlow 2.0.
For more information, please see:
  * https://github.com/tensorflow/community/blob/master/rfcs/20180907-contrib-sunset.md
  * https://github.com/tensorflow/addons
  * https://github.com/tensorflow/io (for I/O related ops)
If you depend on functionality not listed there, please file an issue.

2020-10-17 12:36:06,987 WARNING  Using temporary folder as model directory: /var/folders/2z/dlxt5tt50nzdlqlx1qvr1zdm0000gn/T/tmpx1tau56m
2020-10-17 12:36:06,993 WARNING  train mode not found in SavedModel.
2020-10-17 12:36:06,993 WARNING  eval mode not found in SavedModel.
2020-10-17 12:36:06,993 INFO     Loading classifier settings from "/Users/richard/miniconda3/envs/vesper-0.4.8/lib/python3.6/site-packages/vesper/mpg_ranch/nfc_coarse_classifier_3_0/Tseep Classifier/Settings.yaml"...
2020-10-17 12:36:07,009 INFO     Creating TensorFlow estimator from saved model in directory "/Users/richard/miniconda3/envs/vesper-0.4.8/lib/python3.6/site-packages/vesper/mpg_ranch/nfc_coarse_classifier_3_0/Thrush Classifier/TensorFlow SavedModel"...
2020-10-17 12:36:07,012 WARNING  Using temporary folder as model directory: /var/folders/2z/dlxt5tt50nzdlqlx1qvr1zdm0000gn/T/tmp0oy1ob4w
2020-10-17 12:36:07,015 WARNING  train mode not found in SavedModel.
2020-10-17 12:36:07,015 WARNING  eval mode not found in SavedModel.
2020-10-17 12:36:07,015 INFO     Loading classifier settings from "/Users/richard/miniconda3/envs/vesper-0.4.8/lib/python3.6/site-packages/vesper/mpg_ranch/nfc_coarse_classifier_3_0/Thrush Classifier/Settings.yaml"...
2020-10-17 12:36:07,037 INFO     Classifier will visit 1505 clips for detector "Old Bird Thrush Detector Redux 1.1", station "MSGR", mic output "21c Output", and date 2020-10-14.
2020-10-17 12:36:29,785 WARNING  From /Users/richard/miniconda3/envs/vesper-0.4.8/lib/python3.6/site-packages/tensorflow_core/python/autograph/converters/directives.py:119: The name tf.real is deprecated. Please use tf.math.real instead.

2020-10-17 12:36:29,785 WARNING  From /Users/richard/miniconda3/envs/vesper-0.4.8/lib/python3.6/site-packages/tensorflow_core/python/autograph/converters/directives.py:119: The name tf.conj is deprecated. Please use tf.math.conj instead.

2020-10-17 12:36:29,786 WARNING  From /Users/richard/miniconda3/envs/vesper-0.4.8/lib/python3.6/site-packages/tensorflow_core/python/autograph/converters/directives.py:119: The name tf.log is deprecated. Please use tf.math.log instead.

2020-10-17 12:36:30,033 WARNING  From /Users/richard/miniconda3/envs/vesper-0.4.8/lib/python3.6/site-packages/tensorflow_core/python/autograph/converters/directives.py:119: The name tf.Dimension is deprecated. Please use tf.compat.v1.Dimension instead.

2020-10-17 12:36:30,381 WARNING  From /Users/richard/miniconda3/envs/vesper-0.4.8/lib/python3.6/site-packages/tensorflow_core/python/ops/array_ops.py:1475: where (from tensorflow.python.ops.array_ops) is deprecated and will be removed in a future version.
Instructions for updating:
Use tf.where in 2.0, which has the same broadcast rule as np.where
2020-10-17 12:36:47,153 INFO     Classified 1505 of 1505 visited clips in 40.1 seconds, an average of 37.5 clips per second.
2020-10-17 12:36:47,161 INFO     Classifier will visit 1550 clips for detector "Old Bird Thrush Detector Redux 1.1", station "MSGR", mic output "21c Output", and date 2020-10-15.
2020-10-17 12:37:30,910 INFO     Classified 1550 of 1550 visited clips in 43.7 seconds, an average of 35.5 clips per second.
2020-10-17 12:37:30,920 INFO     Classifier will visit 5228 clips for detector "Old Bird Thrush Detector Redux 1.1", station "MSGR", mic output "21c Output", and date 2020-10-16.
2020-10-17 12:40:00,149 INFO     Classified 5228 of 5228 visited clips in 149.2 seconds, an average of 35.0 clips per second.
2020-10-17 12:40:00,169 INFO     Classifier will visit 0 clips for detector "Old Bird Thrush Detector Redux 1.1", station "MSGR", mic output "21c Output", and date 2020-10-17.
2020-10-17 12:40:00,171 INFO     Classified 0 of 0 visited clips in 0.0 seconds.
2020-10-17 12:40:00,176 INFO     Classifier will visit 0 clips for detector "Old Bird Thrush Detector Redux 1.1", station "MSGR", mic output "21c Output", and date 2020-10-18.
2020-10-17 12:40:00,177 INFO     Classified 0 of 0 visited clips in 0.0 seconds.
2020-10-17 12:40:00,179 INFO     Classifier will visit 0 clips for detector "Old Bird Thrush Detector Redux 1.1", station "MSGR", mic output "21c Output", and date 2020-10-19.
2020-10-17 12:40:00,180 INFO     Classified 0 of 0 visited clips in 0.0 seconds.
2020-10-17 12:40:00,183 INFO     Classifier will visit 0 clips for detector "Old Bird Thrush Detector Redux 1.1", station "MSGR", mic output "21c Output", and date 2020-10-20.
2020-10-17 12:40:00,185 INFO     Classified 0 of 0 visited clips in 0.0 seconds.
2020-10-17 12:40:00,205 INFO     Job completed.
