2020-03-15 17:51:05,354 INFO     Job started for command "import" with arguments:
2020-03-15 17:51:05,354 INFO         {
2020-03-15 17:51:05,354 INFO             "importer": {
2020-03-15 17:51:05,355 INFO                 "name": "Recording Importer",
2020-03-15 17:51:05,355 INFO                 "arguments": {
2020-03-15 17:51:05,355 INFO                     "paths": [
2020-03-15 17:51:05,355 INFO                         "/Users/richard/src/vesper/msgr-vesper-archive/Recordings"
2020-03-15 17:51:05,355 INFO                     ],
2020-03-15 17:51:05,355 INFO                     "recursive": false,
2020-03-15 17:51:05,355 INFO                     "recording_file_parser": {
2020-03-15 17:51:05,355 INFO                         "name": "MPG Ranch Recording File Parser",
2020-03-15 17:51:05,355 INFO                         "arguments": {
2020-03-15 17:51:05,355 INFO                             "station_name_aliases_preset": "Station Name Aliases"
2020-03-15 17:51:05,355 INFO                         }
2020-03-15 17:51:05,355 INFO                     }
2020-03-15 17:51:05,355 INFO                 }
2020-03-15 17:51:05,355 INFO             }
2020-03-15 17:51:05,355 INFO         }
2020-03-15 17:51:05,427 INFO     Found 1 new recording and 7 old recordings at the specified paths.
2020-03-15 17:51:05,427 INFO     The new recordings will be imported.
2020-03-15 17:51:05,434 INFO     Imported recording MSGR / PC / start 2020-03-15 01:11:08+00:00 / duration 8.314 h with files:
2020-03-15 17:51:05,434 INFO         MSGR_2020-03-15_01.11.08_Z.wav
2020-03-15 17:51:05,437 INFO     Job complete.
