2020-04-07 13:12:29,189 INFO     Job started for command "classify" with arguments:
2020-04-07 13:12:29,190 INFO         {
2020-04-07 13:12:29,190 INFO             "classifier": "MPG Ranch NFC Coarse Classifier 3.0",
2020-04-07 13:12:29,191 INFO             "annotation_name": "Classification",
2020-04-07 13:12:29,191 INFO             "detectors": [
2020-04-07 13:12:29,192 INFO                 "Old Bird Thrush Detector Redux 1.1"
2020-04-07 13:12:29,192 INFO             ],
2020-04-07 13:12:29,192 INFO             "station_mics": [
2020-04-07 13:12:29,192 INFO                 "MSGR / 21c"
2020-04-07 13:12:29,192 INFO             ],
2020-04-07 13:12:29,192 INFO             "start_date": "2020-04-06",
2020-04-07 13:12:29,193 INFO             "end_date": "2020-04-30"
2020-04-07 13:12:29,193 INFO         }
2020-04-07 13:12:29,205 INFO     Creating TensorFlow estimator from saved model in directory "//anaconda3/envs/vesper-0.4.8/lib/python3.6/site-packages/vesper/mpg_ranch/nfc_coarse_classifier_3_0/Tseep Classifier/TensorFlow SavedModel"...
2020-04-07 13:12:29,206 WARNING  
The TensorFlow contrib module will not be included in TensorFlow 2.0.
For more information, please see:
  * https://github.com/tensorflow/community/blob/master/rfcs/20180907-contrib-sunset.md
  * https://github.com/tensorflow/addons
  * https://github.com/tensorflow/io (for I/O related ops)
If you depend on functionality not listed there, please file an issue.

2020-04-07 13:12:29,889 WARNING  Using temporary folder as model directory: /var/folders/2z/dlxt5tt50nzdlqlx1qvr1zdm0000gn/T/tmp19b03z8n
2020-04-07 13:12:29,894 WARNING  train mode not found in SavedModel.
2020-04-07 13:12:29,894 WARNING  eval mode not found in SavedModel.
2020-04-07 13:12:29,895 INFO     Loading classifier settings from "//anaconda3/envs/vesper-0.4.8/lib/python3.6/site-packages/vesper/mpg_ranch/nfc_coarse_classifier_3_0/Tseep Classifier/Settings.yaml"...
2020-04-07 13:12:29,911 INFO     Creating TensorFlow estimator from saved model in directory "//anaconda3/envs/vesper-0.4.8/lib/python3.6/site-packages/vesper/mpg_ranch/nfc_coarse_classifier_3_0/Thrush Classifier/TensorFlow SavedModel"...
2020-04-07 13:12:29,913 WARNING  Using temporary folder as model directory: /var/folders/2z/dlxt5tt50nzdlqlx1qvr1zdm0000gn/T/tmpvxinbhrh
2020-04-07 13:12:29,916 WARNING  train mode not found in SavedModel.
2020-04-07 13:12:29,916 WARNING  eval mode not found in SavedModel.
2020-04-07 13:12:29,916 INFO     Loading classifier settings from "//anaconda3/envs/vesper-0.4.8/lib/python3.6/site-packages/vesper/mpg_ranch/nfc_coarse_classifier_3_0/Thrush Classifier/Settings.yaml"...
2020-04-07 13:12:29,937 INFO     Classifier will visit 1766 clips for detector "Old Bird Thrush Detector Redux 1.1", station "MSGR", mic output "21c Output", and date 2020-04-06.
2020-04-07 13:12:53,564 WARNING  From //anaconda3/envs/vesper-0.4.8/lib/python3.6/site-packages/tensorflow_core/python/autograph/converters/directives.py:119: The name tf.real is deprecated. Please use tf.math.real instead.

2020-04-07 13:12:53,564 WARNING  From //anaconda3/envs/vesper-0.4.8/lib/python3.6/site-packages/tensorflow_core/python/autograph/converters/directives.py:119: The name tf.conj is deprecated. Please use tf.math.conj instead.

2020-04-07 13:12:53,564 WARNING  From //anaconda3/envs/vesper-0.4.8/lib/python3.6/site-packages/tensorflow_core/python/autograph/converters/directives.py:119: The name tf.log is deprecated. Please use tf.math.log instead.

2020-04-07 13:12:53,780 WARNING  From //anaconda3/envs/vesper-0.4.8/lib/python3.6/site-packages/tensorflow_core/python/autograph/converters/directives.py:119: The name tf.Dimension is deprecated. Please use tf.compat.v1.Dimension instead.

2020-04-07 13:12:54,096 WARNING  From //anaconda3/envs/vesper-0.4.8/lib/python3.6/site-packages/tensorflow_core/python/ops/array_ops.py:1475: where (from tensorflow.python.ops.array_ops) is deprecated and will be removed in a future version.
Instructions for updating:
Use tf.where in 2.0, which has the same broadcast rule as np.where
2020-04-07 13:13:07,450 INFO     Classified 1766 of 1766 visited clips in 37.5 seconds, an average of 47.1 clips per second.
2020-04-07 13:13:07,460 INFO     Classifier will visit 0 clips for detector "Old Bird Thrush Detector Redux 1.1", station "MSGR", mic output "21c Output", and date 2020-04-07.
2020-04-07 13:13:07,461 INFO     Classified 0 of 0 visited clips in 0.0 seconds.
2020-04-07 13:13:07,463 INFO     Classifier will visit 0 clips for detector "Old Bird Thrush Detector Redux 1.1", station "MSGR", mic output "21c Output", and date 2020-04-08.
2020-04-07 13:13:07,465 INFO     Classified 0 of 0 visited clips in 0.0 seconds.
2020-04-07 13:13:07,466 INFO     Classifier will visit 0 clips for detector "Old Bird Thrush Detector Redux 1.1", station "MSGR", mic output "21c Output", and date 2020-04-09.
2020-04-07 13:13:07,468 INFO     Classified 0 of 0 visited clips in 0.0 seconds.
2020-04-07 13:13:07,469 INFO     Classifier will visit 0 clips for detector "Old Bird Thrush Detector Redux 1.1", station "MSGR", mic output "21c Output", and date 2020-04-10.
2020-04-07 13:13:07,471 INFO     Classified 0 of 0 visited clips in 0.0 seconds.
2020-04-07 13:13:07,473 INFO     Classifier will visit 0 clips for detector "Old Bird Thrush Detector Redux 1.1", station "MSGR", mic output "21c Output", and date 2020-04-11.
2020-04-07 13:13:07,474 INFO     Classified 0 of 0 visited clips in 0.0 seconds.
2020-04-07 13:13:07,476 INFO     Classifier will visit 0 clips for detector "Old Bird Thrush Detector Redux 1.1", station "MSGR", mic output "21c Output", and date 2020-04-12.
2020-04-07 13:13:07,477 INFO     Classified 0 of 0 visited clips in 0.0 seconds.
2020-04-07 13:13:07,479 INFO     Classifier will visit 0 clips for detector "Old Bird Thrush Detector Redux 1.1", station "MSGR", mic output "21c Output", and date 2020-04-13.
2020-04-07 13:13:07,481 INFO     Classified 0 of 0 visited clips in 0.0 seconds.
2020-04-07 13:13:07,484 INFO     Classifier will visit 0 clips for detector "Old Bird Thrush Detector Redux 1.1", station "MSGR", mic output "21c Output", and date 2020-04-14.
2020-04-07 13:13:07,485 INFO     Classified 0 of 0 visited clips in 0.0 seconds.
2020-04-07 13:13:07,487 INFO     Classifier will visit 0 clips for detector "Old Bird Thrush Detector Redux 1.1", station "MSGR", mic output "21c Output", and date 2020-04-15.
2020-04-07 13:13:07,488 INFO     Classified 0 of 0 visited clips in 0.0 seconds.
2020-04-07 13:13:07,490 INFO     Classifier will visit 0 clips for detector "Old Bird Thrush Detector Redux 1.1", station "MSGR", mic output "21c Output", and date 2020-04-16.
2020-04-07 13:13:07,491 INFO     Classified 0 of 0 visited clips in 0.0 seconds.
2020-04-07 13:13:07,493 INFO     Classifier will visit 0 clips for detector "Old Bird Thrush Detector Redux 1.1", station "MSGR", mic output "21c Output", and date 2020-04-17.
2020-04-07 13:13:07,494 INFO     Classified 0 of 0 visited clips in 0.0 seconds.
2020-04-07 13:13:07,495 INFO     Classifier will visit 0 clips for detector "Old Bird Thrush Detector Redux 1.1", station "MSGR", mic output "21c Output", and date 2020-04-18.
2020-04-07 13:13:07,498 INFO     Classified 0 of 0 visited clips in 0.0 seconds.
2020-04-07 13:13:07,499 INFO     Classifier will visit 0 clips for detector "Old Bird Thrush Detector Redux 1.1", station "MSGR", mic output "21c Output", and date 2020-04-19.
2020-04-07 13:13:07,500 INFO     Classified 0 of 0 visited clips in 0.0 seconds.
2020-04-07 13:13:07,502 INFO     Classifier will visit 0 clips for detector "Old Bird Thrush Detector Redux 1.1", station "MSGR", mic output "21c Output", and date 2020-04-20.
2020-04-07 13:13:07,504 INFO     Classified 0 of 0 visited clips in 0.0 seconds.
2020-04-07 13:13:07,507 INFO     Classifier will visit 0 clips for detector "Old Bird Thrush Detector Redux 1.1", station "MSGR", mic output "21c Output", and date 2020-04-21.
2020-04-07 13:13:07,508 INFO     Classified 0 of 0 visited clips in 0.0 seconds.
2020-04-07 13:13:07,511 INFO     Classifier will visit 0 clips for detector "Old Bird Thrush Detector Redux 1.1", station "MSGR", mic output "21c Output", and date 2020-04-22.
2020-04-07 13:13:07,512 INFO     Classified 0 of 0 visited clips in 0.0 seconds.
2020-04-07 13:13:07,514 INFO     Classifier will visit 0 clips for detector "Old Bird Thrush Detector Redux 1.1", station "MSGR", mic output "21c Output", and date 2020-04-23.
2020-04-07 13:13:07,515 INFO     Classified 0 of 0 visited clips in 0.0 seconds.
2020-04-07 13:13:07,517 INFO     Classifier will visit 0 clips for detector "Old Bird Thrush Detector Redux 1.1", station "MSGR", mic output "21c Output", and date 2020-04-24.
2020-04-07 13:13:07,519 INFO     Classified 0 of 0 visited clips in 0.0 seconds.
2020-04-07 13:13:07,520 INFO     Classifier will visit 0 clips for detector "Old Bird Thrush Detector Redux 1.1", station "MSGR", mic output "21c Output", and date 2020-04-25.
2020-04-07 13:13:07,521 INFO     Classified 0 of 0 visited clips in 0.0 seconds.
2020-04-07 13:13:07,523 INFO     Classifier will visit 0 clips for detector "Old Bird Thrush Detector Redux 1.1", station "MSGR", mic output "21c Output", and date 2020-04-26.
2020-04-07 13:13:07,525 INFO     Classified 0 of 0 visited clips in 0.0 seconds.
2020-04-07 13:13:07,527 INFO     Classifier will visit 0 clips for detector "Old Bird Thrush Detector Redux 1.1", station "MSGR", mic output "21c Output", and date 2020-04-27.
2020-04-07 13:13:07,528 INFO     Classified 0 of 0 visited clips in 0.0 seconds.
2020-04-07 13:13:07,529 INFO     Classifier will visit 0 clips for detector "Old Bird Thrush Detector Redux 1.1", station "MSGR", mic output "21c Output", and date 2020-04-28.
2020-04-07 13:13:07,531 INFO     Classified 0 of 0 visited clips in 0.0 seconds.
2020-04-07 13:13:07,533 INFO     Classifier will visit 0 clips for detector "Old Bird Thrush Detector Redux 1.1", station "MSGR", mic output "21c Output", and date 2020-04-29.
2020-04-07 13:13:07,534 INFO     Classified 0 of 0 visited clips in 0.0 seconds.
2020-04-07 13:13:07,536 INFO     Classifier will visit 0 clips for detector "Old Bird Thrush Detector Redux 1.1", station "MSGR", mic output "21c Output", and date 2020-04-30.
2020-04-07 13:13:07,537 INFO     Classified 0 of 0 visited clips in 0.0 seconds.
2020-04-07 13:13:07,547 INFO     Job completed.
