2020-10-02 16:10:10,849 INFO     Job started for command "classify" with arguments:
2020-10-02 16:10:10,850 INFO         {
2020-10-02 16:10:10,850 INFO             "classifier": "MPG Ranch NFC Coarse Classifier 3.0",
2020-10-02 16:10:10,850 INFO             "annotation_name": "Classification",
2020-10-02 16:10:10,851 INFO             "detectors": [
2020-10-02 16:10:10,852 INFO                 "Old Bird Tseep Detector Redux 1.1"
2020-10-02 16:10:10,852 INFO             ],
2020-10-02 16:10:10,853 INFO             "station_mics": [
2020-10-02 16:10:10,854 INFO                 "MSGR / 21c"
2020-10-02 16:10:10,854 INFO             ],
2020-10-02 16:10:10,855 INFO             "start_date": "2020-10-01",
2020-10-02 16:10:10,855 INFO             "end_date": "2020-10-02"
2020-10-02 16:10:10,856 INFO         }
2020-10-02 16:10:10,866 INFO     Creating TensorFlow estimator from saved model in directory "/Users/richard/miniconda3/envs/vesper-0.4.8/lib/python3.6/site-packages/vesper/mpg_ranch/nfc_coarse_classifier_3_0/Tseep Classifier/TensorFlow SavedModel"...
2020-10-02 16:10:10,866 WARNING  
The TensorFlow contrib module will not be included in TensorFlow 2.0.
For more information, please see:
  * https://github.com/tensorflow/community/blob/master/rfcs/20180907-contrib-sunset.md
  * https://github.com/tensorflow/addons
  * https://github.com/tensorflow/io (for I/O related ops)
If you depend on functionality not listed there, please file an issue.

2020-10-02 16:10:11,573 WARNING  Using temporary folder as model directory: /var/folders/2z/dlxt5tt50nzdlqlx1qvr1zdm0000gn/T/tmpur8zo8qb
2020-10-02 16:10:11,579 WARNING  train mode not found in SavedModel.
2020-10-02 16:10:11,579 WARNING  eval mode not found in SavedModel.
2020-10-02 16:10:11,581 INFO     Loading classifier settings from "/Users/richard/miniconda3/envs/vesper-0.4.8/lib/python3.6/site-packages/vesper/mpg_ranch/nfc_coarse_classifier_3_0/Tseep Classifier/Settings.yaml"...
2020-10-02 16:10:11,599 INFO     Creating TensorFlow estimator from saved model in directory "/Users/richard/miniconda3/envs/vesper-0.4.8/lib/python3.6/site-packages/vesper/mpg_ranch/nfc_coarse_classifier_3_0/Thrush Classifier/TensorFlow SavedModel"...
2020-10-02 16:10:11,601 WARNING  Using temporary folder as model directory: /var/folders/2z/dlxt5tt50nzdlqlx1qvr1zdm0000gn/T/tmp8uay58pd
2020-10-02 16:10:11,605 WARNING  train mode not found in SavedModel.
2020-10-02 16:10:11,605 WARNING  eval mode not found in SavedModel.
2020-10-02 16:10:11,605 INFO     Loading classifier settings from "/Users/richard/miniconda3/envs/vesper-0.4.8/lib/python3.6/site-packages/vesper/mpg_ranch/nfc_coarse_classifier_3_0/Thrush Classifier/Settings.yaml"...
2020-10-02 16:10:11,631 INFO     Classifier will visit 970 clips for detector "Old Bird Tseep Detector Redux 1.1", station "MSGR", mic output "21c Output", and date 2020-10-01.
2020-10-02 16:10:25,676 WARNING  From /Users/richard/miniconda3/envs/vesper-0.4.8/lib/python3.6/site-packages/tensorflow_core/python/autograph/converters/directives.py:119: The name tf.real is deprecated. Please use tf.math.real instead.

2020-10-02 16:10:25,677 WARNING  From /Users/richard/miniconda3/envs/vesper-0.4.8/lib/python3.6/site-packages/tensorflow_core/python/autograph/converters/directives.py:119: The name tf.conj is deprecated. Please use tf.math.conj instead.

2020-10-02 16:10:25,678 WARNING  From /Users/richard/miniconda3/envs/vesper-0.4.8/lib/python3.6/site-packages/tensorflow_core/python/autograph/converters/directives.py:119: The name tf.log is deprecated. Please use tf.math.log instead.

2020-10-02 16:10:25,890 WARNING  From /Users/richard/miniconda3/envs/vesper-0.4.8/lib/python3.6/site-packages/tensorflow_core/python/autograph/converters/directives.py:119: The name tf.Dimension is deprecated. Please use tf.compat.v1.Dimension instead.

2020-10-02 16:10:26,204 WARNING  From /Users/richard/miniconda3/envs/vesper-0.4.8/lib/python3.6/site-packages/tensorflow_core/python/ops/array_ops.py:1475: where (from tensorflow.python.ops.array_ops) is deprecated and will be removed in a future version.
Instructions for updating:
Use tf.where in 2.0, which has the same broadcast rule as np.where
2020-10-02 16:10:34,164 INFO     Classified 970 of 970 visited clips in 22.5 seconds, an average of 43.1 clips per second.
2020-10-02 16:10:34,169 INFO     Classifier will visit 0 clips for detector "Old Bird Tseep Detector Redux 1.1", station "MSGR", mic output "21c Output", and date 2020-10-02.
2020-10-02 16:10:34,171 INFO     Classified 0 of 0 visited clips in 0.0 seconds.
2020-10-02 16:10:34,178 INFO     Job completed.
