2020-10-28 10:51:44,403 INFO     Job started for command "export" with arguments:
2020-10-28 10:51:44,404 INFO         {
2020-10-28 10:51:44,405 INFO             "exporter": {
2020-10-28 10:51:44,405 INFO                 "name": "Clip Metadata CSV File Exporter",
2020-10-28 10:51:44,405 INFO                 "arguments": {
2020-10-28 10:51:44,406 INFO                     "output_file_path": "2020-10-26 thrush.csv"
2020-10-28 10:51:44,406 INFO                 }
2020-10-28 10:51:44,407 INFO             },
2020-10-28 10:51:44,407 INFO             "detectors": [
2020-10-28 10:51:44,408 INFO                 "Old Bird Thrush Detector Redux 1.1"
2020-10-28 10:51:44,408 INFO             ],
2020-10-28 10:51:44,408 INFO             "station_mics": [
2020-10-28 10:51:44,409 INFO                 "MSGR / 21c"
2020-10-28 10:51:44,410 INFO             ],
2020-10-28 10:51:44,411 INFO             "classification": "Call*",
2020-10-28 10:51:44,412 INFO             "start_date": "2020-10-26",
2020-10-28 10:51:44,413 INFO             "end_date": "2020-10-29"
2020-10-28 10:51:44,414 INFO         }
2020-10-28 10:51:44,443 INFO     Exporter will visit 0 clips for detector "Old Bird Thrush Detector Redux 1.1", station "MSGR", mic output "21c Output", and date 2020-10-26.
2020-10-28 10:51:44,447 INFO     Exported 0 of 0 visited clips.
2020-10-28 10:51:44,462 INFO     Exporter will visit 2 clips for detector "Old Bird Thrush Detector Redux 1.1", station "MSGR", mic output "21c Output", and date 2020-10-27.
2020-10-28 10:51:44,500 INFO     Exported 2 of 2 visited clips.
2020-10-28 10:51:44,507 INFO     Exporter will visit 0 clips for detector "Old Bird Thrush Detector Redux 1.1", station "MSGR", mic output "21c Output", and date 2020-10-28.
2020-10-28 10:51:44,510 INFO     Exported 0 of 0 visited clips.
2020-10-28 10:51:44,513 INFO     Exporter will visit 0 clips for detector "Old Bird Thrush Detector Redux 1.1", station "MSGR", mic output "21c Output", and date 2020-10-29.
2020-10-28 10:51:44,515 INFO     Exported 0 of 0 visited clips.
2020-10-28 10:51:44,532 INFO     Job completed.
