2021-05-21 18:32:04,955 WARNING  From /Users/richard/miniconda3/envs/vesper-0.4.8/lib/python3.6/site-packages/vesper/mpg_ranch/nfc_coarse_classifier_3_0/dataset_utils.py:25: The name tf.FixedLenFeature is deprecated. Please use tf.io.FixedLenFeature instead.

2021-05-21 18:32:05,632 ERROR    Preset manager could not read preset file "/Volumes/ABAIA/msgr-vesper-archive-2021/Presets/Clip Album Commands/._Calls.yaml".
2021-05-21 18:32:05,639 ERROR    Preset manager could not read preset file "/Volumes/ABAIA/msgr-vesper-archive-2021/Presets/Clip Album Commands/._Coarse.yaml".
2021-05-21 18:32:05,646 ERROR    Preset manager could not read preset file "/Volumes/ABAIA/msgr-vesper-archive-2021/Presets/Clip Album Settings/._Resizing Clips, Labels Below.yaml".
2021-05-21 18:32:05,649 ERROR    Preset manager could not read preset file "/Volumes/ABAIA/msgr-vesper-archive-2021/Presets/Detection Schedule/._Ithaca 2019.yaml".
2021-05-21 18:32:05,651 ERROR    Preset manager could not read preset file "/Volumes/ABAIA/msgr-vesper-archive-2021/Presets/Station Name Aliases/._Station Name Aliases.yaml".
2021-05-21 18:32:05,651 INFO     Job started for command "import" with arguments:
2021-05-21 18:32:05,651 INFO         {
2021-05-21 18:32:05,651 INFO             "importer": {
2021-05-21 18:32:05,651 INFO                 "name": "Recording Importer",
2021-05-21 18:32:05,651 INFO                 "arguments": {
2021-05-21 18:32:05,651 INFO                     "paths": [
2021-05-21 18:32:05,651 INFO                         "/Volumes/ABAIA/msgr-vesper-archive-2021/Recordings"
2021-05-21 18:32:05,651 INFO                     ],
2021-05-21 18:32:05,651 INFO                     "recursive": false,
2021-05-21 18:32:05,651 INFO                     "recording_file_parser": {
2021-05-21 18:32:05,651 INFO                         "name": "MPG Ranch Recording File Parser",
2021-05-21 18:32:05,651 INFO                         "arguments": {
2021-05-21 18:32:05,651 INFO                             "station_name_aliases_preset": "Station Name Aliases"
2021-05-21 18:32:05,651 INFO                         }
2021-05-21 18:32:05,651 INFO                     }
2021-05-21 18:32:05,651 INFO                 }
2021-05-21 18:32:05,651 INFO             }
2021-05-21 18:32:05,651 INFO         }
2021-05-21 18:32:05,672 ERROR    Recording import failed with an exception.
The exception message was:
    Could not infer recorder channel numbers for recording file "MSGR_2021-04-01_00.53.00_Z.wav".
The archive was not modified.
See below for exception traceback.
2021-05-21 18:32:05,674 ERROR    Job failed with an exception. See traceback below.
Traceback (most recent call last):
  File "/Users/richard/miniconda3/envs/vesper-0.4.8/lib/python3.6/site-packages/vesper/command/job_runner.py", line 145, in run_job
    complete = command.execute(info)
  File "/Users/richard/miniconda3/envs/vesper-0.4.8/lib/python3.6/site-packages/vesper/command/import_command.py", line 22, in execute
    return self._importer.execute(context)
  File "/Users/richard/miniconda3/envs/vesper-0.4.8/lib/python3.6/site-packages/vesper/command/recording_importer.py", line 57, in execute
    recordings = self._get_recordings()
  File "/Users/richard/miniconda3/envs/vesper-0.4.8/lib/python3.6/site-packages/vesper/command/recording_importer.py", line 84, in _get_recordings
    self._get_path_recording_files(path) for path in self.paths))
  File "/Users/richard/miniconda3/envs/vesper-0.4.8/lib/python3.6/site-packages/vesper/command/recording_importer.py", line 84, in <genexpr>
    self._get_path_recording_files(path) for path in self.paths))
  File "/Users/richard/miniconda3/envs/vesper-0.4.8/lib/python3.6/site-packages/vesper/command/recording_importer.py", line 91, in _get_path_recording_files
    return self._get_dir_recording_files(path)
  File "/Users/richard/miniconda3/envs/vesper-0.4.8/lib/python3.6/site-packages/vesper/command/recording_importer.py", line 106, in _get_dir_recording_files
    file = self._get_recording_file(Path(file_path))
  File "/Users/richard/miniconda3/envs/vesper-0.4.8/lib/python3.6/site-packages/vesper/command/recording_importer.py", line 127, in _get_recording_file
    _set_recording_file_channel_info(file)
  File "/Users/richard/miniconda3/envs/vesper-0.4.8/lib/python3.6/site-packages/vesper/command/recording_importer.py", line 366, in _set_recording_file_channel_info
    'recording file "{}".').format(file.path))
vesper.command.command.CommandExecutionError: Could not infer recorder channel numbers for recording file "MSGR_2021-04-01_00.53.00_Z.wav".

