2020-04-20 09:19:05,764 INFO     Job started for command "detect" with arguments:
2020-04-20 09:19:05,765 INFO         {
2020-04-20 09:19:05,765 INFO             "detectors": [
2020-04-20 09:19:05,766 INFO                 "Old Bird Tseep Detector Redux 1.1"
2020-04-20 09:19:05,767 INFO             ],
2020-04-20 09:19:05,768 INFO             "stations": [
2020-04-20 09:19:05,768 INFO                 "MSGR"
2020-04-20 09:19:05,768 INFO             ],
2020-04-20 09:19:05,768 INFO             "start_date": "2020-04-09",
2020-04-20 09:19:05,768 INFO             "end_date": "2020-04-30",
2020-04-20 09:19:05,768 INFO             "schedule": "",
2020-04-20 09:19:05,769 INFO             "defer_clip_creation": false
2020-04-20 09:19:05,769 INFO         }
2020-04-20 09:19:05,801 INFO     This command will process recordings for 11 station-nights.
2020-04-20 09:19:05,801 INFO     Processing recordings for station-night 1 of 11 - "MSGR 2020-04-09"...
2020-04-20 09:19:05,804 INFO         Processing recording 1 of 1 - "MSGR / PC / start 2020-04-10 00:30:00+00:00 / duration 9.000 h"...
2020-04-20 09:19:05,811 INFO             Running detector on file "/Volumes/Erebus/msgr-vesper-archive/Recordings/MSGR_2020-04-10_00.30.00_Z.wav"...
2020-04-20 09:20:21,781 INFO             Created 1527 clips from detector "Old Bird Tseep Detector Redux 1.1".
2020-04-20 09:20:21,781 INFO             Ran 1 detector on 32400 seconds of 1-channel audio in 76 seconds, 426 times faster than real time.
2020-04-20 09:20:21,821 INFO     Processing recordings for station-night 2 of 11 - "MSGR 2020-04-10"...
2020-04-20 09:20:21,823 INFO         Processing recording 1 of 1 - "MSGR / PC / start 2020-04-11 00:30:00+00:00 / duration 9.000 h"...
2020-04-20 09:20:21,824 INFO             Running detector on file "/Volumes/Erebus/msgr-vesper-archive/Recordings/MSGR_2020-04-11_00.30.00_Z.wav"...
2020-04-20 09:21:40,778 INFO             Created 4436 clips from detector "Old Bird Tseep Detector Redux 1.1".
2020-04-20 09:21:40,778 INFO             Ran 1 detector on 32400 seconds of 1-channel audio in 79 seconds, 410 times faster than real time.
2020-04-20 09:21:40,822 INFO     Processing recordings for station-night 3 of 11 - "MSGR 2020-04-11"...
2020-04-20 09:21:40,824 INFO         Processing recording 1 of 1 - "MSGR / PC / start 2020-04-12 00:30:00+00:00 / duration 9.000 h"...
2020-04-20 09:21:40,827 INFO             Running detector on file "/Volumes/Erebus/msgr-vesper-archive/Recordings/MSGR_2020-04-12_00.30.00_Z.wav"...
2020-04-20 09:22:56,050 INFO             Created 958 clips from detector "Old Bird Tseep Detector Redux 1.1".
2020-04-20 09:22:56,051 INFO             Ran 1 detector on 32400 seconds of 1-channel audio in 75 seconds, 431 times faster than real time.
2020-04-20 09:22:56,094 INFO     Processing recordings for station-night 4 of 11 - "MSGR 2020-04-12"...
2020-04-20 09:22:56,096 INFO         Processing recording 1 of 1 - "MSGR / PC / start 2020-04-13 00:30:00+00:00 / duration 9.000 h"...
2020-04-20 09:22:56,098 INFO             Running detector on file "/Volumes/Erebus/msgr-vesper-archive/Recordings/MSGR_2020-04-13_00.30.00_Z.wav"...
2020-04-20 09:24:15,086 INFO             Created 918 clips from detector "Old Bird Tseep Detector Redux 1.1".
2020-04-20 09:24:15,086 INFO             Ran 1 detector on 32400 seconds of 1-channel audio in 79 seconds, 410 times faster than real time.
2020-04-20 09:24:15,128 INFO     Processing recordings for station-night 5 of 11 - "MSGR 2020-04-13"...
2020-04-20 09:24:15,130 INFO         Processing recording 1 of 1 - "MSGR / PC / start 2020-04-14 00:30:00+00:00 / duration 9.000 h"...
2020-04-20 09:24:15,132 INFO             Running detector on file "/Volumes/Erebus/msgr-vesper-archive/Recordings/MSGR_2020-04-14_00.30.00_Z.wav"...
2020-04-20 09:25:35,771 INFO             Created 690 clips from detector "Old Bird Tseep Detector Redux 1.1".
2020-04-20 09:25:35,771 INFO             Ran 1 detector on 32400 seconds of 1-channel audio in 81 seconds, 402 times faster than real time.
2020-04-20 09:25:35,816 INFO     Processing recordings for station-night 6 of 11 - "MSGR 2020-04-14"...
2020-04-20 09:25:35,818 INFO         Processing recording 1 of 1 - "MSGR / PC / start 2020-04-15 02:04:15+00:00 / duration 7.428 h"...
2020-04-20 09:25:35,821 INFO             Running detector on file "/Volumes/Erebus/msgr-vesper-archive/Recordings/MSGR_2020-04-15_02.04.15_Z.wav"...
2020-04-20 09:26:44,733 INFO             Created 127 clips from detector "Old Bird Tseep Detector Redux 1.1".
2020-04-20 09:26:44,734 INFO             Ran 1 detector on 26742 seconds of 1-channel audio in 69 seconds, 388 times faster than real time.
2020-04-20 09:26:44,791 INFO     Processing recordings for station-night 7 of 11 - "MSGR 2020-04-15"...
2020-04-20 09:26:44,794 INFO         Processing recording 1 of 1 - "MSGR / PC / start 2020-04-16 00:30:00+00:00 / duration 9.000 h"...
2020-04-20 09:26:44,798 INFO             Running detector on file "/Volumes/Erebus/msgr-vesper-archive/Recordings/MSGR_2020-04-16_00.30.00_Z.wav"...
2020-04-20 09:28:24,179 INFO             Created 981 clips from detector "Old Bird Tseep Detector Redux 1.1".
2020-04-20 09:28:24,179 INFO             Ran 1 detector on 32400 seconds of 1-channel audio in 99 seconds, 326 times faster than real time.
2020-04-20 09:28:24,227 INFO     Processing recordings for station-night 8 of 11 - "MSGR 2020-04-16"...
2020-04-20 09:28:24,228 INFO         Processing recording 1 of 1 - "MSGR / PC / start 2020-04-17 00:30:00+00:00 / duration 9.000 h"...
2020-04-20 09:28:24,232 INFO             Running detector on file "/Volumes/Erebus/msgr-vesper-archive/Recordings/MSGR_2020-04-17_00.30.00_Z.wav"...
2020-04-20 09:29:52,830 INFO             Created 608 clips from detector "Old Bird Tseep Detector Redux 1.1".
2020-04-20 09:29:52,830 INFO             Ran 1 detector on 32400 seconds of 1-channel audio in 89 seconds, 366 times faster than real time.
2020-04-20 09:29:52,886 INFO     Processing recordings for station-night 9 of 11 - "MSGR 2020-04-17"...
2020-04-20 09:29:52,888 INFO         Processing recording 1 of 1 - "MSGR / PC / start 2020-04-18 00:30:00+00:00 / duration 9.000 h"...
2020-04-20 09:29:52,891 INFO             Running detector on file "/Volumes/Erebus/msgr-vesper-archive/Recordings/MSGR_2020-04-18_00.30.00_Z.wav"...
2020-04-20 09:31:16,817 INFO             Created 342 clips from detector "Old Bird Tseep Detector Redux 1.1".
2020-04-20 09:31:16,817 INFO             Ran 1 detector on 32399 seconds of 1-channel audio in 84 seconds, 386 times faster than real time.
2020-04-20 09:31:16,861 INFO     Processing recordings for station-night 10 of 11 - "MSGR 2020-04-18"...
2020-04-20 09:31:16,863 INFO         Processing recording 1 of 1 - "MSGR / PC / start 2020-04-19 00:30:00+00:00 / duration 9.000 h"...
2020-04-20 09:31:16,866 INFO             Running detector on file "/Volumes/Erebus/msgr-vesper-archive/Recordings/MSGR_2020-04-19_00.30.00_Z.wav"...
2020-04-20 09:32:35,869 INFO             Created 572 clips from detector "Old Bird Tseep Detector Redux 1.1".
2020-04-20 09:32:35,869 INFO             Ran 1 detector on 32400 seconds of 1-channel audio in 79 seconds, 410 times faster than real time.
2020-04-20 09:32:35,915 INFO     Processing recordings for station-night 11 of 11 - "MSGR 2020-04-19"...
2020-04-20 09:32:35,917 INFO         Processing recording 1 of 1 - "MSGR / PC / start 2020-04-20 00:30:00+00:00 / duration 9.000 h"...
2020-04-20 09:32:35,920 INFO             Running detector on file "/Volumes/Erebus/msgr-vesper-archive/Recordings/MSGR_2020-04-20_00.30.00_Z.wav"...
2020-04-20 09:33:55,668 INFO             Created 2289 clips from detector "Old Bird Tseep Detector Redux 1.1".
2020-04-20 09:33:55,668 INFO             Ran 1 detector on 32400 seconds of 1-channel audio in 80 seconds, 406 times faster than real time.
2020-04-20 09:33:55,719 INFO     Job completed.
