2020-03-27 16:27:32,173 INFO     Job started for command "classify" with arguments:
2020-03-27 16:27:32,174 INFO         {
2020-03-27 16:27:32,174 INFO             "classifier": "MPG Ranch NFC Coarse Classifier 3.0",
2020-03-27 16:27:32,175 INFO             "annotation_name": "Classification",
2020-03-27 16:27:32,175 INFO             "detectors": [
2020-03-27 16:27:32,176 INFO                 "Old Bird Thrush Detector Redux 1.1"
2020-03-27 16:27:32,176 INFO             ],
2020-03-27 16:27:32,176 INFO             "station_mics": [
2020-03-27 16:27:32,176 INFO                 "MSGR / 21c"
2020-03-27 16:27:32,176 INFO             ],
2020-03-27 16:27:32,176 INFO             "start_date": "2020-03-26",
2020-03-27 16:27:32,177 INFO             "end_date": "2020-03-30"
2020-03-27 16:27:32,177 INFO         }
2020-03-27 16:27:32,188 INFO     Creating TensorFlow estimator from saved model in directory "//anaconda3/envs/vesper-0.4.8/lib/python3.6/site-packages/vesper/mpg_ranch/nfc_coarse_classifier_3_0/Tseep Classifier/TensorFlow SavedModel"...
2020-03-27 16:27:32,189 WARNING  
The TensorFlow contrib module will not be included in TensorFlow 2.0.
For more information, please see:
  * https://github.com/tensorflow/community/blob/master/rfcs/20180907-contrib-sunset.md
  * https://github.com/tensorflow/addons
  * https://github.com/tensorflow/io (for I/O related ops)
If you depend on functionality not listed there, please file an issue.

2020-03-27 16:27:33,214 WARNING  Using temporary folder as model directory: /var/folders/2z/dlxt5tt50nzdlqlx1qvr1zdm0000gn/T/tmp_g1rva7o
2020-03-27 16:27:33,220 WARNING  train mode not found in SavedModel.
2020-03-27 16:27:33,220 WARNING  eval mode not found in SavedModel.
2020-03-27 16:27:33,220 INFO     Loading classifier settings from "//anaconda3/envs/vesper-0.4.8/lib/python3.6/site-packages/vesper/mpg_ranch/nfc_coarse_classifier_3_0/Tseep Classifier/Settings.yaml"...
2020-03-27 16:27:33,236 INFO     Creating TensorFlow estimator from saved model in directory "//anaconda3/envs/vesper-0.4.8/lib/python3.6/site-packages/vesper/mpg_ranch/nfc_coarse_classifier_3_0/Thrush Classifier/TensorFlow SavedModel"...
2020-03-27 16:27:33,238 WARNING  Using temporary folder as model directory: /var/folders/2z/dlxt5tt50nzdlqlx1qvr1zdm0000gn/T/tmp6wdr_o5z
2020-03-27 16:27:33,241 WARNING  train mode not found in SavedModel.
2020-03-27 16:27:33,241 WARNING  eval mode not found in SavedModel.
2020-03-27 16:27:33,241 INFO     Loading classifier settings from "//anaconda3/envs/vesper-0.4.8/lib/python3.6/site-packages/vesper/mpg_ranch/nfc_coarse_classifier_3_0/Thrush Classifier/Settings.yaml"...
2020-03-27 16:27:33,260 INFO     Classifier will visit 2557 clips for detector "Old Bird Thrush Detector Redux 1.1", station "MSGR", mic output "21c Output", and date 2020-03-26.
2020-03-27 16:28:05,518 WARNING  From //anaconda3/envs/vesper-0.4.8/lib/python3.6/site-packages/tensorflow_core/python/autograph/converters/directives.py:119: The name tf.real is deprecated. Please use tf.math.real instead.

2020-03-27 16:28:05,518 WARNING  From //anaconda3/envs/vesper-0.4.8/lib/python3.6/site-packages/tensorflow_core/python/autograph/converters/directives.py:119: The name tf.conj is deprecated. Please use tf.math.conj instead.

2020-03-27 16:28:05,520 WARNING  From //anaconda3/envs/vesper-0.4.8/lib/python3.6/site-packages/tensorflow_core/python/autograph/converters/directives.py:119: The name tf.log is deprecated. Please use tf.math.log instead.

2020-03-27 16:28:05,796 WARNING  From //anaconda3/envs/vesper-0.4.8/lib/python3.6/site-packages/tensorflow_core/python/autograph/converters/directives.py:119: The name tf.Dimension is deprecated. Please use tf.compat.v1.Dimension instead.

2020-03-27 16:28:06,201 WARNING  From //anaconda3/envs/vesper-0.4.8/lib/python3.6/site-packages/tensorflow_core/python/ops/array_ops.py:1475: where (from tensorflow.python.ops.array_ops) is deprecated and will be removed in a future version.
Instructions for updating:
Use tf.where in 2.0, which has the same broadcast rule as np.where
2020-03-27 16:28:36,324 INFO     Classified 2557 of 2557 visited clips in 63.1 seconds, an average of 40.5 clips per second.
2020-03-27 16:28:36,337 INFO     Classifier will visit 0 clips for detector "Old Bird Thrush Detector Redux 1.1", station "MSGR", mic output "21c Output", and date 2020-03-27.
2020-03-27 16:28:36,339 INFO     Classified 0 of 0 visited clips in 0.0 seconds.
2020-03-27 16:28:36,341 INFO     Classifier will visit 0 clips for detector "Old Bird Thrush Detector Redux 1.1", station "MSGR", mic output "21c Output", and date 2020-03-28.
2020-03-27 16:28:36,342 INFO     Classified 0 of 0 visited clips in 0.0 seconds.
2020-03-27 16:28:36,345 INFO     Classifier will visit 0 clips for detector "Old Bird Thrush Detector Redux 1.1", station "MSGR", mic output "21c Output", and date 2020-03-29.
2020-03-27 16:28:36,349 INFO     Classified 0 of 0 visited clips in 0.0 seconds.
2020-03-27 16:28:36,351 INFO     Classifier will visit 0 clips for detector "Old Bird Thrush Detector Redux 1.1", station "MSGR", mic output "21c Output", and date 2020-03-30.
2020-03-27 16:28:36,355 INFO     Classified 0 of 0 visited clips in 0.0 seconds.
2020-03-27 16:28:36,363 INFO     Job completed.
