2020-11-09 20:04:03,774 INFO     Job started for command "detect" with arguments:
2020-11-09 20:04:03,774 INFO         {
2020-11-09 20:04:03,775 INFO             "detectors": [
2020-11-09 20:04:03,776 INFO                 "Old Bird Tseep Detector Redux 1.1"
2020-11-09 20:04:03,776 INFO             ],
2020-11-09 20:04:03,777 INFO             "stations": [
2020-11-09 20:04:03,777 INFO                 "MSGR"
2020-11-09 20:04:03,777 INFO             ],
2020-11-09 20:04:03,777 INFO             "start_date": "2020-11-02",
2020-11-09 20:04:03,777 INFO             "end_date": "2020-11-30",
2020-11-09 20:04:03,778 INFO             "schedule": "",
2020-11-09 20:04:03,778 INFO             "defer_clip_creation": false
2020-11-09 20:04:03,778 INFO         }
2020-11-09 20:04:03,832 INFO     This command will process recordings for 7 station-nights.
2020-11-09 20:04:03,833 INFO     Processing recordings for station-night 1 of 7 - "MSGR 2020-11-02"...
2020-11-09 20:04:03,836 INFO         Processing recording 1 of 1 - "MSGR / PC / start 2020-11-02 23:16:00+00:00 / duration 10.600 h"...
2020-11-09 20:04:03,844 INFO             Running detector on file "/Volumes/Erebus/msgr-vesper-archive/Recordings/MSGR_2020-11-02_23.16.00_Z.wav"...
2020-11-09 20:05:32,807 INFO             Created 3067 clips from detector "Old Bird Tseep Detector Redux 1.1".
2020-11-09 20:05:32,808 INFO             Ran 1 detector on 38160 seconds of 1-channel audio in 89 seconds, 429 times faster than real time.
2020-11-09 20:05:32,855 INFO     Processing recordings for station-night 2 of 7 - "MSGR 2020-11-03"...
2020-11-09 20:05:32,857 INFO         Processing recording 1 of 1 - "MSGR / PC / start 2020-11-03 23:16:00+00:00 / duration 10.600 h"...
2020-11-09 20:05:32,859 INFO             Running detector on file "/Volumes/Erebus/msgr-vesper-archive/Recordings/MSGR_2020-11-03_23.16.00_Z.wav"...
2020-11-09 20:07:03,747 INFO             Created 4380 clips from detector "Old Bird Tseep Detector Redux 1.1".
2020-11-09 20:07:03,747 INFO             Ran 1 detector on 38160 seconds of 1-channel audio in 91 seconds, 420 times faster than real time.
2020-11-09 20:07:03,806 INFO     Processing recordings for station-night 3 of 7 - "MSGR 2020-11-04"...
2020-11-09 20:07:03,808 INFO         Processing recording 1 of 1 - "MSGR / PC / start 2020-11-04 23:16:00+00:00 / duration 10.600 h"...
2020-11-09 20:07:03,811 INFO             Running detector on file "/Volumes/Erebus/msgr-vesper-archive/Recordings/MSGR_2020-11-04_23.16.00_Z.wav"...
2020-11-09 20:08:34,922 INFO             Created 1188 clips from detector "Old Bird Tseep Detector Redux 1.1".
2020-11-09 20:08:34,922 INFO             Ran 1 detector on 38160 seconds of 1-channel audio in 91 seconds, 419 times faster than real time.
2020-11-09 20:08:34,972 INFO     Processing recordings for station-night 4 of 7 - "MSGR 2020-11-05"...
2020-11-09 20:08:34,973 INFO         Processing recording 1 of 1 - "MSGR / PC / start 2020-11-05 23:16:00+00:00 / duration 10.600 h"...
2020-11-09 20:08:34,977 INFO             Running detector on file "/Volumes/Erebus/msgr-vesper-archive/Recordings/MSGR_2020-11-05_23.16.00_Z.wav"...
2020-11-09 20:10:05,284 INFO             Created 2380 clips from detector "Old Bird Tseep Detector Redux 1.1".
2020-11-09 20:10:05,284 INFO             Ran 1 detector on 38160 seconds of 1-channel audio in 90 seconds, 423 times faster than real time.
2020-11-09 20:10:05,332 INFO     Processing recordings for station-night 5 of 7 - "MSGR 2020-11-06"...
2020-11-09 20:10:05,334 INFO         Processing recording 1 of 1 - "MSGR / PC / start 2020-11-06 23:16:00+00:00 / duration 10.600 h"...
2020-11-09 20:10:05,337 INFO             Running detector on file "/Volumes/Erebus/msgr-vesper-archive/Recordings/MSGR_2020-11-06_23.16.00_Z.wav"...
2020-11-09 20:11:34,828 INFO             Created 1305 clips from detector "Old Bird Tseep Detector Redux 1.1".
2020-11-09 20:11:34,828 INFO             Ran 1 detector on 38160 seconds of 1-channel audio in 89 seconds, 426 times faster than real time.
2020-11-09 20:11:34,876 INFO     Processing recordings for station-night 6 of 7 - "MSGR 2020-11-07"...
2020-11-09 20:11:34,877 INFO         Processing recording 1 of 1 - "MSGR / PC / start 2020-11-07 23:16:00+00:00 / duration 10.600 h"...
2020-11-09 20:11:34,881 INFO             Running detector on file "/Volumes/Erebus/msgr-vesper-archive/Recordings/MSGR_2020-11-07_23.16.00_Z.wav"...
2020-11-09 20:13:04,694 INFO             Created 1328 clips from detector "Old Bird Tseep Detector Redux 1.1".
2020-11-09 20:13:04,694 INFO             Ran 1 detector on 38160 seconds of 1-channel audio in 90 seconds, 425 times faster than real time.
2020-11-09 20:13:04,750 INFO     Processing recordings for station-night 7 of 7 - "MSGR 2020-11-08"...
2020-11-09 20:13:04,753 INFO         Processing recording 1 of 1 - "MSGR / PC / start 2020-11-08 23:14:17+00:00 / duration 10.745 h"...
2020-11-09 20:13:04,756 INFO             Running detector on file "/Volumes/Erebus/msgr-vesper-archive/Recordings/MSGR_2020-11-08_23.14.17_Z.wav"...
2020-11-09 20:14:42,074 INFO             Created 1687 clips from detector "Old Bird Tseep Detector Redux 1.1".
2020-11-09 20:14:42,074 INFO             Ran 1 detector on 38683 seconds of 1-channel audio in 97 seconds, 397 times faster than real time.
2020-11-09 20:14:42,131 INFO     Job completed.
