2020-09-30 14:09:21,579 INFO     Job started for command "detect" with arguments:
2020-09-30 14:09:21,580 INFO         {
2020-09-30 14:09:21,580 INFO             "detectors": [
2020-09-30 14:09:21,581 INFO                 "Old Bird Thrush Detector Redux 1.1"
2020-09-30 14:09:21,581 INFO             ],
2020-09-30 14:09:21,582 INFO             "stations": [
2020-09-30 14:09:21,582 INFO                 "MSGR"
2020-09-30 14:09:21,582 INFO             ],
2020-09-30 14:09:21,582 INFO             "start_date": "2020-09-29",
2020-09-30 14:09:21,583 INFO             "end_date": "2020-10-02",
2020-09-30 14:09:21,585 INFO             "schedule": "",
2020-09-30 14:09:21,586 INFO             "defer_clip_creation": false
2020-09-30 14:09:21,587 INFO         }
2020-09-30 14:09:21,600 INFO     This command will process recordings for 1 station-night.
2020-09-30 14:09:21,602 INFO     Processing recordings for station-night 1 of 1 - "MSGR 2020-09-29"...
2020-09-30 14:09:21,604 INFO         Processing recording 1 of 1 - "MSGR / PC / start 2020-09-30 00:10:00+00:00 / duration 9.000 h"...
2020-09-30 14:09:21,611 INFO             Running detector on file "/Volumes/Erebus/msgr-vesper-archive/Recordings/MSGR_2020-09-30_00.10.00_Z.wav"...
2020-09-30 14:10:55,243 INFO             Created 5185 clips from detector "Old Bird Thrush Detector Redux 1.1".
2020-09-30 14:10:55,244 INFO             Ran 1 detector on 32400 seconds of 1-channel audio in 94 seconds, 346 times faster than real time.
2020-09-30 14:10:55,295 INFO     Job completed.
