2020-03-30 11:19:29,903 INFO     Job started for command "detect" with arguments:
2020-03-30 11:19:29,903 INFO         {
2020-03-30 11:19:29,904 INFO             "detectors": [
2020-03-30 11:19:29,904 INFO                 "Old Bird Thrush Detector Redux 1.1"
2020-03-30 11:19:29,904 INFO             ],
2020-03-30 11:19:29,904 INFO             "stations": [
2020-03-30 11:19:29,904 INFO                 "MSGR"
2020-03-30 11:19:29,904 INFO             ],
2020-03-30 11:19:29,904 INFO             "start_date": "2020-03-29",
2020-03-30 11:19:29,904 INFO             "end_date": "2020-03-30",
2020-03-30 11:19:29,904 INFO             "schedule": "",
2020-03-30 11:19:29,904 INFO             "defer_clip_creation": false
2020-03-30 11:19:29,904 INFO         }
2020-03-30 11:19:29,920 INFO     This command will process recordings for 1 station-night.
2020-03-30 11:19:29,920 INFO     Processing recordings for station-night 1 of 1 - "MSGR 2020-03-29"...
2020-03-30 11:19:29,922 INFO         Processing recording 1 of 1 - "MSGR / PC / start 2020-03-30 00:30:01+00:00 / duration 9.000 h"...
2020-03-30 11:19:29,928 INFO             Running detector on file "/Volumes/Erebus/msgr-vesper-archive/Recordings/MSGR_2020-03-30_00.30.01_Z.wav"...
2020-03-30 11:21:11,336 INFO             Created 2334 clips from detector "Old Bird Thrush Detector Redux 1.1".
2020-03-30 11:21:11,337 INFO             Ran 1 detector on 32399 seconds of 1-channel audio in 101 seconds, 319 times faster than real time.
2020-03-30 11:21:11,389 INFO     Job completed.
