2020-03-09 09:34:22,114 INFO     Job started for command "import" with arguments:
2020-03-09 09:34:22,114 INFO         {
2020-03-09 09:34:22,115 INFO             "importer": {
2020-03-09 09:34:22,115 INFO                 "name": "Recording Importer",
2020-03-09 09:34:22,115 INFO                 "arguments": {
2020-03-09 09:34:22,115 INFO                     "paths": [
2020-03-09 09:34:22,115 INFO                         "/Users/richard/src/msgr-vesper-archive/Recordings"
2020-03-09 09:34:22,115 INFO                     ],
2020-03-09 09:34:22,115 INFO                     "recursive": false,
2020-03-09 09:34:22,115 INFO                     "recording_file_parser": {
2020-03-09 09:34:22,115 INFO                         "name": "MPG Ranch Recording File Parser",
2020-03-09 09:34:22,115 INFO                         "arguments": {
2020-03-09 09:34:22,115 INFO                             "station_name_aliases_preset": "Station Name Aliases"
2020-03-09 09:34:22,115 INFO                         }
2020-03-09 09:34:22,115 INFO                     }
2020-03-09 09:34:22,115 INFO                 }
2020-03-09 09:34:22,115 INFO             }
2020-03-09 09:34:22,116 INFO         }
2020-03-09 09:34:22,142 INFO     Found 1 new recording and 1 old recording at the specified paths.
2020-03-09 09:34:22,142 INFO     The new recordings will be imported.
2020-03-09 09:34:22,146 INFO     Imported recording MSGR / PC / start 2020-03-08 20:30:00+00:00 / duration 8.999 h with files:
2020-03-09 09:34:22,146 INFO         MSGR_2020-03-08_20.30.00_Z.wav
2020-03-09 09:34:22,150 INFO     Job complete.
