2020-09-29 20:05:49,282 INFO     Job started for command "export" with arguments:
2020-09-29 20:05:49,283 INFO         {
2020-09-29 20:05:49,284 INFO             "exporter": {
2020-09-29 20:05:49,284 INFO                 "name": "Clip Metadata CSV File Exporter",
2020-09-29 20:05:49,284 INFO                 "arguments": {
2020-09-29 20:05:49,285 INFO                     "output_file_path": "2020-09-28 tseep.csv"
2020-09-29 20:05:49,286 INFO                 }
2020-09-29 20:05:49,286 INFO             },
2020-09-29 20:05:49,287 INFO             "detectors": [
2020-09-29 20:05:49,288 INFO                 "Old Bird Thrush Detector Redux 1.1"
2020-09-29 20:05:49,288 INFO             ],
2020-09-29 20:05:49,288 INFO             "station_mics": [
2020-09-29 20:05:49,288 INFO                 "MSGR / 21c"
2020-09-29 20:05:49,289 INFO             ],
2020-09-29 20:05:49,290 INFO             "classification": "Call*",
2020-09-29 20:05:49,291 INFO             "start_date": "2020-09-28",
2020-09-29 20:05:49,293 INFO             "end_date": "2020-09-30"
2020-09-29 20:05:49,293 INFO         }
2020-09-29 20:05:49,320 INFO     Exporter will visit 1 clip for detector "Old Bird Thrush Detector Redux 1.1", station "MSGR", mic output "21c Output", and date 2020-09-28.
2020-09-29 20:05:49,345 INFO     Exported 1 of 1 visited clips.
2020-09-29 20:05:49,349 INFO     Exporter will visit 0 clips for detector "Old Bird Thrush Detector Redux 1.1", station "MSGR", mic output "21c Output", and date 2020-09-29.
2020-09-29 20:05:49,353 INFO     Exported 0 of 0 visited clips.
2020-09-29 20:05:49,361 INFO     Exporter will visit 0 clips for detector "Old Bird Thrush Detector Redux 1.1", station "MSGR", mic output "21c Output", and date 2020-09-30.
2020-09-29 20:05:49,364 INFO     Exported 0 of 0 visited clips.
2020-09-29 20:05:49,381 INFO     Job completed.
