2020-08-15 14:06:25,494 INFO     Job started for command "classify" with arguments:
2020-08-15 14:06:25,495 INFO         {
2020-08-15 14:06:25,496 INFO             "classifier": "MPG Ranch NFC Coarse Classifier 3.0",
2020-08-15 14:06:25,496 INFO             "annotation_name": "Classification",
2020-08-15 14:06:25,497 INFO             "detectors": [
2020-08-15 14:06:25,498 INFO                 "Old Bird Thrush Detector Redux 1.1"
2020-08-15 14:06:25,499 INFO             ],
2020-08-15 14:06:25,499 INFO             "station_mics": [
2020-08-15 14:06:25,500 INFO                 "MSGR / 21c"
2020-08-15 14:06:25,501 INFO             ],
2020-08-15 14:06:25,501 INFO             "start_date": "2020-08-14",
2020-08-15 14:06:25,503 INFO             "end_date": "2020-12-30"
2020-08-15 14:06:25,504 INFO         }
2020-08-15 14:06:25,512 INFO     Creating TensorFlow estimator from saved model in directory "/Users/richard/miniconda3/envs/vesper-0.4.8/lib/python3.6/site-packages/vesper/mpg_ranch/nfc_coarse_classifier_3_0/Tseep Classifier/TensorFlow SavedModel"...
2020-08-15 14:06:25,512 WARNING  
The TensorFlow contrib module will not be included in TensorFlow 2.0.
For more information, please see:
  * https://github.com/tensorflow/community/blob/master/rfcs/20180907-contrib-sunset.md
  * https://github.com/tensorflow/addons
  * https://github.com/tensorflow/io (for I/O related ops)
If you depend on functionality not listed there, please file an issue.

2020-08-15 14:06:26,417 WARNING  Using temporary folder as model directory: /var/folders/2z/dlxt5tt50nzdlqlx1qvr1zdm0000gn/T/tmp6qi6u10j
2020-08-15 14:06:26,423 WARNING  train mode not found in SavedModel.
2020-08-15 14:06:26,423 WARNING  eval mode not found in SavedModel.
2020-08-15 14:06:26,423 INFO     Loading classifier settings from "/Users/richard/miniconda3/envs/vesper-0.4.8/lib/python3.6/site-packages/vesper/mpg_ranch/nfc_coarse_classifier_3_0/Tseep Classifier/Settings.yaml"...
2020-08-15 14:06:26,437 INFO     Creating TensorFlow estimator from saved model in directory "/Users/richard/miniconda3/envs/vesper-0.4.8/lib/python3.6/site-packages/vesper/mpg_ranch/nfc_coarse_classifier_3_0/Thrush Classifier/TensorFlow SavedModel"...
2020-08-15 14:06:26,440 WARNING  Using temporary folder as model directory: /var/folders/2z/dlxt5tt50nzdlqlx1qvr1zdm0000gn/T/tmp41z_1opu
2020-08-15 14:06:26,443 WARNING  train mode not found in SavedModel.
2020-08-15 14:06:26,443 WARNING  eval mode not found in SavedModel.
2020-08-15 14:06:26,443 INFO     Loading classifier settings from "/Users/richard/miniconda3/envs/vesper-0.4.8/lib/python3.6/site-packages/vesper/mpg_ranch/nfc_coarse_classifier_3_0/Thrush Classifier/Settings.yaml"...
2020-08-15 14:06:26,463 INFO     Classifier will visit 83 clips for detector "Old Bird Thrush Detector Redux 1.1", station "MSGR", mic output "21c Output", and date 2020-08-14.
2020-08-15 14:06:28,721 WARNING  From /Users/richard/miniconda3/envs/vesper-0.4.8/lib/python3.6/site-packages/tensorflow_core/python/autograph/converters/directives.py:119: The name tf.real is deprecated. Please use tf.math.real instead.

2020-08-15 14:06:28,721 WARNING  From /Users/richard/miniconda3/envs/vesper-0.4.8/lib/python3.6/site-packages/tensorflow_core/python/autograph/converters/directives.py:119: The name tf.conj is deprecated. Please use tf.math.conj instead.

2020-08-15 14:06:28,723 WARNING  From /Users/richard/miniconda3/envs/vesper-0.4.8/lib/python3.6/site-packages/tensorflow_core/python/autograph/converters/directives.py:119: The name tf.log is deprecated. Please use tf.math.log instead.

2020-08-15 14:06:29,084 WARNING  From /Users/richard/miniconda3/envs/vesper-0.4.8/lib/python3.6/site-packages/tensorflow_core/python/autograph/converters/directives.py:119: The name tf.Dimension is deprecated. Please use tf.compat.v1.Dimension instead.

2020-08-15 14:06:29,483 WARNING  From /Users/richard/miniconda3/envs/vesper-0.4.8/lib/python3.6/site-packages/tensorflow_core/python/ops/array_ops.py:1475: where (from tensorflow.python.ops.array_ops) is deprecated and will be removed in a future version.
Instructions for updating:
Use tf.where in 2.0, which has the same broadcast rule as np.where
2020-08-15 14:06:30,607 INFO     Classified 83 of 83 visited clips in 4.1 seconds, an average of 20.2 clips per second.
2020-08-15 14:06:30,610 INFO     Classifier will visit 0 clips for detector "Old Bird Thrush Detector Redux 1.1", station "MSGR", mic output "21c Output", and date 2020-08-15.
2020-08-15 14:06:30,613 INFO     Classified 0 of 0 visited clips in 0.0 seconds.
2020-08-15 14:06:30,615 INFO     Classifier will visit 0 clips for detector "Old Bird Thrush Detector Redux 1.1", station "MSGR", mic output "21c Output", and date 2020-08-16.
2020-08-15 14:06:30,616 INFO     Classified 0 of 0 visited clips in 0.0 seconds.
2020-08-15 14:06:30,617 INFO     Classifier will visit 0 clips for detector "Old Bird Thrush Detector Redux 1.1", station "MSGR", mic output "21c Output", and date 2020-08-17.
2020-08-15 14:06:30,620 INFO     Classified 0 of 0 visited clips in 0.0 seconds.
2020-08-15 14:06:30,622 INFO     Classifier will visit 0 clips for detector "Old Bird Thrush Detector Redux 1.1", station "MSGR", mic output "21c Output", and date 2020-08-18.
2020-08-15 14:06:30,623 INFO     Classified 0 of 0 visited clips in 0.0 seconds.
2020-08-15 14:06:30,625 INFO     Classifier will visit 0 clips for detector "Old Bird Thrush Detector Redux 1.1", station "MSGR", mic output "21c Output", and date 2020-08-19.
2020-08-15 14:06:30,627 INFO     Classified 0 of 0 visited clips in 0.0 seconds.
2020-08-15 14:06:30,630 INFO     Classifier will visit 0 clips for detector "Old Bird Thrush Detector Redux 1.1", station "MSGR", mic output "21c Output", and date 2020-08-20.
2020-08-15 14:06:30,632 INFO     Classified 0 of 0 visited clips in 0.0 seconds.
2020-08-15 14:06:30,634 INFO     Classifier will visit 0 clips for detector "Old Bird Thrush Detector Redux 1.1", station "MSGR", mic output "21c Output", and date 2020-08-21.
2020-08-15 14:06:30,635 INFO     Classified 0 of 0 visited clips in 0.0 seconds.
2020-08-15 14:06:30,638 INFO     Classifier will visit 0 clips for detector "Old Bird Thrush Detector Redux 1.1", station "MSGR", mic output "21c Output", and date 2020-08-22.
2020-08-15 14:06:30,639 INFO     Classified 0 of 0 visited clips in 0.0 seconds.
2020-08-15 14:06:30,642 INFO     Classifier will visit 0 clips for detector "Old Bird Thrush Detector Redux 1.1", station "MSGR", mic output "21c Output", and date 2020-08-23.
2020-08-15 14:06:30,643 INFO     Classified 0 of 0 visited clips in 0.0 seconds.
2020-08-15 14:06:30,646 INFO     Classifier will visit 0 clips for detector "Old Bird Thrush Detector Redux 1.1", station "MSGR", mic output "21c Output", and date 2020-08-24.
2020-08-15 14:06:30,649 INFO     Classified 0 of 0 visited clips in 0.0 seconds.
2020-08-15 14:06:30,651 INFO     Classifier will visit 0 clips for detector "Old Bird Thrush Detector Redux 1.1", station "MSGR", mic output "21c Output", and date 2020-08-25.
2020-08-15 14:06:30,652 INFO     Classified 0 of 0 visited clips in 0.0 seconds.
2020-08-15 14:06:30,655 INFO     Classifier will visit 0 clips for detector "Old Bird Thrush Detector Redux 1.1", station "MSGR", mic output "21c Output", and date 2020-08-26.
2020-08-15 14:06:30,656 INFO     Classified 0 of 0 visited clips in 0.0 seconds.
2020-08-15 14:06:30,659 INFO     Classifier will visit 0 clips for detector "Old Bird Thrush Detector Redux 1.1", station "MSGR", mic output "21c Output", and date 2020-08-27.
2020-08-15 14:06:30,661 INFO     Classified 0 of 0 visited clips in 0.0 seconds.
2020-08-15 14:06:30,663 INFO     Classifier will visit 0 clips for detector "Old Bird Thrush Detector Redux 1.1", station "MSGR", mic output "21c Output", and date 2020-08-28.
2020-08-15 14:06:30,664 INFO     Classified 0 of 0 visited clips in 0.0 seconds.
2020-08-15 14:06:30,667 INFO     Classifier will visit 0 clips for detector "Old Bird Thrush Detector Redux 1.1", station "MSGR", mic output "21c Output", and date 2020-08-29.
2020-08-15 14:06:30,668 INFO     Classified 0 of 0 visited clips in 0.0 seconds.
2020-08-15 14:06:30,669 INFO     Classifier will visit 0 clips for detector "Old Bird Thrush Detector Redux 1.1", station "MSGR", mic output "21c Output", and date 2020-08-30.
2020-08-15 14:06:30,671 INFO     Classified 0 of 0 visited clips in 0.0 seconds.
2020-08-15 14:06:30,673 INFO     Classifier will visit 0 clips for detector "Old Bird Thrush Detector Redux 1.1", station "MSGR", mic output "21c Output", and date 2020-08-31.
2020-08-15 14:06:30,674 INFO     Classified 0 of 0 visited clips in 0.0 seconds.
2020-08-15 14:06:30,677 INFO     Classifier will visit 0 clips for detector "Old Bird Thrush Detector Redux 1.1", station "MSGR", mic output "21c Output", and date 2020-09-01.
2020-08-15 14:06:30,678 INFO     Classified 0 of 0 visited clips in 0.0 seconds.
2020-08-15 14:06:30,680 INFO     Classifier will visit 0 clips for detector "Old Bird Thrush Detector Redux 1.1", station "MSGR", mic output "21c Output", and date 2020-09-02.
2020-08-15 14:06:30,682 INFO     Classified 0 of 0 visited clips in 0.0 seconds.
2020-08-15 14:06:30,685 INFO     Classifier will visit 0 clips for detector "Old Bird Thrush Detector Redux 1.1", station "MSGR", mic output "21c Output", and date 2020-09-03.
2020-08-15 14:06:30,686 INFO     Classified 0 of 0 visited clips in 0.0 seconds.
2020-08-15 14:06:30,689 INFO     Classifier will visit 0 clips for detector "Old Bird Thrush Detector Redux 1.1", station "MSGR", mic output "21c Output", and date 2020-09-04.
2020-08-15 14:06:30,690 INFO     Classified 0 of 0 visited clips in 0.0 seconds.
2020-08-15 14:06:30,692 INFO     Classifier will visit 0 clips for detector "Old Bird Thrush Detector Redux 1.1", station "MSGR", mic output "21c Output", and date 2020-09-05.
2020-08-15 14:06:30,693 INFO     Classified 0 of 0 visited clips in 0.0 seconds.
2020-08-15 14:06:30,696 INFO     Classifier will visit 0 clips for detector "Old Bird Thrush Detector Redux 1.1", station "MSGR", mic output "21c Output", and date 2020-09-06.
2020-08-15 14:06:30,698 INFO     Classified 0 of 0 visited clips in 0.0 seconds.
2020-08-15 14:06:30,700 INFO     Classifier will visit 0 clips for detector "Old Bird Thrush Detector Redux 1.1", station "MSGR", mic output "21c Output", and date 2020-09-07.
2020-08-15 14:06:30,702 INFO     Classified 0 of 0 visited clips in 0.0 seconds.
2020-08-15 14:06:30,704 INFO     Classifier will visit 0 clips for detector "Old Bird Thrush Detector Redux 1.1", station "MSGR", mic output "21c Output", and date 2020-09-08.
2020-08-15 14:06:30,705 INFO     Classified 0 of 0 visited clips in 0.0 seconds.
2020-08-15 14:06:30,707 INFO     Classifier will visit 0 clips for detector "Old Bird Thrush Detector Redux 1.1", station "MSGR", mic output "21c Output", and date 2020-09-09.
2020-08-15 14:06:30,708 INFO     Classified 0 of 0 visited clips in 0.0 seconds.
2020-08-15 14:06:30,710 INFO     Classifier will visit 0 clips for detector "Old Bird Thrush Detector Redux 1.1", station "MSGR", mic output "21c Output", and date 2020-09-10.
2020-08-15 14:06:30,711 INFO     Classified 0 of 0 visited clips in 0.0 seconds.
2020-08-15 14:06:30,713 INFO     Classifier will visit 0 clips for detector "Old Bird Thrush Detector Redux 1.1", station "MSGR", mic output "21c Output", and date 2020-09-11.
2020-08-15 14:06:30,715 INFO     Classified 0 of 0 visited clips in 0.0 seconds.
2020-08-15 14:06:30,717 INFO     Classifier will visit 0 clips for detector "Old Bird Thrush Detector Redux 1.1", station "MSGR", mic output "21c Output", and date 2020-09-12.
2020-08-15 14:06:30,719 INFO     Classified 0 of 0 visited clips in 0.0 seconds.
2020-08-15 14:06:30,721 INFO     Classifier will visit 0 clips for detector "Old Bird Thrush Detector Redux 1.1", station "MSGR", mic output "21c Output", and date 2020-09-13.
2020-08-15 14:06:30,722 INFO     Classified 0 of 0 visited clips in 0.0 seconds.
2020-08-15 14:06:30,724 INFO     Classifier will visit 0 clips for detector "Old Bird Thrush Detector Redux 1.1", station "MSGR", mic output "21c Output", and date 2020-09-14.
2020-08-15 14:06:30,726 INFO     Classified 0 of 0 visited clips in 0.0 seconds.
2020-08-15 14:06:30,727 INFO     Classifier will visit 0 clips for detector "Old Bird Thrush Detector Redux 1.1", station "MSGR", mic output "21c Output", and date 2020-09-15.
2020-08-15 14:06:30,730 INFO     Classified 0 of 0 visited clips in 0.0 seconds.
2020-08-15 14:06:30,731 INFO     Classifier will visit 0 clips for detector "Old Bird Thrush Detector Redux 1.1", station "MSGR", mic output "21c Output", and date 2020-09-16.
2020-08-15 14:06:30,733 INFO     Classified 0 of 0 visited clips in 0.0 seconds.
2020-08-15 14:06:30,735 INFO     Classifier will visit 0 clips for detector "Old Bird Thrush Detector Redux 1.1", station "MSGR", mic output "21c Output", and date 2020-09-17.
2020-08-15 14:06:30,736 INFO     Classified 0 of 0 visited clips in 0.0 seconds.
2020-08-15 14:06:30,738 INFO     Classifier will visit 0 clips for detector "Old Bird Thrush Detector Redux 1.1", station "MSGR", mic output "21c Output", and date 2020-09-18.
2020-08-15 14:06:30,739 INFO     Classified 0 of 0 visited clips in 0.0 seconds.
2020-08-15 14:06:30,741 INFO     Classifier will visit 0 clips for detector "Old Bird Thrush Detector Redux 1.1", station "MSGR", mic output "21c Output", and date 2020-09-19.
2020-08-15 14:06:30,743 INFO     Classified 0 of 0 visited clips in 0.0 seconds.
2020-08-15 14:06:30,745 INFO     Classifier will visit 0 clips for detector "Old Bird Thrush Detector Redux 1.1", station "MSGR", mic output "21c Output", and date 2020-09-20.
2020-08-15 14:06:30,746 INFO     Classified 0 of 0 visited clips in 0.0 seconds.
2020-08-15 14:06:30,748 INFO     Classifier will visit 0 clips for detector "Old Bird Thrush Detector Redux 1.1", station "MSGR", mic output "21c Output", and date 2020-09-21.
2020-08-15 14:06:30,749 INFO     Classified 0 of 0 visited clips in 0.0 seconds.
2020-08-15 14:06:30,752 INFO     Classifier will visit 0 clips for detector "Old Bird Thrush Detector Redux 1.1", station "MSGR", mic output "21c Output", and date 2020-09-22.
2020-08-15 14:06:30,753 INFO     Classified 0 of 0 visited clips in 0.0 seconds.
2020-08-15 14:06:30,755 INFO     Classifier will visit 0 clips for detector "Old Bird Thrush Detector Redux 1.1", station "MSGR", mic output "21c Output", and date 2020-09-23.
2020-08-15 14:06:30,756 INFO     Classified 0 of 0 visited clips in 0.0 seconds.
2020-08-15 14:06:30,758 INFO     Classifier will visit 0 clips for detector "Old Bird Thrush Detector Redux 1.1", station "MSGR", mic output "21c Output", and date 2020-09-24.
2020-08-15 14:06:30,759 INFO     Classified 0 of 0 visited clips in 0.0 seconds.
2020-08-15 14:06:30,762 INFO     Classifier will visit 0 clips for detector "Old Bird Thrush Detector Redux 1.1", station "MSGR", mic output "21c Output", and date 2020-09-25.
2020-08-15 14:06:30,764 INFO     Classified 0 of 0 visited clips in 0.0 seconds.
2020-08-15 14:06:30,765 INFO     Classifier will visit 0 clips for detector "Old Bird Thrush Detector Redux 1.1", station "MSGR", mic output "21c Output", and date 2020-09-26.
2020-08-15 14:06:30,767 INFO     Classified 0 of 0 visited clips in 0.0 seconds.
2020-08-15 14:06:30,768 INFO     Classifier will visit 0 clips for detector "Old Bird Thrush Detector Redux 1.1", station "MSGR", mic output "21c Output", and date 2020-09-27.
2020-08-15 14:06:30,769 INFO     Classified 0 of 0 visited clips in 0.0 seconds.
2020-08-15 14:06:30,771 INFO     Classifier will visit 0 clips for detector "Old Bird Thrush Detector Redux 1.1", station "MSGR", mic output "21c Output", and date 2020-09-28.
2020-08-15 14:06:30,773 INFO     Classified 0 of 0 visited clips in 0.0 seconds.
2020-08-15 14:06:30,775 INFO     Classifier will visit 0 clips for detector "Old Bird Thrush Detector Redux 1.1", station "MSGR", mic output "21c Output", and date 2020-09-29.
2020-08-15 14:06:30,776 INFO     Classified 0 of 0 visited clips in 0.0 seconds.
2020-08-15 14:06:30,778 INFO     Classifier will visit 0 clips for detector "Old Bird Thrush Detector Redux 1.1", station "MSGR", mic output "21c Output", and date 2020-09-30.
2020-08-15 14:06:30,779 INFO     Classified 0 of 0 visited clips in 0.0 seconds.
2020-08-15 14:06:30,782 INFO     Classifier will visit 0 clips for detector "Old Bird Thrush Detector Redux 1.1", station "MSGR", mic output "21c Output", and date 2020-10-01.
2020-08-15 14:06:30,783 INFO     Classified 0 of 0 visited clips in 0.0 seconds.
2020-08-15 14:06:30,785 INFO     Classifier will visit 0 clips for detector "Old Bird Thrush Detector Redux 1.1", station "MSGR", mic output "21c Output", and date 2020-10-02.
2020-08-15 14:06:30,787 INFO     Classified 0 of 0 visited clips in 0.0 seconds.
2020-08-15 14:06:30,789 INFO     Classifier will visit 0 clips for detector "Old Bird Thrush Detector Redux 1.1", station "MSGR", mic output "21c Output", and date 2020-10-03.
2020-08-15 14:06:30,790 INFO     Classified 0 of 0 visited clips in 0.0 seconds.
2020-08-15 14:06:30,791 INFO     Classifier will visit 0 clips for detector "Old Bird Thrush Detector Redux 1.1", station "MSGR", mic output "21c Output", and date 2020-10-04.
2020-08-15 14:06:30,793 INFO     Classified 0 of 0 visited clips in 0.0 seconds.
2020-08-15 14:06:30,796 INFO     Classifier will visit 0 clips for detector "Old Bird Thrush Detector Redux 1.1", station "MSGR", mic output "21c Output", and date 2020-10-05.
2020-08-15 14:06:30,797 INFO     Classified 0 of 0 visited clips in 0.0 seconds.
2020-08-15 14:06:30,799 INFO     Classifier will visit 0 clips for detector "Old Bird Thrush Detector Redux 1.1", station "MSGR", mic output "21c Output", and date 2020-10-06.
2020-08-15 14:06:30,800 INFO     Classified 0 of 0 visited clips in 0.0 seconds.
2020-08-15 14:06:30,803 INFO     Classifier will visit 0 clips for detector "Old Bird Thrush Detector Redux 1.1", station "MSGR", mic output "21c Output", and date 2020-10-07.
2020-08-15 14:06:30,804 INFO     Classified 0 of 0 visited clips in 0.0 seconds.
2020-08-15 14:06:30,806 INFO     Classifier will visit 0 clips for detector "Old Bird Thrush Detector Redux 1.1", station "MSGR", mic output "21c Output", and date 2020-10-08.
2020-08-15 14:06:30,808 INFO     Classified 0 of 0 visited clips in 0.0 seconds.
2020-08-15 14:06:30,810 INFO     Classifier will visit 0 clips for detector "Old Bird Thrush Detector Redux 1.1", station "MSGR", mic output "21c Output", and date 2020-10-09.
2020-08-15 14:06:30,811 INFO     Classified 0 of 0 visited clips in 0.0 seconds.
2020-08-15 14:06:30,813 INFO     Classifier will visit 0 clips for detector "Old Bird Thrush Detector Redux 1.1", station "MSGR", mic output "21c Output", and date 2020-10-10.
2020-08-15 14:06:30,814 INFO     Classified 0 of 0 visited clips in 0.0 seconds.
2020-08-15 14:06:30,817 INFO     Classifier will visit 0 clips for detector "Old Bird Thrush Detector Redux 1.1", station "MSGR", mic output "21c Output", and date 2020-10-11.
2020-08-15 14:06:30,818 INFO     Classified 0 of 0 visited clips in 0.0 seconds.
2020-08-15 14:06:30,820 INFO     Classifier will visit 0 clips for detector "Old Bird Thrush Detector Redux 1.1", station "MSGR", mic output "21c Output", and date 2020-10-12.
2020-08-15 14:06:30,822 INFO     Classified 0 of 0 visited clips in 0.0 seconds.
2020-08-15 14:06:30,823 INFO     Classifier will visit 0 clips for detector "Old Bird Thrush Detector Redux 1.1", station "MSGR", mic output "21c Output", and date 2020-10-13.
2020-08-15 14:06:30,825 INFO     Classified 0 of 0 visited clips in 0.0 seconds.
2020-08-15 14:06:30,828 INFO     Classifier will visit 0 clips for detector "Old Bird Thrush Detector Redux 1.1", station "MSGR", mic output "21c Output", and date 2020-10-14.
2020-08-15 14:06:30,829 INFO     Classified 0 of 0 visited clips in 0.0 seconds.
2020-08-15 14:06:30,831 INFO     Classifier will visit 0 clips for detector "Old Bird Thrush Detector Redux 1.1", station "MSGR", mic output "21c Output", and date 2020-10-15.
2020-08-15 14:06:30,832 INFO     Classified 0 of 0 visited clips in 0.0 seconds.
2020-08-15 14:06:30,835 INFO     Classifier will visit 0 clips for detector "Old Bird Thrush Detector Redux 1.1", station "MSGR", mic output "21c Output", and date 2020-10-16.
2020-08-15 14:06:30,836 INFO     Classified 0 of 0 visited clips in 0.0 seconds.
2020-08-15 14:06:30,838 INFO     Classifier will visit 0 clips for detector "Old Bird Thrush Detector Redux 1.1", station "MSGR", mic output "21c Output", and date 2020-10-17.
2020-08-15 14:06:30,839 INFO     Classified 0 of 0 visited clips in 0.0 seconds.
2020-08-15 14:06:30,841 INFO     Classifier will visit 0 clips for detector "Old Bird Thrush Detector Redux 1.1", station "MSGR", mic output "21c Output", and date 2020-10-18.
2020-08-15 14:06:30,843 INFO     Classified 0 of 0 visited clips in 0.0 seconds.
2020-08-15 14:06:30,844 INFO     Classifier will visit 0 clips for detector "Old Bird Thrush Detector Redux 1.1", station "MSGR", mic output "21c Output", and date 2020-10-19.
2020-08-15 14:06:30,846 INFO     Classified 0 of 0 visited clips in 0.0 seconds.
2020-08-15 14:06:30,849 INFO     Classifier will visit 0 clips for detector "Old Bird Thrush Detector Redux 1.1", station "MSGR", mic output "21c Output", and date 2020-10-20.
2020-08-15 14:06:30,851 INFO     Classified 0 of 0 visited clips in 0.0 seconds.
2020-08-15 14:06:30,853 INFO     Classifier will visit 0 clips for detector "Old Bird Thrush Detector Redux 1.1", station "MSGR", mic output "21c Output", and date 2020-10-21.
2020-08-15 14:06:30,854 INFO     Classified 0 of 0 visited clips in 0.0 seconds.
2020-08-15 14:06:30,857 INFO     Classifier will visit 0 clips for detector "Old Bird Thrush Detector Redux 1.1", station "MSGR", mic output "21c Output", and date 2020-10-22.
2020-08-15 14:06:30,858 INFO     Classified 0 of 0 visited clips in 0.0 seconds.
2020-08-15 14:06:30,860 INFO     Classifier will visit 0 clips for detector "Old Bird Thrush Detector Redux 1.1", station "MSGR", mic output "21c Output", and date 2020-10-23.
2020-08-15 14:06:30,861 INFO     Classified 0 of 0 visited clips in 0.0 seconds.
2020-08-15 14:06:30,864 INFO     Classifier will visit 0 clips for detector "Old Bird Thrush Detector Redux 1.1", station "MSGR", mic output "21c Output", and date 2020-10-24.
2020-08-15 14:06:30,865 INFO     Classified 0 of 0 visited clips in 0.0 seconds.
2020-08-15 14:06:30,867 INFO     Classifier will visit 0 clips for detector "Old Bird Thrush Detector Redux 1.1", station "MSGR", mic output "21c Output", and date 2020-10-25.
2020-08-15 14:06:30,868 INFO     Classified 0 of 0 visited clips in 0.0 seconds.
2020-08-15 14:06:30,871 INFO     Classifier will visit 0 clips for detector "Old Bird Thrush Detector Redux 1.1", station "MSGR", mic output "21c Output", and date 2020-10-26.
2020-08-15 14:06:30,872 INFO     Classified 0 of 0 visited clips in 0.0 seconds.
2020-08-15 14:06:30,873 INFO     Classifier will visit 0 clips for detector "Old Bird Thrush Detector Redux 1.1", station "MSGR", mic output "21c Output", and date 2020-10-27.
2020-08-15 14:06:30,875 INFO     Classified 0 of 0 visited clips in 0.0 seconds.
2020-08-15 14:06:30,877 INFO     Classifier will visit 0 clips for detector "Old Bird Thrush Detector Redux 1.1", station "MSGR", mic output "21c Output", and date 2020-10-28.
2020-08-15 14:06:30,879 INFO     Classified 0 of 0 visited clips in 0.0 seconds.
2020-08-15 14:06:30,881 INFO     Classifier will visit 0 clips for detector "Old Bird Thrush Detector Redux 1.1", station "MSGR", mic output "21c Output", and date 2020-10-29.
2020-08-15 14:06:30,883 INFO     Classified 0 of 0 visited clips in 0.0 seconds.
2020-08-15 14:06:30,885 INFO     Classifier will visit 0 clips for detector "Old Bird Thrush Detector Redux 1.1", station "MSGR", mic output "21c Output", and date 2020-10-30.
2020-08-15 14:06:30,886 INFO     Classified 0 of 0 visited clips in 0.0 seconds.
2020-08-15 14:06:30,888 INFO     Classifier will visit 0 clips for detector "Old Bird Thrush Detector Redux 1.1", station "MSGR", mic output "21c Output", and date 2020-10-31.
2020-08-15 14:06:30,890 INFO     Classified 0 of 0 visited clips in 0.0 seconds.
2020-08-15 14:06:30,893 INFO     Classifier will visit 0 clips for detector "Old Bird Thrush Detector Redux 1.1", station "MSGR", mic output "21c Output", and date 2020-11-01.
2020-08-15 14:06:30,895 INFO     Classified 0 of 0 visited clips in 0.0 seconds.
2020-08-15 14:06:30,899 INFO     Classifier will visit 0 clips for detector "Old Bird Thrush Detector Redux 1.1", station "MSGR", mic output "21c Output", and date 2020-11-02.
2020-08-15 14:06:30,900 INFO     Classified 0 of 0 visited clips in 0.0 seconds.
2020-08-15 14:06:30,903 INFO     Classifier will visit 0 clips for detector "Old Bird Thrush Detector Redux 1.1", station "MSGR", mic output "21c Output", and date 2020-11-03.
2020-08-15 14:06:30,904 INFO     Classified 0 of 0 visited clips in 0.0 seconds.
2020-08-15 14:06:30,907 INFO     Classifier will visit 0 clips for detector "Old Bird Thrush Detector Redux 1.1", station "MSGR", mic output "21c Output", and date 2020-11-04.
2020-08-15 14:06:30,908 INFO     Classified 0 of 0 visited clips in 0.0 seconds.
2020-08-15 14:06:30,910 INFO     Classifier will visit 0 clips for detector "Old Bird Thrush Detector Redux 1.1", station "MSGR", mic output "21c Output", and date 2020-11-05.
2020-08-15 14:06:30,911 INFO     Classified 0 of 0 visited clips in 0.0 seconds.
2020-08-15 14:06:30,915 INFO     Classifier will visit 0 clips for detector "Old Bird Thrush Detector Redux 1.1", station "MSGR", mic output "21c Output", and date 2020-11-06.
2020-08-15 14:06:30,917 INFO     Classified 0 of 0 visited clips in 0.0 seconds.
2020-08-15 14:06:30,919 INFO     Classifier will visit 0 clips for detector "Old Bird Thrush Detector Redux 1.1", station "MSGR", mic output "21c Output", and date 2020-11-07.
2020-08-15 14:06:30,920 INFO     Classified 0 of 0 visited clips in 0.0 seconds.
2020-08-15 14:06:30,922 INFO     Classifier will visit 0 clips for detector "Old Bird Thrush Detector Redux 1.1", station "MSGR", mic output "21c Output", and date 2020-11-08.
2020-08-15 14:06:30,924 INFO     Classified 0 of 0 visited clips in 0.0 seconds.
2020-08-15 14:06:30,926 INFO     Classifier will visit 0 clips for detector "Old Bird Thrush Detector Redux 1.1", station "MSGR", mic output "21c Output", and date 2020-11-09.
2020-08-15 14:06:30,927 INFO     Classified 0 of 0 visited clips in 0.0 seconds.
2020-08-15 14:06:30,929 INFO     Classifier will visit 0 clips for detector "Old Bird Thrush Detector Redux 1.1", station "MSGR", mic output "21c Output", and date 2020-11-10.
2020-08-15 14:06:30,931 INFO     Classified 0 of 0 visited clips in 0.0 seconds.
2020-08-15 14:06:30,933 INFO     Classifier will visit 0 clips for detector "Old Bird Thrush Detector Redux 1.1", station "MSGR", mic output "21c Output", and date 2020-11-11.
2020-08-15 14:06:30,934 INFO     Classified 0 of 0 visited clips in 0.0 seconds.
2020-08-15 14:06:30,937 INFO     Classifier will visit 0 clips for detector "Old Bird Thrush Detector Redux 1.1", station "MSGR", mic output "21c Output", and date 2020-11-12.
2020-08-15 14:06:30,938 INFO     Classified 0 of 0 visited clips in 0.0 seconds.
2020-08-15 14:06:30,940 INFO     Classifier will visit 0 clips for detector "Old Bird Thrush Detector Redux 1.1", station "MSGR", mic output "21c Output", and date 2020-11-13.
2020-08-15 14:06:30,942 INFO     Classified 0 of 0 visited clips in 0.0 seconds.
2020-08-15 14:06:30,944 INFO     Classifier will visit 0 clips for detector "Old Bird Thrush Detector Redux 1.1", station "MSGR", mic output "21c Output", and date 2020-11-14.
2020-08-15 14:06:30,945 INFO     Classified 0 of 0 visited clips in 0.0 seconds.
2020-08-15 14:06:30,946 INFO     Classifier will visit 0 clips for detector "Old Bird Thrush Detector Redux 1.1", station "MSGR", mic output "21c Output", and date 2020-11-15.
2020-08-15 14:06:30,948 INFO     Classified 0 of 0 visited clips in 0.0 seconds.
2020-08-15 14:06:30,950 INFO     Classifier will visit 0 clips for detector "Old Bird Thrush Detector Redux 1.1", station "MSGR", mic output "21c Output", and date 2020-11-16.
2020-08-15 14:06:30,952 INFO     Classified 0 of 0 visited clips in 0.0 seconds.
2020-08-15 14:06:30,954 INFO     Classifier will visit 0 clips for detector "Old Bird Thrush Detector Redux 1.1", station "MSGR", mic output "21c Output", and date 2020-11-17.
2020-08-15 14:06:30,956 INFO     Classified 0 of 0 visited clips in 0.0 seconds.
2020-08-15 14:06:30,958 INFO     Classifier will visit 0 clips for detector "Old Bird Thrush Detector Redux 1.1", station "MSGR", mic output "21c Output", and date 2020-11-18.
2020-08-15 14:06:30,960 INFO     Classified 0 of 0 visited clips in 0.0 seconds.
2020-08-15 14:06:30,961 INFO     Classifier will visit 0 clips for detector "Old Bird Thrush Detector Redux 1.1", station "MSGR", mic output "21c Output", and date 2020-11-19.
2020-08-15 14:06:30,963 INFO     Classified 0 of 0 visited clips in 0.0 seconds.
2020-08-15 14:06:30,966 INFO     Classifier will visit 0 clips for detector "Old Bird Thrush Detector Redux 1.1", station "MSGR", mic output "21c Output", and date 2020-11-20.
2020-08-15 14:06:30,967 INFO     Classified 0 of 0 visited clips in 0.0 seconds.
2020-08-15 14:06:30,970 INFO     Classifier will visit 0 clips for detector "Old Bird Thrush Detector Redux 1.1", station "MSGR", mic output "21c Output", and date 2020-11-21.
2020-08-15 14:06:30,972 INFO     Classified 0 of 0 visited clips in 0.0 seconds.
2020-08-15 14:06:30,974 INFO     Classifier will visit 0 clips for detector "Old Bird Thrush Detector Redux 1.1", station "MSGR", mic output "21c Output", and date 2020-11-22.
2020-08-15 14:06:30,975 INFO     Classified 0 of 0 visited clips in 0.0 seconds.
2020-08-15 14:06:30,977 INFO     Classifier will visit 0 clips for detector "Old Bird Thrush Detector Redux 1.1", station "MSGR", mic output "21c Output", and date 2020-11-23.
2020-08-15 14:06:30,978 INFO     Classified 0 of 0 visited clips in 0.0 seconds.
2020-08-15 14:06:30,980 INFO     Classifier will visit 0 clips for detector "Old Bird Thrush Detector Redux 1.1", station "MSGR", mic output "21c Output", and date 2020-11-24.
2020-08-15 14:06:30,981 INFO     Classified 0 of 0 visited clips in 0.0 seconds.
2020-08-15 14:06:30,983 INFO     Classifier will visit 0 clips for detector "Old Bird Thrush Detector Redux 1.1", station "MSGR", mic output "21c Output", and date 2020-11-25.
2020-08-15 14:06:30,985 INFO     Classified 0 of 0 visited clips in 0.0 seconds.
2020-08-15 14:06:30,987 INFO     Classifier will visit 0 clips for detector "Old Bird Thrush Detector Redux 1.1", station "MSGR", mic output "21c Output", and date 2020-11-26.
2020-08-15 14:06:30,989 INFO     Classified 0 of 0 visited clips in 0.0 seconds.
2020-08-15 14:06:30,990 INFO     Classifier will visit 0 clips for detector "Old Bird Thrush Detector Redux 1.1", station "MSGR", mic output "21c Output", and date 2020-11-27.
2020-08-15 14:06:30,992 INFO     Classified 0 of 0 visited clips in 0.0 seconds.
2020-08-15 14:06:30,994 INFO     Classifier will visit 0 clips for detector "Old Bird Thrush Detector Redux 1.1", station "MSGR", mic output "21c Output", and date 2020-11-28.
2020-08-15 14:06:30,996 INFO     Classified 0 of 0 visited clips in 0.0 seconds.
2020-08-15 14:06:30,997 INFO     Classifier will visit 0 clips for detector "Old Bird Thrush Detector Redux 1.1", station "MSGR", mic output "21c Output", and date 2020-11-29.
2020-08-15 14:06:30,999 INFO     Classified 0 of 0 visited clips in 0.0 seconds.
2020-08-15 14:06:31,001 INFO     Classifier will visit 0 clips for detector "Old Bird Thrush Detector Redux 1.1", station "MSGR", mic output "21c Output", and date 2020-11-30.
2020-08-15 14:06:31,003 INFO     Classified 0 of 0 visited clips in 0.0 seconds.
2020-08-15 14:06:31,004 INFO     Classifier will visit 0 clips for detector "Old Bird Thrush Detector Redux 1.1", station "MSGR", mic output "21c Output", and date 2020-12-01.
2020-08-15 14:06:31,006 INFO     Classified 0 of 0 visited clips in 0.0 seconds.
2020-08-15 14:06:31,007 INFO     Classifier will visit 0 clips for detector "Old Bird Thrush Detector Redux 1.1", station "MSGR", mic output "21c Output", and date 2020-12-02.
2020-08-15 14:06:31,009 INFO     Classified 0 of 0 visited clips in 0.0 seconds.
2020-08-15 14:06:31,011 INFO     Classifier will visit 0 clips for detector "Old Bird Thrush Detector Redux 1.1", station "MSGR", mic output "21c Output", and date 2020-12-03.
2020-08-15 14:06:31,012 INFO     Classified 0 of 0 visited clips in 0.0 seconds.
2020-08-15 14:06:31,015 INFO     Classifier will visit 0 clips for detector "Old Bird Thrush Detector Redux 1.1", station "MSGR", mic output "21c Output", and date 2020-12-04.
2020-08-15 14:06:31,017 INFO     Classified 0 of 0 visited clips in 0.0 seconds.
2020-08-15 14:06:31,019 INFO     Classifier will visit 0 clips for detector "Old Bird Thrush Detector Redux 1.1", station "MSGR", mic output "21c Output", and date 2020-12-05.
2020-08-15 14:06:31,020 INFO     Classified 0 of 0 visited clips in 0.0 seconds.
2020-08-15 14:06:31,021 INFO     Classifier will visit 0 clips for detector "Old Bird Thrush Detector Redux 1.1", station "MSGR", mic output "21c Output", and date 2020-12-06.
2020-08-15 14:06:31,023 INFO     Classified 0 of 0 visited clips in 0.0 seconds.
2020-08-15 14:06:31,026 INFO     Classifier will visit 0 clips for detector "Old Bird Thrush Detector Redux 1.1", station "MSGR", mic output "21c Output", and date 2020-12-07.
2020-08-15 14:06:31,027 INFO     Classified 0 of 0 visited clips in 0.0 seconds.
2020-08-15 14:06:31,030 INFO     Classifier will visit 0 clips for detector "Old Bird Thrush Detector Redux 1.1", station "MSGR", mic output "21c Output", and date 2020-12-08.
2020-08-15 14:06:31,031 INFO     Classified 0 of 0 visited clips in 0.0 seconds.
2020-08-15 14:06:31,034 INFO     Classifier will visit 0 clips for detector "Old Bird Thrush Detector Redux 1.1", station "MSGR", mic output "21c Output", and date 2020-12-09.
2020-08-15 14:06:31,035 INFO     Classified 0 of 0 visited clips in 0.0 seconds.
2020-08-15 14:06:31,037 INFO     Classifier will visit 0 clips for detector "Old Bird Thrush Detector Redux 1.1", station "MSGR", mic output "21c Output", and date 2020-12-10.
2020-08-15 14:06:31,039 INFO     Classified 0 of 0 visited clips in 0.0 seconds.
2020-08-15 14:06:31,041 INFO     Classifier will visit 0 clips for detector "Old Bird Thrush Detector Redux 1.1", station "MSGR", mic output "21c Output", and date 2020-12-11.
2020-08-15 14:06:31,042 INFO     Classified 0 of 0 visited clips in 0.0 seconds.
2020-08-15 14:06:31,044 INFO     Classifier will visit 0 clips for detector "Old Bird Thrush Detector Redux 1.1", station "MSGR", mic output "21c Output", and date 2020-12-12.
2020-08-15 14:06:31,046 INFO     Classified 0 of 0 visited clips in 0.0 seconds.
2020-08-15 14:06:31,048 INFO     Classifier will visit 0 clips for detector "Old Bird Thrush Detector Redux 1.1", station "MSGR", mic output "21c Output", and date 2020-12-13.
2020-08-15 14:06:31,049 INFO     Classified 0 of 0 visited clips in 0.0 seconds.
2020-08-15 14:06:31,051 INFO     Classifier will visit 0 clips for detector "Old Bird Thrush Detector Redux 1.1", station "MSGR", mic output "21c Output", and date 2020-12-14.
2020-08-15 14:06:31,052 INFO     Classified 0 of 0 visited clips in 0.0 seconds.
2020-08-15 14:06:31,054 INFO     Classifier will visit 0 clips for detector "Old Bird Thrush Detector Redux 1.1", station "MSGR", mic output "21c Output", and date 2020-12-15.
2020-08-15 14:06:31,055 INFO     Classified 0 of 0 visited clips in 0.0 seconds.
2020-08-15 14:06:31,057 INFO     Classifier will visit 0 clips for detector "Old Bird Thrush Detector Redux 1.1", station "MSGR", mic output "21c Output", and date 2020-12-16.
2020-08-15 14:06:31,058 INFO     Classified 0 of 0 visited clips in 0.0 seconds.
2020-08-15 14:06:31,060 INFO     Classifier will visit 0 clips for detector "Old Bird Thrush Detector Redux 1.1", station "MSGR", mic output "21c Output", and date 2020-12-17.
2020-08-15 14:06:31,061 INFO     Classified 0 of 0 visited clips in 0.0 seconds.
2020-08-15 14:06:31,063 INFO     Classifier will visit 0 clips for detector "Old Bird Thrush Detector Redux 1.1", station "MSGR", mic output "21c Output", and date 2020-12-18.
2020-08-15 14:06:31,065 INFO     Classified 0 of 0 visited clips in 0.0 seconds.
2020-08-15 14:06:31,066 INFO     Classifier will visit 0 clips for detector "Old Bird Thrush Detector Redux 1.1", station "MSGR", mic output "21c Output", and date 2020-12-19.
2020-08-15 14:06:31,068 INFO     Classified 0 of 0 visited clips in 0.0 seconds.
2020-08-15 14:06:31,070 INFO     Classifier will visit 0 clips for detector "Old Bird Thrush Detector Redux 1.1", station "MSGR", mic output "21c Output", and date 2020-12-20.
2020-08-15 14:06:31,072 INFO     Classified 0 of 0 visited clips in 0.0 seconds.
2020-08-15 14:06:31,073 INFO     Classifier will visit 0 clips for detector "Old Bird Thrush Detector Redux 1.1", station "MSGR", mic output "21c Output", and date 2020-12-21.
2020-08-15 14:06:31,075 INFO     Classified 0 of 0 visited clips in 0.0 seconds.
2020-08-15 14:06:31,077 INFO     Classifier will visit 0 clips for detector "Old Bird Thrush Detector Redux 1.1", station "MSGR", mic output "21c Output", and date 2020-12-22.
2020-08-15 14:06:31,078 INFO     Classified 0 of 0 visited clips in 0.0 seconds.
2020-08-15 14:06:31,079 INFO     Classifier will visit 0 clips for detector "Old Bird Thrush Detector Redux 1.1", station "MSGR", mic output "21c Output", and date 2020-12-23.
2020-08-15 14:06:31,083 INFO     Classified 0 of 0 visited clips in 0.0 seconds.
2020-08-15 14:06:31,084 INFO     Classifier will visit 0 clips for detector "Old Bird Thrush Detector Redux 1.1", station "MSGR", mic output "21c Output", and date 2020-12-24.
2020-08-15 14:06:31,086 INFO     Classified 0 of 0 visited clips in 0.0 seconds.
2020-08-15 14:06:31,088 INFO     Classifier will visit 0 clips for detector "Old Bird Thrush Detector Redux 1.1", station "MSGR", mic output "21c Output", and date 2020-12-25.
2020-08-15 14:06:31,090 INFO     Classified 0 of 0 visited clips in 0.0 seconds.
2020-08-15 14:06:31,092 INFO     Classifier will visit 0 clips for detector "Old Bird Thrush Detector Redux 1.1", station "MSGR", mic output "21c Output", and date 2020-12-26.
2020-08-15 14:06:31,093 INFO     Classified 0 of 0 visited clips in 0.0 seconds.
2020-08-15 14:06:31,095 INFO     Classifier will visit 0 clips for detector "Old Bird Thrush Detector Redux 1.1", station "MSGR", mic output "21c Output", and date 2020-12-27.
2020-08-15 14:06:31,097 INFO     Classified 0 of 0 visited clips in 0.0 seconds.
2020-08-15 14:06:31,099 INFO     Classifier will visit 0 clips for detector "Old Bird Thrush Detector Redux 1.1", station "MSGR", mic output "21c Output", and date 2020-12-28.
2020-08-15 14:06:31,100 INFO     Classified 0 of 0 visited clips in 0.0 seconds.
2020-08-15 14:06:31,101 INFO     Classifier will visit 0 clips for detector "Old Bird Thrush Detector Redux 1.1", station "MSGR", mic output "21c Output", and date 2020-12-29.
2020-08-15 14:06:31,104 INFO     Classified 0 of 0 visited clips in 0.0 seconds.
2020-08-15 14:06:31,106 INFO     Classifier will visit 0 clips for detector "Old Bird Thrush Detector Redux 1.1", station "MSGR", mic output "21c Output", and date 2020-12-30.
2020-08-15 14:06:31,107 INFO     Classified 0 of 0 visited clips in 0.0 seconds.
2020-08-15 14:06:31,115 INFO     Job completed.
