2020-03-14 09:54:14,939 INFO     Job started for command "import" with arguments:
2020-03-14 09:54:14,939 INFO         {
2020-03-14 09:54:14,940 INFO             "importer": {
2020-03-14 09:54:14,941 INFO                 "name": "Recording Importer",
2020-03-14 09:54:14,942 INFO                 "arguments": {
2020-03-14 09:54:14,942 INFO                     "paths": [
2020-03-14 09:54:14,943 INFO                         "/Users/richard/src/vesper/msgr-vesper-archive/Recordings"
2020-03-14 09:54:14,944 INFO                     ],
2020-03-14 09:54:14,945 INFO                     "recursive": false,
2020-03-14 09:54:14,945 INFO                     "recording_file_parser": {
2020-03-14 09:54:14,946 INFO                         "name": "MPG Ranch Recording File Parser",
2020-03-14 09:54:14,946 INFO                         "arguments": {
2020-03-14 09:54:14,947 INFO                             "station_name_aliases_preset": "Station Name Aliases"
2020-03-14 09:54:14,947 INFO                         }
2020-03-14 09:54:14,947 INFO                     }
2020-03-14 09:54:14,947 INFO                 }
2020-03-14 09:54:14,947 INFO             }
2020-03-14 09:54:14,947 INFO         }
2020-03-14 09:54:15,010 INFO     Found 2 new recordings and 5 old recordings at the specified paths.
2020-03-14 09:54:15,010 INFO     The new recordings will be imported.
2020-03-14 09:54:15,017 INFO     Imported recording MSGR / PC / start 2020-03-13 00:30:00+00:00 / duration 9.000 h with files:
2020-03-14 09:54:15,017 INFO         MSGR_2020-03-13_00.30.00_Z.wav
2020-03-14 09:54:15,017 INFO     Imported recording MSGR / PC / start 2020-03-14 00:30:00+00:00 / duration 9.000 h with files:
2020-03-14 09:54:15,017 INFO         MSGR_2020-03-14_00.30.00_Z.wav
2020-03-14 09:54:15,022 INFO     Job complete.
