2020-09-15 23:14:20,237 INFO     Job started for command "export" with arguments:
2020-09-15 23:14:20,238 INFO         {
2020-09-15 23:14:20,248 INFO             "exporter": {
2020-09-15 23:14:20,251 INFO                 "name": "Clip Metadata CSV File Exporter",
2020-09-15 23:14:20,253 INFO                 "arguments": {
2020-09-15 23:14:20,255 INFO                     "output_file_path": "2020-09-14 tseep.csv"
2020-09-15 23:14:20,264 INFO                 }
2020-09-15 23:14:20,288 INFO             },
2020-09-15 23:14:20,291 INFO             "detectors": [
2020-09-15 23:14:20,294 INFO                 "Old Bird Tseep Detector Redux 1.1"
2020-09-15 23:14:20,295 INFO             ],
2020-09-15 23:14:20,296 INFO             "station_mics": [
2020-09-15 23:14:20,304 INFO                 "MSGR / 21c"
2020-09-15 23:14:20,316 INFO             ],
2020-09-15 23:14:20,318 INFO             "classification": "Call*",
2020-09-15 23:14:20,320 INFO             "start_date": "2020-09-14",
2020-09-15 23:14:20,324 INFO             "end_date": "2020-09-15"
2020-09-15 23:14:20,325 INFO         }
2020-09-15 23:14:20,374 INFO     Exporter will visit 629 clips for detector "Old Bird Tseep Detector Redux 1.1", station "MSGR", mic output "21c Output", and date 2020-09-14.
2020-09-15 23:14:24,486 INFO     Visited 500 clips...
2020-09-15 23:14:25,661 INFO     Exported 629 of 629 visited clips.
2020-09-15 23:14:25,667 INFO     Exporter will visit 0 clips for detector "Old Bird Tseep Detector Redux 1.1", station "MSGR", mic output "21c Output", and date 2020-09-15.
2020-09-15 23:14:25,668 INFO     Exported 0 of 0 visited clips.
2020-09-15 23:14:25,682 INFO     Job completed.
