2020-03-22 11:25:26,930 INFO     Job started for command "import" with arguments:
2020-03-22 11:25:26,930 INFO         {
2020-03-22 11:25:26,931 INFO             "importer": {
2020-03-22 11:25:26,932 INFO                 "name": "Recording Importer",
2020-03-22 11:25:26,933 INFO                 "arguments": {
2020-03-22 11:25:26,933 INFO                     "paths": [
2020-03-22 11:25:26,934 INFO                         "/Volumes/Erebus/msgr-vesper-archive/Recordings"
2020-03-22 11:25:26,935 INFO                     ],
2020-03-22 11:25:26,935 INFO                     "recursive": false,
2020-03-22 11:25:26,936 INFO                     "recording_file_parser": {
2020-03-22 11:25:26,936 INFO                         "name": "MPG Ranch Recording File Parser",
2020-03-22 11:25:26,937 INFO                         "arguments": {
2020-03-22 11:25:26,937 INFO                             "station_name_aliases_preset": "Station Name Aliases"
2020-03-22 11:25:26,938 INFO                         }
2020-03-22 11:25:26,939 INFO                     }
2020-03-22 11:25:26,939 INFO                 }
2020-03-22 11:25:26,940 INFO             }
2020-03-22 11:25:26,941 INFO         }
2020-03-22 11:25:27,314 INFO     Found 0 new recordings and 15 old recordings at the specified paths.
2020-03-22 11:25:27,314 INFO     No recordings will be imported.
2020-03-22 11:25:27,323 INFO     Job complete.
