2020-09-02 11:10:02,023 INFO     Job started for command "classify" with arguments:
2020-09-02 11:10:02,023 INFO         {
2020-09-02 11:10:02,024 INFO             "classifier": "MPG Ranch NFC Coarse Classifier 3.0",
2020-09-02 11:10:02,025 INFO             "annotation_name": "Classification",
2020-09-02 11:10:02,026 INFO             "detectors": [
2020-09-02 11:10:02,027 INFO                 "Old Bird Thrush Detector Redux 1.1"
2020-09-02 11:10:02,028 INFO             ],
2020-09-02 11:10:02,030 INFO             "station_mics": [
2020-09-02 11:10:02,030 INFO                 "MSGR / 21c"
2020-09-02 11:10:02,031 INFO             ],
2020-09-02 11:10:02,033 INFO             "start_date": "2020-09-01",
2020-09-02 11:10:02,036 INFO             "end_date": "2020-09-05"
2020-09-02 11:10:02,039 INFO         }
2020-09-02 11:10:02,046 INFO     Creating TensorFlow estimator from saved model in directory "/Users/richard/miniconda3/envs/vesper-0.4.8/lib/python3.6/site-packages/vesper/mpg_ranch/nfc_coarse_classifier_3_0/Tseep Classifier/TensorFlow SavedModel"...
2020-09-02 11:10:02,046 WARNING  
The TensorFlow contrib module will not be included in TensorFlow 2.0.
For more information, please see:
  * https://github.com/tensorflow/community/blob/master/rfcs/20180907-contrib-sunset.md
  * https://github.com/tensorflow/addons
  * https://github.com/tensorflow/io (for I/O related ops)
If you depend on functionality not listed there, please file an issue.

2020-09-02 11:10:03,053 WARNING  Using temporary folder as model directory: /var/folders/2z/dlxt5tt50nzdlqlx1qvr1zdm0000gn/T/tmpw7rgnkyq
2020-09-02 11:10:03,059 WARNING  train mode not found in SavedModel.
2020-09-02 11:10:03,059 WARNING  eval mode not found in SavedModel.
2020-09-02 11:10:03,060 INFO     Loading classifier settings from "/Users/richard/miniconda3/envs/vesper-0.4.8/lib/python3.6/site-packages/vesper/mpg_ranch/nfc_coarse_classifier_3_0/Tseep Classifier/Settings.yaml"...
2020-09-02 11:10:03,074 INFO     Creating TensorFlow estimator from saved model in directory "/Users/richard/miniconda3/envs/vesper-0.4.8/lib/python3.6/site-packages/vesper/mpg_ranch/nfc_coarse_classifier_3_0/Thrush Classifier/TensorFlow SavedModel"...
2020-09-02 11:10:03,077 WARNING  Using temporary folder as model directory: /var/folders/2z/dlxt5tt50nzdlqlx1qvr1zdm0000gn/T/tmptwenh2g1
2020-09-02 11:10:03,080 WARNING  train mode not found in SavedModel.
2020-09-02 11:10:03,080 WARNING  eval mode not found in SavedModel.
2020-09-02 11:10:03,081 INFO     Loading classifier settings from "/Users/richard/miniconda3/envs/vesper-0.4.8/lib/python3.6/site-packages/vesper/mpg_ranch/nfc_coarse_classifier_3_0/Thrush Classifier/Settings.yaml"...
2020-09-02 11:10:03,100 INFO     Classifier will visit 49 clips for detector "Old Bird Thrush Detector Redux 1.1", station "MSGR", mic output "21c Output", and date 2020-09-01.
2020-09-02 11:10:05,044 WARNING  From /Users/richard/miniconda3/envs/vesper-0.4.8/lib/python3.6/site-packages/tensorflow_core/python/autograph/converters/directives.py:119: The name tf.real is deprecated. Please use tf.math.real instead.

2020-09-02 11:10:05,045 WARNING  From /Users/richard/miniconda3/envs/vesper-0.4.8/lib/python3.6/site-packages/tensorflow_core/python/autograph/converters/directives.py:119: The name tf.conj is deprecated. Please use tf.math.conj instead.

2020-09-02 11:10:05,046 WARNING  From /Users/richard/miniconda3/envs/vesper-0.4.8/lib/python3.6/site-packages/tensorflow_core/python/autograph/converters/directives.py:119: The name tf.log is deprecated. Please use tf.math.log instead.

2020-09-02 11:10:05,284 WARNING  From /Users/richard/miniconda3/envs/vesper-0.4.8/lib/python3.6/site-packages/tensorflow_core/python/autograph/converters/directives.py:119: The name tf.Dimension is deprecated. Please use tf.compat.v1.Dimension instead.

2020-09-02 11:10:05,830 WARNING  From /Users/richard/miniconda3/envs/vesper-0.4.8/lib/python3.6/site-packages/tensorflow_core/python/ops/array_ops.py:1475: where (from tensorflow.python.ops.array_ops) is deprecated and will be removed in a future version.
Instructions for updating:
Use tf.where in 2.0, which has the same broadcast rule as np.where
2020-09-02 11:10:06,749 INFO     Classified 49 of 49 visited clips in 3.6 seconds, an average of 13.6 clips per second.
2020-09-02 11:10:06,752 INFO     Classifier will visit 0 clips for detector "Old Bird Thrush Detector Redux 1.1", station "MSGR", mic output "21c Output", and date 2020-09-02.
2020-09-02 11:10:06,752 INFO     Classified 0 of 0 visited clips in 0.0 seconds.
2020-09-02 11:10:06,755 INFO     Classifier will visit 0 clips for detector "Old Bird Thrush Detector Redux 1.1", station "MSGR", mic output "21c Output", and date 2020-09-03.
2020-09-02 11:10:06,757 INFO     Classified 0 of 0 visited clips in 0.0 seconds.
2020-09-02 11:10:06,759 INFO     Classifier will visit 0 clips for detector "Old Bird Thrush Detector Redux 1.1", station "MSGR", mic output "21c Output", and date 2020-09-04.
2020-09-02 11:10:06,760 INFO     Classified 0 of 0 visited clips in 0.0 seconds.
2020-09-02 11:10:06,763 INFO     Classifier will visit 0 clips for detector "Old Bird Thrush Detector Redux 1.1", station "MSGR", mic output "21c Output", and date 2020-09-05.
2020-09-02 11:10:06,765 INFO     Classified 0 of 0 visited clips in 0.0 seconds.
2020-09-02 11:10:06,772 INFO     Job completed.
