2020-09-29 11:04:31,730 INFO     Job started for command "classify" with arguments:
2020-09-29 11:04:31,732 INFO         {
2020-09-29 11:04:31,732 INFO             "classifier": "MPG Ranch NFC Coarse Classifier 3.0",
2020-09-29 11:04:31,734 INFO             "annotation_name": "Classification",
2020-09-29 11:04:31,735 INFO             "detectors": [
2020-09-29 11:04:31,735 INFO                 "Old Bird Thrush Detector Redux 1.1"
2020-09-29 11:04:31,736 INFO             ],
2020-09-29 11:04:31,737 INFO             "station_mics": [
2020-09-29 11:04:31,737 INFO                 "MSGR / 21c"
2020-09-29 11:04:31,739 INFO             ],
2020-09-29 11:04:31,739 INFO             "start_date": "2020-09-28",
2020-09-29 11:04:31,740 INFO             "end_date": "2020-09-30"
2020-09-29 11:04:31,740 INFO         }
2020-09-29 11:04:31,753 INFO     Creating TensorFlow estimator from saved model in directory "/Users/richard/miniconda3/envs/vesper-0.4.8/lib/python3.6/site-packages/vesper/mpg_ranch/nfc_coarse_classifier_3_0/Tseep Classifier/TensorFlow SavedModel"...
2020-09-29 11:04:31,754 WARNING  
The TensorFlow contrib module will not be included in TensorFlow 2.0.
For more information, please see:
  * https://github.com/tensorflow/community/blob/master/rfcs/20180907-contrib-sunset.md
  * https://github.com/tensorflow/addons
  * https://github.com/tensorflow/io (for I/O related ops)
If you depend on functionality not listed there, please file an issue.

2020-09-29 11:04:32,752 WARNING  Using temporary folder as model directory: /var/folders/2z/dlxt5tt50nzdlqlx1qvr1zdm0000gn/T/tmpf357683s
2020-09-29 11:04:32,758 WARNING  train mode not found in SavedModel.
2020-09-29 11:04:32,758 WARNING  eval mode not found in SavedModel.
2020-09-29 11:04:32,759 INFO     Loading classifier settings from "/Users/richard/miniconda3/envs/vesper-0.4.8/lib/python3.6/site-packages/vesper/mpg_ranch/nfc_coarse_classifier_3_0/Tseep Classifier/Settings.yaml"...
2020-09-29 11:04:32,773 INFO     Creating TensorFlow estimator from saved model in directory "/Users/richard/miniconda3/envs/vesper-0.4.8/lib/python3.6/site-packages/vesper/mpg_ranch/nfc_coarse_classifier_3_0/Thrush Classifier/TensorFlow SavedModel"...
2020-09-29 11:04:32,776 WARNING  Using temporary folder as model directory: /var/folders/2z/dlxt5tt50nzdlqlx1qvr1zdm0000gn/T/tmp600cyl6p
2020-09-29 11:04:32,779 WARNING  train mode not found in SavedModel.
2020-09-29 11:04:32,779 WARNING  eval mode not found in SavedModel.
2020-09-29 11:04:32,780 INFO     Loading classifier settings from "/Users/richard/miniconda3/envs/vesper-0.4.8/lib/python3.6/site-packages/vesper/mpg_ranch/nfc_coarse_classifier_3_0/Thrush Classifier/Settings.yaml"...
2020-09-29 11:04:32,800 INFO     Classifier will visit 262 clips for detector "Old Bird Thrush Detector Redux 1.1", station "MSGR", mic output "21c Output", and date 2020-09-28.
2020-09-29 11:04:37,332 WARNING  From /Users/richard/miniconda3/envs/vesper-0.4.8/lib/python3.6/site-packages/tensorflow_core/python/autograph/converters/directives.py:119: The name tf.real is deprecated. Please use tf.math.real instead.

2020-09-29 11:04:37,332 WARNING  From /Users/richard/miniconda3/envs/vesper-0.4.8/lib/python3.6/site-packages/tensorflow_core/python/autograph/converters/directives.py:119: The name tf.conj is deprecated. Please use tf.math.conj instead.

2020-09-29 11:04:37,333 WARNING  From /Users/richard/miniconda3/envs/vesper-0.4.8/lib/python3.6/site-packages/tensorflow_core/python/autograph/converters/directives.py:119: The name tf.log is deprecated. Please use tf.math.log instead.

2020-09-29 11:04:37,560 WARNING  From /Users/richard/miniconda3/envs/vesper-0.4.8/lib/python3.6/site-packages/tensorflow_core/python/autograph/converters/directives.py:119: The name tf.Dimension is deprecated. Please use tf.compat.v1.Dimension instead.

2020-09-29 11:04:37,929 WARNING  From /Users/richard/miniconda3/envs/vesper-0.4.8/lib/python3.6/site-packages/tensorflow_core/python/ops/array_ops.py:1475: where (from tensorflow.python.ops.array_ops) is deprecated and will be removed in a future version.
Instructions for updating:
Use tf.where in 2.0, which has the same broadcast rule as np.where
2020-09-29 11:04:40,542 INFO     Classified 262 of 262 visited clips in 7.7 seconds, an average of 34.0 clips per second.
2020-09-29 11:04:40,545 INFO     Classifier will visit 0 clips for detector "Old Bird Thrush Detector Redux 1.1", station "MSGR", mic output "21c Output", and date 2020-09-29.
2020-09-29 11:04:40,547 INFO     Classified 0 of 0 visited clips in 0.0 seconds.
2020-09-29 11:04:40,548 INFO     Classifier will visit 0 clips for detector "Old Bird Thrush Detector Redux 1.1", station "MSGR", mic output "21c Output", and date 2020-09-30.
2020-09-29 11:04:40,551 INFO     Classified 0 of 0 visited clips in 0.0 seconds.
2020-09-29 11:04:40,558 INFO     Job completed.
