2020-05-28 09:55:30,351 INFO     Job started for command "classify" with arguments:
2020-05-28 09:55:30,352 INFO         {
2020-05-28 09:55:30,352 INFO             "classifier": "MPG Ranch NFC Coarse Classifier 3.0",
2020-05-28 09:55:30,354 INFO             "annotation_name": "Classification",
2020-05-28 09:55:30,355 INFO             "detectors": [
2020-05-28 09:55:30,356 INFO                 "Old Bird Thrush Detector Redux 1.1"
2020-05-28 09:55:30,357 INFO             ],
2020-05-28 09:55:30,358 INFO             "station_mics": [
2020-05-28 09:55:30,359 INFO                 "MSGR / 21c"
2020-05-28 09:55:30,359 INFO             ],
2020-05-28 09:55:30,360 INFO             "start_date": "2020-05-27",
2020-05-28 09:55:30,360 INFO             "end_date": "2020-05-30"
2020-05-28 09:55:30,360 INFO         }
2020-05-28 09:55:30,371 INFO     Creating TensorFlow estimator from saved model in directory "/Users/richard/miniconda3/envs/vesper-0.4.8/lib/python3.6/site-packages/vesper/mpg_ranch/nfc_coarse_classifier_3_0/Tseep Classifier/TensorFlow SavedModel"...
2020-05-28 09:55:30,371 WARNING  
The TensorFlow contrib module will not be included in TensorFlow 2.0.
For more information, please see:
  * https://github.com/tensorflow/community/blob/master/rfcs/20180907-contrib-sunset.md
  * https://github.com/tensorflow/addons
  * https://github.com/tensorflow/io (for I/O related ops)
If you depend on functionality not listed there, please file an issue.

2020-05-28 09:55:31,398 WARNING  Using temporary folder as model directory: /var/folders/2z/dlxt5tt50nzdlqlx1qvr1zdm0000gn/T/tmpgiio_z4t
2020-05-28 09:55:31,404 WARNING  train mode not found in SavedModel.
2020-05-28 09:55:31,404 WARNING  eval mode not found in SavedModel.
2020-05-28 09:55:31,406 INFO     Loading classifier settings from "/Users/richard/miniconda3/envs/vesper-0.4.8/lib/python3.6/site-packages/vesper/mpg_ranch/nfc_coarse_classifier_3_0/Tseep Classifier/Settings.yaml"...
2020-05-28 09:55:31,419 INFO     Creating TensorFlow estimator from saved model in directory "/Users/richard/miniconda3/envs/vesper-0.4.8/lib/python3.6/site-packages/vesper/mpg_ranch/nfc_coarse_classifier_3_0/Thrush Classifier/TensorFlow SavedModel"...
2020-05-28 09:55:31,422 WARNING  Using temporary folder as model directory: /var/folders/2z/dlxt5tt50nzdlqlx1qvr1zdm0000gn/T/tmp73un2qav
2020-05-28 09:55:31,425 WARNING  train mode not found in SavedModel.
2020-05-28 09:55:31,425 WARNING  eval mode not found in SavedModel.
2020-05-28 09:55:31,426 INFO     Loading classifier settings from "/Users/richard/miniconda3/envs/vesper-0.4.8/lib/python3.6/site-packages/vesper/mpg_ranch/nfc_coarse_classifier_3_0/Thrush Classifier/Settings.yaml"...
2020-05-28 09:55:31,446 INFO     Classifier will visit 1333 clips for detector "Old Bird Thrush Detector Redux 1.1", station "MSGR", mic output "21c Output", and date 2020-05-27.
2020-05-28 09:55:51,362 WARNING  From /Users/richard/miniconda3/envs/vesper-0.4.8/lib/python3.6/site-packages/tensorflow_core/python/autograph/converters/directives.py:119: The name tf.real is deprecated. Please use tf.math.real instead.

2020-05-28 09:55:51,363 WARNING  From /Users/richard/miniconda3/envs/vesper-0.4.8/lib/python3.6/site-packages/tensorflow_core/python/autograph/converters/directives.py:119: The name tf.conj is deprecated. Please use tf.math.conj instead.

2020-05-28 09:55:51,365 WARNING  From /Users/richard/miniconda3/envs/vesper-0.4.8/lib/python3.6/site-packages/tensorflow_core/python/autograph/converters/directives.py:119: The name tf.log is deprecated. Please use tf.math.log instead.

2020-05-28 09:55:51,727 WARNING  From /Users/richard/miniconda3/envs/vesper-0.4.8/lib/python3.6/site-packages/tensorflow_core/python/autograph/converters/directives.py:119: The name tf.Dimension is deprecated. Please use tf.compat.v1.Dimension instead.

2020-05-28 09:55:52,511 WARNING  From /Users/richard/miniconda3/envs/vesper-0.4.8/lib/python3.6/site-packages/tensorflow_core/python/ops/array_ops.py:1475: where (from tensorflow.python.ops.array_ops) is deprecated and will be removed in a future version.
Instructions for updating:
Use tf.where in 2.0, which has the same broadcast rule as np.where
2020-05-28 09:56:11,363 INFO     Classified 1333 of 1333 visited clips in 39.9 seconds, an average of 33.4 clips per second.
2020-05-28 09:56:11,369 INFO     Classifier will visit 0 clips for detector "Old Bird Thrush Detector Redux 1.1", station "MSGR", mic output "21c Output", and date 2020-05-28.
2020-05-28 09:56:11,372 INFO     Classified 0 of 0 visited clips in 0.0 seconds.
2020-05-28 09:56:11,375 INFO     Classifier will visit 0 clips for detector "Old Bird Thrush Detector Redux 1.1", station "MSGR", mic output "21c Output", and date 2020-05-29.
2020-05-28 09:56:11,376 INFO     Classified 0 of 0 visited clips in 0.0 seconds.
2020-05-28 09:56:11,378 INFO     Classifier will visit 0 clips for detector "Old Bird Thrush Detector Redux 1.1", station "MSGR", mic output "21c Output", and date 2020-05-30.
2020-05-28 09:56:11,379 INFO     Classified 0 of 0 visited clips in 0.0 seconds.
2020-05-28 09:56:11,392 INFO     Job completed.
