2020-03-10 11:32:02,467 INFO     Job started for command "import" with arguments:
2020-03-10 11:32:02,467 INFO         {
2020-03-10 11:32:02,468 INFO             "importer": {
2020-03-10 11:32:02,468 INFO                 "name": "Recording Importer",
2020-03-10 11:32:02,468 INFO                 "arguments": {
2020-03-10 11:32:02,468 INFO                     "paths": [
2020-03-10 11:32:02,468 INFO                         "/Users/richard/src/msgr-vesper-archive/Recordings"
2020-03-10 11:32:02,468 INFO                     ],
2020-03-10 11:32:02,468 INFO                     "recursive": false,
2020-03-10 11:32:02,468 INFO                     "recording_file_parser": {
2020-03-10 11:32:02,468 INFO                         "name": "MPG Ranch Recording File Parser",
2020-03-10 11:32:02,468 INFO                         "arguments": {
2020-03-10 11:32:02,468 INFO                             "station_name_aliases_preset": "Station Name Aliases"
2020-03-10 11:32:02,468 INFO                         }
2020-03-10 11:32:02,468 INFO                     }
2020-03-10 11:32:02,468 INFO                 }
2020-03-10 11:32:02,468 INFO             }
2020-03-10 11:32:02,468 INFO         }
2020-03-10 11:32:02,503 INFO     Found 3 new recordings and 0 old recordings at the specified paths.
2020-03-10 11:32:02,503 INFO     The new recordings will be imported.
2020-03-10 11:32:02,509 INFO     Imported recording MSGR / PC / start 2020-03-07 16:36:23+00:00 / duration 6.874 h with files:
2020-03-10 11:32:02,509 INFO         MSGR_2020-03-07_16.36.23_Z.wav
2020-03-10 11:32:02,509 INFO     Imported recording MSGR / PC / start 2020-03-08 16:30:00+00:00 / duration 8.999 h with files:
2020-03-10 11:32:02,509 INFO         MSGR_2020-03-08_16.30.00_Z.wav
2020-03-10 11:32:02,509 INFO     Imported recording MSGR / PC / start 2020-03-09 16:30:00+00:00 / duration 9.000 h with files:
2020-03-10 11:32:02,509 INFO         MSGR_2020-03-09_16.30.00_Z.wav
2020-03-10 11:32:02,514 INFO     Job complete.
