2020-10-01 18:55:02,132 INFO     Job started for command "classify" with arguments:
2020-10-01 18:55:02,132 INFO         {
2020-10-01 18:55:02,133 INFO             "classifier": "MPG Ranch NFC Coarse Classifier 3.0",
2020-10-01 18:55:02,134 INFO             "annotation_name": "Classification",
2020-10-01 18:55:02,135 INFO             "detectors": [
2020-10-01 18:55:02,136 INFO                 "Old Bird Tseep Detector Redux 1.1"
2020-10-01 18:55:02,136 INFO             ],
2020-10-01 18:55:02,136 INFO             "station_mics": [
2020-10-01 18:55:02,137 INFO                 "MSGR / 21c"
2020-10-01 18:55:02,137 INFO             ],
2020-10-01 18:55:02,138 INFO             "start_date": "2020-09-30",
2020-10-01 18:55:02,138 INFO             "end_date": "2020-10-07"
2020-10-01 18:55:02,140 INFO         }
2020-10-01 18:55:02,153 INFO     Creating TensorFlow estimator from saved model in directory "/Users/richard/miniconda3/envs/vesper-0.4.8/lib/python3.6/site-packages/vesper/mpg_ranch/nfc_coarse_classifier_3_0/Tseep Classifier/TensorFlow SavedModel"...
2020-10-01 18:55:02,154 WARNING  
The TensorFlow contrib module will not be included in TensorFlow 2.0.
For more information, please see:
  * https://github.com/tensorflow/community/blob/master/rfcs/20180907-contrib-sunset.md
  * https://github.com/tensorflow/addons
  * https://github.com/tensorflow/io (for I/O related ops)
If you depend on functionality not listed there, please file an issue.

2020-10-01 18:55:02,723 WARNING  Using temporary folder as model directory: /var/folders/2z/dlxt5tt50nzdlqlx1qvr1zdm0000gn/T/tmp6ftwp7xr
2020-10-01 18:55:02,727 WARNING  train mode not found in SavedModel.
2020-10-01 18:55:02,727 WARNING  eval mode not found in SavedModel.
2020-10-01 18:55:02,727 INFO     Loading classifier settings from "/Users/richard/miniconda3/envs/vesper-0.4.8/lib/python3.6/site-packages/vesper/mpg_ranch/nfc_coarse_classifier_3_0/Tseep Classifier/Settings.yaml"...
2020-10-01 18:55:02,741 INFO     Creating TensorFlow estimator from saved model in directory "/Users/richard/miniconda3/envs/vesper-0.4.8/lib/python3.6/site-packages/vesper/mpg_ranch/nfc_coarse_classifier_3_0/Thrush Classifier/TensorFlow SavedModel"...
2020-10-01 18:55:02,743 WARNING  Using temporary folder as model directory: /var/folders/2z/dlxt5tt50nzdlqlx1qvr1zdm0000gn/T/tmpgb6not41
2020-10-01 18:55:02,746 WARNING  train mode not found in SavedModel.
2020-10-01 18:55:02,747 WARNING  eval mode not found in SavedModel.
2020-10-01 18:55:02,747 INFO     Loading classifier settings from "/Users/richard/miniconda3/envs/vesper-0.4.8/lib/python3.6/site-packages/vesper/mpg_ranch/nfc_coarse_classifier_3_0/Thrush Classifier/Settings.yaml"...
2020-10-01 18:55:02,770 INFO     Classifier will visit 937 clips for detector "Old Bird Tseep Detector Redux 1.1", station "MSGR", mic output "21c Output", and date 2020-09-30.
2020-10-01 18:55:14,268 WARNING  From /Users/richard/miniconda3/envs/vesper-0.4.8/lib/python3.6/site-packages/tensorflow_core/python/autograph/converters/directives.py:119: The name tf.real is deprecated. Please use tf.math.real instead.

2020-10-01 18:55:14,269 WARNING  From /Users/richard/miniconda3/envs/vesper-0.4.8/lib/python3.6/site-packages/tensorflow_core/python/autograph/converters/directives.py:119: The name tf.conj is deprecated. Please use tf.math.conj instead.

2020-10-01 18:55:14,269 WARNING  From /Users/richard/miniconda3/envs/vesper-0.4.8/lib/python3.6/site-packages/tensorflow_core/python/autograph/converters/directives.py:119: The name tf.log is deprecated. Please use tf.math.log instead.

2020-10-01 18:55:14,481 WARNING  From /Users/richard/miniconda3/envs/vesper-0.4.8/lib/python3.6/site-packages/tensorflow_core/python/autograph/converters/directives.py:119: The name tf.Dimension is deprecated. Please use tf.compat.v1.Dimension instead.

2020-10-01 18:55:14,792 WARNING  From /Users/richard/miniconda3/envs/vesper-0.4.8/lib/python3.6/site-packages/tensorflow_core/python/ops/array_ops.py:1475: where (from tensorflow.python.ops.array_ops) is deprecated and will be removed in a future version.
Instructions for updating:
Use tf.where in 2.0, which has the same broadcast rule as np.where
2020-10-01 18:55:21,631 INFO     Classified 937 of 937 visited clips in 18.9 seconds, an average of 49.6 clips per second.
2020-10-01 18:55:21,636 INFO     Classifier will visit 0 clips for detector "Old Bird Tseep Detector Redux 1.1", station "MSGR", mic output "21c Output", and date 2020-10-01.
2020-10-01 18:55:21,637 INFO     Classified 0 of 0 visited clips in 0.0 seconds.
2020-10-01 18:55:21,639 INFO     Classifier will visit 0 clips for detector "Old Bird Tseep Detector Redux 1.1", station "MSGR", mic output "21c Output", and date 2020-10-02.
2020-10-01 18:55:21,641 INFO     Classified 0 of 0 visited clips in 0.0 seconds.
2020-10-01 18:55:21,643 INFO     Classifier will visit 0 clips for detector "Old Bird Tseep Detector Redux 1.1", station "MSGR", mic output "21c Output", and date 2020-10-03.
2020-10-01 18:55:21,644 INFO     Classified 0 of 0 visited clips in 0.0 seconds.
2020-10-01 18:55:21,646 INFO     Classifier will visit 0 clips for detector "Old Bird Tseep Detector Redux 1.1", station "MSGR", mic output "21c Output", and date 2020-10-04.
2020-10-01 18:55:21,647 INFO     Classified 0 of 0 visited clips in 0.0 seconds.
2020-10-01 18:55:21,649 INFO     Classifier will visit 0 clips for detector "Old Bird Tseep Detector Redux 1.1", station "MSGR", mic output "21c Output", and date 2020-10-05.
2020-10-01 18:55:21,651 INFO     Classified 0 of 0 visited clips in 0.0 seconds.
2020-10-01 18:55:21,653 INFO     Classifier will visit 0 clips for detector "Old Bird Tseep Detector Redux 1.1", station "MSGR", mic output "21c Output", and date 2020-10-06.
2020-10-01 18:55:21,654 INFO     Classified 0 of 0 visited clips in 0.0 seconds.
2020-10-01 18:55:21,657 INFO     Classifier will visit 0 clips for detector "Old Bird Tseep Detector Redux 1.1", station "MSGR", mic output "21c Output", and date 2020-10-07.
2020-10-01 18:55:21,658 INFO     Classified 0 of 0 visited clips in 0.0 seconds.
2020-10-01 18:55:21,664 INFO     Job completed.
