2020-09-17 20:08:53,199 INFO     Job started for command "classify" with arguments:
2020-09-17 20:08:53,199 INFO         {
2020-09-17 20:08:53,200 INFO             "classifier": "MPG Ranch NFC Coarse Classifier 3.0",
2020-09-17 20:08:53,201 INFO             "annotation_name": "Classification",
2020-09-17 20:08:53,201 INFO             "detectors": [
2020-09-17 20:08:53,202 INFO                 "Old Bird Thrush Detector Redux 1.1"
2020-09-17 20:08:53,203 INFO             ],
2020-09-17 20:08:53,204 INFO             "station_mics": [
2020-09-17 20:08:53,206 INFO                 "MSGR / 21c"
2020-09-17 20:08:53,206 INFO             ],
2020-09-17 20:08:53,207 INFO             "start_date": "2020-09-15",
2020-09-17 20:08:53,208 INFO             "end_date": "2020-09-20"
2020-09-17 20:08:53,209 INFO         }
2020-09-17 20:08:53,222 INFO     Creating TensorFlow estimator from saved model in directory "/Users/richard/miniconda3/envs/vesper-0.4.8/lib/python3.6/site-packages/vesper/mpg_ranch/nfc_coarse_classifier_3_0/Tseep Classifier/TensorFlow SavedModel"...
2020-09-17 20:08:53,223 WARNING  
The TensorFlow contrib module will not be included in TensorFlow 2.0.
For more information, please see:
  * https://github.com/tensorflow/community/blob/master/rfcs/20180907-contrib-sunset.md
  * https://github.com/tensorflow/addons
  * https://github.com/tensorflow/io (for I/O related ops)
If you depend on functionality not listed there, please file an issue.

2020-09-17 20:08:54,288 WARNING  Using temporary folder as model directory: /var/folders/2z/dlxt5tt50nzdlqlx1qvr1zdm0000gn/T/tmpaq0h6huu
2020-09-17 20:08:54,294 WARNING  train mode not found in SavedModel.
2020-09-17 20:08:54,294 WARNING  eval mode not found in SavedModel.
2020-09-17 20:08:54,295 INFO     Loading classifier settings from "/Users/richard/miniconda3/envs/vesper-0.4.8/lib/python3.6/site-packages/vesper/mpg_ranch/nfc_coarse_classifier_3_0/Tseep Classifier/Settings.yaml"...
2020-09-17 20:08:54,315 INFO     Creating TensorFlow estimator from saved model in directory "/Users/richard/miniconda3/envs/vesper-0.4.8/lib/python3.6/site-packages/vesper/mpg_ranch/nfc_coarse_classifier_3_0/Thrush Classifier/TensorFlow SavedModel"...
2020-09-17 20:08:54,317 WARNING  Using temporary folder as model directory: /var/folders/2z/dlxt5tt50nzdlqlx1qvr1zdm0000gn/T/tmppv89mj19
2020-09-17 20:08:54,320 WARNING  train mode not found in SavedModel.
2020-09-17 20:08:54,321 WARNING  eval mode not found in SavedModel.
2020-09-17 20:08:54,321 INFO     Loading classifier settings from "/Users/richard/miniconda3/envs/vesper-0.4.8/lib/python3.6/site-packages/vesper/mpg_ranch/nfc_coarse_classifier_3_0/Thrush Classifier/Settings.yaml"...
2020-09-17 20:08:54,341 INFO     Classifier will visit 1053 clips for detector "Old Bird Thrush Detector Redux 1.1", station "MSGR", mic output "21c Output", and date 2020-09-15.
2020-09-17 20:09:13,765 WARNING  From /Users/richard/miniconda3/envs/vesper-0.4.8/lib/python3.6/site-packages/tensorflow_core/python/autograph/converters/directives.py:119: The name tf.real is deprecated. Please use tf.math.real instead.

2020-09-17 20:09:13,766 WARNING  From /Users/richard/miniconda3/envs/vesper-0.4.8/lib/python3.6/site-packages/tensorflow_core/python/autograph/converters/directives.py:119: The name tf.conj is deprecated. Please use tf.math.conj instead.

2020-09-17 20:09:13,767 WARNING  From /Users/richard/miniconda3/envs/vesper-0.4.8/lib/python3.6/site-packages/tensorflow_core/python/autograph/converters/directives.py:119: The name tf.log is deprecated. Please use tf.math.log instead.

2020-09-17 20:09:14,047 WARNING  From /Users/richard/miniconda3/envs/vesper-0.4.8/lib/python3.6/site-packages/tensorflow_core/python/autograph/converters/directives.py:119: The name tf.Dimension is deprecated. Please use tf.compat.v1.Dimension instead.

2020-09-17 20:09:14,506 WARNING  From /Users/richard/miniconda3/envs/vesper-0.4.8/lib/python3.6/site-packages/tensorflow_core/python/ops/array_ops.py:1475: where (from tensorflow.python.ops.array_ops) is deprecated and will be removed in a future version.
Instructions for updating:
Use tf.where in 2.0, which has the same broadcast rule as np.where
2020-09-17 20:09:25,296 INFO     Classified 1053 of 1053 visited clips in 31.0 seconds, an average of 34.0 clips per second.
2020-09-17 20:09:25,306 INFO     Classifier will visit 388 clips for detector "Old Bird Thrush Detector Redux 1.1", station "MSGR", mic output "21c Output", and date 2020-09-16.
2020-09-17 20:09:37,756 INFO     Classified 388 of 388 visited clips in 12.4 seconds, an average of 31.3 clips per second.
2020-09-17 20:09:37,764 INFO     Classifier will visit 0 clips for detector "Old Bird Thrush Detector Redux 1.1", station "MSGR", mic output "21c Output", and date 2020-09-17.
2020-09-17 20:09:37,765 INFO     Classified 0 of 0 visited clips in 0.0 seconds.
2020-09-17 20:09:37,772 INFO     Classifier will visit 0 clips for detector "Old Bird Thrush Detector Redux 1.1", station "MSGR", mic output "21c Output", and date 2020-09-18.
2020-09-17 20:09:37,776 INFO     Classified 0 of 0 visited clips in 0.0 seconds.
2020-09-17 20:09:37,779 INFO     Classifier will visit 0 clips for detector "Old Bird Thrush Detector Redux 1.1", station "MSGR", mic output "21c Output", and date 2020-09-19.
2020-09-17 20:09:37,784 INFO     Classified 0 of 0 visited clips in 0.0 seconds.
2020-09-17 20:09:37,788 INFO     Classifier will visit 0 clips for detector "Old Bird Thrush Detector Redux 1.1", station "MSGR", mic output "21c Output", and date 2020-09-20.
2020-09-17 20:09:37,792 INFO     Classified 0 of 0 visited clips in 0.0 seconds.
2020-09-17 20:09:37,803 INFO     Job completed.
