2020-09-09 00:03:40,342 INFO     Job started for command "export" with arguments:
2020-09-09 00:03:40,347 INFO         {
2020-09-09 00:03:40,348 INFO             "exporter": {
2020-09-09 00:03:40,350 INFO                 "name": "Clip Metadata CSV File Exporter",
2020-09-09 00:03:40,350 INFO                 "arguments": {
2020-09-09 00:03:40,352 INFO                     "output_file_path": "2020-09-08.csv"
2020-09-09 00:03:40,353 INFO                 }
2020-09-09 00:03:40,355 INFO             },
2020-09-09 00:03:40,356 INFO             "detectors": [
2020-09-09 00:03:40,357 INFO                 "Old Bird Tseep Detector Redux 1.1"
2020-09-09 00:03:40,359 INFO             ],
2020-09-09 00:03:40,362 INFO             "station_mics": [
2020-09-09 00:03:40,363 INFO                 "MSGR / 21c"
2020-09-09 00:03:40,364 INFO             ],
2020-09-09 00:03:40,366 INFO             "classification": "Call*",
2020-09-09 00:03:40,367 INFO             "start_date": "2020-09-07",
2020-09-09 00:03:40,368 INFO             "end_date": "2020-09-08"
2020-09-09 00:03:40,368 INFO         }
2020-09-09 00:03:40,390 INFO     Exporter will visit 379 clips for detector "Old Bird Tseep Detector Redux 1.1", station "MSGR", mic output "21c Output", and date 2020-09-07.
2020-09-09 00:03:43,189 INFO     Exported 379 of 379 visited clips.
2020-09-09 00:03:43,195 INFO     Exporter will visit 0 clips for detector "Old Bird Tseep Detector Redux 1.1", station "MSGR", mic output "21c Output", and date 2020-09-08.
2020-09-09 00:03:43,196 INFO     Exported 0 of 0 visited clips.
2020-09-09 00:03:43,209 INFO     Job completed.
