2020-03-23 09:41:20,851 INFO     Job started for command "detect" with arguments:
2020-03-23 09:41:20,851 INFO         {
2020-03-23 09:41:20,852 INFO             "detectors": [
2020-03-23 09:41:20,853 INFO                 "Old Bird Thrush Detector Redux 1.1"
2020-03-23 09:41:20,854 INFO             ],
2020-03-23 09:41:20,854 INFO             "stations": [
2020-03-23 09:41:20,855 INFO                 "MSGR"
2020-03-23 09:41:20,855 INFO             ],
2020-03-23 09:41:20,855 INFO             "start_date": "2020-03-20",
2020-03-23 09:41:20,855 INFO             "end_date": "2020-03-30",
2020-03-23 09:41:20,855 INFO             "schedule": "",
2020-03-23 09:41:20,855 INFO             "defer_clip_creation": false
2020-03-23 09:41:20,855 INFO         }
2020-03-23 09:41:20,872 INFO     This command will process recordings for 3 station-nights.
2020-03-23 09:41:20,872 INFO     Processing recordings for station-night 1 of 3 - "MSGR 2020-03-20"...
2020-03-23 09:41:20,874 INFO         Processing recording 1 of 1 - "MSGR / PC / start 2020-03-21 01:00:28+00:00 / duration 14.293 h"...
2020-03-23 09:41:20,878 INFO             Running detector on file "/Volumes/Erebus/msgr-vesper-archive/Recordings/MSGR_2020-03-21_01.00.28_Z.wav"...
2020-03-23 09:43:28,860 INFO             Created 6840 clips from detector "Old Bird Thrush Detector Redux 1.1".
2020-03-23 09:43:28,861 INFO             Ran 1 detector on 51455 seconds of 1-channel audio in 128 seconds, 402 times faster than real time.
2020-03-23 09:43:28,933 INFO     Processing recordings for station-night 2 of 3 - "MSGR 2020-03-21"...
2020-03-23 09:43:28,934 INFO         Processing recording 1 of 2 - "MSGR / PC / start 2020-03-22 00:15:17+00:00 / duration 1.587 h"...
2020-03-23 09:43:28,938 INFO             Running detector on file "/Volumes/Erebus/msgr-vesper-archive/Recordings/MSGR_2020-03-22_00.15.17_Z.wav"...
2020-03-23 09:43:42,561 INFO             Created 248 clips from detector "Old Bird Thrush Detector Redux 1.1".
2020-03-23 09:43:42,561 INFO             Ran 1 detector on 5713 seconds of 1-channel audio in 14 seconds, 419 times faster than real time.
2020-03-23 09:43:42,572 INFO         Processing recording 2 of 2 - "MSGR / PC / start 2020-03-22 03:50:33+00:00 / duration 5.656 h"...
2020-03-23 09:43:42,575 INFO             Running detector on file "/Volumes/Erebus/msgr-vesper-archive/Recordings/MSGR_2020-03-22_03.50.33_Z.wav"...
2020-03-23 09:44:31,155 INFO             Created 665 clips from detector "Old Bird Thrush Detector Redux 1.1".
2020-03-23 09:44:31,156 INFO             Ran 1 detector on 20363 seconds of 1-channel audio in 49 seconds, 419 times faster than real time.
2020-03-23 09:44:31,185 INFO     Processing recordings for station-night 3 of 3 - "MSGR 2020-03-22"...
2020-03-23 09:44:31,186 INFO         Processing recording 1 of 1 - "MSGR / PC / start 2020-03-23 00:30:00+00:00 / duration 8.999 h"...
2020-03-23 09:44:31,189 INFO             Running detector on file "/Volumes/Erebus/msgr-vesper-archive/Recordings/MSGR_2020-03-23_00.30.00_Z.wav"...
2020-03-23 09:45:47,786 INFO             Created 1458 clips from detector "Old Bird Thrush Detector Redux 1.1".
2020-03-23 09:45:47,786 INFO             Ran 1 detector on 32397 seconds of 1-channel audio in 77 seconds, 423 times faster than real time.
2020-03-23 09:45:47,833 INFO     Job completed.
