2020-05-18 09:53:33,958 INFO     Job started for command "detect" with arguments:
2020-05-18 09:53:33,961 INFO         {
2020-05-18 09:53:33,962 INFO             "detectors": [
2020-05-18 09:53:33,962 INFO                 "Old Bird Tseep Detector Redux 1.1"
2020-05-18 09:53:33,962 INFO             ],
2020-05-18 09:53:33,962 INFO             "stations": [
2020-05-18 09:53:33,963 INFO                 "MSGR"
2020-05-18 09:53:33,963 INFO             ],
2020-05-18 09:53:33,963 INFO             "start_date": "2020-05-13",
2020-05-18 09:53:33,963 INFO             "end_date": "2020-05-30",
2020-05-18 09:53:33,963 INFO             "schedule": "",
2020-05-18 09:53:33,963 INFO             "defer_clip_creation": false
2020-05-18 09:53:33,963 INFO         }
2020-05-18 09:53:33,993 INFO     This command will process recordings for 5 station-nights.
2020-05-18 09:53:33,993 INFO     Processing recordings for station-night 1 of 5 - "MSGR 2020-05-13"...
2020-05-18 09:53:33,998 INFO         Processing recording 1 of 1 - "MSGR / PC / start 2020-05-14 00:30:00+00:00 / duration 9.000 h"...
2020-05-18 09:53:34,010 INFO             Running detector on file "/Volumes/Erebus/msgr-vesper-archive/Recordings/MSGR_2020-05-14_00.30.00_Z.wav"...
2020-05-18 09:54:55,721 INFO             Created 1564 clips from detector "Old Bird Tseep Detector Redux 1.1".
2020-05-18 09:54:55,721 INFO             Ran 1 detector on 32399 seconds of 1-channel audio in 82 seconds, 397 times faster than real time.
2020-05-18 09:54:55,770 INFO     Processing recordings for station-night 2 of 5 - "MSGR 2020-05-14"...
2020-05-18 09:54:55,771 INFO         Processing recording 1 of 1 - "MSGR / PC / start 2020-05-15 00:30:00+00:00 / duration 9.000 h"...
2020-05-18 09:54:55,776 INFO             Running detector on file "/Volumes/Erebus/msgr-vesper-archive/Recordings/MSGR_2020-05-15_00.30.00_Z.wav"...
2020-05-18 09:56:28,101 INFO             Created 0 clips from detector "Old Bird Tseep Detector Redux 1.1".
2020-05-18 09:56:28,102 INFO             Ran 1 detector on 32400 seconds of 1-channel audio in 92 seconds, 351 times faster than real time.
2020-05-18 09:56:28,143 INFO     Processing recordings for station-night 3 of 5 - "MSGR 2020-05-15"...
2020-05-18 09:56:28,146 INFO         Processing recording 1 of 1 - "MSGR / PC / start 2020-05-16 00:30:00+00:00 / duration 9.000 h"...
2020-05-18 09:56:28,150 INFO             Running detector on file "/Volumes/Erebus/msgr-vesper-archive/Recordings/MSGR_2020-05-16_00.30.00_Z.wav"...
2020-05-18 09:57:53,217 INFO             Created 1157 clips from detector "Old Bird Tseep Detector Redux 1.1".
2020-05-18 09:57:53,217 INFO             Ran 1 detector on 32400 seconds of 1-channel audio in 85 seconds, 381 times faster than real time.
2020-05-18 09:57:53,261 INFO     Processing recordings for station-night 4 of 5 - "MSGR 2020-05-16"...
2020-05-18 09:57:53,262 INFO         Processing recording 1 of 1 - "MSGR / PC / start 2020-05-17 00:30:00+00:00 / duration 9.000 h"...
2020-05-18 09:57:53,267 INFO             Running detector on file "/Volumes/Erebus/msgr-vesper-archive/Recordings/MSGR_2020-05-17_00.30.00_Z.wav"...
2020-05-18 09:59:22,839 INFO             Created 0 clips from detector "Old Bird Tseep Detector Redux 1.1".
2020-05-18 09:59:22,839 INFO             Ran 1 detector on 32400 seconds of 1-channel audio in 90 seconds, 362 times faster than real time.
2020-05-18 09:59:22,910 INFO     Processing recordings for station-night 5 of 5 - "MSGR 2020-05-17"...
2020-05-18 09:59:22,913 INFO         Processing recording 1 of 1 - "MSGR / PC / start 2020-05-18 00:30:00+00:00 / duration 9.000 h"...
2020-05-18 09:59:22,920 INFO             Running detector on file "/Volumes/Erebus/msgr-vesper-archive/Recordings/MSGR_2020-05-18_00.30.00_Z.wav"...
2020-05-18 10:00:53,887 INFO             Created 0 clips from detector "Old Bird Tseep Detector Redux 1.1".
2020-05-18 10:00:53,887 INFO             Ran 1 detector on 32400 seconds of 1-channel audio in 91 seconds, 356 times faster than real time.
2020-05-18 10:00:53,933 INFO     Job completed.
