2020-09-04 21:23:07,705 INFO     Job started for command "classify" with arguments:
2020-09-04 21:23:07,706 INFO         {
2020-09-04 21:23:07,707 INFO             "classifier": "MPG Ranch NFC Coarse Classifier 3.0",
2020-09-04 21:23:07,707 INFO             "annotation_name": "Classification",
2020-09-04 21:23:07,708 INFO             "detectors": [
2020-09-04 21:23:07,708 INFO                 "Old Bird Tseep Detector Redux 1.1"
2020-09-04 21:23:07,709 INFO             ],
2020-09-04 21:23:07,711 INFO             "station_mics": [
2020-09-04 21:23:07,712 INFO                 "MSGR / 21c"
2020-09-04 21:23:07,714 INFO             ],
2020-09-04 21:23:07,715 INFO             "start_date": "2020-09-02",
2020-09-04 21:23:07,716 INFO             "end_date": "2020-09-05"
2020-09-04 21:23:07,716 INFO         }
2020-09-04 21:23:07,722 INFO     Creating TensorFlow estimator from saved model in directory "/Users/richard/miniconda3/envs/vesper-0.4.8/lib/python3.6/site-packages/vesper/mpg_ranch/nfc_coarse_classifier_3_0/Tseep Classifier/TensorFlow SavedModel"...
2020-09-04 21:23:07,722 WARNING  
The TensorFlow contrib module will not be included in TensorFlow 2.0.
For more information, please see:
  * https://github.com/tensorflow/community/blob/master/rfcs/20180907-contrib-sunset.md
  * https://github.com/tensorflow/addons
  * https://github.com/tensorflow/io (for I/O related ops)
If you depend on functionality not listed there, please file an issue.

2020-09-04 21:23:08,357 WARNING  Using temporary folder as model directory: /var/folders/2z/dlxt5tt50nzdlqlx1qvr1zdm0000gn/T/tmphi8av0sc
2020-09-04 21:23:08,361 WARNING  train mode not found in SavedModel.
2020-09-04 21:23:08,361 WARNING  eval mode not found in SavedModel.
2020-09-04 21:23:08,361 INFO     Loading classifier settings from "/Users/richard/miniconda3/envs/vesper-0.4.8/lib/python3.6/site-packages/vesper/mpg_ranch/nfc_coarse_classifier_3_0/Tseep Classifier/Settings.yaml"...
2020-09-04 21:23:08,376 INFO     Creating TensorFlow estimator from saved model in directory "/Users/richard/miniconda3/envs/vesper-0.4.8/lib/python3.6/site-packages/vesper/mpg_ranch/nfc_coarse_classifier_3_0/Thrush Classifier/TensorFlow SavedModel"...
2020-09-04 21:23:08,378 WARNING  Using temporary folder as model directory: /var/folders/2z/dlxt5tt50nzdlqlx1qvr1zdm0000gn/T/tmpckkgv5cp
2020-09-04 21:23:08,382 WARNING  train mode not found in SavedModel.
2020-09-04 21:23:08,382 WARNING  eval mode not found in SavedModel.
2020-09-04 21:23:08,382 INFO     Loading classifier settings from "/Users/richard/miniconda3/envs/vesper-0.4.8/lib/python3.6/site-packages/vesper/mpg_ranch/nfc_coarse_classifier_3_0/Thrush Classifier/Settings.yaml"...
2020-09-04 21:23:08,405 INFO     Classifier will visit 2537 clips for detector "Old Bird Tseep Detector Redux 1.1", station "MSGR", mic output "21c Output", and date 2020-09-02.
2020-09-04 21:23:40,327 WARNING  From /Users/richard/miniconda3/envs/vesper-0.4.8/lib/python3.6/site-packages/tensorflow_core/python/autograph/converters/directives.py:119: The name tf.real is deprecated. Please use tf.math.real instead.

2020-09-04 21:23:40,328 WARNING  From /Users/richard/miniconda3/envs/vesper-0.4.8/lib/python3.6/site-packages/tensorflow_core/python/autograph/converters/directives.py:119: The name tf.conj is deprecated. Please use tf.math.conj instead.

2020-09-04 21:23:40,328 WARNING  From /Users/richard/miniconda3/envs/vesper-0.4.8/lib/python3.6/site-packages/tensorflow_core/python/autograph/converters/directives.py:119: The name tf.log is deprecated. Please use tf.math.log instead.

2020-09-04 21:23:40,647 WARNING  From /Users/richard/miniconda3/envs/vesper-0.4.8/lib/python3.6/site-packages/tensorflow_core/python/autograph/converters/directives.py:119: The name tf.Dimension is deprecated. Please use tf.compat.v1.Dimension instead.

2020-09-04 21:23:41,030 WARNING  From /Users/richard/miniconda3/envs/vesper-0.4.8/lib/python3.6/site-packages/tensorflow_core/python/ops/array_ops.py:1475: where (from tensorflow.python.ops.array_ops) is deprecated and will be removed in a future version.
Instructions for updating:
Use tf.where in 2.0, which has the same broadcast rule as np.where
2020-09-04 21:24:01,140 INFO     Classified 2537 of 2537 visited clips in 52.7 seconds, an average of 48.1 clips per second.
2020-09-04 21:24:01,151 INFO     Classifier will visit 1310 clips for detector "Old Bird Tseep Detector Redux 1.1", station "MSGR", mic output "21c Output", and date 2020-09-03.
2020-09-04 21:24:48,238 INFO     Classified 1310 of 1310 visited clips in 47.1 seconds, an average of 27.8 clips per second.
2020-09-04 21:24:48,244 INFO     Classifier will visit 0 clips for detector "Old Bird Tseep Detector Redux 1.1", station "MSGR", mic output "21c Output", and date 2020-09-04.
2020-09-04 21:24:48,247 INFO     Classified 0 of 0 visited clips in 0.0 seconds.
2020-09-04 21:24:48,250 INFO     Classifier will visit 0 clips for detector "Old Bird Tseep Detector Redux 1.1", station "MSGR", mic output "21c Output", and date 2020-09-05.
2020-09-04 21:24:48,251 INFO     Classified 0 of 0 visited clips in 0.0 seconds.
2020-09-04 21:24:48,259 INFO     Job completed.
