2020-08-20 08:45:43,043 INFO     Job started for command "classify" with arguments:
2020-08-20 08:45:43,044 INFO         {
2020-08-20 08:45:43,045 INFO             "classifier": "MPG Ranch NFC Coarse Classifier 3.0",
2020-08-20 08:45:43,046 INFO             "annotation_name": "Classification",
2020-08-20 08:45:43,046 INFO             "detectors": [
2020-08-20 08:45:43,046 INFO                 "Old Bird Tseep Detector Redux 1.1"
2020-08-20 08:45:43,046 INFO             ],
2020-08-20 08:45:43,046 INFO             "station_mics": [
2020-08-20 08:45:43,046 INFO                 "MSGR / 21c"
2020-08-20 08:45:43,046 INFO             ],
2020-08-20 08:45:43,046 INFO             "start_date": "2020-08-19",
2020-08-20 08:45:43,046 INFO             "end_date": "2020-12-30"
2020-08-20 08:45:43,047 INFO         }
2020-08-20 08:45:43,061 INFO     Creating TensorFlow estimator from saved model in directory "/Users/richard/miniconda3/envs/vesper-0.4.8/lib/python3.6/site-packages/vesper/mpg_ranch/nfc_coarse_classifier_3_0/Tseep Classifier/TensorFlow SavedModel"...
2020-08-20 08:45:43,061 WARNING  
The TensorFlow contrib module will not be included in TensorFlow 2.0.
For more information, please see:
  * https://github.com/tensorflow/community/blob/master/rfcs/20180907-contrib-sunset.md
  * https://github.com/tensorflow/addons
  * https://github.com/tensorflow/io (for I/O related ops)
If you depend on functionality not listed there, please file an issue.

2020-08-20 08:45:43,659 WARNING  Using temporary folder as model directory: /var/folders/2z/dlxt5tt50nzdlqlx1qvr1zdm0000gn/T/tmpmb7h1vl1
2020-08-20 08:45:43,663 WARNING  train mode not found in SavedModel.
2020-08-20 08:45:43,663 WARNING  eval mode not found in SavedModel.
2020-08-20 08:45:43,664 INFO     Loading classifier settings from "/Users/richard/miniconda3/envs/vesper-0.4.8/lib/python3.6/site-packages/vesper/mpg_ranch/nfc_coarse_classifier_3_0/Tseep Classifier/Settings.yaml"...
2020-08-20 08:45:43,679 INFO     Creating TensorFlow estimator from saved model in directory "/Users/richard/miniconda3/envs/vesper-0.4.8/lib/python3.6/site-packages/vesper/mpg_ranch/nfc_coarse_classifier_3_0/Thrush Classifier/TensorFlow SavedModel"...
2020-08-20 08:45:43,681 WARNING  Using temporary folder as model directory: /var/folders/2z/dlxt5tt50nzdlqlx1qvr1zdm0000gn/T/tmpmoin03ai
2020-08-20 08:45:43,683 WARNING  train mode not found in SavedModel.
2020-08-20 08:45:43,684 WARNING  eval mode not found in SavedModel.
2020-08-20 08:45:43,684 INFO     Loading classifier settings from "/Users/richard/miniconda3/envs/vesper-0.4.8/lib/python3.6/site-packages/vesper/mpg_ranch/nfc_coarse_classifier_3_0/Thrush Classifier/Settings.yaml"...
2020-08-20 08:45:43,703 INFO     Classifier will visit 1578 clips for detector "Old Bird Tseep Detector Redux 1.1", station "MSGR", mic output "21c Output", and date 2020-08-19.
2020-08-20 08:46:01,871 WARNING  From /Users/richard/miniconda3/envs/vesper-0.4.8/lib/python3.6/site-packages/tensorflow_core/python/autograph/converters/directives.py:119: The name tf.real is deprecated. Please use tf.math.real instead.

2020-08-20 08:46:01,871 WARNING  From /Users/richard/miniconda3/envs/vesper-0.4.8/lib/python3.6/site-packages/tensorflow_core/python/autograph/converters/directives.py:119: The name tf.conj is deprecated. Please use tf.math.conj instead.

2020-08-20 08:46:01,872 WARNING  From /Users/richard/miniconda3/envs/vesper-0.4.8/lib/python3.6/site-packages/tensorflow_core/python/autograph/converters/directives.py:119: The name tf.log is deprecated. Please use tf.math.log instead.

2020-08-20 08:46:02,085 WARNING  From /Users/richard/miniconda3/envs/vesper-0.4.8/lib/python3.6/site-packages/tensorflow_core/python/autograph/converters/directives.py:119: The name tf.Dimension is deprecated. Please use tf.compat.v1.Dimension instead.

2020-08-20 08:46:02,476 WARNING  From /Users/richard/miniconda3/envs/vesper-0.4.8/lib/python3.6/site-packages/tensorflow_core/python/ops/array_ops.py:1475: where (from tensorflow.python.ops.array_ops) is deprecated and will be removed in a future version.
Instructions for updating:
Use tf.where in 2.0, which has the same broadcast rule as np.where
2020-08-20 08:46:13,527 INFO     Classified 1578 of 1578 visited clips in 29.8 seconds, an average of 53.0 clips per second.
2020-08-20 08:46:13,535 INFO     Classifier will visit 0 clips for detector "Old Bird Tseep Detector Redux 1.1", station "MSGR", mic output "21c Output", and date 2020-08-20.
2020-08-20 08:46:13,537 INFO     Classified 0 of 0 visited clips in 0.0 seconds.
2020-08-20 08:46:13,538 INFO     Classifier will visit 0 clips for detector "Old Bird Tseep Detector Redux 1.1", station "MSGR", mic output "21c Output", and date 2020-08-21.
2020-08-20 08:46:13,539 INFO     Classified 0 of 0 visited clips in 0.0 seconds.
2020-08-20 08:46:13,542 INFO     Classifier will visit 0 clips for detector "Old Bird Tseep Detector Redux 1.1", station "MSGR", mic output "21c Output", and date 2020-08-22.
2020-08-20 08:46:13,544 INFO     Classified 0 of 0 visited clips in 0.0 seconds.
2020-08-20 08:46:13,546 INFO     Classifier will visit 0 clips for detector "Old Bird Tseep Detector Redux 1.1", station "MSGR", mic output "21c Output", and date 2020-08-23.
2020-08-20 08:46:13,548 INFO     Classified 0 of 0 visited clips in 0.0 seconds.
2020-08-20 08:46:13,550 INFO     Classifier will visit 0 clips for detector "Old Bird Tseep Detector Redux 1.1", station "MSGR", mic output "21c Output", and date 2020-08-24.
2020-08-20 08:46:13,552 INFO     Classified 0 of 0 visited clips in 0.0 seconds.
2020-08-20 08:46:13,553 INFO     Classifier will visit 0 clips for detector "Old Bird Tseep Detector Redux 1.1", station "MSGR", mic output "21c Output", and date 2020-08-25.
2020-08-20 08:46:13,554 INFO     Classified 0 of 0 visited clips in 0.0 seconds.
2020-08-20 08:46:13,556 INFO     Classifier will visit 0 clips for detector "Old Bird Tseep Detector Redux 1.1", station "MSGR", mic output "21c Output", and date 2020-08-26.
2020-08-20 08:46:13,558 INFO     Classified 0 of 0 visited clips in 0.0 seconds.
2020-08-20 08:46:13,559 INFO     Classifier will visit 0 clips for detector "Old Bird Tseep Detector Redux 1.1", station "MSGR", mic output "21c Output", and date 2020-08-27.
2020-08-20 08:46:13,561 INFO     Classified 0 of 0 visited clips in 0.0 seconds.
2020-08-20 08:46:13,562 INFO     Classifier will visit 0 clips for detector "Old Bird Tseep Detector Redux 1.1", station "MSGR", mic output "21c Output", and date 2020-08-28.
2020-08-20 08:46:13,564 INFO     Classified 0 of 0 visited clips in 0.0 seconds.
2020-08-20 08:46:13,565 INFO     Classifier will visit 0 clips for detector "Old Bird Tseep Detector Redux 1.1", station "MSGR", mic output "21c Output", and date 2020-08-29.
2020-08-20 08:46:13,570 INFO     Classified 0 of 0 visited clips in 0.0 seconds.
2020-08-20 08:46:13,572 INFO     Classifier will visit 0 clips for detector "Old Bird Tseep Detector Redux 1.1", station "MSGR", mic output "21c Output", and date 2020-08-30.
2020-08-20 08:46:13,574 INFO     Classified 0 of 0 visited clips in 0.0 seconds.
2020-08-20 08:46:13,576 INFO     Classifier will visit 0 clips for detector "Old Bird Tseep Detector Redux 1.1", station "MSGR", mic output "21c Output", and date 2020-08-31.
2020-08-20 08:46:13,577 INFO     Classified 0 of 0 visited clips in 0.0 seconds.
2020-08-20 08:46:13,578 INFO     Classifier will visit 0 clips for detector "Old Bird Tseep Detector Redux 1.1", station "MSGR", mic output "21c Output", and date 2020-09-01.
2020-08-20 08:46:13,580 INFO     Classified 0 of 0 visited clips in 0.0 seconds.
2020-08-20 08:46:13,582 INFO     Classifier will visit 0 clips for detector "Old Bird Tseep Detector Redux 1.1", station "MSGR", mic output "21c Output", and date 2020-09-02.
2020-08-20 08:46:13,584 INFO     Classified 0 of 0 visited clips in 0.0 seconds.
2020-08-20 08:46:13,585 INFO     Classifier will visit 0 clips for detector "Old Bird Tseep Detector Redux 1.1", station "MSGR", mic output "21c Output", and date 2020-09-03.
2020-08-20 08:46:13,587 INFO     Classified 0 of 0 visited clips in 0.0 seconds.
2020-08-20 08:46:13,589 INFO     Classifier will visit 0 clips for detector "Old Bird Tseep Detector Redux 1.1", station "MSGR", mic output "21c Output", and date 2020-09-04.
2020-08-20 08:46:13,590 INFO     Classified 0 of 0 visited clips in 0.0 seconds.
2020-08-20 08:46:13,592 INFO     Classifier will visit 0 clips for detector "Old Bird Tseep Detector Redux 1.1", station "MSGR", mic output "21c Output", and date 2020-09-05.
2020-08-20 08:46:13,594 INFO     Classified 0 of 0 visited clips in 0.0 seconds.
2020-08-20 08:46:13,596 INFO     Classifier will visit 0 clips for detector "Old Bird Tseep Detector Redux 1.1", station "MSGR", mic output "21c Output", and date 2020-09-06.
2020-08-20 08:46:13,596 INFO     Classified 0 of 0 visited clips in 0.0 seconds.
2020-08-20 08:46:13,598 INFO     Classifier will visit 0 clips for detector "Old Bird Tseep Detector Redux 1.1", station "MSGR", mic output "21c Output", and date 2020-09-07.
2020-08-20 08:46:13,600 INFO     Classified 0 of 0 visited clips in 0.0 seconds.
2020-08-20 08:46:13,602 INFO     Classifier will visit 0 clips for detector "Old Bird Tseep Detector Redux 1.1", station "MSGR", mic output "21c Output", and date 2020-09-08.
2020-08-20 08:46:13,604 INFO     Classified 0 of 0 visited clips in 0.0 seconds.
2020-08-20 08:46:13,605 INFO     Classifier will visit 0 clips for detector "Old Bird Tseep Detector Redux 1.1", station "MSGR", mic output "21c Output", and date 2020-09-09.
2020-08-20 08:46:13,606 INFO     Classified 0 of 0 visited clips in 0.0 seconds.
2020-08-20 08:46:13,607 INFO     Classifier will visit 0 clips for detector "Old Bird Tseep Detector Redux 1.1", station "MSGR", mic output "21c Output", and date 2020-09-10.
2020-08-20 08:46:13,609 INFO     Classified 0 of 0 visited clips in 0.0 seconds.
2020-08-20 08:46:13,612 INFO     Classifier will visit 0 clips for detector "Old Bird Tseep Detector Redux 1.1", station "MSGR", mic output "21c Output", and date 2020-09-11.
2020-08-20 08:46:13,614 INFO     Classified 0 of 0 visited clips in 0.0 seconds.
2020-08-20 08:46:13,616 INFO     Classifier will visit 0 clips for detector "Old Bird Tseep Detector Redux 1.1", station "MSGR", mic output "21c Output", and date 2020-09-12.
2020-08-20 08:46:13,618 INFO     Classified 0 of 0 visited clips in 0.0 seconds.
2020-08-20 08:46:13,620 INFO     Classifier will visit 0 clips for detector "Old Bird Tseep Detector Redux 1.1", station "MSGR", mic output "21c Output", and date 2020-09-13.
2020-08-20 08:46:13,621 INFO     Classified 0 of 0 visited clips in 0.0 seconds.
2020-08-20 08:46:13,624 INFO     Classifier will visit 0 clips for detector "Old Bird Tseep Detector Redux 1.1", station "MSGR", mic output "21c Output", and date 2020-09-14.
2020-08-20 08:46:13,626 INFO     Classified 0 of 0 visited clips in 0.0 seconds.
2020-08-20 08:46:13,628 INFO     Classifier will visit 0 clips for detector "Old Bird Tseep Detector Redux 1.1", station "MSGR", mic output "21c Output", and date 2020-09-15.
2020-08-20 08:46:13,629 INFO     Classified 0 of 0 visited clips in 0.0 seconds.
2020-08-20 08:46:13,631 INFO     Classifier will visit 0 clips for detector "Old Bird Tseep Detector Redux 1.1", station "MSGR", mic output "21c Output", and date 2020-09-16.
2020-08-20 08:46:13,633 INFO     Classified 0 of 0 visited clips in 0.0 seconds.
2020-08-20 08:46:13,635 INFO     Classifier will visit 0 clips for detector "Old Bird Tseep Detector Redux 1.1", station "MSGR", mic output "21c Output", and date 2020-09-17.
2020-08-20 08:46:13,637 INFO     Classified 0 of 0 visited clips in 0.0 seconds.
2020-08-20 08:46:13,639 INFO     Classifier will visit 0 clips for detector "Old Bird Tseep Detector Redux 1.1", station "MSGR", mic output "21c Output", and date 2020-09-18.
2020-08-20 08:46:13,640 INFO     Classified 0 of 0 visited clips in 0.0 seconds.
2020-08-20 08:46:13,642 INFO     Classifier will visit 0 clips for detector "Old Bird Tseep Detector Redux 1.1", station "MSGR", mic output "21c Output", and date 2020-09-19.
2020-08-20 08:46:13,644 INFO     Classified 0 of 0 visited clips in 0.0 seconds.
2020-08-20 08:46:13,647 INFO     Classifier will visit 0 clips for detector "Old Bird Tseep Detector Redux 1.1", station "MSGR", mic output "21c Output", and date 2020-09-20.
2020-08-20 08:46:13,648 INFO     Classified 0 of 0 visited clips in 0.0 seconds.
2020-08-20 08:46:13,650 INFO     Classifier will visit 0 clips for detector "Old Bird Tseep Detector Redux 1.1", station "MSGR", mic output "21c Output", and date 2020-09-21.
2020-08-20 08:46:13,652 INFO     Classified 0 of 0 visited clips in 0.0 seconds.
2020-08-20 08:46:13,654 INFO     Classifier will visit 0 clips for detector "Old Bird Tseep Detector Redux 1.1", station "MSGR", mic output "21c Output", and date 2020-09-22.
2020-08-20 08:46:13,655 INFO     Classified 0 of 0 visited clips in 0.0 seconds.
2020-08-20 08:46:13,657 INFO     Classifier will visit 0 clips for detector "Old Bird Tseep Detector Redux 1.1", station "MSGR", mic output "21c Output", and date 2020-09-23.
2020-08-20 08:46:13,659 INFO     Classified 0 of 0 visited clips in 0.0 seconds.
2020-08-20 08:46:13,660 INFO     Classifier will visit 0 clips for detector "Old Bird Tseep Detector Redux 1.1", station "MSGR", mic output "21c Output", and date 2020-09-24.
2020-08-20 08:46:13,662 INFO     Classified 0 of 0 visited clips in 0.0 seconds.
2020-08-20 08:46:13,663 INFO     Classifier will visit 0 clips for detector "Old Bird Tseep Detector Redux 1.1", station "MSGR", mic output "21c Output", and date 2020-09-25.
2020-08-20 08:46:13,666 INFO     Classified 0 of 0 visited clips in 0.0 seconds.
2020-08-20 08:46:13,668 INFO     Classifier will visit 0 clips for detector "Old Bird Tseep Detector Redux 1.1", station "MSGR", mic output "21c Output", and date 2020-09-26.
2020-08-20 08:46:13,670 INFO     Classified 0 of 0 visited clips in 0.0 seconds.
2020-08-20 08:46:13,672 INFO     Classifier will visit 0 clips for detector "Old Bird Tseep Detector Redux 1.1", station "MSGR", mic output "21c Output", and date 2020-09-27.
2020-08-20 08:46:13,674 INFO     Classified 0 of 0 visited clips in 0.0 seconds.
2020-08-20 08:46:13,675 INFO     Classifier will visit 0 clips for detector "Old Bird Tseep Detector Redux 1.1", station "MSGR", mic output "21c Output", and date 2020-09-28.
2020-08-20 08:46:13,677 INFO     Classified 0 of 0 visited clips in 0.0 seconds.
2020-08-20 08:46:13,679 INFO     Classifier will visit 0 clips for detector "Old Bird Tseep Detector Redux 1.1", station "MSGR", mic output "21c Output", and date 2020-09-29.
2020-08-20 08:46:13,680 INFO     Classified 0 of 0 visited clips in 0.0 seconds.
2020-08-20 08:46:13,683 INFO     Classifier will visit 0 clips for detector "Old Bird Tseep Detector Redux 1.1", station "MSGR", mic output "21c Output", and date 2020-09-30.
2020-08-20 08:46:13,685 INFO     Classified 0 of 0 visited clips in 0.0 seconds.
2020-08-20 08:46:13,687 INFO     Classifier will visit 0 clips for detector "Old Bird Tseep Detector Redux 1.1", station "MSGR", mic output "21c Output", and date 2020-10-01.
2020-08-20 08:46:13,688 INFO     Classified 0 of 0 visited clips in 0.0 seconds.
2020-08-20 08:46:13,691 INFO     Classifier will visit 0 clips for detector "Old Bird Tseep Detector Redux 1.1", station "MSGR", mic output "21c Output", and date 2020-10-02.
2020-08-20 08:46:13,693 INFO     Classified 0 of 0 visited clips in 0.0 seconds.
2020-08-20 08:46:13,696 INFO     Classifier will visit 0 clips for detector "Old Bird Tseep Detector Redux 1.1", station "MSGR", mic output "21c Output", and date 2020-10-03.
2020-08-20 08:46:13,698 INFO     Classified 0 of 0 visited clips in 0.0 seconds.
2020-08-20 08:46:13,701 INFO     Classifier will visit 0 clips for detector "Old Bird Tseep Detector Redux 1.1", station "MSGR", mic output "21c Output", and date 2020-10-04.
2020-08-20 08:46:13,703 INFO     Classified 0 of 0 visited clips in 0.0 seconds.
2020-08-20 08:46:13,706 INFO     Classifier will visit 0 clips for detector "Old Bird Tseep Detector Redux 1.1", station "MSGR", mic output "21c Output", and date 2020-10-05.
2020-08-20 08:46:13,709 INFO     Classified 0 of 0 visited clips in 0.0 seconds.
2020-08-20 08:46:13,711 INFO     Classifier will visit 0 clips for detector "Old Bird Tseep Detector Redux 1.1", station "MSGR", mic output "21c Output", and date 2020-10-06.
2020-08-20 08:46:13,712 INFO     Classified 0 of 0 visited clips in 0.0 seconds.
2020-08-20 08:46:13,716 INFO     Classifier will visit 0 clips for detector "Old Bird Tseep Detector Redux 1.1", station "MSGR", mic output "21c Output", and date 2020-10-07.
2020-08-20 08:46:13,717 INFO     Classified 0 of 0 visited clips in 0.0 seconds.
2020-08-20 08:46:13,720 INFO     Classifier will visit 0 clips for detector "Old Bird Tseep Detector Redux 1.1", station "MSGR", mic output "21c Output", and date 2020-10-08.
2020-08-20 08:46:13,722 INFO     Classified 0 of 0 visited clips in 0.0 seconds.
2020-08-20 08:46:13,726 INFO     Classifier will visit 0 clips for detector "Old Bird Tseep Detector Redux 1.1", station "MSGR", mic output "21c Output", and date 2020-10-09.
2020-08-20 08:46:13,727 INFO     Classified 0 of 0 visited clips in 0.0 seconds.
2020-08-20 08:46:13,730 INFO     Classifier will visit 0 clips for detector "Old Bird Tseep Detector Redux 1.1", station "MSGR", mic output "21c Output", and date 2020-10-10.
2020-08-20 08:46:13,731 INFO     Classified 0 of 0 visited clips in 0.0 seconds.
2020-08-20 08:46:13,734 INFO     Classifier will visit 0 clips for detector "Old Bird Tseep Detector Redux 1.1", station "MSGR", mic output "21c Output", and date 2020-10-11.
2020-08-20 08:46:13,736 INFO     Classified 0 of 0 visited clips in 0.0 seconds.
2020-08-20 08:46:13,739 INFO     Classifier will visit 0 clips for detector "Old Bird Tseep Detector Redux 1.1", station "MSGR", mic output "21c Output", and date 2020-10-12.
2020-08-20 08:46:13,741 INFO     Classified 0 of 0 visited clips in 0.0 seconds.
2020-08-20 08:46:13,743 INFO     Classifier will visit 0 clips for detector "Old Bird Tseep Detector Redux 1.1", station "MSGR", mic output "21c Output", and date 2020-10-13.
2020-08-20 08:46:13,745 INFO     Classified 0 of 0 visited clips in 0.0 seconds.
2020-08-20 08:46:13,747 INFO     Classifier will visit 0 clips for detector "Old Bird Tseep Detector Redux 1.1", station "MSGR", mic output "21c Output", and date 2020-10-14.
2020-08-20 08:46:13,749 INFO     Classified 0 of 0 visited clips in 0.0 seconds.
2020-08-20 08:46:13,750 INFO     Classifier will visit 0 clips for detector "Old Bird Tseep Detector Redux 1.1", station "MSGR", mic output "21c Output", and date 2020-10-15.
2020-08-20 08:46:13,752 INFO     Classified 0 of 0 visited clips in 0.0 seconds.
2020-08-20 08:46:13,754 INFO     Classifier will visit 0 clips for detector "Old Bird Tseep Detector Redux 1.1", station "MSGR", mic output "21c Output", and date 2020-10-16.
2020-08-20 08:46:13,756 INFO     Classified 0 of 0 visited clips in 0.0 seconds.
2020-08-20 08:46:13,761 INFO     Classifier will visit 0 clips for detector "Old Bird Tseep Detector Redux 1.1", station "MSGR", mic output "21c Output", and date 2020-10-17.
2020-08-20 08:46:13,763 INFO     Classified 0 of 0 visited clips in 0.0 seconds.
2020-08-20 08:46:13,765 INFO     Classifier will visit 0 clips for detector "Old Bird Tseep Detector Redux 1.1", station "MSGR", mic output "21c Output", and date 2020-10-18.
2020-08-20 08:46:13,767 INFO     Classified 0 of 0 visited clips in 0.0 seconds.
2020-08-20 08:46:13,769 INFO     Classifier will visit 0 clips for detector "Old Bird Tseep Detector Redux 1.1", station "MSGR", mic output "21c Output", and date 2020-10-19.
2020-08-20 08:46:13,771 INFO     Classified 0 of 0 visited clips in 0.0 seconds.
2020-08-20 08:46:13,774 INFO     Classifier will visit 0 clips for detector "Old Bird Tseep Detector Redux 1.1", station "MSGR", mic output "21c Output", and date 2020-10-20.
2020-08-20 08:46:13,775 INFO     Classified 0 of 0 visited clips in 0.0 seconds.
2020-08-20 08:46:13,779 INFO     Classifier will visit 0 clips for detector "Old Bird Tseep Detector Redux 1.1", station "MSGR", mic output "21c Output", and date 2020-10-21.
2020-08-20 08:46:13,780 INFO     Classified 0 of 0 visited clips in 0.0 seconds.
2020-08-20 08:46:13,782 INFO     Classifier will visit 0 clips for detector "Old Bird Tseep Detector Redux 1.1", station "MSGR", mic output "21c Output", and date 2020-10-22.
2020-08-20 08:46:13,784 INFO     Classified 0 of 0 visited clips in 0.0 seconds.
2020-08-20 08:46:13,786 INFO     Classifier will visit 0 clips for detector "Old Bird Tseep Detector Redux 1.1", station "MSGR", mic output "21c Output", and date 2020-10-23.
2020-08-20 08:46:13,789 INFO     Classified 0 of 0 visited clips in 0.0 seconds.
2020-08-20 08:46:13,792 INFO     Classifier will visit 0 clips for detector "Old Bird Tseep Detector Redux 1.1", station "MSGR", mic output "21c Output", and date 2020-10-24.
2020-08-20 08:46:13,794 INFO     Classified 0 of 0 visited clips in 0.0 seconds.
2020-08-20 08:46:13,797 INFO     Classifier will visit 0 clips for detector "Old Bird Tseep Detector Redux 1.1", station "MSGR", mic output "21c Output", and date 2020-10-25.
2020-08-20 08:46:13,799 INFO     Classified 0 of 0 visited clips in 0.0 seconds.
2020-08-20 08:46:13,801 INFO     Classifier will visit 0 clips for detector "Old Bird Tseep Detector Redux 1.1", station "MSGR", mic output "21c Output", and date 2020-10-26.
2020-08-20 08:46:13,804 INFO     Classified 0 of 0 visited clips in 0.0 seconds.
2020-08-20 08:46:13,806 INFO     Classifier will visit 0 clips for detector "Old Bird Tseep Detector Redux 1.1", station "MSGR", mic output "21c Output", and date 2020-10-27.
2020-08-20 08:46:13,809 INFO     Classified 0 of 0 visited clips in 0.0 seconds.
2020-08-20 08:46:13,811 INFO     Classifier will visit 0 clips for detector "Old Bird Tseep Detector Redux 1.1", station "MSGR", mic output "21c Output", and date 2020-10-28.
2020-08-20 08:46:13,812 INFO     Classified 0 of 0 visited clips in 0.0 seconds.
2020-08-20 08:46:13,815 INFO     Classifier will visit 0 clips for detector "Old Bird Tseep Detector Redux 1.1", station "MSGR", mic output "21c Output", and date 2020-10-29.
2020-08-20 08:46:13,817 INFO     Classified 0 of 0 visited clips in 0.0 seconds.
2020-08-20 08:46:13,820 INFO     Classifier will visit 0 clips for detector "Old Bird Tseep Detector Redux 1.1", station "MSGR", mic output "21c Output", and date 2020-10-30.
2020-08-20 08:46:13,821 INFO     Classified 0 of 0 visited clips in 0.0 seconds.
2020-08-20 08:46:13,826 INFO     Classifier will visit 0 clips for detector "Old Bird Tseep Detector Redux 1.1", station "MSGR", mic output "21c Output", and date 2020-10-31.
2020-08-20 08:46:13,827 INFO     Classified 0 of 0 visited clips in 0.0 seconds.
2020-08-20 08:46:13,829 INFO     Classifier will visit 0 clips for detector "Old Bird Tseep Detector Redux 1.1", station "MSGR", mic output "21c Output", and date 2020-11-01.
2020-08-20 08:46:13,831 INFO     Classified 0 of 0 visited clips in 0.0 seconds.
2020-08-20 08:46:13,833 INFO     Classifier will visit 0 clips for detector "Old Bird Tseep Detector Redux 1.1", station "MSGR", mic output "21c Output", and date 2020-11-02.
2020-08-20 08:46:13,836 INFO     Classified 0 of 0 visited clips in 0.0 seconds.
2020-08-20 08:46:13,838 INFO     Classifier will visit 0 clips for detector "Old Bird Tseep Detector Redux 1.1", station "MSGR", mic output "21c Output", and date 2020-11-03.
2020-08-20 08:46:13,840 INFO     Classified 0 of 0 visited clips in 0.0 seconds.
2020-08-20 08:46:13,843 INFO     Classifier will visit 0 clips for detector "Old Bird Tseep Detector Redux 1.1", station "MSGR", mic output "21c Output", and date 2020-11-04.
2020-08-20 08:46:13,845 INFO     Classified 0 of 0 visited clips in 0.0 seconds.
2020-08-20 08:46:13,847 INFO     Classifier will visit 0 clips for detector "Old Bird Tseep Detector Redux 1.1", station "MSGR", mic output "21c Output", and date 2020-11-05.
2020-08-20 08:46:13,848 INFO     Classified 0 of 0 visited clips in 0.0 seconds.
2020-08-20 08:46:13,851 INFO     Classifier will visit 0 clips for detector "Old Bird Tseep Detector Redux 1.1", station "MSGR", mic output "21c Output", and date 2020-11-06.
2020-08-20 08:46:13,852 INFO     Classified 0 of 0 visited clips in 0.0 seconds.
2020-08-20 08:46:13,854 INFO     Classifier will visit 0 clips for detector "Old Bird Tseep Detector Redux 1.1", station "MSGR", mic output "21c Output", and date 2020-11-07.
2020-08-20 08:46:13,856 INFO     Classified 0 of 0 visited clips in 0.0 seconds.
2020-08-20 08:46:13,860 INFO     Classifier will visit 0 clips for detector "Old Bird Tseep Detector Redux 1.1", station "MSGR", mic output "21c Output", and date 2020-11-08.
2020-08-20 08:46:13,861 INFO     Classified 0 of 0 visited clips in 0.0 seconds.
2020-08-20 08:46:13,864 INFO     Classifier will visit 0 clips for detector "Old Bird Tseep Detector Redux 1.1", station "MSGR", mic output "21c Output", and date 2020-11-09.
2020-08-20 08:46:13,865 INFO     Classified 0 of 0 visited clips in 0.0 seconds.
2020-08-20 08:46:13,868 INFO     Classifier will visit 0 clips for detector "Old Bird Tseep Detector Redux 1.1", station "MSGR", mic output "21c Output", and date 2020-11-10.
2020-08-20 08:46:13,869 INFO     Classified 0 of 0 visited clips in 0.0 seconds.
2020-08-20 08:46:13,873 INFO     Classifier will visit 0 clips for detector "Old Bird Tseep Detector Redux 1.1", station "MSGR", mic output "21c Output", and date 2020-11-11.
2020-08-20 08:46:13,875 INFO     Classified 0 of 0 visited clips in 0.0 seconds.
2020-08-20 08:46:13,877 INFO     Classifier will visit 0 clips for detector "Old Bird Tseep Detector Redux 1.1", station "MSGR", mic output "21c Output", and date 2020-11-12.
2020-08-20 08:46:13,878 INFO     Classified 0 of 0 visited clips in 0.0 seconds.
2020-08-20 08:46:13,881 INFO     Classifier will visit 0 clips for detector "Old Bird Tseep Detector Redux 1.1", station "MSGR", mic output "21c Output", and date 2020-11-13.
2020-08-20 08:46:13,884 INFO     Classified 0 of 0 visited clips in 0.0 seconds.
2020-08-20 08:46:13,885 INFO     Classifier will visit 0 clips for detector "Old Bird Tseep Detector Redux 1.1", station "MSGR", mic output "21c Output", and date 2020-11-14.
2020-08-20 08:46:13,887 INFO     Classified 0 of 0 visited clips in 0.0 seconds.
2020-08-20 08:46:13,889 INFO     Classifier will visit 0 clips for detector "Old Bird Tseep Detector Redux 1.1", station "MSGR", mic output "21c Output", and date 2020-11-15.
2020-08-20 08:46:13,891 INFO     Classified 0 of 0 visited clips in 0.0 seconds.
2020-08-20 08:46:13,892 INFO     Classifier will visit 0 clips for detector "Old Bird Tseep Detector Redux 1.1", station "MSGR", mic output "21c Output", and date 2020-11-16.
2020-08-20 08:46:13,894 INFO     Classified 0 of 0 visited clips in 0.0 seconds.
2020-08-20 08:46:13,895 INFO     Classifier will visit 0 clips for detector "Old Bird Tseep Detector Redux 1.1", station "MSGR", mic output "21c Output", and date 2020-11-17.
2020-08-20 08:46:13,897 INFO     Classified 0 of 0 visited clips in 0.0 seconds.
2020-08-20 08:46:13,900 INFO     Classifier will visit 0 clips for detector "Old Bird Tseep Detector Redux 1.1", station "MSGR", mic output "21c Output", and date 2020-11-18.
2020-08-20 08:46:13,901 INFO     Classified 0 of 0 visited clips in 0.0 seconds.
2020-08-20 08:46:13,905 INFO     Classifier will visit 0 clips for detector "Old Bird Tseep Detector Redux 1.1", station "MSGR", mic output "21c Output", and date 2020-11-19.
2020-08-20 08:46:13,907 INFO     Classified 0 of 0 visited clips in 0.0 seconds.
2020-08-20 08:46:13,909 INFO     Classifier will visit 0 clips for detector "Old Bird Tseep Detector Redux 1.1", station "MSGR", mic output "21c Output", and date 2020-11-20.
2020-08-20 08:46:13,910 INFO     Classified 0 of 0 visited clips in 0.0 seconds.
2020-08-20 08:46:13,912 INFO     Classifier will visit 0 clips for detector "Old Bird Tseep Detector Redux 1.1", station "MSGR", mic output "21c Output", and date 2020-11-21.
2020-08-20 08:46:13,914 INFO     Classified 0 of 0 visited clips in 0.0 seconds.
2020-08-20 08:46:13,916 INFO     Classifier will visit 0 clips for detector "Old Bird Tseep Detector Redux 1.1", station "MSGR", mic output "21c Output", and date 2020-11-22.
2020-08-20 08:46:13,919 INFO     Classified 0 of 0 visited clips in 0.0 seconds.
2020-08-20 08:46:13,921 INFO     Classifier will visit 0 clips for detector "Old Bird Tseep Detector Redux 1.1", station "MSGR", mic output "21c Output", and date 2020-11-23.
2020-08-20 08:46:13,922 INFO     Classified 0 of 0 visited clips in 0.0 seconds.
2020-08-20 08:46:13,924 INFO     Classifier will visit 0 clips for detector "Old Bird Tseep Detector Redux 1.1", station "MSGR", mic output "21c Output", and date 2020-11-24.
2020-08-20 08:46:13,926 INFO     Classified 0 of 0 visited clips in 0.0 seconds.
2020-08-20 08:46:13,929 INFO     Classifier will visit 0 clips for detector "Old Bird Tseep Detector Redux 1.1", station "MSGR", mic output "21c Output", and date 2020-11-25.
2020-08-20 08:46:13,931 INFO     Classified 0 of 0 visited clips in 0.0 seconds.
2020-08-20 08:46:13,933 INFO     Classifier will visit 0 clips for detector "Old Bird Tseep Detector Redux 1.1", station "MSGR", mic output "21c Output", and date 2020-11-26.
2020-08-20 08:46:13,935 INFO     Classified 0 of 0 visited clips in 0.0 seconds.
2020-08-20 08:46:13,937 INFO     Classifier will visit 0 clips for detector "Old Bird Tseep Detector Redux 1.1", station "MSGR", mic output "21c Output", and date 2020-11-27.
2020-08-20 08:46:13,939 INFO     Classified 0 of 0 visited clips in 0.0 seconds.
2020-08-20 08:46:13,941 INFO     Classifier will visit 0 clips for detector "Old Bird Tseep Detector Redux 1.1", station "MSGR", mic output "21c Output", and date 2020-11-28.
2020-08-20 08:46:13,943 INFO     Classified 0 of 0 visited clips in 0.0 seconds.
2020-08-20 08:46:13,945 INFO     Classifier will visit 0 clips for detector "Old Bird Tseep Detector Redux 1.1", station "MSGR", mic output "21c Output", and date 2020-11-29.
2020-08-20 08:46:13,946 INFO     Classified 0 of 0 visited clips in 0.0 seconds.
2020-08-20 08:46:13,948 INFO     Classifier will visit 0 clips for detector "Old Bird Tseep Detector Redux 1.1", station "MSGR", mic output "21c Output", and date 2020-11-30.
2020-08-20 08:46:13,950 INFO     Classified 0 of 0 visited clips in 0.0 seconds.
2020-08-20 08:46:13,952 INFO     Classifier will visit 0 clips for detector "Old Bird Tseep Detector Redux 1.1", station "MSGR", mic output "21c Output", and date 2020-12-01.
2020-08-20 08:46:13,953 INFO     Classified 0 of 0 visited clips in 0.0 seconds.
2020-08-20 08:46:13,955 INFO     Classifier will visit 0 clips for detector "Old Bird Tseep Detector Redux 1.1", station "MSGR", mic output "21c Output", and date 2020-12-02.
2020-08-20 08:46:13,957 INFO     Classified 0 of 0 visited clips in 0.0 seconds.
2020-08-20 08:46:13,958 INFO     Classifier will visit 0 clips for detector "Old Bird Tseep Detector Redux 1.1", station "MSGR", mic output "21c Output", and date 2020-12-03.
2020-08-20 08:46:13,960 INFO     Classified 0 of 0 visited clips in 0.0 seconds.
2020-08-20 08:46:13,961 INFO     Classifier will visit 0 clips for detector "Old Bird Tseep Detector Redux 1.1", station "MSGR", mic output "21c Output", and date 2020-12-04.
2020-08-20 08:46:13,962 INFO     Classified 0 of 0 visited clips in 0.0 seconds.
2020-08-20 08:46:13,965 INFO     Classifier will visit 0 clips for detector "Old Bird Tseep Detector Redux 1.1", station "MSGR", mic output "21c Output", and date 2020-12-05.
2020-08-20 08:46:13,967 INFO     Classified 0 of 0 visited clips in 0.0 seconds.
2020-08-20 08:46:13,970 INFO     Classifier will visit 0 clips for detector "Old Bird Tseep Detector Redux 1.1", station "MSGR", mic output "21c Output", and date 2020-12-06.
2020-08-20 08:46:13,972 INFO     Classified 0 of 0 visited clips in 0.0 seconds.
2020-08-20 08:46:13,973 INFO     Classifier will visit 0 clips for detector "Old Bird Tseep Detector Redux 1.1", station "MSGR", mic output "21c Output", and date 2020-12-07.
2020-08-20 08:46:13,975 INFO     Classified 0 of 0 visited clips in 0.0 seconds.
2020-08-20 08:46:13,978 INFO     Classifier will visit 0 clips for detector "Old Bird Tseep Detector Redux 1.1", station "MSGR", mic output "21c Output", and date 2020-12-08.
2020-08-20 08:46:13,980 INFO     Classified 0 of 0 visited clips in 0.0 seconds.
2020-08-20 08:46:13,982 INFO     Classifier will visit 0 clips for detector "Old Bird Tseep Detector Redux 1.1", station "MSGR", mic output "21c Output", and date 2020-12-09.
2020-08-20 08:46:13,983 INFO     Classified 0 of 0 visited clips in 0.0 seconds.
2020-08-20 08:46:13,986 INFO     Classifier will visit 0 clips for detector "Old Bird Tseep Detector Redux 1.1", station "MSGR", mic output "21c Output", and date 2020-12-10.
2020-08-20 08:46:13,988 INFO     Classified 0 of 0 visited clips in 0.0 seconds.
2020-08-20 08:46:13,990 INFO     Classifier will visit 0 clips for detector "Old Bird Tseep Detector Redux 1.1", station "MSGR", mic output "21c Output", and date 2020-12-11.
2020-08-20 08:46:13,991 INFO     Classified 0 of 0 visited clips in 0.0 seconds.
2020-08-20 08:46:13,994 INFO     Classifier will visit 0 clips for detector "Old Bird Tseep Detector Redux 1.1", station "MSGR", mic output "21c Output", and date 2020-12-12.
2020-08-20 08:46:13,996 INFO     Classified 0 of 0 visited clips in 0.0 seconds.
2020-08-20 08:46:13,998 INFO     Classifier will visit 0 clips for detector "Old Bird Tseep Detector Redux 1.1", station "MSGR", mic output "21c Output", and date 2020-12-13.
2020-08-20 08:46:13,999 INFO     Classified 0 of 0 visited clips in 0.0 seconds.
2020-08-20 08:46:14,002 INFO     Classifier will visit 0 clips for detector "Old Bird Tseep Detector Redux 1.1", station "MSGR", mic output "21c Output", and date 2020-12-14.
2020-08-20 08:46:14,004 INFO     Classified 0 of 0 visited clips in 0.0 seconds.
2020-08-20 08:46:14,007 INFO     Classifier will visit 0 clips for detector "Old Bird Tseep Detector Redux 1.1", station "MSGR", mic output "21c Output", and date 2020-12-15.
2020-08-20 08:46:14,009 INFO     Classified 0 of 0 visited clips in 0.0 seconds.
2020-08-20 08:46:14,011 INFO     Classifier will visit 0 clips for detector "Old Bird Tseep Detector Redux 1.1", station "MSGR", mic output "21c Output", and date 2020-12-16.
2020-08-20 08:46:14,013 INFO     Classified 0 of 0 visited clips in 0.0 seconds.
2020-08-20 08:46:14,014 INFO     Classifier will visit 0 clips for detector "Old Bird Tseep Detector Redux 1.1", station "MSGR", mic output "21c Output", and date 2020-12-17.
2020-08-20 08:46:14,017 INFO     Classified 0 of 0 visited clips in 0.0 seconds.
2020-08-20 08:46:14,019 INFO     Classifier will visit 0 clips for detector "Old Bird Tseep Detector Redux 1.1", station "MSGR", mic output "21c Output", and date 2020-12-18.
2020-08-20 08:46:14,023 INFO     Classified 0 of 0 visited clips in 0.0 seconds.
2020-08-20 08:46:14,025 INFO     Classifier will visit 0 clips for detector "Old Bird Tseep Detector Redux 1.1", station "MSGR", mic output "21c Output", and date 2020-12-19.
2020-08-20 08:46:14,027 INFO     Classified 0 of 0 visited clips in 0.0 seconds.
2020-08-20 08:46:14,029 INFO     Classifier will visit 0 clips for detector "Old Bird Tseep Detector Redux 1.1", station "MSGR", mic output "21c Output", and date 2020-12-20.
2020-08-20 08:46:14,030 INFO     Classified 0 of 0 visited clips in 0.0 seconds.
2020-08-20 08:46:14,032 INFO     Classifier will visit 0 clips for detector "Old Bird Tseep Detector Redux 1.1", station "MSGR", mic output "21c Output", and date 2020-12-21.
2020-08-20 08:46:14,033 INFO     Classified 0 of 0 visited clips in 0.0 seconds.
2020-08-20 08:46:14,037 INFO     Classifier will visit 0 clips for detector "Old Bird Tseep Detector Redux 1.1", station "MSGR", mic output "21c Output", and date 2020-12-22.
2020-08-20 08:46:14,039 INFO     Classified 0 of 0 visited clips in 0.0 seconds.
2020-08-20 08:46:14,042 INFO     Classifier will visit 0 clips for detector "Old Bird Tseep Detector Redux 1.1", station "MSGR", mic output "21c Output", and date 2020-12-23.
2020-08-20 08:46:14,043 INFO     Classified 0 of 0 visited clips in 0.0 seconds.
2020-08-20 08:46:14,045 INFO     Classifier will visit 0 clips for detector "Old Bird Tseep Detector Redux 1.1", station "MSGR", mic output "21c Output", and date 2020-12-24.
2020-08-20 08:46:14,047 INFO     Classified 0 of 0 visited clips in 0.0 seconds.
2020-08-20 08:46:14,049 INFO     Classifier will visit 0 clips for detector "Old Bird Tseep Detector Redux 1.1", station "MSGR", mic output "21c Output", and date 2020-12-25.
2020-08-20 08:46:14,052 INFO     Classified 0 of 0 visited clips in 0.0 seconds.
2020-08-20 08:46:14,053 INFO     Classifier will visit 0 clips for detector "Old Bird Tseep Detector Redux 1.1", station "MSGR", mic output "21c Output", and date 2020-12-26.
2020-08-20 08:46:14,055 INFO     Classified 0 of 0 visited clips in 0.0 seconds.
2020-08-20 08:46:14,057 INFO     Classifier will visit 0 clips for detector "Old Bird Tseep Detector Redux 1.1", station "MSGR", mic output "21c Output", and date 2020-12-27.
2020-08-20 08:46:14,058 INFO     Classified 0 of 0 visited clips in 0.0 seconds.
2020-08-20 08:46:14,061 INFO     Classifier will visit 0 clips for detector "Old Bird Tseep Detector Redux 1.1", station "MSGR", mic output "21c Output", and date 2020-12-28.
2020-08-20 08:46:14,062 INFO     Classified 0 of 0 visited clips in 0.0 seconds.
2020-08-20 08:46:14,064 INFO     Classifier will visit 0 clips for detector "Old Bird Tseep Detector Redux 1.1", station "MSGR", mic output "21c Output", and date 2020-12-29.
2020-08-20 08:46:14,065 INFO     Classified 0 of 0 visited clips in 0.0 seconds.
2020-08-20 08:46:14,068 INFO     Classifier will visit 0 clips for detector "Old Bird Tseep Detector Redux 1.1", station "MSGR", mic output "21c Output", and date 2020-12-30.
2020-08-20 08:46:14,069 INFO     Classified 0 of 0 visited clips in 0.0 seconds.
2020-08-20 08:46:14,076 INFO     Job completed.
